[1.955s] Invoking command in '/home/aziz/microros_ws1/firmware/mcu_ws/uros/tracetools/tracetools_read': PYTHONPATH=/home/aziz/microros_ws1/firmware/mcu_ws/install/lib/python3.8/site-packages:${PYTHONPATH} /usr/bin/python3 setup.py egg_info --egg-base ../../../build/tracetools_read build --build-base /home/aziz/microros_ws1/firmware/mcu_ws/build/tracetools_read/build install --prefix /home/aziz/microros_ws1/firmware/mcu_ws/install --record /home/aziz/microros_ws1/firmware/mcu_ws/build/tracetools_read/install.log --single-version-externally-managed
[2.306s] /home/aziz/.local/lib/python3.8/site-packages/setuptools/dist.py:771: UserWarning: Usage of dash-separated 'script-dir' will not be supported in future versions. Please use the underscore name 'script_dir' instead
[2.307s]   warnings.warn(
[2.308s] /home/aziz/.local/lib/python3.8/site-packages/setuptools/dist.py:771: UserWarning: Usage of dash-separated 'install-scripts' will not be supported in future versions. Please use the underscore name 'install_scripts' instead
[2.317s]   warnings.warn(
[2.397s] running egg_info
[2.397s] creating ../../../build/tracetools_read/tracetools_read.egg-info
[2.410s] writing ../../../build/tracetools_read/tracetools_read.egg-info/PKG-INFO
[2.411s] writing dependency_links to ../../../build/tracetools_read/tracetools_read.egg-info/dependency_links.txt
[2.411s] writing requirements to ../../../build/tracetools_read/tracetools_read.egg-info/requires.txt
[2.411s] writing top-level names to ../../../build/tracetools_read/tracetools_read.egg-info/top_level.txt
[2.413s] writing manifest file '../../../build/tracetools_read/tracetools_read.egg-info/SOURCES.txt'
[2.441s] reading manifest file '../../../build/tracetools_read/tracetools_read.egg-info/SOURCES.txt'
[2.442s] writing manifest file '../../../build/tracetools_read/tracetools_read.egg-info/SOURCES.txt'
[2.442s] running build
[2.443s] running build_py
[2.443s] creating /home/aziz/microros_ws1/firmware/mcu_ws/build/tracetools_read/build
[2.443s] creating /home/aziz/microros_ws1/firmware/mcu_ws/build/tracetools_read/build/lib
[2.443s] creating /home/aziz/microros_ws1/firmware/mcu_ws/build/tracetools_read/build/lib/tracetools_read
[2.443s] copying tracetools_read/__init__.py -> /home/aziz/microros_ws1/firmware/mcu_ws/build/tracetools_read/build/lib/tracetools_read
[2.443s] copying tracetools_read/trace.py -> /home/aziz/microros_ws1/firmware/mcu_ws/build/tracetools_read/build/lib/tracetools_read
[2.444s] running install
[2.444s] /home/aziz/.local/lib/python3.8/site-packages/setuptools/command/install.py:34: SetuptoolsDeprecationWarning: setup.py install is deprecated. Use build and pip and other standards-based tools.
[2.444s]   warnings.warn(
[2.450s] running install_lib
[2.464s] creating /home/aziz/microros_ws1/firmware/mcu_ws/install/lib/python3.8/site-packages/tracetools_read
[2.464s] copying /home/aziz/microros_ws1/firmware/mcu_ws/build/tracetools_read/build/lib/tracetools_read/__init__.py -> /home/aziz/microros_ws1/firmware/mcu_ws/install/lib/python3.8/site-packages/tracetools_read
[2.464s] copying /home/aziz/microros_ws1/firmware/mcu_ws/build/tracetools_read/build/lib/tracetools_read/trace.py -> /home/aziz/microros_ws1/firmware/mcu_ws/install/lib/python3.8/site-packages/tracetools_read
[2.465s] byte-compiling /home/aziz/microros_ws1/firmware/mcu_ws/install/lib/python3.8/site-packages/tracetools_read/__init__.py to __init__.cpython-38.pyc
[2.466s] byte-compiling /home/aziz/microros_ws1/firmware/mcu_ws/install/lib/python3.8/site-packages/tracetools_read/trace.py to trace.cpython-38.pyc
[2.466s] running install_data
[2.479s] copying package.xml -> /home/aziz/microros_ws1/firmware/mcu_ws/install/share/tracetools_read
[2.480s] copying resource/tracetools_read -> /home/aziz/microros_ws1/firmware/mcu_ws/install/share/ament_index/resource_index/packages
[2.480s] running install_egg_info
[2.494s] Copying ../../../build/tracetools_read/tracetools_read.egg-info to /home/aziz/microros_ws1/firmware/mcu_ws/install/lib/python3.8/site-packages/tracetools_read-1.0.2-py3.8.egg-info
[2.495s] running install_scripts
[2.566s] writing list of installed files to '/home/aziz/microros_ws1/firmware/mcu_ws/build/tracetools_read/install.log'
[2.623s] Invoked command in '/home/aziz/microros_ws1/firmware/mcu_ws/uros/tracetools/tracetools_read' returned '0': PYTHONPATH=/home/aziz/microros_ws1/firmware/mcu_ws/install/lib/python3.8/site-packages:${PYTHONPATH} /usr/bin/python3 setup.py egg_info --egg-base ../../../build/tracetools_read build --build-base /home/aziz/microros_ws1/firmware/mcu_ws/build/tracetools_read/build install --prefix /home/aziz/microros_ws1/firmware/mcu_ws/install --record /home/aziz/microros_ws1/firmware/mcu_ws/build/tracetools_read/install.log --single-version-externally-managed
