[0.635s] DEBUG:colcon:Command line arguments: ['/home/aziz/.local/bin/colcon', 'build']
[0.635s] DEBUG:colcon:Parsed command line arguments: Namespace(allow_overriding=[], ament_cmake_args=None, base_paths=['.'], build_base='build', catkin_cmake_args=None, catkin_skip_building_tests=False, cmake_args=None, cmake_clean_cache=False, cmake_clean_first=False, cmake_force_configure=False, cmake_target=None, cmake_target_skip_unavailable=False, continue_on_error=False, event_handlers=None, executor='parallel', ignore_user_meta=False, install_base='install', log_base=None, log_level=None, main=<bound method BuildVerb.main of <colcon_core.verb.build.BuildVerb object at 0x7fae41a70e50>>, merge_install=False, metas=['./colcon.meta'], packages_above=None, packages_above_and_dependencies=None, packages_above_depth=None, packages_end=None, packages_ignore=None, packages_ignore_regex=None, packages_select=None, packages_select_build_failed=False, packages_select_by_dep=None, packages_select_regex=None, packages_select_test_failures=False, packages_skip=None, packages_skip_build_finished=False, packages_skip_by_dep=None, packages_skip_regex=None, packages_skip_test_passed=False, packages_skip_up_to=None, packages_start=None, packages_up_to=None, packages_up_to_regex=None, parallel_workers=4, paths=None, symlink_install=False, test_result_base=None, verb_extension=<colcon_core.verb.build.BuildVerb object at 0x7fae41a70e50>, verb_name='build', verb_parser=<colcon_defaults.argument_parser.defaults.DefaultArgumentsDecorator object at 0x7fae41a9f490>)
[0.701s] Level 1:colcon.colcon_core.package_discovery:discover_packages(colcon_meta) check parameters
[0.701s] Level 1:colcon.colcon_core.package_discovery:discover_packages(recursive) check parameters
[0.701s] Level 1:colcon.colcon_core.package_discovery:discover_packages(ignore) check parameters
[0.701s] Level 1:colcon.colcon_core.package_discovery:discover_packages(path) check parameters
[0.701s] Level 1:colcon.colcon_core.package_discovery:discover_packages(colcon_meta) discover
[0.701s] Level 1:colcon.colcon_core.package_discovery:discover_packages(recursive) discover
[0.701s] INFO:colcon.colcon_core.package_discovery:Crawling recursively for packages in '/home/aziz/Desktop/First-Steps-with-Micro-ROS-ESP32'
[0.701s] Level 1:colcon.colcon_core.package_identification:_identify(.) by extensions ['ignore', 'ignore_ament_install']
[0.702s] Level 1:colcon.colcon_core.package_identification:_identify(.) by extension 'ignore'
[0.702s] Level 1:colcon.colcon_core.package_identification:_identify(.) by extension 'ignore_ament_install'
[0.702s] Level 1:colcon.colcon_core.package_identification:_identify(.) by extensions ['colcon_pkg']
[0.702s] Level 1:colcon.colcon_core.package_identification:_identify(.) by extension 'colcon_pkg'
[0.702s] Level 1:colcon.colcon_core.package_identification:_identify(.) by extensions ['colcon_meta']
[0.702s] Level 1:colcon.colcon_core.package_identification:_identify(.) by extension 'colcon_meta'
[0.702s] Level 1:colcon.colcon_core.package_identification:_identify(.) by extensions ['ros']
[0.702s] Level 1:colcon.colcon_core.package_identification:_identify(.) by extension 'ros'
[0.720s] Level 1:colcon.colcon_core.package_identification:_identify(.) by extensions ['cmake', 'python']
[0.720s] Level 1:colcon.colcon_core.package_identification:_identify(.) by extension 'cmake'
[0.720s] Level 1:colcon.colcon_core.package_identification:_identify(.) by extension 'python'
[0.720s] Level 1:colcon.colcon_core.package_identification:_identify(.) by extensions ['python_setup_py']
[0.720s] Level 1:colcon.colcon_core.package_identification:_identify(.) by extension 'python_setup_py'
[0.720s] Level 1:colcon.colcon_core.package_identification:_identify(IMU_Publisher) by extensions ['ignore', 'ignore_ament_install']
[0.721s] Level 1:colcon.colcon_core.package_identification:_identify(IMU_Publisher) by extension 'ignore'
[0.721s] Level 1:colcon.colcon_core.package_identification:_identify(IMU_Publisher) by extension 'ignore_ament_install'
[0.721s] Level 1:colcon.colcon_core.package_identification:_identify(IMU_Publisher) by extensions ['colcon_pkg']
[0.721s] Level 1:colcon.colcon_core.package_identification:_identify(IMU_Publisher) by extension 'colcon_pkg'
[0.721s] Level 1:colcon.colcon_core.package_identification:_identify(IMU_Publisher) by extensions ['colcon_meta']
[0.721s] Level 1:colcon.colcon_core.package_identification:_identify(IMU_Publisher) by extension 'colcon_meta'
[0.721s] Level 1:colcon.colcon_core.package_identification:_identify(IMU_Publisher) by extensions ['ros']
[0.721s] Level 1:colcon.colcon_core.package_identification:_identify(IMU_Publisher) by extension 'ros'
[0.721s] Level 1:colcon.colcon_core.package_identification:_identify(IMU_Publisher) by extensions ['cmake', 'python']
[0.721s] Level 1:colcon.colcon_core.package_identification:_identify(IMU_Publisher) by extension 'cmake'
[0.721s] Level 1:colcon.colcon_core.package_identification:_identify(IMU_Publisher) by extension 'python'
[0.721s] Level 1:colcon.colcon_core.package_identification:_identify(IMU_Publisher) by extensions ['python_setup_py']
[0.721s] Level 1:colcon.colcon_core.package_identification:_identify(IMU_Publisher) by extension 'python_setup_py'
[0.721s] Level 1:colcon.colcon_core.package_identification:_identify(build) by extensions ['ignore', 'ignore_ament_install']
[0.721s] Level 1:colcon.colcon_core.package_identification:_identify(build) by extension 'ignore'
[0.721s] Level 1:colcon.colcon_core.package_identification:_identify(build) ignored
[0.721s] Level 1:colcon.colcon_core.package_identification:_identify(firmware) by extensions ['ignore', 'ignore_ament_install']
[0.722s] Level 1:colcon.colcon_core.package_identification:_identify(firmware) by extension 'ignore'
[0.722s] Level 1:colcon.colcon_core.package_identification:_identify(firmware) ignored
[0.722s] Level 1:colcon.colcon_core.package_identification:_identify(install) by extensions ['ignore', 'ignore_ament_install']
[0.722s] Level 1:colcon.colcon_core.package_identification:_identify(install) by extension 'ignore'
[0.722s] Level 1:colcon.colcon_core.package_identification:_identify(install) ignored
[0.722s] Level 1:colcon.colcon_core.package_identification:_identify(log) by extensions ['ignore', 'ignore_ament_install']
[0.722s] Level 1:colcon.colcon_core.package_identification:_identify(log) by extension 'ignore'
[0.722s] Level 1:colcon.colcon_core.package_identification:_identify(log) ignored
[0.722s] Level 1:colcon.colcon_core.package_identification:_identify(main) by extensions ['ignore', 'ignore_ament_install']
[0.722s] Level 1:colcon.colcon_core.package_identification:_identify(main) by extension 'ignore'
[0.722s] Level 1:colcon.colcon_core.package_identification:_identify(main) by extension 'ignore_ament_install'
[0.722s] Level 1:colcon.colcon_core.package_identification:_identify(main) by extensions ['colcon_pkg']
[0.722s] Level 1:colcon.colcon_core.package_identification:_identify(main) by extension 'colcon_pkg'
[0.722s] Level 1:colcon.colcon_core.package_identification:_identify(main) by extensions ['colcon_meta']
[0.722s] Level 1:colcon.colcon_core.package_identification:_identify(main) by extension 'colcon_meta'
[0.722s] Level 1:colcon.colcon_core.package_identification:_identify(main) by extensions ['ros']
[0.723s] Level 1:colcon.colcon_core.package_identification:_identify(main) by extension 'ros'
[0.723s] Level 1:colcon.colcon_core.package_identification:_identify(main) by extensions ['cmake', 'python']
[0.723s] Level 1:colcon.colcon_core.package_identification:_identify(main) by extension 'cmake'
[0.723s] Level 1:colcon.colcon_core.package_identification:_identify(main) by extension 'python'
[0.723s] Level 1:colcon.colcon_core.package_identification:_identify(main) by extensions ['python_setup_py']
[0.723s] Level 1:colcon.colcon_core.package_identification:_identify(main) by extension 'python_setup_py'
[0.723s] Level 1:colcon.colcon_core.package_identification:_identify(src) by extensions ['ignore', 'ignore_ament_install']
[0.723s] Level 1:colcon.colcon_core.package_identification:_identify(src) by extension 'ignore'
[0.723s] Level 1:colcon.colcon_core.package_identification:_identify(src) by extension 'ignore_ament_install'
[0.723s] Level 1:colcon.colcon_core.package_identification:_identify(src) by extensions ['colcon_pkg']
[0.723s] Level 1:colcon.colcon_core.package_identification:_identify(src) by extension 'colcon_pkg'
[0.723s] Level 1:colcon.colcon_core.package_identification:_identify(src) by extensions ['colcon_meta']
[0.723s] Level 1:colcon.colcon_core.package_identification:_identify(src) by extension 'colcon_meta'
[0.723s] Level 1:colcon.colcon_core.package_identification:_identify(src) by extensions ['ros']
[0.723s] Level 1:colcon.colcon_core.package_identification:_identify(src) by extension 'ros'
[0.724s] Level 1:colcon.colcon_core.package_identification:_identify(src) by extensions ['cmake', 'python']
[0.724s] Level 1:colcon.colcon_core.package_identification:_identify(src) by extension 'cmake'
[0.724s] Level 1:colcon.colcon_core.package_identification:_identify(src) by extension 'python'
[0.724s] Level 1:colcon.colcon_core.package_identification:_identify(src) by extensions ['python_setup_py']
[0.724s] Level 1:colcon.colcon_core.package_identification:_identify(src) by extension 'python_setup_py'
[0.724s] Level 1:colcon.colcon_core.package_identification:_identify(src/micro_ros_setup) by extensions ['ignore', 'ignore_ament_install']
[0.724s] Level 1:colcon.colcon_core.package_identification:_identify(src/micro_ros_setup) by extension 'ignore'
[0.724s] Level 1:colcon.colcon_core.package_identification:_identify(src/micro_ros_setup) by extension 'ignore_ament_install'
[0.724s] Level 1:colcon.colcon_core.package_identification:_identify(src/micro_ros_setup) by extensions ['colcon_pkg']
[0.724s] Level 1:colcon.colcon_core.package_identification:_identify(src/micro_ros_setup) by extension 'colcon_pkg'
[0.724s] Level 1:colcon.colcon_core.package_identification:_identify(src/micro_ros_setup) by extensions ['colcon_meta']
[0.724s] Level 1:colcon.colcon_core.package_identification:_identify(src/micro_ros_setup) by extension 'colcon_meta'
[0.724s] Level 1:colcon.colcon_core.package_identification:_identify(src/micro_ros_setup) by extensions ['ros']
[0.724s] Level 1:colcon.colcon_core.package_identification:_identify(src/micro_ros_setup) by extension 'ros'
[0.736s] DEBUG:colcon.colcon_core.package_identification:Package 'src/micro_ros_setup' with type 'ros.ament_cmake' and name 'micro_ros_setup'
[0.736s] Level 1:colcon.colcon_core.package_identification:_identify(src/uros) by extensions ['ignore', 'ignore_ament_install']
[0.737s] Level 1:colcon.colcon_core.package_identification:_identify(src/uros) by extension 'ignore'
[0.737s] Level 1:colcon.colcon_core.package_identification:_identify(src/uros) by extension 'ignore_ament_install'
[0.737s] Level 1:colcon.colcon_core.package_identification:_identify(src/uros) by extensions ['colcon_pkg']
[0.737s] Level 1:colcon.colcon_core.package_identification:_identify(src/uros) by extension 'colcon_pkg'
[0.737s] Level 1:colcon.colcon_core.package_identification:_identify(src/uros) by extensions ['colcon_meta']
[0.737s] Level 1:colcon.colcon_core.package_identification:_identify(src/uros) by extension 'colcon_meta'
[0.737s] Level 1:colcon.colcon_core.package_identification:_identify(src/uros) by extensions ['ros']
[0.737s] Level 1:colcon.colcon_core.package_identification:_identify(src/uros) by extension 'ros'
[0.737s] Level 1:colcon.colcon_core.package_identification:_identify(src/uros) by extensions ['cmake', 'python']
[0.737s] Level 1:colcon.colcon_core.package_identification:_identify(src/uros) by extension 'cmake'
[0.737s] Level 1:colcon.colcon_core.package_identification:_identify(src/uros) by extension 'python'
[0.737s] Level 1:colcon.colcon_core.package_identification:_identify(src/uros) by extensions ['python_setup_py']
[0.737s] Level 1:colcon.colcon_core.package_identification:_identify(src/uros) by extension 'python_setup_py'
[0.738s] Level 1:colcon.colcon_core.package_identification:_identify(src/uros/drive_base) by extensions ['ignore', 'ignore_ament_install']
[0.738s] Level 1:colcon.colcon_core.package_identification:_identify(src/uros/drive_base) by extension 'ignore'
[0.738s] Level 1:colcon.colcon_core.package_identification:_identify(src/uros/drive_base) by extension 'ignore_ament_install'
[0.738s] Level 1:colcon.colcon_core.package_identification:_identify(src/uros/drive_base) by extensions ['colcon_pkg']
[0.738s] Level 1:colcon.colcon_core.package_identification:_identify(src/uros/drive_base) by extension 'colcon_pkg'
[0.738s] Level 1:colcon.colcon_core.package_identification:_identify(src/uros/drive_base) by extensions ['colcon_meta']
[0.738s] Level 1:colcon.colcon_core.package_identification:_identify(src/uros/drive_base) by extension 'colcon_meta'
[0.738s] Level 1:colcon.colcon_core.package_identification:_identify(src/uros/drive_base) by extensions ['ros']
[0.738s] Level 1:colcon.colcon_core.package_identification:_identify(src/uros/drive_base) by extension 'ros'
[0.738s] Level 1:colcon.colcon_core.package_identification:_identify(src/uros/drive_base) by extensions ['cmake', 'python']
[0.738s] Level 1:colcon.colcon_core.package_identification:_identify(src/uros/drive_base) by extension 'cmake'
[0.738s] Level 1:colcon.colcon_core.package_identification:_identify(src/uros/drive_base) by extension 'python'
[0.738s] Level 1:colcon.colcon_core.package_identification:_identify(src/uros/drive_base) by extensions ['python_setup_py']
[0.738s] Level 1:colcon.colcon_core.package_identification:_identify(src/uros/drive_base) by extension 'python_setup_py'
[0.738s] Level 1:colcon.colcon_core.package_identification:_identify(src/uros/drive_base/drive_base_msgs) by extensions ['ignore', 'ignore_ament_install']
[0.738s] Level 1:colcon.colcon_core.package_identification:_identify(src/uros/drive_base/drive_base_msgs) by extension 'ignore'
[0.738s] Level 1:colcon.colcon_core.package_identification:_identify(src/uros/drive_base/drive_base_msgs) by extension 'ignore_ament_install'
[0.739s] Level 1:colcon.colcon_core.package_identification:_identify(src/uros/drive_base/drive_base_msgs) by extensions ['colcon_pkg']
[0.739s] Level 1:colcon.colcon_core.package_identification:_identify(src/uros/drive_base/drive_base_msgs) by extension 'colcon_pkg'
[0.739s] Level 1:colcon.colcon_core.package_identification:_identify(src/uros/drive_base/drive_base_msgs) by extensions ['colcon_meta']
[0.739s] Level 1:colcon.colcon_core.package_identification:_identify(src/uros/drive_base/drive_base_msgs) by extension 'colcon_meta'
[0.739s] Level 1:colcon.colcon_core.package_identification:_identify(src/uros/drive_base/drive_base_msgs) by extensions ['ros']
[0.739s] Level 1:colcon.colcon_core.package_identification:_identify(src/uros/drive_base/drive_base_msgs) by extension 'ros'
[0.739s] DEBUG:colcon.colcon_core.package_identification:Package 'src/uros/drive_base/drive_base_msgs' with type 'ros.ament_cmake' and name 'drive_base_msgs'
[0.739s] Level 1:colcon.colcon_core.package_identification:_identify(src/uros/micro-ROS-Agent) by extensions ['ignore', 'ignore_ament_install']
[0.740s] Level 1:colcon.colcon_core.package_identification:_identify(src/uros/micro-ROS-Agent) by extension 'ignore'
[0.740s] Level 1:colcon.colcon_core.package_identification:_identify(src/uros/micro-ROS-Agent) by extension 'ignore_ament_install'
[0.740s] Level 1:colcon.colcon_core.package_identification:_identify(src/uros/micro-ROS-Agent) by extensions ['colcon_pkg']
[0.740s] Level 1:colcon.colcon_core.package_identification:_identify(src/uros/micro-ROS-Agent) by extension 'colcon_pkg'
[0.740s] Level 1:colcon.colcon_core.package_identification:_identify(src/uros/micro-ROS-Agent) by extensions ['colcon_meta']
[0.740s] Level 1:colcon.colcon_core.package_identification:_identify(src/uros/micro-ROS-Agent) by extension 'colcon_meta'
[0.740s] Level 1:colcon.colcon_core.package_identification:_identify(src/uros/micro-ROS-Agent) by extensions ['ros']
[0.740s] Level 1:colcon.colcon_core.package_identification:_identify(src/uros/micro-ROS-Agent) by extension 'ros'
[0.740s] Level 1:colcon.colcon_core.package_identification:_identify(src/uros/micro-ROS-Agent) by extensions ['cmake', 'python']
[0.740s] Level 1:colcon.colcon_core.package_identification:_identify(src/uros/micro-ROS-Agent) by extension 'cmake'
[0.740s] Level 1:colcon.colcon_core.package_identification:_identify(src/uros/micro-ROS-Agent) by extension 'python'
[0.740s] Level 1:colcon.colcon_core.package_identification:_identify(src/uros/micro-ROS-Agent) by extensions ['python_setup_py']
[0.740s] Level 1:colcon.colcon_core.package_identification:_identify(src/uros/micro-ROS-Agent) by extension 'python_setup_py'
[0.740s] Level 1:colcon.colcon_core.package_identification:_identify(src/uros/micro-ROS-Agent/micro_ros_agent) by extensions ['ignore', 'ignore_ament_install']
[0.740s] Level 1:colcon.colcon_core.package_identification:_identify(src/uros/micro-ROS-Agent/micro_ros_agent) by extension 'ignore'
[0.740s] Level 1:colcon.colcon_core.package_identification:_identify(src/uros/micro-ROS-Agent/micro_ros_agent) by extension 'ignore_ament_install'
[0.741s] Level 1:colcon.colcon_core.package_identification:_identify(src/uros/micro-ROS-Agent/micro_ros_agent) by extensions ['colcon_pkg']
[0.741s] Level 1:colcon.colcon_core.package_identification:_identify(src/uros/micro-ROS-Agent/micro_ros_agent) by extension 'colcon_pkg'
[0.741s] Level 1:colcon.colcon_core.package_identification:_identify(src/uros/micro-ROS-Agent/micro_ros_agent) by extensions ['colcon_meta']
[0.741s] Level 1:colcon.colcon_core.package_identification:_identify(src/uros/micro-ROS-Agent/micro_ros_agent) by extension 'colcon_meta'
[0.741s] Level 1:colcon.colcon_core.package_identification:_identify(src/uros/micro-ROS-Agent/micro_ros_agent) by extensions ['ros']
[0.741s] Level 1:colcon.colcon_core.package_identification:_identify(src/uros/micro-ROS-Agent/micro_ros_agent) by extension 'ros'
[0.742s] DEBUG:colcon.colcon_core.package_identification:Package 'src/uros/micro-ROS-Agent/micro_ros_agent' with type 'ros.ament_cmake' and name 'micro_ros_agent'
[0.742s] Level 1:colcon.colcon_core.package_identification:_identify(src/uros/micro-ROS-Agent/snap) by extensions ['ignore', 'ignore_ament_install']
[0.742s] Level 1:colcon.colcon_core.package_identification:_identify(src/uros/micro-ROS-Agent/snap) by extension 'ignore'
[0.742s] Level 1:colcon.colcon_core.package_identification:_identify(src/uros/micro-ROS-Agent/snap) by extension 'ignore_ament_install'
[0.742s] Level 1:colcon.colcon_core.package_identification:_identify(src/uros/micro-ROS-Agent/snap) by extensions ['colcon_pkg']
[0.742s] Level 1:colcon.colcon_core.package_identification:_identify(src/uros/micro-ROS-Agent/snap) by extension 'colcon_pkg'
[0.742s] Level 1:colcon.colcon_core.package_identification:_identify(src/uros/micro-ROS-Agent/snap) by extensions ['colcon_meta']
[0.742s] Level 1:colcon.colcon_core.package_identification:_identify(src/uros/micro-ROS-Agent/snap) by extension 'colcon_meta'
[0.742s] Level 1:colcon.colcon_core.package_identification:_identify(src/uros/micro-ROS-Agent/snap) by extensions ['ros']
[0.742s] Level 1:colcon.colcon_core.package_identification:_identify(src/uros/micro-ROS-Agent/snap) by extension 'ros'
[0.742s] Level 1:colcon.colcon_core.package_identification:_identify(src/uros/micro-ROS-Agent/snap) by extensions ['cmake', 'python']
[0.742s] Level 1:colcon.colcon_core.package_identification:_identify(src/uros/micro-ROS-Agent/snap) by extension 'cmake'
[0.742s] Level 1:colcon.colcon_core.package_identification:_identify(src/uros/micro-ROS-Agent/snap) by extension 'python'
[0.742s] Level 1:colcon.colcon_core.package_identification:_identify(src/uros/micro-ROS-Agent/snap) by extensions ['python_setup_py']
[0.742s] Level 1:colcon.colcon_core.package_identification:_identify(src/uros/micro-ROS-Agent/snap) by extension 'python_setup_py'
[0.742s] Level 1:colcon.colcon_core.package_identification:_identify(src/uros/micro-ROS-Agent/snap/hooks) by extensions ['ignore', 'ignore_ament_install']
[0.743s] Level 1:colcon.colcon_core.package_identification:_identify(src/uros/micro-ROS-Agent/snap/hooks) by extension 'ignore'
[0.743s] Level 1:colcon.colcon_core.package_identification:_identify(src/uros/micro-ROS-Agent/snap/hooks) by extension 'ignore_ament_install'
[0.743s] Level 1:colcon.colcon_core.package_identification:_identify(src/uros/micro-ROS-Agent/snap/hooks) by extensions ['colcon_pkg']
[0.743s] Level 1:colcon.colcon_core.package_identification:_identify(src/uros/micro-ROS-Agent/snap/hooks) by extension 'colcon_pkg'
[0.743s] Level 1:colcon.colcon_core.package_identification:_identify(src/uros/micro-ROS-Agent/snap/hooks) by extensions ['colcon_meta']
[0.743s] Level 1:colcon.colcon_core.package_identification:_identify(src/uros/micro-ROS-Agent/snap/hooks) by extension 'colcon_meta'
[0.743s] Level 1:colcon.colcon_core.package_identification:_identify(src/uros/micro-ROS-Agent/snap/hooks) by extensions ['ros']
[0.743s] Level 1:colcon.colcon_core.package_identification:_identify(src/uros/micro-ROS-Agent/snap/hooks) by extension 'ros'
[0.743s] Level 1:colcon.colcon_core.package_identification:_identify(src/uros/micro-ROS-Agent/snap/hooks) by extensions ['cmake', 'python']
[0.743s] Level 1:colcon.colcon_core.package_identification:_identify(src/uros/micro-ROS-Agent/snap/hooks) by extension 'cmake'
[0.743s] Level 1:colcon.colcon_core.package_identification:_identify(src/uros/micro-ROS-Agent/snap/hooks) by extension 'python'
[0.743s] Level 1:colcon.colcon_core.package_identification:_identify(src/uros/micro-ROS-Agent/snap/hooks) by extensions ['python_setup_py']
[0.743s] Level 1:colcon.colcon_core.package_identification:_identify(src/uros/micro-ROS-Agent/snap/hooks) by extension 'python_setup_py'
[0.743s] Level 1:colcon.colcon_core.package_identification:_identify(src/uros/micro-ROS-Agent/snap/local) by extensions ['ignore', 'ignore_ament_install']
[0.743s] Level 1:colcon.colcon_core.package_identification:_identify(src/uros/micro-ROS-Agent/snap/local) by extension 'ignore'
[0.743s] Level 1:colcon.colcon_core.package_identification:_identify(src/uros/micro-ROS-Agent/snap/local) by extension 'ignore_ament_install'
[0.743s] Level 1:colcon.colcon_core.package_identification:_identify(src/uros/micro-ROS-Agent/snap/local) by extensions ['colcon_pkg']
[0.743s] Level 1:colcon.colcon_core.package_identification:_identify(src/uros/micro-ROS-Agent/snap/local) by extension 'colcon_pkg'
[0.743s] Level 1:colcon.colcon_core.package_identification:_identify(src/uros/micro-ROS-Agent/snap/local) by extensions ['colcon_meta']
[0.743s] Level 1:colcon.colcon_core.package_identification:_identify(src/uros/micro-ROS-Agent/snap/local) by extension 'colcon_meta'
[0.744s] Level 1:colcon.colcon_core.package_identification:_identify(src/uros/micro-ROS-Agent/snap/local) by extensions ['ros']
[0.744s] Level 1:colcon.colcon_core.package_identification:_identify(src/uros/micro-ROS-Agent/snap/local) by extension 'ros'
[0.744s] Level 1:colcon.colcon_core.package_identification:_identify(src/uros/micro-ROS-Agent/snap/local) by extensions ['cmake', 'python']
[0.744s] Level 1:colcon.colcon_core.package_identification:_identify(src/uros/micro-ROS-Agent/snap/local) by extension 'cmake'
[0.744s] Level 1:colcon.colcon_core.package_identification:_identify(src/uros/micro-ROS-Agent/snap/local) by extension 'python'
[0.744s] Level 1:colcon.colcon_core.package_identification:_identify(src/uros/micro-ROS-Agent/snap/local) by extensions ['python_setup_py']
[0.744s] Level 1:colcon.colcon_core.package_identification:_identify(src/uros/micro-ROS-Agent/snap/local) by extension 'python_setup_py'
[0.744s] Level 1:colcon.colcon_core.package_identification:_identify(src/uros/micro_ros_msgs) by extensions ['ignore', 'ignore_ament_install']
[0.744s] Level 1:colcon.colcon_core.package_identification:_identify(src/uros/micro_ros_msgs) by extension 'ignore'
[0.744s] Level 1:colcon.colcon_core.package_identification:_identify(src/uros/micro_ros_msgs) by extension 'ignore_ament_install'
[0.744s] Level 1:colcon.colcon_core.package_identification:_identify(src/uros/micro_ros_msgs) by extensions ['colcon_pkg']
[0.744s] Level 1:colcon.colcon_core.package_identification:_identify(src/uros/micro_ros_msgs) by extension 'colcon_pkg'
[0.744s] Level 1:colcon.colcon_core.package_identification:_identify(src/uros/micro_ros_msgs) by extensions ['colcon_meta']
[0.744s] Level 1:colcon.colcon_core.package_identification:_identify(src/uros/micro_ros_msgs) by extension 'colcon_meta'
[0.744s] Level 1:colcon.colcon_core.package_identification:_identify(src/uros/micro_ros_msgs) by extensions ['ros']
[0.744s] Level 1:colcon.colcon_core.package_identification:_identify(src/uros/micro_ros_msgs) by extension 'ros'
[0.745s] DEBUG:colcon.colcon_core.package_identification:Package 'src/uros/micro_ros_msgs' with type 'ros.ament_cmake' and name 'micro_ros_msgs'
[0.745s] Level 1:colcon.colcon_core.package_discovery:discover_packages(recursive) using defaults
[0.745s] Level 1:colcon.colcon_core.package_discovery:discover_packages(ignore) discover
[0.745s] Level 1:colcon.colcon_core.package_discovery:discover_packages(ignore) using defaults
[0.745s] Level 1:colcon.colcon_core.package_discovery:discover_packages(path) discover
[0.745s] Level 1:colcon.colcon_core.package_discovery:discover_packages(path) using defaults
[0.794s] Level 1:colcon.colcon_core.package_discovery:discover_packages(prefix_path) check parameters
[0.794s] Level 1:colcon.colcon_core.package_discovery:discover_packages(prefix_path) discover
[0.799s] Level 1:colcon.colcon_core.package_discovery:discover_packages(prefix_path) using defaults
[0.810s] Level 5:colcon.colcon_core.verb:set package 'drive_base_msgs' build argument 'cmake_args' from command line to 'None'
[0.810s] Level 5:colcon.colcon_core.verb:set package 'drive_base_msgs' build argument 'cmake_target' from command line to 'None'
[0.810s] Level 5:colcon.colcon_core.verb:set package 'drive_base_msgs' build argument 'cmake_target_skip_unavailable' from command line to 'False'
[0.810s] Level 5:colcon.colcon_core.verb:set package 'drive_base_msgs' build argument 'cmake_clean_cache' from command line to 'False'
[0.810s] Level 5:colcon.colcon_core.verb:set package 'drive_base_msgs' build argument 'cmake_clean_first' from command line to 'False'
[0.810s] Level 5:colcon.colcon_core.verb:set package 'drive_base_msgs' build argument 'cmake_force_configure' from command line to 'False'
[0.810s] Level 5:colcon.colcon_core.verb:set package 'drive_base_msgs' build argument 'ament_cmake_args' from command line to 'None'
[0.810s] Level 5:colcon.colcon_core.verb:set package 'drive_base_msgs' build argument 'catkin_cmake_args' from command line to 'None'
[0.810s] Level 5:colcon.colcon_core.verb:set package 'drive_base_msgs' build argument 'catkin_skip_building_tests' from command line to 'False'
[0.810s] DEBUG:colcon.colcon_core.verb:Building package 'drive_base_msgs' with the following arguments: {'ament_cmake_args': None, 'build_base': '/home/aziz/Desktop/First-Steps-with-Micro-ROS-ESP32/build/drive_base_msgs', 'catkin_cmake_args': None, 'catkin_skip_building_tests': False, 'cmake_args': None, 'cmake_clean_cache': False, 'cmake_clean_first': False, 'cmake_force_configure': False, 'cmake_target': None, 'cmake_target_skip_unavailable': False, 'install_base': '/home/aziz/Desktop/First-Steps-with-Micro-ROS-ESP32/install/drive_base_msgs', 'merge_install': False, 'path': '/home/aziz/Desktop/First-Steps-with-Micro-ROS-ESP32/src/uros/drive_base/drive_base_msgs', 'symlink_install': False, 'test_result_base': None}
[0.819s] Level 5:colcon.colcon_core.verb:set package 'micro_ros_msgs' build argument 'cmake_args' from command line to 'None'
[0.819s] Level 5:colcon.colcon_core.verb:set package 'micro_ros_msgs' build argument 'cmake_target' from command line to 'None'
[0.819s] Level 5:colcon.colcon_core.verb:set package 'micro_ros_msgs' build argument 'cmake_target_skip_unavailable' from command line to 'False'
[0.819s] Level 5:colcon.colcon_core.verb:set package 'micro_ros_msgs' build argument 'cmake_clean_cache' from command line to 'False'
[0.819s] Level 5:colcon.colcon_core.verb:set package 'micro_ros_msgs' build argument 'cmake_clean_first' from command line to 'False'
[0.819s] Level 5:colcon.colcon_core.verb:set package 'micro_ros_msgs' build argument 'cmake_force_configure' from command line to 'False'
[0.819s] Level 5:colcon.colcon_core.verb:set package 'micro_ros_msgs' build argument 'ament_cmake_args' from command line to 'None'
[0.819s] Level 5:colcon.colcon_core.verb:set package 'micro_ros_msgs' build argument 'catkin_cmake_args' from command line to 'None'
[0.819s] Level 5:colcon.colcon_core.verb:set package 'micro_ros_msgs' build argument 'catkin_skip_building_tests' from command line to 'False'
[0.819s] DEBUG:colcon.colcon_core.verb:Building package 'micro_ros_msgs' with the following arguments: {'ament_cmake_args': None, 'build_base': '/home/aziz/Desktop/First-Steps-with-Micro-ROS-ESP32/build/micro_ros_msgs', 'catkin_cmake_args': None, 'catkin_skip_building_tests': False, 'cmake_args': None, 'cmake_clean_cache': False, 'cmake_clean_first': False, 'cmake_force_configure': False, 'cmake_target': None, 'cmake_target_skip_unavailable': False, 'install_base': '/home/aziz/Desktop/First-Steps-with-Micro-ROS-ESP32/install/micro_ros_msgs', 'merge_install': False, 'path': '/home/aziz/Desktop/First-Steps-with-Micro-ROS-ESP32/src/uros/micro_ros_msgs', 'symlink_install': False, 'test_result_base': None}
[0.827s] Level 5:colcon.colcon_core.verb:set package 'micro_ros_setup' build argument 'cmake_args' from command line to 'None'
[0.827s] Level 5:colcon.colcon_core.verb:set package 'micro_ros_setup' build argument 'cmake_target' from command line to 'None'
[0.827s] Level 5:colcon.colcon_core.verb:set package 'micro_ros_setup' build argument 'cmake_target_skip_unavailable' from command line to 'False'
[0.827s] Level 5:colcon.colcon_core.verb:set package 'micro_ros_setup' build argument 'cmake_clean_cache' from command line to 'False'
[0.827s] Level 5:colcon.colcon_core.verb:set package 'micro_ros_setup' build argument 'cmake_clean_first' from command line to 'False'
[0.828s] Level 5:colcon.colcon_core.verb:set package 'micro_ros_setup' build argument 'cmake_force_configure' from command line to 'False'
[0.828s] Level 5:colcon.colcon_core.verb:set package 'micro_ros_setup' build argument 'ament_cmake_args' from command line to 'None'
[0.828s] Level 5:colcon.colcon_core.verb:set package 'micro_ros_setup' build argument 'catkin_cmake_args' from command line to 'None'
[0.828s] Level 5:colcon.colcon_core.verb:set package 'micro_ros_setup' build argument 'catkin_skip_building_tests' from command line to 'False'
[0.828s] DEBUG:colcon.colcon_core.verb:Building package 'micro_ros_setup' with the following arguments: {'ament_cmake_args': None, 'build_base': '/home/aziz/Desktop/First-Steps-with-Micro-ROS-ESP32/build/micro_ros_setup', 'catkin_cmake_args': None, 'catkin_skip_building_tests': False, 'cmake_args': None, 'cmake_clean_cache': False, 'cmake_clean_first': False, 'cmake_force_configure': False, 'cmake_target': None, 'cmake_target_skip_unavailable': False, 'install_base': '/home/aziz/Desktop/First-Steps-with-Micro-ROS-ESP32/install/micro_ros_setup', 'merge_install': False, 'path': '/home/aziz/Desktop/First-Steps-with-Micro-ROS-ESP32/src/micro_ros_setup', 'symlink_install': False, 'test_result_base': None}
[0.836s] Level 5:colcon.colcon_core.verb:set package 'micro_ros_agent' build argument 'cmake_args' from command line to 'None'
[0.836s] Level 5:colcon.colcon_core.verb:set package 'micro_ros_agent' build argument 'cmake_target' from command line to 'None'
[0.836s] Level 5:colcon.colcon_core.verb:set package 'micro_ros_agent' build argument 'cmake_target_skip_unavailable' from command line to 'False'
[0.836s] Level 5:colcon.colcon_core.verb:set package 'micro_ros_agent' build argument 'cmake_clean_cache' from command line to 'False'
[0.836s] Level 5:colcon.colcon_core.verb:set package 'micro_ros_agent' build argument 'cmake_clean_first' from command line to 'False'
[0.836s] Level 5:colcon.colcon_core.verb:set package 'micro_ros_agent' build argument 'cmake_force_configure' from command line to 'False'
[0.836s] Level 5:colcon.colcon_core.verb:set package 'micro_ros_agent' build argument 'ament_cmake_args' from command line to 'None'
[0.836s] Level 5:colcon.colcon_core.verb:set package 'micro_ros_agent' build argument 'catkin_cmake_args' from command line to 'None'
[0.836s] Level 5:colcon.colcon_core.verb:set package 'micro_ros_agent' build argument 'catkin_skip_building_tests' from command line to 'False'
[0.836s] DEBUG:colcon.colcon_core.verb:Building package 'micro_ros_agent' with the following arguments: {'ament_cmake_args': None, 'build_base': '/home/aziz/Desktop/First-Steps-with-Micro-ROS-ESP32/build/micro_ros_agent', 'catkin_cmake_args': None, 'catkin_skip_building_tests': False, 'cmake_args': None, 'cmake_clean_cache': False, 'cmake_clean_first': False, 'cmake_force_configure': False, 'cmake_target': None, 'cmake_target_skip_unavailable': False, 'install_base': '/home/aziz/Desktop/First-Steps-with-Micro-ROS-ESP32/install/micro_ros_agent', 'merge_install': False, 'path': '/home/aziz/Desktop/First-Steps-with-Micro-ROS-ESP32/src/uros/micro-ROS-Agent/micro_ros_agent', 'symlink_install': False, 'test_result_base': None}
[0.838s] INFO:colcon.colcon_core.executor:Executing jobs using 'parallel' executor
[0.854s] DEBUG:colcon.colcon_parallel_executor.executor.parallel:run_until_complete
[0.854s] INFO:colcon.colcon_ros.task.ament_cmake.build:Building ROS package in '/home/aziz/Desktop/First-Steps-with-Micro-ROS-ESP32/src/uros/micro_ros_msgs' with build type 'ament_cmake'
[0.854s] INFO:colcon.colcon_cmake.task.cmake.build:Building CMake package in '/home/aziz/Desktop/First-Steps-with-Micro-ROS-ESP32/src/uros/micro_ros_msgs'
[0.864s] INFO:colcon.colcon_core.plugin_system:Skipping extension 'colcon_core.shell.bat': Not used on non-Windows systems
[0.864s] INFO:colcon.colcon_core.shell:Skip shell extension 'powershell' for command environment: Not usable outside of PowerShell
[0.864s] DEBUG:colcon.colcon_core.shell:Skip shell extension 'dsv' for command environment
[0.880s] INFO:colcon.colcon_ros.task.ament_cmake.build:Building ROS package in '/home/aziz/Desktop/First-Steps-with-Micro-ROS-ESP32/src/uros/drive_base/drive_base_msgs' with build type 'ament_cmake'
[0.881s] INFO:colcon.colcon_cmake.task.cmake.build:Building CMake package in '/home/aziz/Desktop/First-Steps-with-Micro-ROS-ESP32/src/uros/drive_base/drive_base_msgs'
[0.889s] INFO:colcon.colcon_core.shell:Skip shell extension 'powershell' for command environment: Not usable outside of PowerShell
[0.889s] DEBUG:colcon.colcon_core.shell:Skip shell extension 'dsv' for command environment
[0.897s] INFO:colcon.colcon_ros.task.ament_cmake.build:Building ROS package in '/home/aziz/Desktop/First-Steps-with-Micro-ROS-ESP32/src/micro_ros_setup' with build type 'ament_cmake'
[0.898s] INFO:colcon.colcon_cmake.task.cmake.build:Building CMake package in '/home/aziz/Desktop/First-Steps-with-Micro-ROS-ESP32/src/micro_ros_setup'
[0.905s] INFO:colcon.colcon_core.shell:Skip shell extension 'powershell' for command environment: Not usable outside of PowerShell
[0.905s] DEBUG:colcon.colcon_core.shell:Skip shell extension 'dsv' for command environment
[0.919s] DEBUG:colcon.colcon_core.event_handler.log_command:Invoking command in '/home/aziz/Desktop/First-Steps-with-Micro-ROS-ESP32/build/micro_ros_msgs': /usr/bin/cmake --build /home/aziz/Desktop/First-Steps-with-Micro-ROS-ESP32/build/micro_ros_msgs -- -j4 -l4
[0.928s] DEBUG:colcon.colcon_core.event_handler.log_command:Invoking command in '/home/aziz/Desktop/First-Steps-with-Micro-ROS-ESP32/build/drive_base_msgs': /usr/bin/cmake --build /home/aziz/Desktop/First-Steps-with-Micro-ROS-ESP32/build/drive_base_msgs -- -j4 -l4
[0.935s] DEBUG:colcon.colcon_core.event_handler.log_command:Invoking command in '/home/aziz/Desktop/First-Steps-with-Micro-ROS-ESP32/build/micro_ros_setup': /usr/bin/cmake --build /home/aziz/Desktop/First-Steps-with-Micro-ROS-ESP32/build/micro_ros_setup -- -j4 -l4
[0.988s] DEBUG:colcon.colcon_core.event_handler.log_command:Invoked command in '/home/aziz/Desktop/First-Steps-with-Micro-ROS-ESP32/build/micro_ros_setup' returned '0': /usr/bin/cmake --build /home/aziz/Desktop/First-Steps-with-Micro-ROS-ESP32/build/micro_ros_setup -- -j4 -l4
[1.069s] DEBUG:colcon.colcon_core.event_handler.log_command:Invoking command in '/home/aziz/Desktop/First-Steps-with-Micro-ROS-ESP32/build/micro_ros_setup': /usr/bin/cmake --install /home/aziz/Desktop/First-Steps-with-Micro-ROS-ESP32/build/micro_ros_setup
[1.107s] Level 1:colcon.colcon_core.environment:create_environment_scripts_only(micro_ros_setup)
[1.115s] DEBUG:colcon.colcon_core.event_handler.log_command:Invoked command in '/home/aziz/Desktop/First-Steps-with-Micro-ROS-ESP32/build/micro_ros_setup' returned '0': /usr/bin/cmake --install /home/aziz/Desktop/First-Steps-with-Micro-ROS-ESP32/build/micro_ros_setup
[1.128s] Level 1:colcon.colcon_core.environment:checking '/home/aziz/Desktop/First-Steps-with-Micro-ROS-ESP32/install/micro_ros_setup' for CMake module files
[1.129s] Level 1:colcon.colcon_core.environment:checking '/home/aziz/Desktop/First-Steps-with-Micro-ROS-ESP32/install/micro_ros_setup' for CMake config files
[1.130s] Level 1:colcon.colcon_core.shell:create_environment_hook('micro_ros_setup', 'cmake_prefix_path')
[1.137s] INFO:colcon.colcon_core.shell:Creating environment hook '/home/aziz/Desktop/First-Steps-with-Micro-ROS-ESP32/install/micro_ros_setup/share/micro_ros_setup/hook/cmake_prefix_path.ps1'
[1.138s] INFO:colcon.colcon_core.shell:Creating environment descriptor '/home/aziz/Desktop/First-Steps-with-Micro-ROS-ESP32/install/micro_ros_setup/share/micro_ros_setup/hook/cmake_prefix_path.dsv'
[1.139s] INFO:colcon.colcon_core.shell:Creating environment hook '/home/aziz/Desktop/First-Steps-with-Micro-ROS-ESP32/install/micro_ros_setup/share/micro_ros_setup/hook/cmake_prefix_path.sh'
[1.140s] Level 1:colcon.colcon_core.environment:checking '/home/aziz/Desktop/First-Steps-with-Micro-ROS-ESP32/install/micro_ros_setup/lib'
[1.140s] Level 1:colcon.colcon_core.environment:checking '/home/aziz/Desktop/First-Steps-with-Micro-ROS-ESP32/install/micro_ros_setup/bin'
[1.140s] Level 1:colcon.colcon_core.environment:checking '/home/aziz/Desktop/First-Steps-with-Micro-ROS-ESP32/install/micro_ros_setup/lib/pkgconfig/micro_ros_setup.pc'
[1.143s] Level 1:colcon.colcon_core.environment:checking '/home/aziz/Desktop/First-Steps-with-Micro-ROS-ESP32/install/micro_ros_setup/lib/python3.8/site-packages'
[1.143s] Level 1:colcon.colcon_core.environment:checking '/home/aziz/Desktop/First-Steps-with-Micro-ROS-ESP32/install/micro_ros_setup/bin'
[1.150s] INFO:colcon.colcon_core.shell:Creating package script '/home/aziz/Desktop/First-Steps-with-Micro-ROS-ESP32/install/micro_ros_setup/share/micro_ros_setup/package.ps1'
[1.152s] INFO:colcon.colcon_core.shell:Creating package descriptor '/home/aziz/Desktop/First-Steps-with-Micro-ROS-ESP32/install/micro_ros_setup/share/micro_ros_setup/package.dsv'
[1.152s] INFO:colcon.colcon_core.shell:Creating package script '/home/aziz/Desktop/First-Steps-with-Micro-ROS-ESP32/install/micro_ros_setup/share/micro_ros_setup/package.sh'
[1.154s] INFO:colcon.colcon_core.shell:Creating package script '/home/aziz/Desktop/First-Steps-with-Micro-ROS-ESP32/install/micro_ros_setup/share/micro_ros_setup/package.bash'
[1.155s] INFO:colcon.colcon_core.shell:Creating package script '/home/aziz/Desktop/First-Steps-with-Micro-ROS-ESP32/install/micro_ros_setup/share/micro_ros_setup/package.zsh'
[1.156s] Level 1:colcon.colcon_core.environment:create_file_with_runtime_dependencies(/home/aziz/Desktop/First-Steps-with-Micro-ROS-ESP32/install/micro_ros_setup/share/colcon-core/packages/micro_ros_setup)
[1.188s] Level 1:colcon.colcon_core.environment:create_environment_scripts_only(micro_ros_setup)
[1.198s] Level 1:colcon.colcon_core.environment:checking '/home/aziz/Desktop/First-Steps-with-Micro-ROS-ESP32/install/micro_ros_setup' for CMake module files
[1.200s] Level 1:colcon.colcon_core.environment:checking '/home/aziz/Desktop/First-Steps-with-Micro-ROS-ESP32/install/micro_ros_setup' for CMake config files
[1.201s] Level 1:colcon.colcon_core.shell:create_environment_hook('micro_ros_setup', 'cmake_prefix_path')
[1.208s] INFO:colcon.colcon_core.shell:Creating environment hook '/home/aziz/Desktop/First-Steps-with-Micro-ROS-ESP32/install/micro_ros_setup/share/micro_ros_setup/hook/cmake_prefix_path.ps1'
[1.209s] INFO:colcon.colcon_core.shell:Creating environment descriptor '/home/aziz/Desktop/First-Steps-with-Micro-ROS-ESP32/install/micro_ros_setup/share/micro_ros_setup/hook/cmake_prefix_path.dsv'
[1.209s] INFO:colcon.colcon_core.shell:Creating environment hook '/home/aziz/Desktop/First-Steps-with-Micro-ROS-ESP32/install/micro_ros_setup/share/micro_ros_setup/hook/cmake_prefix_path.sh'
[1.210s] Level 1:colcon.colcon_core.environment:checking '/home/aziz/Desktop/First-Steps-with-Micro-ROS-ESP32/install/micro_ros_setup/lib'
[1.210s] Level 1:colcon.colcon_core.environment:checking '/home/aziz/Desktop/First-Steps-with-Micro-ROS-ESP32/install/micro_ros_setup/bin'
[1.210s] Level 1:colcon.colcon_core.environment:checking '/home/aziz/Desktop/First-Steps-with-Micro-ROS-ESP32/install/micro_ros_setup/lib/pkgconfig/micro_ros_setup.pc'
[1.210s] Level 1:colcon.colcon_core.environment:checking '/home/aziz/Desktop/First-Steps-with-Micro-ROS-ESP32/install/micro_ros_setup/lib/python3.8/site-packages'
[1.211s] Level 1:colcon.colcon_core.environment:checking '/home/aziz/Desktop/First-Steps-with-Micro-ROS-ESP32/install/micro_ros_setup/bin'
[1.218s] INFO:colcon.colcon_core.shell:Creating package script '/home/aziz/Desktop/First-Steps-with-Micro-ROS-ESP32/install/micro_ros_setup/share/micro_ros_setup/package.ps1'
[1.219s] INFO:colcon.colcon_core.shell:Creating package descriptor '/home/aziz/Desktop/First-Steps-with-Micro-ROS-ESP32/install/micro_ros_setup/share/micro_ros_setup/package.dsv'
[1.220s] INFO:colcon.colcon_core.shell:Creating package script '/home/aziz/Desktop/First-Steps-with-Micro-ROS-ESP32/install/micro_ros_setup/share/micro_ros_setup/package.sh'
[1.220s] INFO:colcon.colcon_core.shell:Creating package script '/home/aziz/Desktop/First-Steps-with-Micro-ROS-ESP32/install/micro_ros_setup/share/micro_ros_setup/package.bash'
[1.221s] INFO:colcon.colcon_core.shell:Creating package script '/home/aziz/Desktop/First-Steps-with-Micro-ROS-ESP32/install/micro_ros_setup/share/micro_ros_setup/package.zsh'
[1.221s] Level 1:colcon.colcon_core.environment:create_file_with_runtime_dependencies(/home/aziz/Desktop/First-Steps-with-Micro-ROS-ESP32/install/micro_ros_setup/share/colcon-core/packages/micro_ros_setup)
[1.248s] DEBUG:colcon.colcon_core.event_handler.log_command:Invoked command in '/home/aziz/Desktop/First-Steps-with-Micro-ROS-ESP32/build/micro_ros_msgs' returned '0': /usr/bin/cmake --build /home/aziz/Desktop/First-Steps-with-Micro-ROS-ESP32/build/micro_ros_msgs -- -j4 -l4
[1.255s] DEBUG:colcon.colcon_core.event_handler.log_command:Invoked command in '/home/aziz/Desktop/First-Steps-with-Micro-ROS-ESP32/build/drive_base_msgs' returned '0': /usr/bin/cmake --build /home/aziz/Desktop/First-Steps-with-Micro-ROS-ESP32/build/drive_base_msgs -- -j4 -l4
[1.325s] DEBUG:colcon.colcon_core.event_handler.log_command:Invoking command in '/home/aziz/Desktop/First-Steps-with-Micro-ROS-ESP32/build/micro_ros_msgs': /usr/bin/cmake --install /home/aziz/Desktop/First-Steps-with-Micro-ROS-ESP32/build/micro_ros_msgs
[1.342s] DEBUG:colcon.colcon_core.event_handler.log_command:Invoking command in '/home/aziz/Desktop/First-Steps-with-Micro-ROS-ESP32/build/drive_base_msgs': /usr/bin/cmake --install /home/aziz/Desktop/First-Steps-with-Micro-ROS-ESP32/build/drive_base_msgs
[1.405s] Level 1:colcon.colcon_core.environment:create_environment_scripts_only(micro_ros_msgs)
[1.414s] Level 1:colcon.colcon_core.environment:checking '/home/aziz/Desktop/First-Steps-with-Micro-ROS-ESP32/install/micro_ros_msgs' for CMake module files
[1.415s] DEBUG:colcon.colcon_core.event_handler.log_command:Invoked command in '/home/aziz/Desktop/First-Steps-with-Micro-ROS-ESP32/build/micro_ros_msgs' returned '0': /usr/bin/cmake --install /home/aziz/Desktop/First-Steps-with-Micro-ROS-ESP32/build/micro_ros_msgs
[1.417s] Level 1:colcon.colcon_core.environment:checking '/home/aziz/Desktop/First-Steps-with-Micro-ROS-ESP32/install/micro_ros_msgs' for CMake config files
[1.420s] Level 1:colcon.colcon_core.shell:create_environment_hook('micro_ros_msgs', 'cmake_prefix_path')
[1.427s] INFO:colcon.colcon_core.shell:Creating environment hook '/home/aziz/Desktop/First-Steps-with-Micro-ROS-ESP32/install/micro_ros_msgs/share/micro_ros_msgs/hook/cmake_prefix_path.ps1'
[1.428s] INFO:colcon.colcon_core.shell:Creating environment descriptor '/home/aziz/Desktop/First-Steps-with-Micro-ROS-ESP32/install/micro_ros_msgs/share/micro_ros_msgs/hook/cmake_prefix_path.dsv'
[1.428s] INFO:colcon.colcon_core.shell:Creating environment hook '/home/aziz/Desktop/First-Steps-with-Micro-ROS-ESP32/install/micro_ros_msgs/share/micro_ros_msgs/hook/cmake_prefix_path.sh'
[1.429s] Level 1:colcon.colcon_core.environment:checking '/home/aziz/Desktop/First-Steps-with-Micro-ROS-ESP32/install/micro_ros_msgs/lib'
[1.429s] Level 1:colcon.colcon_core.shell:create_environment_hook('micro_ros_msgs', 'ld_library_path_lib')
[1.436s] INFO:colcon.colcon_core.shell:Creating environment hook '/home/aziz/Desktop/First-Steps-with-Micro-ROS-ESP32/install/micro_ros_msgs/share/micro_ros_msgs/hook/ld_library_path_lib.ps1'
[1.437s] INFO:colcon.colcon_core.shell:Creating environment descriptor '/home/aziz/Desktop/First-Steps-with-Micro-ROS-ESP32/install/micro_ros_msgs/share/micro_ros_msgs/hook/ld_library_path_lib.dsv'
[1.437s] INFO:colcon.colcon_core.shell:Creating environment hook '/home/aziz/Desktop/First-Steps-with-Micro-ROS-ESP32/install/micro_ros_msgs/share/micro_ros_msgs/hook/ld_library_path_lib.sh'
[1.437s] Level 1:colcon.colcon_core.environment:checking '/home/aziz/Desktop/First-Steps-with-Micro-ROS-ESP32/install/micro_ros_msgs/bin'
[1.437s] Level 1:colcon.colcon_core.environment:checking '/home/aziz/Desktop/First-Steps-with-Micro-ROS-ESP32/install/micro_ros_msgs/lib/pkgconfig/micro_ros_msgs.pc'
[1.438s] Level 1:colcon.colcon_core.environment:checking '/home/aziz/Desktop/First-Steps-with-Micro-ROS-ESP32/install/micro_ros_msgs/lib/python3.8/site-packages'
[1.438s] Level 1:colcon.colcon_core.shell:create_environment_hook('micro_ros_msgs', 'pythonpath')
[1.445s] INFO:colcon.colcon_core.shell:Creating environment hook '/home/aziz/Desktop/First-Steps-with-Micro-ROS-ESP32/install/micro_ros_msgs/share/micro_ros_msgs/hook/pythonpath.ps1'
[1.445s] INFO:colcon.colcon_core.shell:Creating environment descriptor '/home/aziz/Desktop/First-Steps-with-Micro-ROS-ESP32/install/micro_ros_msgs/share/micro_ros_msgs/hook/pythonpath.dsv'
[1.445s] INFO:colcon.colcon_core.shell:Creating environment hook '/home/aziz/Desktop/First-Steps-with-Micro-ROS-ESP32/install/micro_ros_msgs/share/micro_ros_msgs/hook/pythonpath.sh'
[1.446s] Level 1:colcon.colcon_core.environment:checking '/home/aziz/Desktop/First-Steps-with-Micro-ROS-ESP32/install/micro_ros_msgs/bin'
[1.453s] INFO:colcon.colcon_core.shell:Creating package script '/home/aziz/Desktop/First-Steps-with-Micro-ROS-ESP32/install/micro_ros_msgs/share/micro_ros_msgs/package.ps1'
[1.454s] INFO:colcon.colcon_core.shell:Creating package descriptor '/home/aziz/Desktop/First-Steps-with-Micro-ROS-ESP32/install/micro_ros_msgs/share/micro_ros_msgs/package.dsv'
[1.454s] INFO:colcon.colcon_core.shell:Creating package script '/home/aziz/Desktop/First-Steps-with-Micro-ROS-ESP32/install/micro_ros_msgs/share/micro_ros_msgs/package.sh'
[1.454s] INFO:colcon.colcon_core.shell:Creating package script '/home/aziz/Desktop/First-Steps-with-Micro-ROS-ESP32/install/micro_ros_msgs/share/micro_ros_msgs/package.bash'
[1.455s] INFO:colcon.colcon_core.shell:Creating package script '/home/aziz/Desktop/First-Steps-with-Micro-ROS-ESP32/install/micro_ros_msgs/share/micro_ros_msgs/package.zsh'
[1.455s] Level 1:colcon.colcon_core.environment:create_file_with_runtime_dependencies(/home/aziz/Desktop/First-Steps-with-Micro-ROS-ESP32/install/micro_ros_msgs/share/colcon-core/packages/micro_ros_msgs)
[1.459s] Level 1:colcon.colcon_core.environment:create_environment_scripts_only(drive_base_msgs)
[1.469s] Level 1:colcon.colcon_core.environment:checking '/home/aziz/Desktop/First-Steps-with-Micro-ROS-ESP32/install/drive_base_msgs' for CMake module files
[1.469s] DEBUG:colcon.colcon_core.event_handler.log_command:Invoked command in '/home/aziz/Desktop/First-Steps-with-Micro-ROS-ESP32/build/drive_base_msgs' returned '0': /usr/bin/cmake --install /home/aziz/Desktop/First-Steps-with-Micro-ROS-ESP32/build/drive_base_msgs
[1.470s] Level 1:colcon.colcon_core.environment:checking '/home/aziz/Desktop/First-Steps-with-Micro-ROS-ESP32/install/drive_base_msgs' for CMake config files
[1.471s] Level 1:colcon.colcon_core.shell:create_environment_hook('drive_base_msgs', 'cmake_prefix_path')
[1.478s] INFO:colcon.colcon_core.shell:Creating environment hook '/home/aziz/Desktop/First-Steps-with-Micro-ROS-ESP32/install/drive_base_msgs/share/drive_base_msgs/hook/cmake_prefix_path.ps1'
[1.479s] INFO:colcon.colcon_core.shell:Creating environment descriptor '/home/aziz/Desktop/First-Steps-with-Micro-ROS-ESP32/install/drive_base_msgs/share/drive_base_msgs/hook/cmake_prefix_path.dsv'
[1.480s] INFO:colcon.colcon_core.shell:Creating environment hook '/home/aziz/Desktop/First-Steps-with-Micro-ROS-ESP32/install/drive_base_msgs/share/drive_base_msgs/hook/cmake_prefix_path.sh'
[1.480s] Level 1:colcon.colcon_core.environment:checking '/home/aziz/Desktop/First-Steps-with-Micro-ROS-ESP32/install/drive_base_msgs/lib'
[1.481s] Level 1:colcon.colcon_core.shell:create_environment_hook('drive_base_msgs', 'ld_library_path_lib')
[1.488s] INFO:colcon.colcon_core.shell:Creating environment hook '/home/aziz/Desktop/First-Steps-with-Micro-ROS-ESP32/install/drive_base_msgs/share/drive_base_msgs/hook/ld_library_path_lib.ps1'
[1.489s] INFO:colcon.colcon_core.shell:Creating environment descriptor '/home/aziz/Desktop/First-Steps-with-Micro-ROS-ESP32/install/drive_base_msgs/share/drive_base_msgs/hook/ld_library_path_lib.dsv'
[1.490s] INFO:colcon.colcon_core.shell:Creating environment hook '/home/aziz/Desktop/First-Steps-with-Micro-ROS-ESP32/install/drive_base_msgs/share/drive_base_msgs/hook/ld_library_path_lib.sh'
[1.490s] Level 1:colcon.colcon_core.environment:checking '/home/aziz/Desktop/First-Steps-with-Micro-ROS-ESP32/install/drive_base_msgs/bin'
[1.490s] Level 1:colcon.colcon_core.environment:checking '/home/aziz/Desktop/First-Steps-with-Micro-ROS-ESP32/install/drive_base_msgs/lib/pkgconfig/drive_base_msgs.pc'
[1.490s] Level 1:colcon.colcon_core.environment:checking '/home/aziz/Desktop/First-Steps-with-Micro-ROS-ESP32/install/drive_base_msgs/lib/python3.8/site-packages'
[1.490s] Level 1:colcon.colcon_core.shell:create_environment_hook('drive_base_msgs', 'pythonpath')
[1.498s] INFO:colcon.colcon_core.shell:Creating environment hook '/home/aziz/Desktop/First-Steps-with-Micro-ROS-ESP32/install/drive_base_msgs/share/drive_base_msgs/hook/pythonpath.ps1'
[1.499s] INFO:colcon.colcon_core.shell:Creating environment descriptor '/home/aziz/Desktop/First-Steps-with-Micro-ROS-ESP32/install/drive_base_msgs/share/drive_base_msgs/hook/pythonpath.dsv'
[1.499s] INFO:colcon.colcon_core.shell:Creating environment hook '/home/aziz/Desktop/First-Steps-with-Micro-ROS-ESP32/install/drive_base_msgs/share/drive_base_msgs/hook/pythonpath.sh'
[1.500s] Level 1:colcon.colcon_core.environment:checking '/home/aziz/Desktop/First-Steps-with-Micro-ROS-ESP32/install/drive_base_msgs/bin'
[1.508s] INFO:colcon.colcon_core.shell:Creating package script '/home/aziz/Desktop/First-Steps-with-Micro-ROS-ESP32/install/drive_base_msgs/share/drive_base_msgs/package.ps1'
[1.508s] INFO:colcon.colcon_core.shell:Creating package descriptor '/home/aziz/Desktop/First-Steps-with-Micro-ROS-ESP32/install/drive_base_msgs/share/drive_base_msgs/package.dsv'
[1.509s] INFO:colcon.colcon_core.shell:Creating package script '/home/aziz/Desktop/First-Steps-with-Micro-ROS-ESP32/install/drive_base_msgs/share/drive_base_msgs/package.sh'
[1.510s] INFO:colcon.colcon_core.shell:Creating package script '/home/aziz/Desktop/First-Steps-with-Micro-ROS-ESP32/install/drive_base_msgs/share/drive_base_msgs/package.bash'
[1.510s] INFO:colcon.colcon_core.shell:Creating package script '/home/aziz/Desktop/First-Steps-with-Micro-ROS-ESP32/install/drive_base_msgs/share/drive_base_msgs/package.zsh'
[1.510s] Level 1:colcon.colcon_core.environment:create_file_with_runtime_dependencies(/home/aziz/Desktop/First-Steps-with-Micro-ROS-ESP32/install/drive_base_msgs/share/colcon-core/packages/drive_base_msgs)
[1.536s] Level 1:colcon.colcon_core.environment:create_environment_scripts_only(micro_ros_msgs)
[1.545s] Level 1:colcon.colcon_core.environment:checking '/home/aziz/Desktop/First-Steps-with-Micro-ROS-ESP32/install/micro_ros_msgs' for CMake module files
[1.545s] Level 1:colcon.colcon_core.environment:checking '/home/aziz/Desktop/First-Steps-with-Micro-ROS-ESP32/install/micro_ros_msgs' for CMake config files
[1.546s] Level 1:colcon.colcon_core.shell:create_environment_hook('micro_ros_msgs', 'cmake_prefix_path')
[1.554s] INFO:colcon.colcon_core.shell:Creating environment hook '/home/aziz/Desktop/First-Steps-with-Micro-ROS-ESP32/install/micro_ros_msgs/share/micro_ros_msgs/hook/cmake_prefix_path.ps1'
[1.554s] INFO:colcon.colcon_core.shell:Creating environment descriptor '/home/aziz/Desktop/First-Steps-with-Micro-ROS-ESP32/install/micro_ros_msgs/share/micro_ros_msgs/hook/cmake_prefix_path.dsv'
[1.555s] INFO:colcon.colcon_core.shell:Creating environment hook '/home/aziz/Desktop/First-Steps-with-Micro-ROS-ESP32/install/micro_ros_msgs/share/micro_ros_msgs/hook/cmake_prefix_path.sh'
[1.555s] Level 1:colcon.colcon_core.environment:checking '/home/aziz/Desktop/First-Steps-with-Micro-ROS-ESP32/install/micro_ros_msgs/lib'
[1.556s] Level 1:colcon.colcon_core.shell:create_environment_hook('micro_ros_msgs', 'ld_library_path_lib')
[1.564s] INFO:colcon.colcon_core.shell:Creating environment hook '/home/aziz/Desktop/First-Steps-with-Micro-ROS-ESP32/install/micro_ros_msgs/share/micro_ros_msgs/hook/ld_library_path_lib.ps1'
[1.564s] INFO:colcon.colcon_core.shell:Creating environment descriptor '/home/aziz/Desktop/First-Steps-with-Micro-ROS-ESP32/install/micro_ros_msgs/share/micro_ros_msgs/hook/ld_library_path_lib.dsv'
[1.564s] INFO:colcon.colcon_core.shell:Creating environment hook '/home/aziz/Desktop/First-Steps-with-Micro-ROS-ESP32/install/micro_ros_msgs/share/micro_ros_msgs/hook/ld_library_path_lib.sh'
[1.565s] Level 1:colcon.colcon_core.environment:checking '/home/aziz/Desktop/First-Steps-with-Micro-ROS-ESP32/install/micro_ros_msgs/bin'
[1.565s] Level 1:colcon.colcon_core.environment:checking '/home/aziz/Desktop/First-Steps-with-Micro-ROS-ESP32/install/micro_ros_msgs/lib/pkgconfig/micro_ros_msgs.pc'
[1.565s] Level 1:colcon.colcon_core.environment:checking '/home/aziz/Desktop/First-Steps-with-Micro-ROS-ESP32/install/micro_ros_msgs/lib/python3.8/site-packages'
[1.565s] Level 1:colcon.colcon_core.shell:create_environment_hook('micro_ros_msgs', 'pythonpath')
[1.572s] INFO:colcon.colcon_core.shell:Creating environment hook '/home/aziz/Desktop/First-Steps-with-Micro-ROS-ESP32/install/micro_ros_msgs/share/micro_ros_msgs/hook/pythonpath.ps1'
[1.573s] INFO:colcon.colcon_core.shell:Creating environment descriptor '/home/aziz/Desktop/First-Steps-with-Micro-ROS-ESP32/install/micro_ros_msgs/share/micro_ros_msgs/hook/pythonpath.dsv'
[1.573s] INFO:colcon.colcon_core.shell:Creating environment hook '/home/aziz/Desktop/First-Steps-with-Micro-ROS-ESP32/install/micro_ros_msgs/share/micro_ros_msgs/hook/pythonpath.sh'
[1.574s] Level 1:colcon.colcon_core.environment:checking '/home/aziz/Desktop/First-Steps-with-Micro-ROS-ESP32/install/micro_ros_msgs/bin'
[1.582s] INFO:colcon.colcon_core.shell:Creating package script '/home/aziz/Desktop/First-Steps-with-Micro-ROS-ESP32/install/micro_ros_msgs/share/micro_ros_msgs/package.ps1'
[1.582s] INFO:colcon.colcon_core.shell:Creating package descriptor '/home/aziz/Desktop/First-Steps-with-Micro-ROS-ESP32/install/micro_ros_msgs/share/micro_ros_msgs/package.dsv'
[1.583s] INFO:colcon.colcon_core.shell:Creating package script '/home/aziz/Desktop/First-Steps-with-Micro-ROS-ESP32/install/micro_ros_msgs/share/micro_ros_msgs/package.sh'
[1.583s] INFO:colcon.colcon_core.shell:Creating package script '/home/aziz/Desktop/First-Steps-with-Micro-ROS-ESP32/install/micro_ros_msgs/share/micro_ros_msgs/package.bash'
[1.584s] INFO:colcon.colcon_core.shell:Creating package script '/home/aziz/Desktop/First-Steps-with-Micro-ROS-ESP32/install/micro_ros_msgs/share/micro_ros_msgs/package.zsh'
[1.584s] Level 1:colcon.colcon_core.environment:create_file_with_runtime_dependencies(/home/aziz/Desktop/First-Steps-with-Micro-ROS-ESP32/install/micro_ros_msgs/share/colcon-core/packages/micro_ros_msgs)
[1.585s] INFO:colcon.colcon_ros.task.ament_cmake.build:Building ROS package in '/home/aziz/Desktop/First-Steps-with-Micro-ROS-ESP32/src/uros/micro-ROS-Agent/micro_ros_agent' with build type 'ament_cmake'
[1.585s] INFO:colcon.colcon_cmake.task.cmake.build:Building CMake package in '/home/aziz/Desktop/First-Steps-with-Micro-ROS-ESP32/src/uros/micro-ROS-Agent/micro_ros_agent'
[1.593s] INFO:colcon.colcon_core.shell:Skip shell extension 'powershell' for command environment: Not usable outside of PowerShell
[1.593s] DEBUG:colcon.colcon_core.shell:Skip shell extension 'dsv' for command environment
[1.610s] Level 1:colcon.colcon_core.environment:create_environment_scripts_only(drive_base_msgs)
[1.618s] Level 1:colcon.colcon_core.environment:checking '/home/aziz/Desktop/First-Steps-with-Micro-ROS-ESP32/install/drive_base_msgs' for CMake module files
[1.619s] Level 1:colcon.colcon_core.environment:checking '/home/aziz/Desktop/First-Steps-with-Micro-ROS-ESP32/install/drive_base_msgs' for CMake config files
[1.619s] Level 1:colcon.colcon_core.shell:create_environment_hook('drive_base_msgs', 'cmake_prefix_path')
[1.627s] INFO:colcon.colcon_core.shell:Creating environment hook '/home/aziz/Desktop/First-Steps-with-Micro-ROS-ESP32/install/drive_base_msgs/share/drive_base_msgs/hook/cmake_prefix_path.ps1'
[1.627s] INFO:colcon.colcon_core.shell:Creating environment descriptor '/home/aziz/Desktop/First-Steps-with-Micro-ROS-ESP32/install/drive_base_msgs/share/drive_base_msgs/hook/cmake_prefix_path.dsv'
[1.628s] INFO:colcon.colcon_core.shell:Creating environment hook '/home/aziz/Desktop/First-Steps-with-Micro-ROS-ESP32/install/drive_base_msgs/share/drive_base_msgs/hook/cmake_prefix_path.sh'
[1.628s] Level 1:colcon.colcon_core.environment:checking '/home/aziz/Desktop/First-Steps-with-Micro-ROS-ESP32/install/drive_base_msgs/lib'
[1.628s] Level 1:colcon.colcon_core.shell:create_environment_hook('drive_base_msgs', 'ld_library_path_lib')
[1.635s] INFO:colcon.colcon_core.shell:Creating environment hook '/home/aziz/Desktop/First-Steps-with-Micro-ROS-ESP32/install/drive_base_msgs/share/drive_base_msgs/hook/ld_library_path_lib.ps1'
[1.636s] INFO:colcon.colcon_core.shell:Creating environment descriptor '/home/aziz/Desktop/First-Steps-with-Micro-ROS-ESP32/install/drive_base_msgs/share/drive_base_msgs/hook/ld_library_path_lib.dsv'
[1.636s] INFO:colcon.colcon_core.shell:Creating environment hook '/home/aziz/Desktop/First-Steps-with-Micro-ROS-ESP32/install/drive_base_msgs/share/drive_base_msgs/hook/ld_library_path_lib.sh'
[1.636s] Level 1:colcon.colcon_core.environment:checking '/home/aziz/Desktop/First-Steps-with-Micro-ROS-ESP32/install/drive_base_msgs/bin'
[1.636s] Level 1:colcon.colcon_core.environment:checking '/home/aziz/Desktop/First-Steps-with-Micro-ROS-ESP32/install/drive_base_msgs/lib/pkgconfig/drive_base_msgs.pc'
[1.637s] Level 1:colcon.colcon_core.environment:checking '/home/aziz/Desktop/First-Steps-with-Micro-ROS-ESP32/install/drive_base_msgs/lib/python3.8/site-packages'
[1.637s] Level 1:colcon.colcon_core.shell:create_environment_hook('drive_base_msgs', 'pythonpath')
[1.643s] INFO:colcon.colcon_core.shell:Creating environment hook '/home/aziz/Desktop/First-Steps-with-Micro-ROS-ESP32/install/drive_base_msgs/share/drive_base_msgs/hook/pythonpath.ps1'
[1.644s] INFO:colcon.colcon_core.shell:Creating environment descriptor '/home/aziz/Desktop/First-Steps-with-Micro-ROS-ESP32/install/drive_base_msgs/share/drive_base_msgs/hook/pythonpath.dsv'
[1.644s] INFO:colcon.colcon_core.shell:Creating environment hook '/home/aziz/Desktop/First-Steps-with-Micro-ROS-ESP32/install/drive_base_msgs/share/drive_base_msgs/hook/pythonpath.sh'
[1.645s] Level 1:colcon.colcon_core.environment:checking '/home/aziz/Desktop/First-Steps-with-Micro-ROS-ESP32/install/drive_base_msgs/bin'
[1.651s] INFO:colcon.colcon_core.shell:Creating package script '/home/aziz/Desktop/First-Steps-with-Micro-ROS-ESP32/install/drive_base_msgs/share/drive_base_msgs/package.ps1'
[1.652s] INFO:colcon.colcon_core.shell:Creating package descriptor '/home/aziz/Desktop/First-Steps-with-Micro-ROS-ESP32/install/drive_base_msgs/share/drive_base_msgs/package.dsv'
[1.653s] INFO:colcon.colcon_core.shell:Creating package script '/home/aziz/Desktop/First-Steps-with-Micro-ROS-ESP32/install/drive_base_msgs/share/drive_base_msgs/package.sh'
[1.653s] INFO:colcon.colcon_core.shell:Creating package script '/home/aziz/Desktop/First-Steps-with-Micro-ROS-ESP32/install/drive_base_msgs/share/drive_base_msgs/package.bash'
[1.653s] INFO:colcon.colcon_core.shell:Creating package script '/home/aziz/Desktop/First-Steps-with-Micro-ROS-ESP32/install/drive_base_msgs/share/drive_base_msgs/package.zsh'
[1.654s] Level 1:colcon.colcon_core.environment:create_file_with_runtime_dependencies(/home/aziz/Desktop/First-Steps-with-Micro-ROS-ESP32/install/drive_base_msgs/share/colcon-core/packages/drive_base_msgs)
[1.660s] DEBUG:colcon.colcon_core.event_handler.log_command:Invoking command in '/home/aziz/Desktop/First-Steps-with-Micro-ROS-ESP32/build/micro_ros_agent': AMENT_PREFIX_PATH=/home/aziz/microros_ws1/install/micro_ros_msgs CMAKE_PREFIX_PATH=/home/aziz/Desktop/First-Steps-with-Micro-ROS-ESP32/install/micro_ros_msgs LD_LIBRARY_PATH=/home/aziz/microros_ws1/install/micro_ros_msgs/lib:/home/aziz/Desktop/First-Steps-with-Micro-ROS-ESP32/install/micro_ros_msgs/lib PYTHONPATH=/home/aziz/microros_ws1/install/micro_ros_msgs/lib/python3.8/site-packages:/home/aziz/Desktop/First-Steps-with-Micro-ROS-ESP32/install/micro_ros_msgs/lib/python3.8/site-packages /usr/bin/cmake --build /home/aziz/Desktop/First-Steps-with-Micro-ROS-ESP32/build/micro_ros_agent -- -j4 -l4
[1.752s] DEBUG:colcon.colcon_core.event_handler.log_command:Invoked command in '/home/aziz/Desktop/First-Steps-with-Micro-ROS-ESP32/build/micro_ros_agent' returned '0': AMENT_PREFIX_PATH=/home/aziz/microros_ws1/install/micro_ros_msgs CMAKE_PREFIX_PATH=/home/aziz/Desktop/First-Steps-with-Micro-ROS-ESP32/install/micro_ros_msgs LD_LIBRARY_PATH=/home/aziz/microros_ws1/install/micro_ros_msgs/lib:/home/aziz/Desktop/First-Steps-with-Micro-ROS-ESP32/install/micro_ros_msgs/lib PYTHONPATH=/home/aziz/microros_ws1/install/micro_ros_msgs/lib/python3.8/site-packages:/home/aziz/Desktop/First-Steps-with-Micro-ROS-ESP32/install/micro_ros_msgs/lib/python3.8/site-packages /usr/bin/cmake --build /home/aziz/Desktop/First-Steps-with-Micro-ROS-ESP32/build/micro_ros_agent -- -j4 -l4
[1.784s] DEBUG:colcon.colcon_core.event_handler.log_command:Invoking command in '/home/aziz/Desktop/First-Steps-with-Micro-ROS-ESP32/build/micro_ros_agent': AMENT_PREFIX_PATH=/home/aziz/microros_ws1/install/micro_ros_msgs CMAKE_PREFIX_PATH=/home/aziz/Desktop/First-Steps-with-Micro-ROS-ESP32/install/micro_ros_msgs LD_LIBRARY_PATH=/home/aziz/microros_ws1/install/micro_ros_msgs/lib:/home/aziz/Desktop/First-Steps-with-Micro-ROS-ESP32/install/micro_ros_msgs/lib PYTHONPATH=/home/aziz/microros_ws1/install/micro_ros_msgs/lib/python3.8/site-packages:/home/aziz/Desktop/First-Steps-with-Micro-ROS-ESP32/install/micro_ros_msgs/lib/python3.8/site-packages /usr/bin/cmake --install /home/aziz/Desktop/First-Steps-with-Micro-ROS-ESP32/build/micro_ros_agent
[1.798s] Level 1:colcon.colcon_core.environment:create_environment_scripts_only(micro_ros_agent)
[1.807s] Level 1:colcon.colcon_core.environment:checking '/home/aziz/Desktop/First-Steps-with-Micro-ROS-ESP32/install/micro_ros_agent' for CMake module files
[1.808s] DEBUG:colcon.colcon_core.event_handler.log_command:Invoked command in '/home/aziz/Desktop/First-Steps-with-Micro-ROS-ESP32/build/micro_ros_agent' returned '0': AMENT_PREFIX_PATH=/home/aziz/microros_ws1/install/micro_ros_msgs CMAKE_PREFIX_PATH=/home/aziz/Desktop/First-Steps-with-Micro-ROS-ESP32/install/micro_ros_msgs LD_LIBRARY_PATH=/home/aziz/microros_ws1/install/micro_ros_msgs/lib:/home/aziz/Desktop/First-Steps-with-Micro-ROS-ESP32/install/micro_ros_msgs/lib PYTHONPATH=/home/aziz/microros_ws1/install/micro_ros_msgs/lib/python3.8/site-packages:/home/aziz/Desktop/First-Steps-with-Micro-ROS-ESP32/install/micro_ros_msgs/lib/python3.8/site-packages /usr/bin/cmake --install /home/aziz/Desktop/First-Steps-with-Micro-ROS-ESP32/build/micro_ros_agent
[1.808s] Level 1:colcon.colcon_core.environment:checking '/home/aziz/Desktop/First-Steps-with-Micro-ROS-ESP32/install/micro_ros_agent' for CMake config files
[1.808s] Level 1:colcon.colcon_core.shell:create_environment_hook('micro_ros_agent', 'cmake_prefix_path')
[1.815s] INFO:colcon.colcon_core.shell:Creating environment hook '/home/aziz/Desktop/First-Steps-with-Micro-ROS-ESP32/install/micro_ros_agent/share/micro_ros_agent/hook/cmake_prefix_path.ps1'
[1.816s] INFO:colcon.colcon_core.shell:Creating environment descriptor '/home/aziz/Desktop/First-Steps-with-Micro-ROS-ESP32/install/micro_ros_agent/share/micro_ros_agent/hook/cmake_prefix_path.dsv'
[1.816s] INFO:colcon.colcon_core.shell:Creating environment hook '/home/aziz/Desktop/First-Steps-with-Micro-ROS-ESP32/install/micro_ros_agent/share/micro_ros_agent/hook/cmake_prefix_path.sh'
[1.817s] Level 1:colcon.colcon_core.environment:checking '/home/aziz/Desktop/First-Steps-with-Micro-ROS-ESP32/install/micro_ros_agent/lib'
[1.817s] Level 1:colcon.colcon_core.shell:create_environment_hook('micro_ros_agent', 'ld_library_path_lib')
[1.824s] INFO:colcon.colcon_core.shell:Creating environment hook '/home/aziz/Desktop/First-Steps-with-Micro-ROS-ESP32/install/micro_ros_agent/share/micro_ros_agent/hook/ld_library_path_lib.ps1'
[1.824s] INFO:colcon.colcon_core.shell:Creating environment descriptor '/home/aziz/Desktop/First-Steps-with-Micro-ROS-ESP32/install/micro_ros_agent/share/micro_ros_agent/hook/ld_library_path_lib.dsv'
[1.825s] INFO:colcon.colcon_core.shell:Creating environment hook '/home/aziz/Desktop/First-Steps-with-Micro-ROS-ESP32/install/micro_ros_agent/share/micro_ros_agent/hook/ld_library_path_lib.sh'
[1.825s] Level 1:colcon.colcon_core.environment:checking '/home/aziz/Desktop/First-Steps-with-Micro-ROS-ESP32/install/micro_ros_agent/bin'
[1.825s] Level 1:colcon.colcon_core.environment:checking '/home/aziz/Desktop/First-Steps-with-Micro-ROS-ESP32/install/micro_ros_agent/lib/pkgconfig/micro_ros_agent.pc'
[1.825s] Level 1:colcon.colcon_core.environment:checking '/home/aziz/Desktop/First-Steps-with-Micro-ROS-ESP32/install/micro_ros_agent/lib/python3.8/site-packages'
[1.825s] Level 1:colcon.colcon_core.environment:checking '/home/aziz/Desktop/First-Steps-with-Micro-ROS-ESP32/install/micro_ros_agent/bin'
[1.832s] INFO:colcon.colcon_core.shell:Creating package script '/home/aziz/Desktop/First-Steps-with-Micro-ROS-ESP32/install/micro_ros_agent/share/micro_ros_agent/package.ps1'
[1.833s] INFO:colcon.colcon_core.shell:Creating package descriptor '/home/aziz/Desktop/First-Steps-with-Micro-ROS-ESP32/install/micro_ros_agent/share/micro_ros_agent/package.dsv'
[1.833s] INFO:colcon.colcon_core.shell:Creating package script '/home/aziz/Desktop/First-Steps-with-Micro-ROS-ESP32/install/micro_ros_agent/share/micro_ros_agent/package.sh'
[1.834s] INFO:colcon.colcon_core.shell:Creating package script '/home/aziz/Desktop/First-Steps-with-Micro-ROS-ESP32/install/micro_ros_agent/share/micro_ros_agent/package.bash'
[1.834s] INFO:colcon.colcon_core.shell:Creating package script '/home/aziz/Desktop/First-Steps-with-Micro-ROS-ESP32/install/micro_ros_agent/share/micro_ros_agent/package.zsh'
[1.834s] Level 1:colcon.colcon_core.environment:create_file_with_runtime_dependencies(/home/aziz/Desktop/First-Steps-with-Micro-ROS-ESP32/install/micro_ros_agent/share/colcon-core/packages/micro_ros_agent)
[1.871s] Level 1:colcon.colcon_core.environment:create_environment_scripts_only(micro_ros_agent)
[1.879s] Level 1:colcon.colcon_core.environment:checking '/home/aziz/Desktop/First-Steps-with-Micro-ROS-ESP32/install/micro_ros_agent' for CMake module files
[1.880s] Level 1:colcon.colcon_core.environment:checking '/home/aziz/Desktop/First-Steps-with-Micro-ROS-ESP32/install/micro_ros_agent' for CMake config files
[1.880s] Level 1:colcon.colcon_core.shell:create_environment_hook('micro_ros_agent', 'cmake_prefix_path')
[1.887s] INFO:colcon.colcon_core.shell:Creating environment hook '/home/aziz/Desktop/First-Steps-with-Micro-ROS-ESP32/install/micro_ros_agent/share/micro_ros_agent/hook/cmake_prefix_path.ps1'
[1.887s] INFO:colcon.colcon_core.shell:Creating environment descriptor '/home/aziz/Desktop/First-Steps-with-Micro-ROS-ESP32/install/micro_ros_agent/share/micro_ros_agent/hook/cmake_prefix_path.dsv'
[1.887s] INFO:colcon.colcon_core.shell:Creating environment hook '/home/aziz/Desktop/First-Steps-with-Micro-ROS-ESP32/install/micro_ros_agent/share/micro_ros_agent/hook/cmake_prefix_path.sh'
[1.888s] Level 1:colcon.colcon_core.environment:checking '/home/aziz/Desktop/First-Steps-with-Micro-ROS-ESP32/install/micro_ros_agent/lib'
[1.888s] Level 1:colcon.colcon_core.shell:create_environment_hook('micro_ros_agent', 'ld_library_path_lib')
[1.895s] INFO:colcon.colcon_core.shell:Creating environment hook '/home/aziz/Desktop/First-Steps-with-Micro-ROS-ESP32/install/micro_ros_agent/share/micro_ros_agent/hook/ld_library_path_lib.ps1'
[1.895s] INFO:colcon.colcon_core.shell:Creating environment descriptor '/home/aziz/Desktop/First-Steps-with-Micro-ROS-ESP32/install/micro_ros_agent/share/micro_ros_agent/hook/ld_library_path_lib.dsv'
[1.896s] INFO:colcon.colcon_core.shell:Creating environment hook '/home/aziz/Desktop/First-Steps-with-Micro-ROS-ESP32/install/micro_ros_agent/share/micro_ros_agent/hook/ld_library_path_lib.sh'
[1.896s] Level 1:colcon.colcon_core.environment:checking '/home/aziz/Desktop/First-Steps-with-Micro-ROS-ESP32/install/micro_ros_agent/bin'
[1.896s] Level 1:colcon.colcon_core.environment:checking '/home/aziz/Desktop/First-Steps-with-Micro-ROS-ESP32/install/micro_ros_agent/lib/pkgconfig/micro_ros_agent.pc'
[1.896s] Level 1:colcon.colcon_core.environment:checking '/home/aziz/Desktop/First-Steps-with-Micro-ROS-ESP32/install/micro_ros_agent/lib/python3.8/site-packages'
[1.897s] Level 1:colcon.colcon_core.environment:checking '/home/aziz/Desktop/First-Steps-with-Micro-ROS-ESP32/install/micro_ros_agent/bin'
[1.904s] INFO:colcon.colcon_core.shell:Creating package script '/home/aziz/Desktop/First-Steps-with-Micro-ROS-ESP32/install/micro_ros_agent/share/micro_ros_agent/package.ps1'
[1.904s] INFO:colcon.colcon_core.shell:Creating package descriptor '/home/aziz/Desktop/First-Steps-with-Micro-ROS-ESP32/install/micro_ros_agent/share/micro_ros_agent/package.dsv'
[1.905s] INFO:colcon.colcon_core.shell:Creating package script '/home/aziz/Desktop/First-Steps-with-Micro-ROS-ESP32/install/micro_ros_agent/share/micro_ros_agent/package.sh'
[1.905s] INFO:colcon.colcon_core.shell:Creating package script '/home/aziz/Desktop/First-Steps-with-Micro-ROS-ESP32/install/micro_ros_agent/share/micro_ros_agent/package.bash'
[1.906s] INFO:colcon.colcon_core.shell:Creating package script '/home/aziz/Desktop/First-Steps-with-Micro-ROS-ESP32/install/micro_ros_agent/share/micro_ros_agent/package.zsh'
[1.906s] Level 1:colcon.colcon_core.environment:create_file_with_runtime_dependencies(/home/aziz/Desktop/First-Steps-with-Micro-ROS-ESP32/install/micro_ros_agent/share/colcon-core/packages/micro_ros_agent)
[1.906s] DEBUG:colcon.colcon_parallel_executor.executor.parallel:closing loop
[1.907s] DEBUG:colcon.colcon_parallel_executor.executor.parallel:loop closed
[1.907s] DEBUG:colcon.colcon_parallel_executor.executor.parallel:run_until_complete finished with '0'
[1.907s] DEBUG:colcon.colcon_core.event_reactor:joining thread
[1.919s] INFO:colcon.colcon_core.plugin_system:Skipping extension 'colcon_notification.desktop_notification.terminal_notifier': Not used on non-Darwin systems
[1.919s] INFO:colcon.colcon_core.plugin_system:Skipping extension 'colcon_notification.desktop_notification.win32': Not used on non-Windows systems
[1.919s] INFO:colcon.colcon_notification.desktop_notification:Sending desktop notification using 'notify2'
[1.937s] DEBUG:colcon.colcon_core.event_reactor:joined thread
[1.944s] INFO:colcon.colcon_core.shell:Creating prefix script '/home/aziz/Desktop/First-Steps-with-Micro-ROS-ESP32/install/local_setup.ps1'
[1.945s] INFO:colcon.colcon_core.shell:Creating prefix util module '/home/aziz/Desktop/First-Steps-with-Micro-ROS-ESP32/install/_local_setup_util_ps1.py'
[1.946s] INFO:colcon.colcon_core.shell:Creating prefix chain script '/home/aziz/Desktop/First-Steps-with-Micro-ROS-ESP32/install/setup.ps1'
[1.952s] INFO:colcon.colcon_core.shell:Creating prefix script '/home/aziz/Desktop/First-Steps-with-Micro-ROS-ESP32/install/local_setup.sh'
[1.953s] INFO:colcon.colcon_core.shell:Creating prefix util module '/home/aziz/Desktop/First-Steps-with-Micro-ROS-ESP32/install/_local_setup_util_sh.py'
[1.954s] INFO:colcon.colcon_core.shell:Creating prefix chain script '/home/aziz/Desktop/First-Steps-with-Micro-ROS-ESP32/install/setup.sh'
[1.959s] INFO:colcon.colcon_core.shell:Creating prefix script '/home/aziz/Desktop/First-Steps-with-Micro-ROS-ESP32/install/local_setup.bash'
[1.960s] INFO:colcon.colcon_core.shell:Creating prefix chain script '/home/aziz/Desktop/First-Steps-with-Micro-ROS-ESP32/install/setup.bash'
[1.965s] INFO:colcon.colcon_core.shell:Creating prefix script '/home/aziz/Desktop/First-Steps-with-Micro-ROS-ESP32/install/local_setup.zsh'
[1.966s] INFO:colcon.colcon_core.shell:Creating prefix chain script '/home/aziz/Desktop/First-Steps-with-Micro-ROS-ESP32/install/setup.zsh'
