[0.064s] Invoking command in '/home/aziz/microros_ws1/build/micro_ros_msgs': /usr/bin/cmake /home/aziz/microros_ws1/src/uros/micro_ros_msgs -DCMAKE_INSTALL_PREFIX=/home/aziz/microros_ws1/install/micro_ros_msgs
[0.093s] -- Found ament_cmake: 0.9.11 (/opt/ros/foxy/share/ament_cmake/cmake)
[0.125s] -- Found PythonInterp: /usr/bin/python3 (found suitable version "3.8.10", minimum required is "3") 
[0.125s] -- Using PYTHON_EXECUTABLE: /usr/bin/python3
[0.291s] Traceback (most recent call last):
[0.292s]   File "/opt/ros/foxy/share/ament_cmake_core/cmake/package_templates/templates_2_cmake.py", line 21, in <module>
[0.292s]     from ament_package.templates import get_environment_hook_template_path
[0.292s] ModuleNotFoundError: No module named 'ament_package'
[0.310s] CMake Error at /opt/ros/foxy/share/ament_cmake_core/cmake/ament_cmake_package_templates-extras.cmake:41 (message):
[0.310s]   execute_process(/usr/bin/python3
[0.310s]   /opt/ros/foxy/share/ament_cmake_core/cmake/package_templates/templates_2_cmake.py
[0.310s]   /home/aziz/microros_ws1/build/micro_ros_msgs/ament_cmake_package_templates/templates.cmake)
[0.310s]   returned error code 1
[0.310s] Call Stack (most recent call first):
[0.310s]   /opt/ros/foxy/share/ament_cmake_core/cmake/ament_cmake_coreConfig.cmake:41 (include)
[0.311s]   /opt/ros/foxy/share/ament_cmake/cmake/ament_cmake_export_dependencies-extras.cmake:15 (find_package)
[0.311s]   /opt/ros/foxy/share/ament_cmake/cmake/ament_cmakeConfig.cmake:41 (include)
[0.311s]   CMakeLists.txt:19 (find_package)
[0.311s] 
[0.311s] 
[0.311s] -- Configuring incomplete, errors occurred!
[0.311s] See also "/home/aziz/microros_ws1/build/micro_ros_msgs/CMakeFiles/CMakeOutput.log".
[0.314s] Invoked command in '/home/aziz/microros_ws1/build/micro_ros_msgs' returned '1': /usr/bin/cmake /home/aziz/microros_ws1/src/uros/micro_ros_msgs -DCMAKE_INSTALL_PREFIX=/home/aziz/microros_ws1/install/micro_ros_msgs
