[0.063s] Invoking command in '/home/aziz/Desktop/First-Steps-with-Micro-ROS-ESP32/build/micro_ros_msgs': /usr/bin/cmake --build /home/aziz/Desktop/First-Steps-with-Micro-ROS-ESP32/build/micro_ros_msgs -- -j4 -l4
[0.087s] CMake Error: The current CMakeCache.txt directory /home/aziz/Desktop/First-Steps-with-Micro-ROS-ESP32/build/micro_ros_msgs/CMakeCache.txt is different than the directory /home/aziz/microros_ws1/build/micro_ros_msgs where CMakeCache.txt was created. This may result in binaries being created in the wrong place. If you are not sure, reedit the CMakeCache.txt
[0.146s] [  2%] Built target micro_ros_msgs__cpp
[0.172s] [ 12%] Built target micro_ros_msgs__rosidl_generator_c
[0.196s] [ 31%] Built target micro_ros_msgs__rosidl_typesupport_cpp
[0.199s] [ 42%] Built target micro_ros_msgs__rosidl_typesupport_introspection_cpp
[0.199s] [ 44%] Built target micro_ros_msgs__rosidl_typesupport_fastrtps_cpp
[0.236s] [ 55%] Built target micro_ros_msgs__rosidl_typesupport_introspection_c
[0.242s] [ 65%] Built target micro_ros_msgs__rosidl_typesupport_c
[0.246s] [ 76%] Built target micro_ros_msgs__rosidl_typesupport_fastrtps_c
[0.272s] [ 76%] Built target micro_ros_msgs
[0.295s] [ 78%] Built target micro_ros_msgs__py
[0.332s] [ 87%] Built target micro_ros_msgs__python
[0.363s] [ 91%] Built target micro_ros_msgs__rosidl_typesupport_introspection_c__pyext
[0.372s] [ 95%] Built target micro_ros_msgs__rosidl_typesupport_c__pyext
[0.379s] [100%] Built target micro_ros_msgs__rosidl_typesupport_fastrtps_c__pyext
[0.392s] Invoked command in '/home/aziz/Desktop/First-Steps-with-Micro-ROS-ESP32/build/micro_ros_msgs' returned '0': /usr/bin/cmake --build /home/aziz/Desktop/First-Steps-with-Micro-ROS-ESP32/build/micro_ros_msgs -- -j4 -l4
[0.469s] Invoking command in '/home/aziz/Desktop/First-Steps-with-Micro-ROS-ESP32/build/micro_ros_msgs': /usr/bin/cmake --install /home/aziz/Desktop/First-Steps-with-Micro-ROS-ESP32/build/micro_ros_msgs
[0.478s] -- Install configuration: ""
[0.488s] -- Up-to-date: /home/aziz/microros_ws1/install/micro_ros_msgs/share/ament_index/resource_index/rosidl_interfaces/micro_ros_msgs
[0.488s] -- Up-to-date: /home/aziz/microros_ws1/install/micro_ros_msgs/include/micro_ros_msgs
[0.488s] -- Up-to-date: /home/aziz/microros_ws1/install/micro_ros_msgs/include/micro_ros_msgs/msg
[0.488s] -- Up-to-date: /home/aziz/microros_ws1/install/micro_ros_msgs/include/micro_ros_msgs/msg/rosidl_generator_c__visibility_control.h
[0.488s] -- Up-to-date: /home/aziz/microros_ws1/install/micro_ros_msgs/include/micro_ros_msgs/msg/node.h
[0.489s] -- Up-to-date: /home/aziz/microros_ws1/install/micro_ros_msgs/include/micro_ros_msgs/msg/entity.h
[0.489s] -- Up-to-date: /home/aziz/microros_ws1/install/micro_ros_msgs/include/micro_ros_msgs/msg/detail
[0.489s] -- Up-to-date: /home/aziz/microros_ws1/install/micro_ros_msgs/include/micro_ros_msgs/msg/detail/node__functions.h
[0.489s] -- Up-to-date: /home/aziz/microros_ws1/install/micro_ros_msgs/include/micro_ros_msgs/msg/detail/node__struct.h
[0.489s] -- Up-to-date: /home/aziz/microros_ws1/install/micro_ros_msgs/include/micro_ros_msgs/msg/detail/graph__functions.c
[0.489s] -- Up-to-date: /home/aziz/microros_ws1/install/micro_ros_msgs/include/micro_ros_msgs/msg/detail/entity__type_support.h
[0.489s] -- Up-to-date: /home/aziz/microros_ws1/install/micro_ros_msgs/include/micro_ros_msgs/msg/detail/node__type_support.h
[0.489s] -- Up-to-date: /home/aziz/microros_ws1/install/micro_ros_msgs/include/micro_ros_msgs/msg/detail/node__functions.c
[0.489s] -- Up-to-date: /home/aziz/microros_ws1/install/micro_ros_msgs/include/micro_ros_msgs/msg/detail/entity__functions.h
[0.489s] -- Up-to-date: /home/aziz/microros_ws1/install/micro_ros_msgs/include/micro_ros_msgs/msg/detail/entity__functions.c
[0.489s] -- Up-to-date: /home/aziz/microros_ws1/install/micro_ros_msgs/include/micro_ros_msgs/msg/detail/graph__struct.h
[0.489s] -- Up-to-date: /home/aziz/microros_ws1/install/micro_ros_msgs/include/micro_ros_msgs/msg/detail/graph__type_support.h
[0.490s] -- Up-to-date: /home/aziz/microros_ws1/install/micro_ros_msgs/include/micro_ros_msgs/msg/detail/entity__struct.h
[0.490s] -- Up-to-date: /home/aziz/microros_ws1/install/micro_ros_msgs/include/micro_ros_msgs/msg/detail/graph__functions.h
[0.490s] -- Up-to-date: /home/aziz/microros_ws1/install/micro_ros_msgs/include/micro_ros_msgs/msg/graph.h
[0.490s] -- Up-to-date: /home/aziz/microros_ws1/install/micro_ros_msgs/share/micro_ros_msgs/environment/library_path.sh
[0.490s] -- Up-to-date: /home/aziz/microros_ws1/install/micro_ros_msgs/share/micro_ros_msgs/environment/library_path.dsv
[0.490s] -- Up-to-date: /home/aziz/microros_ws1/install/micro_ros_msgs/lib/libmicro_ros_msgs__rosidl_generator_c.so
[0.490s] -- Up-to-date: /home/aziz/microros_ws1/install/micro_ros_msgs/include/micro_ros_msgs
[0.490s] -- Up-to-date: /home/aziz/microros_ws1/install/micro_ros_msgs/include/micro_ros_msgs/msg
[0.490s] -- Up-to-date: /home/aziz/microros_ws1/install/micro_ros_msgs/include/micro_ros_msgs/msg/rosidl_typesupport_fastrtps_c__visibility_control.h
[0.490s] -- Up-to-date: /home/aziz/microros_ws1/install/micro_ros_msgs/include/micro_ros_msgs/msg/detail
[0.490s] -- Up-to-date: /home/aziz/microros_ws1/install/micro_ros_msgs/include/micro_ros_msgs/msg/detail/entity__rosidl_typesupport_fastrtps_c.h
[0.490s] -- Up-to-date: /home/aziz/microros_ws1/install/micro_ros_msgs/include/micro_ros_msgs/msg/detail/node__rosidl_typesupport_fastrtps_c.h
[0.490s] -- Up-to-date: /home/aziz/microros_ws1/install/micro_ros_msgs/include/micro_ros_msgs/msg/detail/graph__rosidl_typesupport_fastrtps_c.h
[0.491s] -- Up-to-date: /home/aziz/microros_ws1/install/micro_ros_msgs/lib/libmicro_ros_msgs__rosidl_typesupport_fastrtps_c.so
[0.491s] -- Up-to-date: /home/aziz/microros_ws1/install/micro_ros_msgs/include/micro_ros_msgs
[0.491s] -- Up-to-date: /home/aziz/microros_ws1/install/micro_ros_msgs/include/micro_ros_msgs/msg
[0.491s] -- Up-to-date: /home/aziz/microros_ws1/install/micro_ros_msgs/include/micro_ros_msgs/msg/rosidl_typesupport_fastrtps_cpp__visibility_control.h
[0.491s] -- Up-to-date: /home/aziz/microros_ws1/install/micro_ros_msgs/include/micro_ros_msgs/msg/detail
[0.491s] -- Up-to-date: /home/aziz/microros_ws1/install/micro_ros_msgs/include/micro_ros_msgs/msg/detail/entity__rosidl_typesupport_fastrtps_cpp.hpp
[0.492s] -- Up-to-date: /home/aziz/microros_ws1/install/micro_ros_msgs/include/micro_ros_msgs/msg/detail/dds_fastrtps
[0.492s] -- Up-to-date: /home/aziz/microros_ws1/install/micro_ros_msgs/include/micro_ros_msgs/msg/detail/graph__rosidl_typesupport_fastrtps_cpp.hpp
[0.492s] -- Up-to-date: /home/aziz/microros_ws1/install/micro_ros_msgs/include/micro_ros_msgs/msg/detail/node__rosidl_typesupport_fastrtps_cpp.hpp
[0.492s] -- Up-to-date: /home/aziz/microros_ws1/install/micro_ros_msgs/lib/libmicro_ros_msgs__rosidl_typesupport_fastrtps_cpp.so
[0.492s] -- Up-to-date: /home/aziz/microros_ws1/install/micro_ros_msgs/include/micro_ros_msgs
[0.492s] -- Up-to-date: /home/aziz/microros_ws1/install/micro_ros_msgs/include/micro_ros_msgs/msg
[0.492s] -- Up-to-date: /home/aziz/microros_ws1/install/micro_ros_msgs/include/micro_ros_msgs/msg/rosidl_typesupport_introspection_c__visibility_control.h
[0.492s] -- Up-to-date: /home/aziz/microros_ws1/install/micro_ros_msgs/include/micro_ros_msgs/msg/detail
[0.493s] -- Up-to-date: /home/aziz/microros_ws1/install/micro_ros_msgs/include/micro_ros_msgs/msg/detail/entity__rosidl_typesupport_introspection_c.h
[0.493s] -- Up-to-date: /home/aziz/microros_ws1/install/micro_ros_msgs/include/micro_ros_msgs/msg/detail/graph__type_support.c
[0.493s] -- Up-to-date: /home/aziz/microros_ws1/install/micro_ros_msgs/include/micro_ros_msgs/msg/detail/node__type_support.c
[0.493s] -- Up-to-date: /home/aziz/microros_ws1/install/micro_ros_msgs/include/micro_ros_msgs/msg/detail/graph__rosidl_typesupport_introspection_c.h
[0.493s] -- Up-to-date: /home/aziz/microros_ws1/install/micro_ros_msgs/include/micro_ros_msgs/msg/detail/node__rosidl_typesupport_introspection_c.h
[0.493s] -- Up-to-date: /home/aziz/microros_ws1/install/micro_ros_msgs/include/micro_ros_msgs/msg/detail/entity__type_support.c
[0.493s] -- Up-to-date: /home/aziz/microros_ws1/install/micro_ros_msgs/lib/libmicro_ros_msgs__rosidl_typesupport_introspection_c.so
[0.494s] -- Up-to-date: /home/aziz/microros_ws1/install/micro_ros_msgs/lib/libmicro_ros_msgs__rosidl_typesupport_c.so
[0.494s] -- Up-to-date: /home/aziz/microros_ws1/install/micro_ros_msgs/include/micro_ros_msgs
[0.494s] -- Up-to-date: /home/aziz/microros_ws1/install/micro_ros_msgs/include/micro_ros_msgs/msg
[0.494s] -- Up-to-date: /home/aziz/microros_ws1/install/micro_ros_msgs/include/micro_ros_msgs/msg/entity.hpp
[0.494s] -- Up-to-date: /home/aziz/microros_ws1/install/micro_ros_msgs/include/micro_ros_msgs/msg/node.hpp
[0.494s] -- Up-to-date: /home/aziz/microros_ws1/install/micro_ros_msgs/include/micro_ros_msgs/msg/graph.hpp
[0.494s] -- Up-to-date: /home/aziz/microros_ws1/install/micro_ros_msgs/include/micro_ros_msgs/msg/detail
[0.495s] -- Up-to-date: /home/aziz/microros_ws1/install/micro_ros_msgs/include/micro_ros_msgs/msg/detail/node__struct.hpp
[0.495s] -- Up-to-date: /home/aziz/microros_ws1/install/micro_ros_msgs/include/micro_ros_msgs/msg/detail/graph__builder.hpp
[0.495s] -- Up-to-date: /home/aziz/microros_ws1/install/micro_ros_msgs/include/micro_ros_msgs/msg/detail/graph__traits.hpp
[0.495s] -- Up-to-date: /home/aziz/microros_ws1/install/micro_ros_msgs/include/micro_ros_msgs/msg/detail/node__builder.hpp
[0.495s] -- Up-to-date: /home/aziz/microros_ws1/install/micro_ros_msgs/include/micro_ros_msgs/msg/detail/entity__traits.hpp
[0.495s] -- Up-to-date: /home/aziz/microros_ws1/install/micro_ros_msgs/include/micro_ros_msgs/msg/detail/node__traits.hpp
[0.495s] -- Up-to-date: /home/aziz/microros_ws1/install/micro_ros_msgs/include/micro_ros_msgs/msg/detail/entity__builder.hpp
[0.495s] -- Up-to-date: /home/aziz/microros_ws1/install/micro_ros_msgs/include/micro_ros_msgs/msg/detail/graph__struct.hpp
[0.495s] -- Up-to-date: /home/aziz/microros_ws1/install/micro_ros_msgs/include/micro_ros_msgs/msg/detail/entity__struct.hpp
[0.495s] -- Up-to-date: /home/aziz/microros_ws1/install/micro_ros_msgs/include/micro_ros_msgs
[0.495s] -- Up-to-date: /home/aziz/microros_ws1/install/micro_ros_msgs/include/micro_ros_msgs/msg
[0.495s] -- Up-to-date: /home/aziz/microros_ws1/install/micro_ros_msgs/include/micro_ros_msgs/msg/detail
[0.495s] -- Up-to-date: /home/aziz/microros_ws1/install/micro_ros_msgs/include/micro_ros_msgs/msg/detail/graph__type_support.cpp
[0.495s] -- Up-to-date: /home/aziz/microros_ws1/install/micro_ros_msgs/include/micro_ros_msgs/msg/detail/graph__rosidl_typesupport_introspection_cpp.hpp
[0.496s] -- Up-to-date: /home/aziz/microros_ws1/install/micro_ros_msgs/include/micro_ros_msgs/msg/detail/node__rosidl_typesupport_introspection_cpp.hpp
[0.496s] -- Up-to-date: /home/aziz/microros_ws1/install/micro_ros_msgs/include/micro_ros_msgs/msg/detail/node__type_support.cpp
[0.496s] -- Up-to-date: /home/aziz/microros_ws1/install/micro_ros_msgs/include/micro_ros_msgs/msg/detail/entity__type_support.cpp
[0.496s] -- Up-to-date: /home/aziz/microros_ws1/install/micro_ros_msgs/include/micro_ros_msgs/msg/detail/entity__rosidl_typesupport_introspection_cpp.hpp
[0.496s] -- Up-to-date: /home/aziz/microros_ws1/install/micro_ros_msgs/lib/libmicro_ros_msgs__rosidl_typesupport_introspection_cpp.so
[0.496s] -- Up-to-date: /home/aziz/microros_ws1/install/micro_ros_msgs/lib/libmicro_ros_msgs__rosidl_typesupport_cpp.so
[0.496s] -- Up-to-date: /home/aziz/microros_ws1/install/micro_ros_msgs/share/micro_ros_msgs/environment/pythonpath.sh
[0.496s] -- Up-to-date: /home/aziz/microros_ws1/install/micro_ros_msgs/share/micro_ros_msgs/environment/pythonpath.dsv
[0.496s] -- Up-to-date: /home/aziz/microros_ws1/install/micro_ros_msgs/lib/python3.8/site-packages/micro_ros_msgs/__init__.py
[0.537s] -- Up-to-date: /home/aziz/microros_ws1/install/micro_ros_msgs/lib/python3.8/site-packages/micro_ros_msgs/msg
[0.537s] -- Up-to-date: /home/aziz/microros_ws1/install/micro_ros_msgs/lib/python3.8/site-packages/micro_ros_msgs/msg/_entity.py
[0.537s] -- Up-to-date: /home/aziz/microros_ws1/install/micro_ros_msgs/lib/python3.8/site-packages/micro_ros_msgs/msg/_node.py
[0.537s] -- Up-to-date: /home/aziz/microros_ws1/install/micro_ros_msgs/lib/python3.8/site-packages/micro_ros_msgs/msg/_entity_s.c
[0.537s] -- Up-to-date: /home/aziz/microros_ws1/install/micro_ros_msgs/lib/python3.8/site-packages/micro_ros_msgs/msg/_node_s.c
[0.537s] -- Up-to-date: /home/aziz/microros_ws1/install/micro_ros_msgs/lib/python3.8/site-packages/micro_ros_msgs/msg/__init__.py
[0.537s] -- Up-to-date: /home/aziz/microros_ws1/install/micro_ros_msgs/lib/python3.8/site-packages/micro_ros_msgs/msg/_graph_s.c
[0.537s] -- Up-to-date: /home/aziz/microros_ws1/install/micro_ros_msgs/lib/python3.8/site-packages/micro_ros_msgs/msg/_graph.py
[0.537s] -- Up-to-date: /home/aziz/microros_ws1/install/micro_ros_msgs/lib/python3.8/site-packages/micro_ros_msgs/micro_ros_msgs_s__rosidl_typesupport_fastrtps_c.cpython-38-x86_64-linux-gnu.so
[0.538s] -- Up-to-date: /home/aziz/microros_ws1/install/micro_ros_msgs/lib/python3.8/site-packages/micro_ros_msgs/micro_ros_msgs_s__rosidl_typesupport_introspection_c.cpython-38-x86_64-linux-gnu.so
[0.539s] -- Up-to-date: /home/aziz/microros_ws1/install/micro_ros_msgs/lib/python3.8/site-packages/micro_ros_msgs/micro_ros_msgs_s__rosidl_typesupport_c.cpython-38-x86_64-linux-gnu.so
[0.540s] -- Up-to-date: /home/aziz/microros_ws1/install/micro_ros_msgs/lib/libmicro_ros_msgs__python.so
[0.541s] -- Up-to-date: /home/aziz/microros_ws1/install/micro_ros_msgs/share/micro_ros_msgs/msg/Graph.idl
[0.541s] -- Up-to-date: /home/aziz/microros_ws1/install/micro_ros_msgs/share/micro_ros_msgs/msg/Node.idl
[0.541s] -- Up-to-date: /home/aziz/microros_ws1/install/micro_ros_msgs/share/micro_ros_msgs/msg/Entity.idl
[0.541s] -- Up-to-date: /home/aziz/microros_ws1/install/micro_ros_msgs/share/micro_ros_msgs/msg/Graph.msg
[0.541s] -- Up-to-date: /home/aziz/microros_ws1/install/micro_ros_msgs/share/micro_ros_msgs/msg/Node.msg
[0.541s] -- Up-to-date: /home/aziz/microros_ws1/install/micro_ros_msgs/share/micro_ros_msgs/msg/Entity.msg
[0.541s] -- Up-to-date: /home/aziz/microros_ws1/install/micro_ros_msgs/share/ament_index/resource_index/package_run_dependencies/micro_ros_msgs
[0.542s] -- Up-to-date: /home/aziz/microros_ws1/install/micro_ros_msgs/share/ament_index/resource_index/parent_prefix_path/micro_ros_msgs
[0.542s] -- Up-to-date: /home/aziz/microros_ws1/install/micro_ros_msgs/share/micro_ros_msgs/environment/ament_prefix_path.sh
[0.542s] -- Up-to-date: /home/aziz/microros_ws1/install/micro_ros_msgs/share/micro_ros_msgs/environment/ament_prefix_path.dsv
[0.542s] -- Up-to-date: /home/aziz/microros_ws1/install/micro_ros_msgs/share/micro_ros_msgs/environment/path.sh
[0.542s] -- Up-to-date: /home/aziz/microros_ws1/install/micro_ros_msgs/share/micro_ros_msgs/environment/path.dsv
[0.542s] -- Up-to-date: /home/aziz/microros_ws1/install/micro_ros_msgs/share/micro_ros_msgs/local_setup.bash
[0.542s] -- Up-to-date: /home/aziz/microros_ws1/install/micro_ros_msgs/share/micro_ros_msgs/local_setup.sh
[0.543s] -- Up-to-date: /home/aziz/microros_ws1/install/micro_ros_msgs/share/micro_ros_msgs/local_setup.zsh
[0.543s] -- Up-to-date: /home/aziz/microros_ws1/install/micro_ros_msgs/share/micro_ros_msgs/local_setup.dsv
[0.543s] -- Up-to-date: /home/aziz/microros_ws1/install/micro_ros_msgs/share/micro_ros_msgs/package.dsv
[0.543s] -- Up-to-date: /home/aziz/microros_ws1/install/micro_ros_msgs/share/ament_index/resource_index/packages/micro_ros_msgs
[0.543s] -- Up-to-date: /home/aziz/microros_ws1/install/micro_ros_msgs/share/micro_ros_msgs/cmake/micro_ros_msgs__rosidl_generator_cExport.cmake
[0.543s] -- Up-to-date: /home/aziz/microros_ws1/install/micro_ros_msgs/share/micro_ros_msgs/cmake/micro_ros_msgs__rosidl_generator_cExport-noconfig.cmake
[0.544s] -- Up-to-date: /home/aziz/microros_ws1/install/micro_ros_msgs/share/micro_ros_msgs/cmake/micro_ros_msgs__rosidl_typesupport_introspection_cExport.cmake
[0.544s] -- Up-to-date: /home/aziz/microros_ws1/install/micro_ros_msgs/share/micro_ros_msgs/cmake/micro_ros_msgs__rosidl_typesupport_introspection_cExport-noconfig.cmake
[0.544s] -- Up-to-date: /home/aziz/microros_ws1/install/micro_ros_msgs/share/micro_ros_msgs/cmake/micro_ros_msgs__rosidl_typesupport_cExport.cmake
[0.544s] -- Up-to-date: /home/aziz/microros_ws1/install/micro_ros_msgs/share/micro_ros_msgs/cmake/micro_ros_msgs__rosidl_typesupport_cExport-noconfig.cmake
[0.544s] -- Up-to-date: /home/aziz/microros_ws1/install/micro_ros_msgs/share/micro_ros_msgs/cmake/micro_ros_msgs__rosidl_generator_cppExport.cmake
[0.545s] -- Up-to-date: /home/aziz/microros_ws1/install/micro_ros_msgs/share/micro_ros_msgs/cmake/micro_ros_msgs__rosidl_typesupport_introspection_cppExport.cmake
[0.545s] -- Up-to-date: /home/aziz/microros_ws1/install/micro_ros_msgs/share/micro_ros_msgs/cmake/micro_ros_msgs__rosidl_typesupport_introspection_cppExport-noconfig.cmake
[0.546s] -- Up-to-date: /home/aziz/microros_ws1/install/micro_ros_msgs/share/micro_ros_msgs/cmake/micro_ros_msgs__rosidl_typesupport_cppExport.cmake
[0.546s] -- Up-to-date: /home/aziz/microros_ws1/install/micro_ros_msgs/share/micro_ros_msgs/cmake/micro_ros_msgs__rosidl_typesupport_cppExport-noconfig.cmake
[0.546s] -- Up-to-date: /home/aziz/microros_ws1/install/micro_ros_msgs/share/micro_ros_msgs/cmake/rosidl_cmake-extras.cmake
[0.546s] -- Up-to-date: /home/aziz/microros_ws1/install/micro_ros_msgs/share/micro_ros_msgs/cmake/ament_cmake_export_dependencies-extras.cmake
[0.546s] -- Up-to-date: /home/aziz/microros_ws1/install/micro_ros_msgs/share/micro_ros_msgs/cmake/ament_cmake_export_libraries-extras.cmake
[0.546s] -- Up-to-date: /home/aziz/microros_ws1/install/micro_ros_msgs/share/micro_ros_msgs/cmake/ament_cmake_export_targets-extras.cmake
[0.546s] -- Up-to-date: /home/aziz/microros_ws1/install/micro_ros_msgs/share/micro_ros_msgs/cmake/ament_cmake_export_include_directories-extras.cmake
[0.546s] -- Up-to-date: /home/aziz/microros_ws1/install/micro_ros_msgs/share/micro_ros_msgs/cmake/rosidl_cmake_export_typesupport_libraries-extras.cmake
[0.546s] -- Up-to-date: /home/aziz/microros_ws1/install/micro_ros_msgs/share/micro_ros_msgs/cmake/rosidl_cmake_export_typesupport_targets-extras.cmake
[0.547s] -- Up-to-date: /home/aziz/microros_ws1/install/micro_ros_msgs/share/micro_ros_msgs/cmake/micro_ros_msgsConfig.cmake
[0.547s] -- Up-to-date: /home/aziz/microros_ws1/install/micro_ros_msgs/share/micro_ros_msgs/cmake/micro_ros_msgsConfig-version.cmake
[0.547s] -- Up-to-date: /home/aziz/microros_ws1/install/micro_ros_msgs/share/micro_ros_msgs/package.xml
[0.559s] Invoked command in '/home/aziz/Desktop/First-Steps-with-Micro-ROS-ESP32/build/micro_ros_msgs' returned '0': /usr/bin/cmake --install /home/aziz/Desktop/First-Steps-with-Micro-ROS-ESP32/build/micro_ros_msgs
