[0.761s] DEBUG:colcon:Command line arguments: ['/home/aziz/.local/bin/colcon', 'build', '--packages-up-to', 'micro_ros_agent', '--cmake-args', '-DUAGENT_BUILD_EXECUTABLE=OFF', '-DUAGENT_P2P_PROFILE=OFF', '--no-warn-unused-cli']
[0.761s] DEBUG:colcon:Parsed command line arguments: Namespace(allow_overriding=[], ament_cmake_args=None, base_paths=['.'], build_base='build', catkin_cmake_args=None, catkin_skip_building_tests=False, cmake_args=['-DUAGENT_BUILD_EXECUTABLE=OFF', '-DUAGENT_P2P_PROFILE=OFF', '--no-warn-unused-cli'], cmake_clean_cache=False, cmake_clean_first=False, cmake_force_configure=False, cmake_target=None, cmake_target_skip_unavailable=False, continue_on_error=False, event_handlers=None, executor='parallel', ignore_user_meta=False, install_base='install', log_base=None, log_level=None, main=<bound method BuildVerb.main of <colcon_core.verb.build.BuildVerb object at 0x7f8ad06bed60>>, merge_install=False, metas=['./colcon.meta'], packages_above=None, packages_above_and_dependencies=None, packages_above_depth=None, packages_end=None, packages_ignore=None, packages_ignore_regex=None, packages_select=None, packages_select_build_failed=False, packages_select_by_dep=None, packages_select_regex=None, packages_select_test_failures=False, packages_skip=None, packages_skip_build_finished=False, packages_skip_by_dep=None, packages_skip_regex=None, packages_skip_test_passed=False, packages_skip_up_to=None, packages_start=None, packages_up_to=['micro_ros_agent'], packages_up_to_regex=None, parallel_workers=4, paths=None, symlink_install=False, test_result_base=None, verb_extension=<colcon_core.verb.build.BuildVerb object at 0x7f8ad06bed60>, verb_name='build', verb_parser=<colcon_defaults.argument_parser.defaults.DefaultArgumentsDecorator object at 0x7f8ad03d3040>)
[0.840s] Level 1:colcon.colcon_core.package_discovery:discover_packages(colcon_meta) check parameters
[0.840s] Level 1:colcon.colcon_core.package_discovery:discover_packages(recursive) check parameters
[0.840s] Level 1:colcon.colcon_core.package_discovery:discover_packages(ignore) check parameters
[0.840s] Level 1:colcon.colcon_core.package_discovery:discover_packages(path) check parameters
[0.840s] Level 1:colcon.colcon_core.package_discovery:discover_packages(colcon_meta) discover
[0.840s] Level 1:colcon.colcon_core.package_discovery:discover_packages(recursive) discover
[0.840s] INFO:colcon.colcon_core.package_discovery:Crawling recursively for packages in '/home/aziz/microros_ws1'
[0.840s] Level 1:colcon.colcon_core.package_identification:_identify(.) by extensions ['ignore', 'ignore_ament_install']
[0.841s] Level 1:colcon.colcon_core.package_identification:_identify(.) by extension 'ignore'
[0.841s] Level 1:colcon.colcon_core.package_identification:_identify(.) by extension 'ignore_ament_install'
[0.841s] Level 1:colcon.colcon_core.package_identification:_identify(.) by extensions ['colcon_pkg']
[0.841s] Level 1:colcon.colcon_core.package_identification:_identify(.) by extension 'colcon_pkg'
[0.841s] Level 1:colcon.colcon_core.package_identification:_identify(.) by extensions ['colcon_meta']
[0.841s] Level 1:colcon.colcon_core.package_identification:_identify(.) by extension 'colcon_meta'
[0.841s] Level 1:colcon.colcon_core.package_identification:_identify(.) by extensions ['ros']
[0.841s] Level 1:colcon.colcon_core.package_identification:_identify(.) by extension 'ros'
[0.862s] Level 1:colcon.colcon_core.package_identification:_identify(.) by extensions ['cmake', 'python']
[0.862s] Level 1:colcon.colcon_core.package_identification:_identify(.) by extension 'cmake'
[0.862s] Level 1:colcon.colcon_core.package_identification:_identify(.) by extension 'python'
[0.863s] Level 1:colcon.colcon_core.package_identification:_identify(.) by extensions ['python_setup_py']
[0.863s] Level 1:colcon.colcon_core.package_identification:_identify(.) by extension 'python_setup_py'
[0.863s] Level 1:colcon.colcon_core.package_identification:_identify(IMU_Publisher) by extensions ['ignore', 'ignore_ament_install']
[0.863s] Level 1:colcon.colcon_core.package_identification:_identify(IMU_Publisher) by extension 'ignore'
[0.863s] Level 1:colcon.colcon_core.package_identification:_identify(IMU_Publisher) by extension 'ignore_ament_install'
[0.863s] Level 1:colcon.colcon_core.package_identification:_identify(IMU_Publisher) by extensions ['colcon_pkg']
[0.863s] Level 1:colcon.colcon_core.package_identification:_identify(IMU_Publisher) by extension 'colcon_pkg'
[0.863s] Level 1:colcon.colcon_core.package_identification:_identify(IMU_Publisher) by extensions ['colcon_meta']
[0.863s] Level 1:colcon.colcon_core.package_identification:_identify(IMU_Publisher) by extension 'colcon_meta'
[0.863s] Level 1:colcon.colcon_core.package_identification:_identify(IMU_Publisher) by extensions ['ros']
[0.863s] Level 1:colcon.colcon_core.package_identification:_identify(IMU_Publisher) by extension 'ros'
[0.863s] Level 1:colcon.colcon_core.package_identification:_identify(IMU_Publisher) by extensions ['cmake', 'python']
[0.863s] Level 1:colcon.colcon_core.package_identification:_identify(IMU_Publisher) by extension 'cmake'
[0.863s] Level 1:colcon.colcon_core.package_identification:_identify(IMU_Publisher) by extension 'python'
[0.863s] Level 1:colcon.colcon_core.package_identification:_identify(IMU_Publisher) by extensions ['python_setup_py']
[0.863s] Level 1:colcon.colcon_core.package_identification:_identify(IMU_Publisher) by extension 'python_setup_py'
[0.863s] Level 1:colcon.colcon_core.package_identification:_identify(build) by extensions ['ignore', 'ignore_ament_install']
[0.864s] Level 1:colcon.colcon_core.package_identification:_identify(build) by extension 'ignore'
[0.864s] Level 1:colcon.colcon_core.package_identification:_identify(build) ignored
[0.864s] Level 1:colcon.colcon_core.package_identification:_identify(firmware) by extensions ['ignore', 'ignore_ament_install']
[0.864s] Level 1:colcon.colcon_core.package_identification:_identify(firmware) by extension 'ignore'
[0.864s] Level 1:colcon.colcon_core.package_identification:_identify(firmware) ignored
[0.864s] Level 1:colcon.colcon_core.package_identification:_identify(install) by extensions ['ignore', 'ignore_ament_install']
[0.864s] Level 1:colcon.colcon_core.package_identification:_identify(install) by extension 'ignore'
[0.864s] Level 1:colcon.colcon_core.package_identification:_identify(install) ignored
[0.864s] Level 1:colcon.colcon_core.package_identification:_identify(log) by extensions ['ignore', 'ignore_ament_install']
[0.864s] Level 1:colcon.colcon_core.package_identification:_identify(log) by extension 'ignore'
[0.864s] Level 1:colcon.colcon_core.package_identification:_identify(log) ignored
[0.864s] Level 1:colcon.colcon_core.package_identification:_identify(src) by extensions ['ignore', 'ignore_ament_install']
[0.865s] Level 1:colcon.colcon_core.package_identification:_identify(src) by extension 'ignore'
[0.865s] Level 1:colcon.colcon_core.package_identification:_identify(src) by extension 'ignore_ament_install'
[0.865s] Level 1:colcon.colcon_core.package_identification:_identify(src) by extensions ['colcon_pkg']
[0.865s] Level 1:colcon.colcon_core.package_identification:_identify(src) by extension 'colcon_pkg'
[0.865s] Level 1:colcon.colcon_core.package_identification:_identify(src) by extensions ['colcon_meta']
[0.865s] Level 1:colcon.colcon_core.package_identification:_identify(src) by extension 'colcon_meta'
[0.865s] Level 1:colcon.colcon_core.package_identification:_identify(src) by extensions ['ros']
[0.865s] Level 1:colcon.colcon_core.package_identification:_identify(src) by extension 'ros'
[0.865s] Level 1:colcon.colcon_core.package_identification:_identify(src) by extensions ['cmake', 'python']
[0.865s] Level 1:colcon.colcon_core.package_identification:_identify(src) by extension 'cmake'
[0.865s] Level 1:colcon.colcon_core.package_identification:_identify(src) by extension 'python'
[0.865s] Level 1:colcon.colcon_core.package_identification:_identify(src) by extensions ['python_setup_py']
[0.865s] Level 1:colcon.colcon_core.package_identification:_identify(src) by extension 'python_setup_py'
[0.865s] Level 1:colcon.colcon_core.package_identification:_identify(src/micro_ros_setup) by extensions ['ignore', 'ignore_ament_install']
[0.865s] Level 1:colcon.colcon_core.package_identification:_identify(src/micro_ros_setup) by extension 'ignore'
[0.865s] Level 1:colcon.colcon_core.package_identification:_identify(src/micro_ros_setup) by extension 'ignore_ament_install'
[0.866s] Level 1:colcon.colcon_core.package_identification:_identify(src/micro_ros_setup) by extensions ['colcon_pkg']
[0.866s] Level 1:colcon.colcon_core.package_identification:_identify(src/micro_ros_setup) by extension 'colcon_pkg'
[0.866s] Level 1:colcon.colcon_core.package_identification:_identify(src/micro_ros_setup) by extensions ['colcon_meta']
[0.866s] Level 1:colcon.colcon_core.package_identification:_identify(src/micro_ros_setup) by extension 'colcon_meta'
[0.866s] Level 1:colcon.colcon_core.package_identification:_identify(src/micro_ros_setup) by extensions ['ros']
[0.866s] Level 1:colcon.colcon_core.package_identification:_identify(src/micro_ros_setup) by extension 'ros'
[0.869s] DEBUG:colcon.colcon_core.package_identification:Package 'src/micro_ros_setup' with type 'ros.ament_cmake' and name 'micro_ros_setup'
[0.869s] Level 1:colcon.colcon_core.package_identification:_identify(src/uros) by extensions ['ignore', 'ignore_ament_install']
[0.870s] Level 1:colcon.colcon_core.package_identification:_identify(src/uros) by extension 'ignore'
[0.870s] Level 1:colcon.colcon_core.package_identification:_identify(src/uros) by extension 'ignore_ament_install'
[0.870s] Level 1:colcon.colcon_core.package_identification:_identify(src/uros) by extensions ['colcon_pkg']
[0.870s] Level 1:colcon.colcon_core.package_identification:_identify(src/uros) by extension 'colcon_pkg'
[0.870s] Level 1:colcon.colcon_core.package_identification:_identify(src/uros) by extensions ['colcon_meta']
[0.870s] Level 1:colcon.colcon_core.package_identification:_identify(src/uros) by extension 'colcon_meta'
[0.870s] Level 1:colcon.colcon_core.package_identification:_identify(src/uros) by extensions ['ros']
[0.870s] Level 1:colcon.colcon_core.package_identification:_identify(src/uros) by extension 'ros'
[0.870s] Level 1:colcon.colcon_core.package_identification:_identify(src/uros) by extensions ['cmake', 'python']
[0.870s] Level 1:colcon.colcon_core.package_identification:_identify(src/uros) by extension 'cmake'
[0.870s] Level 1:colcon.colcon_core.package_identification:_identify(src/uros) by extension 'python'
[0.870s] Level 1:colcon.colcon_core.package_identification:_identify(src/uros) by extensions ['python_setup_py']
[0.870s] Level 1:colcon.colcon_core.package_identification:_identify(src/uros) by extension 'python_setup_py'
[0.870s] Level 1:colcon.colcon_core.package_identification:_identify(src/uros/drive_base) by extensions ['ignore', 'ignore_ament_install']
[0.870s] Level 1:colcon.colcon_core.package_identification:_identify(src/uros/drive_base) by extension 'ignore'
[0.871s] Level 1:colcon.colcon_core.package_identification:_identify(src/uros/drive_base) by extension 'ignore_ament_install'
[0.871s] Level 1:colcon.colcon_core.package_identification:_identify(src/uros/drive_base) by extensions ['colcon_pkg']
[0.871s] Level 1:colcon.colcon_core.package_identification:_identify(src/uros/drive_base) by extension 'colcon_pkg'
[0.871s] Level 1:colcon.colcon_core.package_identification:_identify(src/uros/drive_base) by extensions ['colcon_meta']
[0.871s] Level 1:colcon.colcon_core.package_identification:_identify(src/uros/drive_base) by extension 'colcon_meta'
[0.871s] Level 1:colcon.colcon_core.package_identification:_identify(src/uros/drive_base) by extensions ['ros']
[0.871s] Level 1:colcon.colcon_core.package_identification:_identify(src/uros/drive_base) by extension 'ros'
[0.871s] Level 1:colcon.colcon_core.package_identification:_identify(src/uros/drive_base) by extensions ['cmake', 'python']
[0.871s] Level 1:colcon.colcon_core.package_identification:_identify(src/uros/drive_base) by extension 'cmake'
[0.871s] Level 1:colcon.colcon_core.package_identification:_identify(src/uros/drive_base) by extension 'python'
[0.871s] Level 1:colcon.colcon_core.package_identification:_identify(src/uros/drive_base) by extensions ['python_setup_py']
[0.871s] Level 1:colcon.colcon_core.package_identification:_identify(src/uros/drive_base) by extension 'python_setup_py'
[0.871s] Level 1:colcon.colcon_core.package_identification:_identify(src/uros/drive_base/drive_base_msgs) by extensions ['ignore', 'ignore_ament_install']
[0.871s] Level 1:colcon.colcon_core.package_identification:_identify(src/uros/drive_base/drive_base_msgs) by extension 'ignore'
[0.871s] Level 1:colcon.colcon_core.package_identification:_identify(src/uros/drive_base/drive_base_msgs) by extension 'ignore_ament_install'
[0.871s] Level 1:colcon.colcon_core.package_identification:_identify(src/uros/drive_base/drive_base_msgs) by extensions ['colcon_pkg']
[0.871s] Level 1:colcon.colcon_core.package_identification:_identify(src/uros/drive_base/drive_base_msgs) by extension 'colcon_pkg'
[0.872s] Level 1:colcon.colcon_core.package_identification:_identify(src/uros/drive_base/drive_base_msgs) by extensions ['colcon_meta']
[0.872s] Level 1:colcon.colcon_core.package_identification:_identify(src/uros/drive_base/drive_base_msgs) by extension 'colcon_meta'
[0.872s] Level 1:colcon.colcon_core.package_identification:_identify(src/uros/drive_base/drive_base_msgs) by extensions ['ros']
[0.872s] Level 1:colcon.colcon_core.package_identification:_identify(src/uros/drive_base/drive_base_msgs) by extension 'ros'
[0.872s] DEBUG:colcon.colcon_core.package_identification:Package 'src/uros/drive_base/drive_base_msgs' with type 'ros.ament_cmake' and name 'drive_base_msgs'
[0.873s] Level 1:colcon.colcon_core.package_identification:_identify(src/uros/micro-ROS-Agent) by extensions ['ignore', 'ignore_ament_install']
[0.873s] Level 1:colcon.colcon_core.package_identification:_identify(src/uros/micro-ROS-Agent) by extension 'ignore'
[0.873s] Level 1:colcon.colcon_core.package_identification:_identify(src/uros/micro-ROS-Agent) by extension 'ignore_ament_install'
[0.873s] Level 1:colcon.colcon_core.package_identification:_identify(src/uros/micro-ROS-Agent) by extensions ['colcon_pkg']
[0.873s] Level 1:colcon.colcon_core.package_identification:_identify(src/uros/micro-ROS-Agent) by extension 'colcon_pkg'
[0.873s] Level 1:colcon.colcon_core.package_identification:_identify(src/uros/micro-ROS-Agent) by extensions ['colcon_meta']
[0.873s] Level 1:colcon.colcon_core.package_identification:_identify(src/uros/micro-ROS-Agent) by extension 'colcon_meta'
[0.873s] Level 1:colcon.colcon_core.package_identification:_identify(src/uros/micro-ROS-Agent) by extensions ['ros']
[0.873s] Level 1:colcon.colcon_core.package_identification:_identify(src/uros/micro-ROS-Agent) by extension 'ros'
[0.873s] Level 1:colcon.colcon_core.package_identification:_identify(src/uros/micro-ROS-Agent) by extensions ['cmake', 'python']
[0.873s] Level 1:colcon.colcon_core.package_identification:_identify(src/uros/micro-ROS-Agent) by extension 'cmake'
[0.873s] Level 1:colcon.colcon_core.package_identification:_identify(src/uros/micro-ROS-Agent) by extension 'python'
[0.873s] Level 1:colcon.colcon_core.package_identification:_identify(src/uros/micro-ROS-Agent) by extensions ['python_setup_py']
[0.873s] Level 1:colcon.colcon_core.package_identification:_identify(src/uros/micro-ROS-Agent) by extension 'python_setup_py'
[0.873s] Level 1:colcon.colcon_core.package_identification:_identify(src/uros/micro-ROS-Agent/micro_ros_agent) by extensions ['ignore', 'ignore_ament_install']
[0.873s] Level 1:colcon.colcon_core.package_identification:_identify(src/uros/micro-ROS-Agent/micro_ros_agent) by extension 'ignore'
[0.874s] Level 1:colcon.colcon_core.package_identification:_identify(src/uros/micro-ROS-Agent/micro_ros_agent) by extension 'ignore_ament_install'
[0.874s] Level 1:colcon.colcon_core.package_identification:_identify(src/uros/micro-ROS-Agent/micro_ros_agent) by extensions ['colcon_pkg']
[0.874s] Level 1:colcon.colcon_core.package_identification:_identify(src/uros/micro-ROS-Agent/micro_ros_agent) by extension 'colcon_pkg'
[0.874s] Level 1:colcon.colcon_core.package_identification:_identify(src/uros/micro-ROS-Agent/micro_ros_agent) by extensions ['colcon_meta']
[0.874s] Level 1:colcon.colcon_core.package_identification:_identify(src/uros/micro-ROS-Agent/micro_ros_agent) by extension 'colcon_meta'
[0.874s] Level 1:colcon.colcon_core.package_identification:_identify(src/uros/micro-ROS-Agent/micro_ros_agent) by extensions ['ros']
[0.874s] Level 1:colcon.colcon_core.package_identification:_identify(src/uros/micro-ROS-Agent/micro_ros_agent) by extension 'ros'
[0.890s] DEBUG:colcon.colcon_core.package_identification:Package 'src/uros/micro-ROS-Agent/micro_ros_agent' with type 'ros.ament_cmake' and name 'micro_ros_agent'
[0.890s] Level 1:colcon.colcon_core.package_identification:_identify(src/uros/micro-ROS-Agent/snap) by extensions ['ignore', 'ignore_ament_install']
[0.891s] Level 1:colcon.colcon_core.package_identification:_identify(src/uros/micro-ROS-Agent/snap) by extension 'ignore'
[0.891s] Level 1:colcon.colcon_core.package_identification:_identify(src/uros/micro-ROS-Agent/snap) by extension 'ignore_ament_install'
[0.891s] Level 1:colcon.colcon_core.package_identification:_identify(src/uros/micro-ROS-Agent/snap) by extensions ['colcon_pkg']
[0.891s] Level 1:colcon.colcon_core.package_identification:_identify(src/uros/micro-ROS-Agent/snap) by extension 'colcon_pkg'
[0.891s] Level 1:colcon.colcon_core.package_identification:_identify(src/uros/micro-ROS-Agent/snap) by extensions ['colcon_meta']
[0.891s] Level 1:colcon.colcon_core.package_identification:_identify(src/uros/micro-ROS-Agent/snap) by extension 'colcon_meta'
[0.891s] Level 1:colcon.colcon_core.package_identification:_identify(src/uros/micro-ROS-Agent/snap) by extensions ['ros']
[0.891s] Level 1:colcon.colcon_core.package_identification:_identify(src/uros/micro-ROS-Agent/snap) by extension 'ros'
[0.891s] Level 1:colcon.colcon_core.package_identification:_identify(src/uros/micro-ROS-Agent/snap) by extensions ['cmake', 'python']
[0.891s] Level 1:colcon.colcon_core.package_identification:_identify(src/uros/micro-ROS-Agent/snap) by extension 'cmake'
[0.891s] Level 1:colcon.colcon_core.package_identification:_identify(src/uros/micro-ROS-Agent/snap) by extension 'python'
[0.891s] Level 1:colcon.colcon_core.package_identification:_identify(src/uros/micro-ROS-Agent/snap) by extensions ['python_setup_py']
[0.891s] Level 1:colcon.colcon_core.package_identification:_identify(src/uros/micro-ROS-Agent/snap) by extension 'python_setup_py'
[0.891s] Level 1:colcon.colcon_core.package_identification:_identify(src/uros/micro-ROS-Agent/snap/hooks) by extensions ['ignore', 'ignore_ament_install']
[0.892s] Level 1:colcon.colcon_core.package_identification:_identify(src/uros/micro-ROS-Agent/snap/hooks) by extension 'ignore'
[0.892s] Level 1:colcon.colcon_core.package_identification:_identify(src/uros/micro-ROS-Agent/snap/hooks) by extension 'ignore_ament_install'
[0.892s] Level 1:colcon.colcon_core.package_identification:_identify(src/uros/micro-ROS-Agent/snap/hooks) by extensions ['colcon_pkg']
[0.892s] Level 1:colcon.colcon_core.package_identification:_identify(src/uros/micro-ROS-Agent/snap/hooks) by extension 'colcon_pkg'
[0.892s] Level 1:colcon.colcon_core.package_identification:_identify(src/uros/micro-ROS-Agent/snap/hooks) by extensions ['colcon_meta']
[0.892s] Level 1:colcon.colcon_core.package_identification:_identify(src/uros/micro-ROS-Agent/snap/hooks) by extension 'colcon_meta'
[0.892s] Level 1:colcon.colcon_core.package_identification:_identify(src/uros/micro-ROS-Agent/snap/hooks) by extensions ['ros']
[0.892s] Level 1:colcon.colcon_core.package_identification:_identify(src/uros/micro-ROS-Agent/snap/hooks) by extension 'ros'
[0.892s] Level 1:colcon.colcon_core.package_identification:_identify(src/uros/micro-ROS-Agent/snap/hooks) by extensions ['cmake', 'python']
[0.892s] Level 1:colcon.colcon_core.package_identification:_identify(src/uros/micro-ROS-Agent/snap/hooks) by extension 'cmake'
[0.892s] Level 1:colcon.colcon_core.package_identification:_identify(src/uros/micro-ROS-Agent/snap/hooks) by extension 'python'
[0.892s] Level 1:colcon.colcon_core.package_identification:_identify(src/uros/micro-ROS-Agent/snap/hooks) by extensions ['python_setup_py']
[0.892s] Level 1:colcon.colcon_core.package_identification:_identify(src/uros/micro-ROS-Agent/snap/hooks) by extension 'python_setup_py'
[0.892s] Level 1:colcon.colcon_core.package_identification:_identify(src/uros/micro-ROS-Agent/snap/local) by extensions ['ignore', 'ignore_ament_install']
[0.892s] Level 1:colcon.colcon_core.package_identification:_identify(src/uros/micro-ROS-Agent/snap/local) by extension 'ignore'
[0.892s] Level 1:colcon.colcon_core.package_identification:_identify(src/uros/micro-ROS-Agent/snap/local) by extension 'ignore_ament_install'
[0.892s] Level 1:colcon.colcon_core.package_identification:_identify(src/uros/micro-ROS-Agent/snap/local) by extensions ['colcon_pkg']
[0.893s] Level 1:colcon.colcon_core.package_identification:_identify(src/uros/micro-ROS-Agent/snap/local) by extension 'colcon_pkg'
[0.893s] Level 1:colcon.colcon_core.package_identification:_identify(src/uros/micro-ROS-Agent/snap/local) by extensions ['colcon_meta']
[0.893s] Level 1:colcon.colcon_core.package_identification:_identify(src/uros/micro-ROS-Agent/snap/local) by extension 'colcon_meta'
[0.893s] Level 1:colcon.colcon_core.package_identification:_identify(src/uros/micro-ROS-Agent/snap/local) by extensions ['ros']
[0.893s] Level 1:colcon.colcon_core.package_identification:_identify(src/uros/micro-ROS-Agent/snap/local) by extension 'ros'
[0.893s] Level 1:colcon.colcon_core.package_identification:_identify(src/uros/micro-ROS-Agent/snap/local) by extensions ['cmake', 'python']
[0.893s] Level 1:colcon.colcon_core.package_identification:_identify(src/uros/micro-ROS-Agent/snap/local) by extension 'cmake'
[0.893s] Level 1:colcon.colcon_core.package_identification:_identify(src/uros/micro-ROS-Agent/snap/local) by extension 'python'
[0.893s] Level 1:colcon.colcon_core.package_identification:_identify(src/uros/micro-ROS-Agent/snap/local) by extensions ['python_setup_py']
[0.893s] Level 1:colcon.colcon_core.package_identification:_identify(src/uros/micro-ROS-Agent/snap/local) by extension 'python_setup_py'
[0.893s] Level 1:colcon.colcon_core.package_identification:_identify(src/uros/micro_ros_msgs) by extensions ['ignore', 'ignore_ament_install']
[0.893s] Level 1:colcon.colcon_core.package_identification:_identify(src/uros/micro_ros_msgs) by extension 'ignore'
[0.893s] Level 1:colcon.colcon_core.package_identification:_identify(src/uros/micro_ros_msgs) by extension 'ignore_ament_install'
[0.893s] Level 1:colcon.colcon_core.package_identification:_identify(src/uros/micro_ros_msgs) by extensions ['colcon_pkg']
[0.893s] Level 1:colcon.colcon_core.package_identification:_identify(src/uros/micro_ros_msgs) by extension 'colcon_pkg'
[0.893s] Level 1:colcon.colcon_core.package_identification:_identify(src/uros/micro_ros_msgs) by extensions ['colcon_meta']
[0.893s] Level 1:colcon.colcon_core.package_identification:_identify(src/uros/micro_ros_msgs) by extension 'colcon_meta'
[0.894s] Level 1:colcon.colcon_core.package_identification:_identify(src/uros/micro_ros_msgs) by extensions ['ros']
[0.894s] Level 1:colcon.colcon_core.package_identification:_identify(src/uros/micro_ros_msgs) by extension 'ros'
[0.894s] DEBUG:colcon.colcon_core.package_identification:Package 'src/uros/micro_ros_msgs' with type 'ros.ament_cmake' and name 'micro_ros_msgs'
[0.894s] Level 1:colcon.colcon_core.package_discovery:discover_packages(recursive) using defaults
[0.894s] Level 1:colcon.colcon_core.package_discovery:discover_packages(ignore) discover
[0.894s] Level 1:colcon.colcon_core.package_discovery:discover_packages(ignore) using defaults
[0.894s] Level 1:colcon.colcon_core.package_discovery:discover_packages(path) discover
[0.894s] Level 1:colcon.colcon_core.package_discovery:discover_packages(path) using defaults
[0.935s] INFO:colcon.colcon_core.package_selection:Skipping package 'micro_ros_setup' in 'src/micro_ros_setup'
[0.935s] INFO:colcon.colcon_core.package_selection:Skipping package 'drive_base_msgs' in 'src/uros/drive_base/drive_base_msgs'
[0.936s] Level 1:colcon.colcon_core.package_discovery:discover_packages(prefix_path) check parameters
[0.936s] Level 1:colcon.colcon_core.package_discovery:discover_packages(prefix_path) discover
[0.949s] DEBUG:colcon.colcon_installed_package_information.package_discovery:Found 4 installed packages in /home/aziz/microros_ws1/install
[0.955s] DEBUG:colcon.colcon_installed_package_information.package_discovery:Found 257 installed packages in /opt/ros/foxy
[0.957s] Level 1:colcon.colcon_core.package_discovery:discover_packages(prefix_path) using defaults
[1.055s] Level 5:colcon.colcon_core.verb:set package 'micro_ros_msgs' build argument 'cmake_args' from command line to '['-DUAGENT_BUILD_EXECUTABLE=OFF', '-DUAGENT_P2P_PROFILE=OFF', '--no-warn-unused-cli']'
[1.055s] Level 5:colcon.colcon_core.verb:set package 'micro_ros_msgs' build argument 'cmake_target' from command line to 'None'
[1.055s] Level 5:colcon.colcon_core.verb:set package 'micro_ros_msgs' build argument 'cmake_target_skip_unavailable' from command line to 'False'
[1.055s] Level 5:colcon.colcon_core.verb:set package 'micro_ros_msgs' build argument 'cmake_clean_cache' from command line to 'False'
[1.055s] Level 5:colcon.colcon_core.verb:set package 'micro_ros_msgs' build argument 'cmake_clean_first' from command line to 'False'
[1.055s] Level 5:colcon.colcon_core.verb:set package 'micro_ros_msgs' build argument 'cmake_force_configure' from command line to 'False'
[1.055s] Level 5:colcon.colcon_core.verb:set package 'micro_ros_msgs' build argument 'ament_cmake_args' from command line to 'None'
[1.055s] Level 5:colcon.colcon_core.verb:set package 'micro_ros_msgs' build argument 'catkin_cmake_args' from command line to 'None'
[1.055s] Level 5:colcon.colcon_core.verb:set package 'micro_ros_msgs' build argument 'catkin_skip_building_tests' from command line to 'False'
[1.055s] DEBUG:colcon.colcon_core.verb:Building package 'micro_ros_msgs' with the following arguments: {'ament_cmake_args': None, 'build_base': '/home/aziz/microros_ws1/build/micro_ros_msgs', 'catkin_cmake_args': None, 'catkin_skip_building_tests': False, 'cmake_args': ['-DUAGENT_BUILD_EXECUTABLE=OFF', '-DUAGENT_P2P_PROFILE=OFF', '--no-warn-unused-cli'], 'cmake_clean_cache': False, 'cmake_clean_first': False, 'cmake_force_configure': False, 'cmake_target': None, 'cmake_target_skip_unavailable': False, 'install_base': '/home/aziz/microros_ws1/install/micro_ros_msgs', 'merge_install': False, 'path': '/home/aziz/microros_ws1/src/uros/micro_ros_msgs', 'symlink_install': False, 'test_result_base': None}
[1.065s] Level 5:colcon.colcon_core.verb:set package 'micro_ros_agent' build argument 'cmake_args' from command line to '['-DUAGENT_BUILD_EXECUTABLE=OFF', '-DUAGENT_P2P_PROFILE=OFF', '--no-warn-unused-cli']'
[1.065s] Level 5:colcon.colcon_core.verb:set package 'micro_ros_agent' build argument 'cmake_target' from command line to 'None'
[1.065s] Level 5:colcon.colcon_core.verb:set package 'micro_ros_agent' build argument 'cmake_target_skip_unavailable' from command line to 'False'
[1.065s] Level 5:colcon.colcon_core.verb:set package 'micro_ros_agent' build argument 'cmake_clean_cache' from command line to 'False'
[1.065s] Level 5:colcon.colcon_core.verb:set package 'micro_ros_agent' build argument 'cmake_clean_first' from command line to 'False'
[1.065s] Level 5:colcon.colcon_core.verb:set package 'micro_ros_agent' build argument 'cmake_force_configure' from command line to 'False'
[1.065s] Level 5:colcon.colcon_core.verb:set package 'micro_ros_agent' build argument 'ament_cmake_args' from command line to 'None'
[1.065s] Level 5:colcon.colcon_core.verb:set package 'micro_ros_agent' build argument 'catkin_cmake_args' from command line to 'None'
[1.065s] Level 5:colcon.colcon_core.verb:set package 'micro_ros_agent' build argument 'catkin_skip_building_tests' from command line to 'False'
[1.065s] DEBUG:colcon.colcon_core.verb:Building package 'micro_ros_agent' with the following arguments: {'ament_cmake_args': None, 'build_base': '/home/aziz/microros_ws1/build/micro_ros_agent', 'catkin_cmake_args': None, 'catkin_skip_building_tests': False, 'cmake_args': ['-DUAGENT_BUILD_EXECUTABLE=OFF', '-DUAGENT_P2P_PROFILE=OFF', '--no-warn-unused-cli'], 'cmake_clean_cache': False, 'cmake_clean_first': False, 'cmake_force_configure': False, 'cmake_target': None, 'cmake_target_skip_unavailable': False, 'install_base': '/home/aziz/microros_ws1/install/micro_ros_agent', 'merge_install': False, 'path': '/home/aziz/microros_ws1/src/uros/micro-ROS-Agent/micro_ros_agent', 'symlink_install': False, 'test_result_base': None}
[1.068s] INFO:colcon.colcon_core.executor:Executing jobs using 'parallel' executor
[1.085s] DEBUG:colcon.colcon_parallel_executor.executor.parallel:run_until_complete
[1.085s] INFO:colcon.colcon_ros.task.ament_cmake.build:Building ROS package in '/home/aziz/microros_ws1/src/uros/micro_ros_msgs' with build type 'ament_cmake'
[1.085s] INFO:colcon.colcon_cmake.task.cmake.build:Building CMake package in '/home/aziz/microros_ws1/src/uros/micro_ros_msgs'
[1.097s] INFO:colcon.colcon_core.plugin_system:Skipping extension 'colcon_core.shell.bat': Not used on non-Windows systems
[1.098s] INFO:colcon.colcon_core.shell:Skip shell extension 'powershell' for command environment: Not usable outside of PowerShell
[1.098s] DEBUG:colcon.colcon_core.shell:Skip shell extension 'dsv' for command environment
[1.124s] DEBUG:colcon.colcon_core.event_handler.log_command:Invoking command in '/home/aziz/microros_ws1/build/micro_ros_msgs': CMAKE_PREFIX_PATH=${CMAKE_PREFIX_PATH}:/opt/ros/foxy /usr/bin/cmake /home/aziz/microros_ws1/src/uros/micro_ros_msgs -DUAGENT_BUILD_EXECUTABLE=OFF -DUAGENT_P2P_PROFILE=OFF --no-warn-unused-cli -DCMAKE_INSTALL_PREFIX=/home/aziz/microros_ws1/install/micro_ros_msgs
[2.243s] DEBUG:colcon.colcon_core.event_handler.log_command:Invoked command in '/home/aziz/microros_ws1/build/micro_ros_msgs' returned '0': CMAKE_PREFIX_PATH=${CMAKE_PREFIX_PATH}:/opt/ros/foxy /usr/bin/cmake /home/aziz/microros_ws1/src/uros/micro_ros_msgs -DUAGENT_BUILD_EXECUTABLE=OFF -DUAGENT_P2P_PROFILE=OFF --no-warn-unused-cli -DCMAKE_INSTALL_PREFIX=/home/aziz/microros_ws1/install/micro_ros_msgs
[2.244s] DEBUG:colcon.colcon_core.event_handler.log_command:Invoking command in '/home/aziz/microros_ws1/build/micro_ros_msgs': CMAKE_PREFIX_PATH=${CMAKE_PREFIX_PATH}:/opt/ros/foxy /usr/bin/cmake --build /home/aziz/microros_ws1/build/micro_ros_msgs -- -j4 -l4
[2.504s] DEBUG:colcon.colcon_core.event_handler.log_command:Invoked command in '/home/aziz/microros_ws1/build/micro_ros_msgs' returned '0': CMAKE_PREFIX_PATH=${CMAKE_PREFIX_PATH}:/opt/ros/foxy /usr/bin/cmake --build /home/aziz/microros_ws1/build/micro_ros_msgs -- -j4 -l4
[2.619s] DEBUG:colcon.colcon_core.event_handler.log_command:Invoking command in '/home/aziz/microros_ws1/build/micro_ros_msgs': CMAKE_PREFIX_PATH=${CMAKE_PREFIX_PATH}:/opt/ros/foxy /usr/bin/cmake --install /home/aziz/microros_ws1/build/micro_ros_msgs
[2.714s] Level 1:colcon.colcon_core.environment:create_environment_scripts_only(micro_ros_msgs)
[2.714s] DEBUG:colcon.colcon_core.event_handler.log_command:Invoked command in '/home/aziz/microros_ws1/build/micro_ros_msgs' returned '0': CMAKE_PREFIX_PATH=${CMAKE_PREFIX_PATH}:/opt/ros/foxy /usr/bin/cmake --install /home/aziz/microros_ws1/build/micro_ros_msgs
[2.728s] Level 1:colcon.colcon_core.environment:checking '/home/aziz/microros_ws1/install/micro_ros_msgs' for CMake module files
[2.728s] Level 1:colcon.colcon_core.environment:checking '/home/aziz/microros_ws1/install/micro_ros_msgs' for CMake config files
[2.729s] Level 1:colcon.colcon_core.shell:create_environment_hook('micro_ros_msgs', 'cmake_prefix_path')
[2.736s] INFO:colcon.colcon_core.shell:Creating environment hook '/home/aziz/microros_ws1/install/micro_ros_msgs/share/micro_ros_msgs/hook/cmake_prefix_path.ps1'
[2.737s] INFO:colcon.colcon_core.shell:Creating environment descriptor '/home/aziz/microros_ws1/install/micro_ros_msgs/share/micro_ros_msgs/hook/cmake_prefix_path.dsv'
[2.738s] INFO:colcon.colcon_core.shell:Creating environment hook '/home/aziz/microros_ws1/install/micro_ros_msgs/share/micro_ros_msgs/hook/cmake_prefix_path.sh'
[2.739s] Level 1:colcon.colcon_core.environment:checking '/home/aziz/microros_ws1/install/micro_ros_msgs/lib'
[2.739s] Level 1:colcon.colcon_core.shell:create_environment_hook('micro_ros_msgs', 'ld_library_path_lib')
[2.746s] INFO:colcon.colcon_core.shell:Creating environment hook '/home/aziz/microros_ws1/install/micro_ros_msgs/share/micro_ros_msgs/hook/ld_library_path_lib.ps1'
[2.746s] INFO:colcon.colcon_core.shell:Creating environment descriptor '/home/aziz/microros_ws1/install/micro_ros_msgs/share/micro_ros_msgs/hook/ld_library_path_lib.dsv'
[2.747s] INFO:colcon.colcon_core.shell:Creating environment hook '/home/aziz/microros_ws1/install/micro_ros_msgs/share/micro_ros_msgs/hook/ld_library_path_lib.sh'
[2.747s] Level 1:colcon.colcon_core.environment:checking '/home/aziz/microros_ws1/install/micro_ros_msgs/bin'
[2.747s] Level 1:colcon.colcon_core.environment:checking '/home/aziz/microros_ws1/install/micro_ros_msgs/lib/pkgconfig/micro_ros_msgs.pc'
[2.748s] Level 1:colcon.colcon_core.environment:checking '/home/aziz/microros_ws1/install/micro_ros_msgs/lib/python3.8/site-packages'
[2.748s] Level 1:colcon.colcon_core.shell:create_environment_hook('micro_ros_msgs', 'pythonpath')
[2.755s] INFO:colcon.colcon_core.shell:Creating environment hook '/home/aziz/microros_ws1/install/micro_ros_msgs/share/micro_ros_msgs/hook/pythonpath.ps1'
[2.755s] INFO:colcon.colcon_core.shell:Creating environment descriptor '/home/aziz/microros_ws1/install/micro_ros_msgs/share/micro_ros_msgs/hook/pythonpath.dsv'
[2.756s] INFO:colcon.colcon_core.shell:Creating environment hook '/home/aziz/microros_ws1/install/micro_ros_msgs/share/micro_ros_msgs/hook/pythonpath.sh'
[2.756s] Level 1:colcon.colcon_core.environment:checking '/home/aziz/microros_ws1/install/micro_ros_msgs/bin'
[2.764s] INFO:colcon.colcon_core.shell:Creating package script '/home/aziz/microros_ws1/install/micro_ros_msgs/share/micro_ros_msgs/package.ps1'
[2.766s] INFO:colcon.colcon_core.shell:Creating package descriptor '/home/aziz/microros_ws1/install/micro_ros_msgs/share/micro_ros_msgs/package.dsv'
[2.766s] INFO:colcon.colcon_core.shell:Creating package script '/home/aziz/microros_ws1/install/micro_ros_msgs/share/micro_ros_msgs/package.sh'
[2.767s] INFO:colcon.colcon_core.shell:Creating package script '/home/aziz/microros_ws1/install/micro_ros_msgs/share/micro_ros_msgs/package.bash'
[2.768s] INFO:colcon.colcon_core.shell:Creating package script '/home/aziz/microros_ws1/install/micro_ros_msgs/share/micro_ros_msgs/package.zsh'
[2.769s] Level 1:colcon.colcon_core.environment:create_file_with_runtime_dependencies(/home/aziz/microros_ws1/install/micro_ros_msgs/share/colcon-core/packages/micro_ros_msgs)
[2.873s] Level 1:colcon.colcon_core.environment:create_environment_scripts_only(micro_ros_msgs)
[2.883s] Level 1:colcon.colcon_core.environment:checking '/home/aziz/microros_ws1/install/micro_ros_msgs' for CMake module files
[2.883s] Level 1:colcon.colcon_core.environment:checking '/home/aziz/microros_ws1/install/micro_ros_msgs' for CMake config files
[2.884s] Level 1:colcon.colcon_core.shell:create_environment_hook('micro_ros_msgs', 'cmake_prefix_path')
[2.890s] INFO:colcon.colcon_core.shell:Creating environment hook '/home/aziz/microros_ws1/install/micro_ros_msgs/share/micro_ros_msgs/hook/cmake_prefix_path.ps1'
[2.891s] INFO:colcon.colcon_core.shell:Creating environment descriptor '/home/aziz/microros_ws1/install/micro_ros_msgs/share/micro_ros_msgs/hook/cmake_prefix_path.dsv'
[2.892s] INFO:colcon.colcon_core.shell:Creating environment hook '/home/aziz/microros_ws1/install/micro_ros_msgs/share/micro_ros_msgs/hook/cmake_prefix_path.sh'
[2.892s] Level 1:colcon.colcon_core.environment:checking '/home/aziz/microros_ws1/install/micro_ros_msgs/lib'
[2.892s] Level 1:colcon.colcon_core.shell:create_environment_hook('micro_ros_msgs', 'ld_library_path_lib')
[2.899s] INFO:colcon.colcon_core.shell:Creating environment hook '/home/aziz/microros_ws1/install/micro_ros_msgs/share/micro_ros_msgs/hook/ld_library_path_lib.ps1'
[2.899s] INFO:colcon.colcon_core.shell:Creating environment descriptor '/home/aziz/microros_ws1/install/micro_ros_msgs/share/micro_ros_msgs/hook/ld_library_path_lib.dsv'
[2.899s] INFO:colcon.colcon_core.shell:Creating environment hook '/home/aziz/microros_ws1/install/micro_ros_msgs/share/micro_ros_msgs/hook/ld_library_path_lib.sh'
[2.900s] Level 1:colcon.colcon_core.environment:checking '/home/aziz/microros_ws1/install/micro_ros_msgs/bin'
[2.900s] Level 1:colcon.colcon_core.environment:checking '/home/aziz/microros_ws1/install/micro_ros_msgs/lib/pkgconfig/micro_ros_msgs.pc'
[2.900s] Level 1:colcon.colcon_core.environment:checking '/home/aziz/microros_ws1/install/micro_ros_msgs/lib/python3.8/site-packages'
[2.900s] Level 1:colcon.colcon_core.shell:create_environment_hook('micro_ros_msgs', 'pythonpath')
[2.907s] INFO:colcon.colcon_core.shell:Creating environment hook '/home/aziz/microros_ws1/install/micro_ros_msgs/share/micro_ros_msgs/hook/pythonpath.ps1'
[2.907s] INFO:colcon.colcon_core.shell:Creating environment descriptor '/home/aziz/microros_ws1/install/micro_ros_msgs/share/micro_ros_msgs/hook/pythonpath.dsv'
[2.907s] INFO:colcon.colcon_core.shell:Creating environment hook '/home/aziz/microros_ws1/install/micro_ros_msgs/share/micro_ros_msgs/hook/pythonpath.sh'
[2.908s] Level 1:colcon.colcon_core.environment:checking '/home/aziz/microros_ws1/install/micro_ros_msgs/bin'
[2.915s] INFO:colcon.colcon_core.shell:Creating package script '/home/aziz/microros_ws1/install/micro_ros_msgs/share/micro_ros_msgs/package.ps1'
[2.916s] INFO:colcon.colcon_core.shell:Creating package descriptor '/home/aziz/microros_ws1/install/micro_ros_msgs/share/micro_ros_msgs/package.dsv'
[2.916s] INFO:colcon.colcon_core.shell:Creating package script '/home/aziz/microros_ws1/install/micro_ros_msgs/share/micro_ros_msgs/package.sh'
[2.917s] INFO:colcon.colcon_core.shell:Creating package script '/home/aziz/microros_ws1/install/micro_ros_msgs/share/micro_ros_msgs/package.bash'
[2.917s] INFO:colcon.colcon_core.shell:Creating package script '/home/aziz/microros_ws1/install/micro_ros_msgs/share/micro_ros_msgs/package.zsh'
[2.918s] Level 1:colcon.colcon_core.environment:create_file_with_runtime_dependencies(/home/aziz/microros_ws1/install/micro_ros_msgs/share/colcon-core/packages/micro_ros_msgs)
[2.918s] INFO:colcon.colcon_ros.task.ament_cmake.build:Building ROS package in '/home/aziz/microros_ws1/src/uros/micro-ROS-Agent/micro_ros_agent' with build type 'ament_cmake'
[2.919s] INFO:colcon.colcon_cmake.task.cmake.build:Building CMake package in '/home/aziz/microros_ws1/src/uros/micro-ROS-Agent/micro_ros_agent'
[2.925s] INFO:colcon.colcon_core.shell:Skip shell extension 'powershell' for command environment: Not usable outside of PowerShell
[2.925s] DEBUG:colcon.colcon_core.shell:Skip shell extension 'dsv' for command environment
[2.955s] DEBUG:colcon.colcon_core.event_handler.log_command:Invoking command in '/home/aziz/microros_ws1/build/micro_ros_agent': CMAKE_PREFIX_PATH=/home/aziz/microros_ws1/install/micro_ros_msgs:/home/aziz/microros_ws1/install/micro_ros_setup:/home/aziz/microros_ws1/install/micro_ros_agent:/home/aziz/microros_ws1/install/drive_base_msgs:/opt/ros/foxy LD_LIBRARY_PATH=/home/aziz/microros_ws1/install/micro_ros_msgs/lib:/home/aziz/microros_ws1/install/micro_ros_agent/lib:/home/aziz/microros_ws1/install/drive_base_msgs/lib:/opt/ros/foxy/opt/yaml_cpp_vendor/lib:/opt/ros/foxy/opt/rviz_ogre_vendor/lib:/opt/ros/foxy/lib/x86_64-linux-gnu:/opt/ros/foxy/lib /usr/bin/cmake /home/aziz/microros_ws1/src/uros/micro-ROS-Agent/micro_ros_agent -DUAGENT_BUILD_EXECUTABLE=OFF -DUAGENT_P2P_PROFILE=OFF --no-warn-unused-cli -DCMAKE_INSTALL_PREFIX=/home/aziz/microros_ws1/install/micro_ros_agent
[3.699s] DEBUG:colcon.colcon_core.event_handler.log_command:Invoked command in '/home/aziz/microros_ws1/build/micro_ros_agent' returned '0': CMAKE_PREFIX_PATH=/home/aziz/microros_ws1/install/micro_ros_msgs:/home/aziz/microros_ws1/install/micro_ros_setup:/home/aziz/microros_ws1/install/micro_ros_agent:/home/aziz/microros_ws1/install/drive_base_msgs:/opt/ros/foxy LD_LIBRARY_PATH=/home/aziz/microros_ws1/install/micro_ros_msgs/lib:/home/aziz/microros_ws1/install/micro_ros_agent/lib:/home/aziz/microros_ws1/install/drive_base_msgs/lib:/opt/ros/foxy/opt/yaml_cpp_vendor/lib:/opt/ros/foxy/opt/rviz_ogre_vendor/lib:/opt/ros/foxy/lib/x86_64-linux-gnu:/opt/ros/foxy/lib /usr/bin/cmake /home/aziz/microros_ws1/src/uros/micro-ROS-Agent/micro_ros_agent -DUAGENT_BUILD_EXECUTABLE=OFF -DUAGENT_P2P_PROFILE=OFF --no-warn-unused-cli -DCMAKE_INSTALL_PREFIX=/home/aziz/microros_ws1/install/micro_ros_agent
[3.702s] DEBUG:colcon.colcon_core.event_handler.log_command:Invoking command in '/home/aziz/microros_ws1/build/micro_ros_agent': CMAKE_PREFIX_PATH=/home/aziz/microros_ws1/install/micro_ros_msgs:/home/aziz/microros_ws1/install/micro_ros_setup:/home/aziz/microros_ws1/install/micro_ros_agent:/home/aziz/microros_ws1/install/drive_base_msgs:/opt/ros/foxy LD_LIBRARY_PATH=/home/aziz/microros_ws1/install/micro_ros_msgs/lib:/home/aziz/microros_ws1/install/micro_ros_agent/lib:/home/aziz/microros_ws1/install/drive_base_msgs/lib:/opt/ros/foxy/opt/yaml_cpp_vendor/lib:/opt/ros/foxy/opt/rviz_ogre_vendor/lib:/opt/ros/foxy/lib/x86_64-linux-gnu:/opt/ros/foxy/lib /usr/bin/cmake --build /home/aziz/microros_ws1/build/micro_ros_agent -- -j4 -l4
[3.800s] DEBUG:colcon.colcon_core.event_handler.log_command:Invoked command in '/home/aziz/microros_ws1/build/micro_ros_agent' returned '0': CMAKE_PREFIX_PATH=/home/aziz/microros_ws1/install/micro_ros_msgs:/home/aziz/microros_ws1/install/micro_ros_setup:/home/aziz/microros_ws1/install/micro_ros_agent:/home/aziz/microros_ws1/install/drive_base_msgs:/opt/ros/foxy LD_LIBRARY_PATH=/home/aziz/microros_ws1/install/micro_ros_msgs/lib:/home/aziz/microros_ws1/install/micro_ros_agent/lib:/home/aziz/microros_ws1/install/drive_base_msgs/lib:/opt/ros/foxy/opt/yaml_cpp_vendor/lib:/opt/ros/foxy/opt/rviz_ogre_vendor/lib:/opt/ros/foxy/lib/x86_64-linux-gnu:/opt/ros/foxy/lib /usr/bin/cmake --build /home/aziz/microros_ws1/build/micro_ros_agent -- -j4 -l4
[3.838s] DEBUG:colcon.colcon_core.event_handler.log_command:Invoking command in '/home/aziz/microros_ws1/build/micro_ros_agent': CMAKE_PREFIX_PATH=/home/aziz/microros_ws1/install/micro_ros_msgs:/home/aziz/microros_ws1/install/micro_ros_setup:/home/aziz/microros_ws1/install/micro_ros_agent:/home/aziz/microros_ws1/install/drive_base_msgs:/opt/ros/foxy LD_LIBRARY_PATH=/home/aziz/microros_ws1/install/micro_ros_msgs/lib:/home/aziz/microros_ws1/install/micro_ros_agent/lib:/home/aziz/microros_ws1/install/drive_base_msgs/lib:/opt/ros/foxy/opt/yaml_cpp_vendor/lib:/opt/ros/foxy/opt/rviz_ogre_vendor/lib:/opt/ros/foxy/lib/x86_64-linux-gnu:/opt/ros/foxy/lib /usr/bin/cmake --install /home/aziz/microros_ws1/build/micro_ros_agent
[3.851s] Level 1:colcon.colcon_core.environment:create_environment_scripts_only(micro_ros_agent)
[3.862s] Level 1:colcon.colcon_core.environment:checking '/home/aziz/microros_ws1/install/micro_ros_agent' for CMake module files
[3.862s] DEBUG:colcon.colcon_core.event_handler.log_command:Invoked command in '/home/aziz/microros_ws1/build/micro_ros_agent' returned '0': CMAKE_PREFIX_PATH=/home/aziz/microros_ws1/install/micro_ros_msgs:/home/aziz/microros_ws1/install/micro_ros_setup:/home/aziz/microros_ws1/install/micro_ros_agent:/home/aziz/microros_ws1/install/drive_base_msgs:/opt/ros/foxy LD_LIBRARY_PATH=/home/aziz/microros_ws1/install/micro_ros_msgs/lib:/home/aziz/microros_ws1/install/micro_ros_agent/lib:/home/aziz/microros_ws1/install/drive_base_msgs/lib:/opt/ros/foxy/opt/yaml_cpp_vendor/lib:/opt/ros/foxy/opt/rviz_ogre_vendor/lib:/opt/ros/foxy/lib/x86_64-linux-gnu:/opt/ros/foxy/lib /usr/bin/cmake --install /home/aziz/microros_ws1/build/micro_ros_agent
[3.863s] Level 1:colcon.colcon_core.environment:checking '/home/aziz/microros_ws1/install/micro_ros_agent' for CMake config files
[3.863s] Level 1:colcon.colcon_core.shell:create_environment_hook('micro_ros_agent', 'cmake_prefix_path')
[3.870s] INFO:colcon.colcon_core.shell:Creating environment hook '/home/aziz/microros_ws1/install/micro_ros_agent/share/micro_ros_agent/hook/cmake_prefix_path.ps1'
[3.871s] INFO:colcon.colcon_core.shell:Creating environment descriptor '/home/aziz/microros_ws1/install/micro_ros_agent/share/micro_ros_agent/hook/cmake_prefix_path.dsv'
[3.871s] INFO:colcon.colcon_core.shell:Creating environment hook '/home/aziz/microros_ws1/install/micro_ros_agent/share/micro_ros_agent/hook/cmake_prefix_path.sh'
[3.872s] Level 1:colcon.colcon_core.environment:checking '/home/aziz/microros_ws1/install/micro_ros_agent/lib'
[3.872s] Level 1:colcon.colcon_core.shell:create_environment_hook('micro_ros_agent', 'ld_library_path_lib')
[3.880s] INFO:colcon.colcon_core.shell:Creating environment hook '/home/aziz/microros_ws1/install/micro_ros_agent/share/micro_ros_agent/hook/ld_library_path_lib.ps1'
[3.880s] INFO:colcon.colcon_core.shell:Creating environment descriptor '/home/aziz/microros_ws1/install/micro_ros_agent/share/micro_ros_agent/hook/ld_library_path_lib.dsv'
[3.881s] INFO:colcon.colcon_core.shell:Creating environment hook '/home/aziz/microros_ws1/install/micro_ros_agent/share/micro_ros_agent/hook/ld_library_path_lib.sh'
[3.881s] Level 1:colcon.colcon_core.environment:checking '/home/aziz/microros_ws1/install/micro_ros_agent/bin'
[3.881s] Level 1:colcon.colcon_core.environment:checking '/home/aziz/microros_ws1/install/micro_ros_agent/lib/pkgconfig/micro_ros_agent.pc'
[3.881s] Level 1:colcon.colcon_core.environment:checking '/home/aziz/microros_ws1/install/micro_ros_agent/lib/python3.8/site-packages'
[3.882s] Level 1:colcon.colcon_core.environment:checking '/home/aziz/microros_ws1/install/micro_ros_agent/bin'
[3.889s] INFO:colcon.colcon_core.shell:Creating package script '/home/aziz/microros_ws1/install/micro_ros_agent/share/micro_ros_agent/package.ps1'
[3.890s] INFO:colcon.colcon_core.shell:Creating package descriptor '/home/aziz/microros_ws1/install/micro_ros_agent/share/micro_ros_agent/package.dsv'
[3.890s] INFO:colcon.colcon_core.shell:Creating package script '/home/aziz/microros_ws1/install/micro_ros_agent/share/micro_ros_agent/package.sh'
[3.890s] INFO:colcon.colcon_core.shell:Creating package script '/home/aziz/microros_ws1/install/micro_ros_agent/share/micro_ros_agent/package.bash'
[3.891s] INFO:colcon.colcon_core.shell:Creating package script '/home/aziz/microros_ws1/install/micro_ros_agent/share/micro_ros_agent/package.zsh'
[3.891s] Level 1:colcon.colcon_core.environment:create_file_with_runtime_dependencies(/home/aziz/microros_ws1/install/micro_ros_agent/share/colcon-core/packages/micro_ros_agent)
[3.937s] Level 1:colcon.colcon_core.environment:create_environment_scripts_only(micro_ros_agent)
[3.946s] Level 1:colcon.colcon_core.environment:checking '/home/aziz/microros_ws1/install/micro_ros_agent' for CMake module files
[3.947s] Level 1:colcon.colcon_core.environment:checking '/home/aziz/microros_ws1/install/micro_ros_agent' for CMake config files
[3.947s] Level 1:colcon.colcon_core.shell:create_environment_hook('micro_ros_agent', 'cmake_prefix_path')
[3.954s] INFO:colcon.colcon_core.shell:Creating environment hook '/home/aziz/microros_ws1/install/micro_ros_agent/share/micro_ros_agent/hook/cmake_prefix_path.ps1'
[3.954s] INFO:colcon.colcon_core.shell:Creating environment descriptor '/home/aziz/microros_ws1/install/micro_ros_agent/share/micro_ros_agent/hook/cmake_prefix_path.dsv'
[3.955s] INFO:colcon.colcon_core.shell:Creating environment hook '/home/aziz/microros_ws1/install/micro_ros_agent/share/micro_ros_agent/hook/cmake_prefix_path.sh'
[3.955s] Level 1:colcon.colcon_core.environment:checking '/home/aziz/microros_ws1/install/micro_ros_agent/lib'
[3.955s] Level 1:colcon.colcon_core.shell:create_environment_hook('micro_ros_agent', 'ld_library_path_lib')
[3.963s] INFO:colcon.colcon_core.shell:Creating environment hook '/home/aziz/microros_ws1/install/micro_ros_agent/share/micro_ros_agent/hook/ld_library_path_lib.ps1'
[3.964s] INFO:colcon.colcon_core.shell:Creating environment descriptor '/home/aziz/microros_ws1/install/micro_ros_agent/share/micro_ros_agent/hook/ld_library_path_lib.dsv'
[3.964s] INFO:colcon.colcon_core.shell:Creating environment hook '/home/aziz/microros_ws1/install/micro_ros_agent/share/micro_ros_agent/hook/ld_library_path_lib.sh'
[3.964s] Level 1:colcon.colcon_core.environment:checking '/home/aziz/microros_ws1/install/micro_ros_agent/bin'
[3.964s] Level 1:colcon.colcon_core.environment:checking '/home/aziz/microros_ws1/install/micro_ros_agent/lib/pkgconfig/micro_ros_agent.pc'
[3.965s] Level 1:colcon.colcon_core.environment:checking '/home/aziz/microros_ws1/install/micro_ros_agent/lib/python3.8/site-packages'
[3.965s] Level 1:colcon.colcon_core.environment:checking '/home/aziz/microros_ws1/install/micro_ros_agent/bin'
[3.972s] INFO:colcon.colcon_core.shell:Creating package script '/home/aziz/microros_ws1/install/micro_ros_agent/share/micro_ros_agent/package.ps1'
[3.973s] INFO:colcon.colcon_core.shell:Creating package descriptor '/home/aziz/microros_ws1/install/micro_ros_agent/share/micro_ros_agent/package.dsv'
[3.973s] INFO:colcon.colcon_core.shell:Creating package script '/home/aziz/microros_ws1/install/micro_ros_agent/share/micro_ros_agent/package.sh'
[3.974s] INFO:colcon.colcon_core.shell:Creating package script '/home/aziz/microros_ws1/install/micro_ros_agent/share/micro_ros_agent/package.bash'
[3.974s] INFO:colcon.colcon_core.shell:Creating package script '/home/aziz/microros_ws1/install/micro_ros_agent/share/micro_ros_agent/package.zsh'
[3.974s] Level 1:colcon.colcon_core.environment:create_file_with_runtime_dependencies(/home/aziz/microros_ws1/install/micro_ros_agent/share/colcon-core/packages/micro_ros_agent)
[3.975s] DEBUG:colcon.colcon_parallel_executor.executor.parallel:closing loop
[3.975s] DEBUG:colcon.colcon_parallel_executor.executor.parallel:loop closed
[3.975s] DEBUG:colcon.colcon_parallel_executor.executor.parallel:run_until_complete finished with '0'
[3.976s] DEBUG:colcon.colcon_core.event_reactor:joining thread
[3.988s] INFO:colcon.colcon_core.plugin_system:Skipping extension 'colcon_notification.desktop_notification.terminal_notifier': Not used on non-Darwin systems
[3.988s] INFO:colcon.colcon_core.plugin_system:Skipping extension 'colcon_notification.desktop_notification.win32': Not used on non-Windows systems
[3.988s] INFO:colcon.colcon_notification.desktop_notification:Sending desktop notification using 'notify2'
[4.005s] DEBUG:colcon.colcon_core.event_reactor:joined thread
[4.013s] INFO:colcon.colcon_core.shell:Creating prefix script '/home/aziz/microros_ws1/install/local_setup.ps1'
[4.014s] INFO:colcon.colcon_core.shell:Creating prefix util module '/home/aziz/microros_ws1/install/_local_setup_util_ps1.py'
[4.015s] INFO:colcon.colcon_core.shell:Creating prefix chain script '/home/aziz/microros_ws1/install/setup.ps1'
[4.022s] INFO:colcon.colcon_core.shell:Creating prefix script '/home/aziz/microros_ws1/install/local_setup.sh'
[4.022s] INFO:colcon.colcon_core.shell:Creating prefix util module '/home/aziz/microros_ws1/install/_local_setup_util_sh.py'
[4.023s] INFO:colcon.colcon_core.shell:Creating prefix chain script '/home/aziz/microros_ws1/install/setup.sh'
[4.030s] INFO:colcon.colcon_core.shell:Creating prefix script '/home/aziz/microros_ws1/install/local_setup.bash'
[4.030s] INFO:colcon.colcon_core.shell:Creating prefix chain script '/home/aziz/microros_ws1/install/setup.bash'
[4.038s] INFO:colcon.colcon_core.shell:Creating prefix script '/home/aziz/microros_ws1/install/local_setup.zsh'
[4.038s] INFO:colcon.colcon_core.shell:Creating prefix chain script '/home/aziz/microros_ws1/install/setup.zsh'
