[2.015s] Invoking command in '/home/aziz/microros_ws1/firmware/mcu_ws/uros/tracetools/tracetools_launch': AMENT_PREFIX_PATH=/home/aziz/microros_ws1/firmware/mcu_ws/install:${AMENT_PREFIX_PATH} CMAKE_PREFIX_PATH=/home/aziz/microros_ws1/firmware/mcu_ws/install:${CMAKE_PREFIX_PATH} PYTHONPATH=/home/aziz/microros_ws1/firmware/mcu_ws/install/lib/python3.8/site-packages:/home/aziz/microros_ws1/firmware/mcu_ws/install/lib/python3.8/site-packages:${PYTHONPATH} /usr/bin/python3 setup.py egg_info --egg-base ../../../build/tracetools_launch build --build-base /home/aziz/microros_ws1/firmware/mcu_ws/build/tracetools_launch/build install --prefix /home/aziz/microros_ws1/firmware/mcu_ws/install --record /home/aziz/microros_ws1/firmware/mcu_ws/build/tracetools_launch/install.log --single-version-externally-managed
[2.370s] /home/aziz/.local/lib/python3.8/site-packages/setuptools/dist.py:771: UserWarning: Usage of dash-separated 'script-dir' will not be supported in future versions. Please use the underscore name 'script_dir' instead
[2.370s]   warnings.warn(
[2.370s] /home/aziz/.local/lib/python3.8/site-packages/setuptools/dist.py:771: UserWarning: Usage of dash-separated 'install-scripts' will not be supported in future versions. Please use the underscore name 'install_scripts' instead
[2.370s]   warnings.warn(
[2.461s] running egg_info
[2.476s] writing ../../../build/tracetools_launch/tracetools_launch.egg-info/PKG-INFO
[2.476s] writing dependency_links to ../../../build/tracetools_launch/tracetools_launch.egg-info/dependency_links.txt
[2.476s] writing requirements to ../../../build/tracetools_launch/tracetools_launch.egg-info/requires.txt
[2.477s] writing top-level names to ../../../build/tracetools_launch/tracetools_launch.egg-info/top_level.txt
[2.508s] reading manifest file '../../../build/tracetools_launch/tracetools_launch.egg-info/SOURCES.txt'
[2.509s] writing manifest file '../../../build/tracetools_launch/tracetools_launch.egg-info/SOURCES.txt'
[2.509s] running build
[2.509s] running build_py
[2.510s] running install
[2.510s] /home/aziz/.local/lib/python3.8/site-packages/setuptools/command/install.py:34: SetuptoolsDeprecationWarning: setup.py install is deprecated. Use build and pip and other standards-based tools.
[2.510s]   warnings.warn(
[2.517s] running install_lib
[2.532s] running install_data
[2.546s] running install_egg_info
[2.561s] removing '/home/aziz/microros_ws1/firmware/mcu_ws/install/lib/python3.8/site-packages/tracetools_launch-1.0.2-py3.8.egg-info' (and everything under it)
[2.561s] Copying ../../../build/tracetools_launch/tracetools_launch.egg-info to /home/aziz/microros_ws1/firmware/mcu_ws/install/lib/python3.8/site-packages/tracetools_launch-1.0.2-py3.8.egg-info
[2.562s] running install_scripts
[2.635s] writing list of installed files to '/home/aziz/microros_ws1/firmware/mcu_ws/build/tracetools_launch/install.log'
[2.696s] Invoked command in '/home/aziz/microros_ws1/firmware/mcu_ws/uros/tracetools/tracetools_launch' returned '0': AMENT_PREFIX_PATH=/home/aziz/microros_ws1/firmware/mcu_ws/install:${AMENT_PREFIX_PATH} CMAKE_PREFIX_PATH=/home/aziz/microros_ws1/firmware/mcu_ws/install:${CMAKE_PREFIX_PATH} PYTHONPATH=/home/aziz/microros_ws1/firmware/mcu_ws/install/lib/python3.8/site-packages:/home/aziz/microros_ws1/firmware/mcu_ws/install/lib/python3.8/site-packages:${PYTHONPATH} /usr/bin/python3 setup.py egg_info --egg-base ../../../build/tracetools_launch build --build-base /home/aziz/microros_ws1/firmware/mcu_ws/build/tracetools_launch/build install --prefix /home/aziz/microros_ws1/firmware/mcu_ws/install --record /home/aziz/microros_ws1/firmware/mcu_ws/build/tracetools_launch/install.log --single-version-externally-managed
