[0.174s] Invoking command in '/home/aziz/microros_ws1/firmware/mcu_ws/build/rmw_implementation_cmake': CMAKE_PREFIX_PATH=${CMAKE_PREFIX_PATH}:/home/aziz/microros_ws1/firmware/dev_ws/install/ament_uncrustify:/home/aziz/microros_ws1/firmware/dev_ws/install/domain_coordinator:/home/aziz/microros_ws1/firmware/dev_ws/install/ament_xmllint:/home/aziz/microros_ws1/firmware/dev_ws/install/ament_pyflakes:/home/aziz/microros_ws1/firmware/dev_ws/install/ament_pycodestyle:/home/aziz/microros_ws1/firmware/dev_ws/install/ament_pep257:/home/aziz/microros_ws1/firmware/dev_ws/install/ament_pclint:/home/aziz/microros_ws1/firmware/dev_ws/install/ament_package:/home/aziz/microros_ws1/firmware/dev_ws/install/ament_mypy:/home/aziz/microros_ws1/firmware/dev_ws/install/ament_lint_cmake:/home/aziz/microros_ws1/firmware/dev_ws/install/ament_flake8:/home/aziz/microros_ws1/firmware/dev_ws/install/ament_copyright:/home/aziz/microros_ws1/firmware/dev_ws/install/ament_lint:/home/aziz/microros_ws1/firmware/dev_ws/install/ament_index_python:/home/aziz/microros_ws1/firmware/dev_ws/install/ament_cpplint:/home/aziz/microros_ws1/firmware/dev_ws/install/ament_cppcheck:/home/aziz/microros_ws1/firmware/dev_ws/install/ament_clang_tidy:/home/aziz/microros_ws1/firmware/dev_ws/install/ament_clang_format /usr/bin/cmake --build /home/aziz/microros_ws1/firmware/mcu_ws/build/rmw_implementation_cmake -- -j4 -l4
[0.218s] make[4]: Entering directory '/home/aziz/microros_ws1/firmware/mcu_ws/build/rmw_implementation_cmake'
[0.218s] /usr/bin/cmake -S/home/aziz/microros_ws1/firmware/mcu_ws/ros2/rmw/rmw_implementation_cmake -B/home/aziz/microros_ws1/firmware/mcu_ws/build/rmw_implementation_cmake --check-build-system CMakeFiles/Makefile.cmake 0
[0.218s] Re-run cmake file: Makefile older than: /home/aziz/microros_ws1/firmware/freertos_apps/microros_esp32_extensions/esp32_toolchain.cmake
[0.218s] -- Found ament_cmake: 0.9.11 (/home/aziz/microros_ws1/firmware/dev_ws/install/ament_cmake/share/ament_cmake/cmake)
[0.246s] -- Using PYTHON_EXECUTABLE: /home/aziz/microros_ws1/firmware/toolchain/espressif/python_env/idf4.1_py3.8_env/bin/python3
[0.527s] -- Configuring done
[0.529s] -- Generating done
[0.531s] -- Build files have been written to: /home/aziz/microros_ws1/firmware/mcu_ws/build/rmw_implementation_cmake
[0.533s] /usr/bin/cmake -E cmake_progress_start /home/aziz/microros_ws1/firmware/mcu_ws/build/rmw_implementation_cmake/CMakeFiles /home/aziz/microros_ws1/firmware/mcu_ws/build/rmw_implementation_cmake/CMakeFiles/progress.marks
[0.556s] /usr/bin/make -f CMakeFiles/Makefile2 all
[0.561s] make[5]: Entering directory '/home/aziz/microros_ws1/firmware/mcu_ws/build/rmw_implementation_cmake'
[0.561s] make[5]: Nothing to be done for 'all'.
[0.561s] make[5]: Leaving directory '/home/aziz/microros_ws1/firmware/mcu_ws/build/rmw_implementation_cmake'
[0.561s] /usr/bin/cmake -E cmake_progress_start /home/aziz/microros_ws1/firmware/mcu_ws/build/rmw_implementation_cmake/CMakeFiles 0
[0.571s] make[4]: Leaving directory '/home/aziz/microros_ws1/firmware/mcu_ws/build/rmw_implementation_cmake'
[0.574s] Invoked command in '/home/aziz/microros_ws1/firmware/mcu_ws/build/rmw_implementation_cmake' returned '0': CMAKE_PREFIX_PATH=${CMAKE_PREFIX_PATH}:/home/aziz/microros_ws1/firmware/dev_ws/install/ament_uncrustify:/home/aziz/microros_ws1/firmware/dev_ws/install/domain_coordinator:/home/aziz/microros_ws1/firmware/dev_ws/install/ament_xmllint:/home/aziz/microros_ws1/firmware/dev_ws/install/ament_pyflakes:/home/aziz/microros_ws1/firmware/dev_ws/install/ament_pycodestyle:/home/aziz/microros_ws1/firmware/dev_ws/install/ament_pep257:/home/aziz/microros_ws1/firmware/dev_ws/install/ament_pclint:/home/aziz/microros_ws1/firmware/dev_ws/install/ament_package:/home/aziz/microros_ws1/firmware/dev_ws/install/ament_mypy:/home/aziz/microros_ws1/firmware/dev_ws/install/ament_lint_cmake:/home/aziz/microros_ws1/firmware/dev_ws/install/ament_flake8:/home/aziz/microros_ws1/firmware/dev_ws/install/ament_copyright:/home/aziz/microros_ws1/firmware/dev_ws/install/ament_lint:/home/aziz/microros_ws1/firmware/dev_ws/install/ament_index_python:/home/aziz/microros_ws1/firmware/dev_ws/install/ament_cpplint:/home/aziz/microros_ws1/firmware/dev_ws/install/ament_cppcheck:/home/aziz/microros_ws1/firmware/dev_ws/install/ament_clang_tidy:/home/aziz/microros_ws1/firmware/dev_ws/install/ament_clang_format /usr/bin/cmake --build /home/aziz/microros_ws1/firmware/mcu_ws/build/rmw_implementation_cmake -- -j4 -l4
[0.703s] Invoking command in '/home/aziz/microros_ws1/firmware/mcu_ws/build/rmw_implementation_cmake': CMAKE_PREFIX_PATH=${CMAKE_PREFIX_PATH}:/home/aziz/microros_ws1/firmware/dev_ws/install/ament_uncrustify:/home/aziz/microros_ws1/firmware/dev_ws/install/domain_coordinator:/home/aziz/microros_ws1/firmware/dev_ws/install/ament_xmllint:/home/aziz/microros_ws1/firmware/dev_ws/install/ament_pyflakes:/home/aziz/microros_ws1/firmware/dev_ws/install/ament_pycodestyle:/home/aziz/microros_ws1/firmware/dev_ws/install/ament_pep257:/home/aziz/microros_ws1/firmware/dev_ws/install/ament_pclint:/home/aziz/microros_ws1/firmware/dev_ws/install/ament_package:/home/aziz/microros_ws1/firmware/dev_ws/install/ament_mypy:/home/aziz/microros_ws1/firmware/dev_ws/install/ament_lint_cmake:/home/aziz/microros_ws1/firmware/dev_ws/install/ament_flake8:/home/aziz/microros_ws1/firmware/dev_ws/install/ament_copyright:/home/aziz/microros_ws1/firmware/dev_ws/install/ament_lint:/home/aziz/microros_ws1/firmware/dev_ws/install/ament_index_python:/home/aziz/microros_ws1/firmware/dev_ws/install/ament_cpplint:/home/aziz/microros_ws1/firmware/dev_ws/install/ament_cppcheck:/home/aziz/microros_ws1/firmware/dev_ws/install/ament_clang_tidy:/home/aziz/microros_ws1/firmware/dev_ws/install/ament_clang_format /usr/bin/cmake --install /home/aziz/microros_ws1/firmware/mcu_ws/build/rmw_implementation_cmake
[0.737s] -- Install configuration: "Debug"
[0.737s] -- Up-to-date: /home/aziz/microros_ws1/firmware/mcu_ws/install/share/ament_index/resource_index/package_run_dependencies/rmw_implementation_cmake
[0.738s] -- Up-to-date: /home/aziz/microros_ws1/firmware/mcu_ws/install/share/ament_index/resource_index/parent_prefix_path/rmw_implementation_cmake
[0.738s] -- Up-to-date: /home/aziz/microros_ws1/firmware/mcu_ws/install/share/rmw_implementation_cmake/environment/ament_prefix_path.sh
[0.742s] -- Installing: /home/aziz/microros_ws1/firmware/mcu_ws/install/share/rmw_implementation_cmake/environment/ament_prefix_path.dsv
[0.742s] -- Up-to-date: /home/aziz/microros_ws1/firmware/mcu_ws/install/share/rmw_implementation_cmake/environment/path.sh
[0.743s] -- Installing: /home/aziz/microros_ws1/firmware/mcu_ws/install/share/rmw_implementation_cmake/environment/path.dsv
[0.744s] -- Up-to-date: /home/aziz/microros_ws1/firmware/mcu_ws/install/share/rmw_implementation_cmake/local_setup.bash
[0.745s] -- Up-to-date: /home/aziz/microros_ws1/firmware/mcu_ws/install/share/rmw_implementation_cmake/local_setup.sh
[0.746s] -- Up-to-date: /home/aziz/microros_ws1/firmware/mcu_ws/install/share/rmw_implementation_cmake/local_setup.zsh
[0.747s] -- Installing: /home/aziz/microros_ws1/firmware/mcu_ws/install/share/rmw_implementation_cmake/local_setup.dsv
[0.747s] -- Installing: /home/aziz/microros_ws1/firmware/mcu_ws/install/share/rmw_implementation_cmake/package.dsv
[0.748s] -- Up-to-date: /home/aziz/microros_ws1/firmware/mcu_ws/install/share/ament_index/resource_index/packages/rmw_implementation_cmake
[0.748s] -- Up-to-date: /home/aziz/microros_ws1/firmware/mcu_ws/install/share/rmw_implementation_cmake/cmake/rmw_implementation_cmake-extras.cmake
[0.748s] -- Up-to-date: /home/aziz/microros_ws1/firmware/mcu_ws/install/share/rmw_implementation_cmake/cmake/ament_cmake_export_dependencies-extras.cmake
[0.749s] -- Up-to-date: /home/aziz/microros_ws1/firmware/mcu_ws/install/share/rmw_implementation_cmake/cmake/rmw_implementation_cmakeConfig.cmake
[0.749s] -- Up-to-date: /home/aziz/microros_ws1/firmware/mcu_ws/install/share/rmw_implementation_cmake/cmake/rmw_implementation_cmakeConfig-version.cmake
[0.750s] -- Up-to-date: /home/aziz/microros_ws1/firmware/mcu_ws/install/share/rmw_implementation_cmake/package.xml
[0.750s] -- Up-to-date: /home/aziz/microros_ws1/firmware/mcu_ws/install/share/rmw_implementation_cmake/cmake
[0.750s] -- Up-to-date: /home/aziz/microros_ws1/firmware/mcu_ws/install/share/rmw_implementation_cmake/cmake/call_for_each_rmw_implementation.cmake
[0.751s] -- Up-to-date: /home/aziz/microros_ws1/firmware/mcu_ws/install/share/rmw_implementation_cmake/cmake/get_available_rmw_implementations.cmake
[0.751s] -- Up-to-date: /home/aziz/microros_ws1/firmware/mcu_ws/install/share/rmw_implementation_cmake/cmake/get_default_rmw_implementation.cmake
[0.764s] Invoked command in '/home/aziz/microros_ws1/firmware/mcu_ws/build/rmw_implementation_cmake' returned '0': CMAKE_PREFIX_PATH=${CMAKE_PREFIX_PATH}:/home/aziz/microros_ws1/firmware/dev_ws/install/ament_uncrustify:/home/aziz/microros_ws1/firmware/dev_ws/install/domain_coordinator:/home/aziz/microros_ws1/firmware/dev_ws/install/ament_xmllint:/home/aziz/microros_ws1/firmware/dev_ws/install/ament_pyflakes:/home/aziz/microros_ws1/firmware/dev_ws/install/ament_pycodestyle:/home/aziz/microros_ws1/firmware/dev_ws/install/ament_pep257:/home/aziz/microros_ws1/firmware/dev_ws/install/ament_pclint:/home/aziz/microros_ws1/firmware/dev_ws/install/ament_package:/home/aziz/microros_ws1/firmware/dev_ws/install/ament_mypy:/home/aziz/microros_ws1/firmware/dev_ws/install/ament_lint_cmake:/home/aziz/microros_ws1/firmware/dev_ws/install/ament_flake8:/home/aziz/microros_ws1/firmware/dev_ws/install/ament_copyright:/home/aziz/microros_ws1/firmware/dev_ws/install/ament_lint:/home/aziz/microros_ws1/firmware/dev_ws/install/ament_index_python:/home/aziz/microros_ws1/firmware/dev_ws/install/ament_cpplint:/home/aziz/microros_ws1/firmware/dev_ws/install/ament_cppcheck:/home/aziz/microros_ws1/firmware/dev_ws/install/ament_clang_tidy:/home/aziz/microros_ws1/firmware/dev_ws/install/ament_clang_format /usr/bin/cmake --install /home/aziz/microros_ws1/firmware/mcu_ws/build/rmw_implementation_cmake
