[0.695s] DEBUG:colcon:Command line arguments: ['/home/aziz/.local/bin/colcon', 'build']
[0.695s] DEBUG:colcon:Parsed command line arguments: Namespace(allow_overriding=[], ament_cmake_args=None, base_paths=['.'], build_base='build', catkin_cmake_args=None, catkin_skip_building_tests=False, cmake_args=None, cmake_clean_cache=False, cmake_clean_first=False, cmake_force_configure=False, cmake_target=None, cmake_target_skip_unavailable=False, continue_on_error=False, event_handlers=None, executor='parallel', ignore_user_meta=False, install_base='install', log_base=None, log_level=None, main=<bound method BuildVerb.main of <colcon_core.verb.build.BuildVerb object at 0x7f2fa0fd28b0>>, merge_install=False, metas=['./colcon.meta'], packages_above=None, packages_above_and_dependencies=None, packages_above_depth=None, packages_end=None, packages_ignore=None, packages_ignore_regex=None, packages_select=None, packages_select_build_failed=False, packages_select_by_dep=None, packages_select_regex=None, packages_select_test_failures=False, packages_skip=None, packages_skip_build_finished=False, packages_skip_by_dep=None, packages_skip_regex=None, packages_skip_test_passed=False, packages_skip_up_to=None, packages_start=None, packages_up_to=None, packages_up_to_regex=None, parallel_workers=4, paths=None, symlink_install=False, test_result_base=None, verb_extension=<colcon_core.verb.build.BuildVerb object at 0x7f2fa0fd28b0>, verb_name='build', verb_parser=<colcon_defaults.argument_parser.defaults.DefaultArgumentsDecorator object at 0x7f2fa0cbbeb0>)
[0.760s] Level 1:colcon.colcon_core.package_discovery:discover_packages(colcon_meta) check parameters
[0.761s] Level 1:colcon.colcon_core.package_discovery:discover_packages(recursive) check parameters
[0.761s] Level 1:colcon.colcon_core.package_discovery:discover_packages(ignore) check parameters
[0.761s] Level 1:colcon.colcon_core.package_discovery:discover_packages(path) check parameters
[0.761s] Level 1:colcon.colcon_core.package_discovery:discover_packages(colcon_meta) discover
[0.761s] Level 1:colcon.colcon_core.package_discovery:discover_packages(recursive) discover
[0.761s] INFO:colcon.colcon_core.package_discovery:Crawling recursively for packages in '/home/aziz/microros_ws1'
[0.761s] Level 1:colcon.colcon_core.package_identification:_identify(.) by extensions ['ignore', 'ignore_ament_install']
[0.761s] Level 1:colcon.colcon_core.package_identification:_identify(.) by extension 'ignore'
[0.761s] Level 1:colcon.colcon_core.package_identification:_identify(.) by extension 'ignore_ament_install'
[0.761s] Level 1:colcon.colcon_core.package_identification:_identify(.) by extensions ['colcon_pkg']
[0.761s] Level 1:colcon.colcon_core.package_identification:_identify(.) by extension 'colcon_pkg'
[0.761s] Level 1:colcon.colcon_core.package_identification:_identify(.) by extensions ['colcon_meta']
[0.761s] Level 1:colcon.colcon_core.package_identification:_identify(.) by extension 'colcon_meta'
[0.761s] Level 1:colcon.colcon_core.package_identification:_identify(.) by extensions ['ros']
[0.761s] Level 1:colcon.colcon_core.package_identification:_identify(.) by extension 'ros'
[0.779s] Level 1:colcon.colcon_core.package_identification:_identify(.) by extensions ['cmake', 'python']
[0.779s] Level 1:colcon.colcon_core.package_identification:_identify(.) by extension 'cmake'
[0.779s] Level 1:colcon.colcon_core.package_identification:_identify(.) by extension 'python'
[0.779s] Level 1:colcon.colcon_core.package_identification:_identify(.) by extensions ['python_setup_py']
[0.779s] Level 1:colcon.colcon_core.package_identification:_identify(.) by extension 'python_setup_py'
[0.779s] Level 1:colcon.colcon_core.package_identification:_identify(IMU_Publisher) by extensions ['ignore', 'ignore_ament_install']
[0.779s] Level 1:colcon.colcon_core.package_identification:_identify(IMU_Publisher) by extension 'ignore'
[0.780s] Level 1:colcon.colcon_core.package_identification:_identify(IMU_Publisher) by extension 'ignore_ament_install'
[0.780s] Level 1:colcon.colcon_core.package_identification:_identify(IMU_Publisher) by extensions ['colcon_pkg']
[0.780s] Level 1:colcon.colcon_core.package_identification:_identify(IMU_Publisher) by extension 'colcon_pkg'
[0.780s] Level 1:colcon.colcon_core.package_identification:_identify(IMU_Publisher) by extensions ['colcon_meta']
[0.780s] Level 1:colcon.colcon_core.package_identification:_identify(IMU_Publisher) by extension 'colcon_meta'
[0.780s] Level 1:colcon.colcon_core.package_identification:_identify(IMU_Publisher) by extensions ['ros']
[0.780s] Level 1:colcon.colcon_core.package_identification:_identify(IMU_Publisher) by extension 'ros'
[0.780s] Level 1:colcon.colcon_core.package_identification:_identify(IMU_Publisher) by extensions ['cmake', 'python']
[0.780s] Level 1:colcon.colcon_core.package_identification:_identify(IMU_Publisher) by extension 'cmake'
[0.780s] Level 1:colcon.colcon_core.package_identification:_identify(IMU_Publisher) by extension 'python'
[0.780s] Level 1:colcon.colcon_core.package_identification:_identify(IMU_Publisher) by extensions ['python_setup_py']
[0.780s] Level 1:colcon.colcon_core.package_identification:_identify(IMU_Publisher) by extension 'python_setup_py'
[0.780s] Level 1:colcon.colcon_core.package_identification:_identify(build) by extensions ['ignore', 'ignore_ament_install']
[0.780s] Level 1:colcon.colcon_core.package_identification:_identify(build) by extension 'ignore'
[0.780s] Level 1:colcon.colcon_core.package_identification:_identify(build) ignored
[0.780s] Level 1:colcon.colcon_core.package_identification:_identify(firmware) by extensions ['ignore', 'ignore_ament_install']
[0.780s] Level 1:colcon.colcon_core.package_identification:_identify(firmware) by extension 'ignore'
[0.780s] Level 1:colcon.colcon_core.package_identification:_identify(firmware) ignored
[0.781s] Level 1:colcon.colcon_core.package_identification:_identify(install) by extensions ['ignore', 'ignore_ament_install']
[0.781s] Level 1:colcon.colcon_core.package_identification:_identify(install) by extension 'ignore'
[0.781s] Level 1:colcon.colcon_core.package_identification:_identify(install) ignored
[0.781s] Level 1:colcon.colcon_core.package_identification:_identify(log) by extensions ['ignore', 'ignore_ament_install']
[0.781s] Level 1:colcon.colcon_core.package_identification:_identify(log) by extension 'ignore'
[0.781s] Level 1:colcon.colcon_core.package_identification:_identify(log) ignored
[0.781s] Level 1:colcon.colcon_core.package_identification:_identify(src) by extensions ['ignore', 'ignore_ament_install']
[0.781s] Level 1:colcon.colcon_core.package_identification:_identify(src) by extension 'ignore'
[0.781s] Level 1:colcon.colcon_core.package_identification:_identify(src) by extension 'ignore_ament_install'
[0.781s] Level 1:colcon.colcon_core.package_identification:_identify(src) by extensions ['colcon_pkg']
[0.781s] Level 1:colcon.colcon_core.package_identification:_identify(src) by extension 'colcon_pkg'
[0.781s] Level 1:colcon.colcon_core.package_identification:_identify(src) by extensions ['colcon_meta']
[0.781s] Level 1:colcon.colcon_core.package_identification:_identify(src) by extension 'colcon_meta'
[0.781s] Level 1:colcon.colcon_core.package_identification:_identify(src) by extensions ['ros']
[0.781s] Level 1:colcon.colcon_core.package_identification:_identify(src) by extension 'ros'
[0.781s] Level 1:colcon.colcon_core.package_identification:_identify(src) by extensions ['cmake', 'python']
[0.782s] Level 1:colcon.colcon_core.package_identification:_identify(src) by extension 'cmake'
[0.782s] Level 1:colcon.colcon_core.package_identification:_identify(src) by extension 'python'
[0.782s] Level 1:colcon.colcon_core.package_identification:_identify(src) by extensions ['python_setup_py']
[0.782s] Level 1:colcon.colcon_core.package_identification:_identify(src) by extension 'python_setup_py'
[0.782s] Level 1:colcon.colcon_core.package_identification:_identify(src/micro_ros_setup) by extensions ['ignore', 'ignore_ament_install']
[0.782s] Level 1:colcon.colcon_core.package_identification:_identify(src/micro_ros_setup) by extension 'ignore'
[0.782s] Level 1:colcon.colcon_core.package_identification:_identify(src/micro_ros_setup) by extension 'ignore_ament_install'
[0.782s] Level 1:colcon.colcon_core.package_identification:_identify(src/micro_ros_setup) by extensions ['colcon_pkg']
[0.782s] Level 1:colcon.colcon_core.package_identification:_identify(src/micro_ros_setup) by extension 'colcon_pkg'
[0.782s] Level 1:colcon.colcon_core.package_identification:_identify(src/micro_ros_setup) by extensions ['colcon_meta']
[0.782s] Level 1:colcon.colcon_core.package_identification:_identify(src/micro_ros_setup) by extension 'colcon_meta'
[0.782s] Level 1:colcon.colcon_core.package_identification:_identify(src/micro_ros_setup) by extensions ['ros']
[0.782s] Level 1:colcon.colcon_core.package_identification:_identify(src/micro_ros_setup) by extension 'ros'
[0.785s] DEBUG:colcon.colcon_core.package_identification:Package 'src/micro_ros_setup' with type 'ros.ament_cmake' and name 'micro_ros_setup'
[0.785s] Level 1:colcon.colcon_core.package_identification:_identify(src/uros) by extensions ['ignore', 'ignore_ament_install']
[0.786s] Level 1:colcon.colcon_core.package_identification:_identify(src/uros) by extension 'ignore'
[0.786s] Level 1:colcon.colcon_core.package_identification:_identify(src/uros) by extension 'ignore_ament_install'
[0.786s] Level 1:colcon.colcon_core.package_identification:_identify(src/uros) by extensions ['colcon_pkg']
[0.786s] Level 1:colcon.colcon_core.package_identification:_identify(src/uros) by extension 'colcon_pkg'
[0.786s] Level 1:colcon.colcon_core.package_identification:_identify(src/uros) by extensions ['colcon_meta']
[0.786s] Level 1:colcon.colcon_core.package_identification:_identify(src/uros) by extension 'colcon_meta'
[0.786s] Level 1:colcon.colcon_core.package_identification:_identify(src/uros) by extensions ['ros']
[0.786s] Level 1:colcon.colcon_core.package_identification:_identify(src/uros) by extension 'ros'
[0.786s] Level 1:colcon.colcon_core.package_identification:_identify(src/uros) by extensions ['cmake', 'python']
[0.786s] Level 1:colcon.colcon_core.package_identification:_identify(src/uros) by extension 'cmake'
[0.786s] Level 1:colcon.colcon_core.package_identification:_identify(src/uros) by extension 'python'
[0.786s] Level 1:colcon.colcon_core.package_identification:_identify(src/uros) by extensions ['python_setup_py']
[0.786s] Level 1:colcon.colcon_core.package_identification:_identify(src/uros) by extension 'python_setup_py'
[0.786s] Level 1:colcon.colcon_core.package_identification:_identify(src/uros/drive_base) by extensions ['ignore', 'ignore_ament_install']
[0.786s] Level 1:colcon.colcon_core.package_identification:_identify(src/uros/drive_base) by extension 'ignore'
[0.786s] Level 1:colcon.colcon_core.package_identification:_identify(src/uros/drive_base) by extension 'ignore_ament_install'
[0.786s] Level 1:colcon.colcon_core.package_identification:_identify(src/uros/drive_base) by extensions ['colcon_pkg']
[0.786s] Level 1:colcon.colcon_core.package_identification:_identify(src/uros/drive_base) by extension 'colcon_pkg'
[0.787s] Level 1:colcon.colcon_core.package_identification:_identify(src/uros/drive_base) by extensions ['colcon_meta']
[0.787s] Level 1:colcon.colcon_core.package_identification:_identify(src/uros/drive_base) by extension 'colcon_meta'
[0.787s] Level 1:colcon.colcon_core.package_identification:_identify(src/uros/drive_base) by extensions ['ros']
[0.787s] Level 1:colcon.colcon_core.package_identification:_identify(src/uros/drive_base) by extension 'ros'
[0.787s] Level 1:colcon.colcon_core.package_identification:_identify(src/uros/drive_base) by extensions ['cmake', 'python']
[0.787s] Level 1:colcon.colcon_core.package_identification:_identify(src/uros/drive_base) by extension 'cmake'
[0.787s] Level 1:colcon.colcon_core.package_identification:_identify(src/uros/drive_base) by extension 'python'
[0.787s] Level 1:colcon.colcon_core.package_identification:_identify(src/uros/drive_base) by extensions ['python_setup_py']
[0.787s] Level 1:colcon.colcon_core.package_identification:_identify(src/uros/drive_base) by extension 'python_setup_py'
[0.787s] Level 1:colcon.colcon_core.package_identification:_identify(src/uros/drive_base/drive_base_msgs) by extensions ['ignore', 'ignore_ament_install']
[0.787s] Level 1:colcon.colcon_core.package_identification:_identify(src/uros/drive_base/drive_base_msgs) by extension 'ignore'
[0.787s] Level 1:colcon.colcon_core.package_identification:_identify(src/uros/drive_base/drive_base_msgs) by extension 'ignore_ament_install'
[0.787s] Level 1:colcon.colcon_core.package_identification:_identify(src/uros/drive_base/drive_base_msgs) by extensions ['colcon_pkg']
[0.787s] Level 1:colcon.colcon_core.package_identification:_identify(src/uros/drive_base/drive_base_msgs) by extension 'colcon_pkg'
[0.787s] Level 1:colcon.colcon_core.package_identification:_identify(src/uros/drive_base/drive_base_msgs) by extensions ['colcon_meta']
[0.787s] Level 1:colcon.colcon_core.package_identification:_identify(src/uros/drive_base/drive_base_msgs) by extension 'colcon_meta'
[0.787s] Level 1:colcon.colcon_core.package_identification:_identify(src/uros/drive_base/drive_base_msgs) by extensions ['ros']
[0.787s] Level 1:colcon.colcon_core.package_identification:_identify(src/uros/drive_base/drive_base_msgs) by extension 'ros'
[0.788s] DEBUG:colcon.colcon_core.package_identification:Package 'src/uros/drive_base/drive_base_msgs' with type 'ros.ament_cmake' and name 'drive_base_msgs'
[0.788s] Level 1:colcon.colcon_core.package_identification:_identify(src/uros/micro-ROS-Agent) by extensions ['ignore', 'ignore_ament_install']
[0.788s] Level 1:colcon.colcon_core.package_identification:_identify(src/uros/micro-ROS-Agent) by extension 'ignore'
[0.788s] Level 1:colcon.colcon_core.package_identification:_identify(src/uros/micro-ROS-Agent) by extension 'ignore_ament_install'
[0.788s] Level 1:colcon.colcon_core.package_identification:_identify(src/uros/micro-ROS-Agent) by extensions ['colcon_pkg']
[0.788s] Level 1:colcon.colcon_core.package_identification:_identify(src/uros/micro-ROS-Agent) by extension 'colcon_pkg'
[0.788s] Level 1:colcon.colcon_core.package_identification:_identify(src/uros/micro-ROS-Agent) by extensions ['colcon_meta']
[0.788s] Level 1:colcon.colcon_core.package_identification:_identify(src/uros/micro-ROS-Agent) by extension 'colcon_meta'
[0.788s] Level 1:colcon.colcon_core.package_identification:_identify(src/uros/micro-ROS-Agent) by extensions ['ros']
[0.788s] Level 1:colcon.colcon_core.package_identification:_identify(src/uros/micro-ROS-Agent) by extension 'ros'
[0.788s] Level 1:colcon.colcon_core.package_identification:_identify(src/uros/micro-ROS-Agent) by extensions ['cmake', 'python']
[0.789s] Level 1:colcon.colcon_core.package_identification:_identify(src/uros/micro-ROS-Agent) by extension 'cmake'
[0.789s] Level 1:colcon.colcon_core.package_identification:_identify(src/uros/micro-ROS-Agent) by extension 'python'
[0.789s] Level 1:colcon.colcon_core.package_identification:_identify(src/uros/micro-ROS-Agent) by extensions ['python_setup_py']
[0.789s] Level 1:colcon.colcon_core.package_identification:_identify(src/uros/micro-ROS-Agent) by extension 'python_setup_py'
[0.789s] Level 1:colcon.colcon_core.package_identification:_identify(src/uros/micro-ROS-Agent/micro_ros_agent) by extensions ['ignore', 'ignore_ament_install']
[0.789s] Level 1:colcon.colcon_core.package_identification:_identify(src/uros/micro-ROS-Agent/micro_ros_agent) by extension 'ignore'
[0.789s] Level 1:colcon.colcon_core.package_identification:_identify(src/uros/micro-ROS-Agent/micro_ros_agent) by extension 'ignore_ament_install'
[0.789s] Level 1:colcon.colcon_core.package_identification:_identify(src/uros/micro-ROS-Agent/micro_ros_agent) by extensions ['colcon_pkg']
[0.789s] Level 1:colcon.colcon_core.package_identification:_identify(src/uros/micro-ROS-Agent/micro_ros_agent) by extension 'colcon_pkg'
[0.789s] Level 1:colcon.colcon_core.package_identification:_identify(src/uros/micro-ROS-Agent/micro_ros_agent) by extensions ['colcon_meta']
[0.789s] Level 1:colcon.colcon_core.package_identification:_identify(src/uros/micro-ROS-Agent/micro_ros_agent) by extension 'colcon_meta'
[0.789s] Level 1:colcon.colcon_core.package_identification:_identify(src/uros/micro-ROS-Agent/micro_ros_agent) by extensions ['ros']
[0.789s] Level 1:colcon.colcon_core.package_identification:_identify(src/uros/micro-ROS-Agent/micro_ros_agent) by extension 'ros'
[0.802s] DEBUG:colcon.colcon_core.package_identification:Package 'src/uros/micro-ROS-Agent/micro_ros_agent' with type 'ros.ament_cmake' and name 'micro_ros_agent'
[0.802s] Level 1:colcon.colcon_core.package_identification:_identify(src/uros/micro-ROS-Agent/snap) by extensions ['ignore', 'ignore_ament_install']
[0.802s] Level 1:colcon.colcon_core.package_identification:_identify(src/uros/micro-ROS-Agent/snap) by extension 'ignore'
[0.802s] Level 1:colcon.colcon_core.package_identification:_identify(src/uros/micro-ROS-Agent/snap) by extension 'ignore_ament_install'
[0.802s] Level 1:colcon.colcon_core.package_identification:_identify(src/uros/micro-ROS-Agent/snap) by extensions ['colcon_pkg']
[0.802s] Level 1:colcon.colcon_core.package_identification:_identify(src/uros/micro-ROS-Agent/snap) by extension 'colcon_pkg'
[0.803s] Level 1:colcon.colcon_core.package_identification:_identify(src/uros/micro-ROS-Agent/snap) by extensions ['colcon_meta']
[0.803s] Level 1:colcon.colcon_core.package_identification:_identify(src/uros/micro-ROS-Agent/snap) by extension 'colcon_meta'
[0.803s] Level 1:colcon.colcon_core.package_identification:_identify(src/uros/micro-ROS-Agent/snap) by extensions ['ros']
[0.803s] Level 1:colcon.colcon_core.package_identification:_identify(src/uros/micro-ROS-Agent/snap) by extension 'ros'
[0.803s] Level 1:colcon.colcon_core.package_identification:_identify(src/uros/micro-ROS-Agent/snap) by extensions ['cmake', 'python']
[0.803s] Level 1:colcon.colcon_core.package_identification:_identify(src/uros/micro-ROS-Agent/snap) by extension 'cmake'
[0.803s] Level 1:colcon.colcon_core.package_identification:_identify(src/uros/micro-ROS-Agent/snap) by extension 'python'
[0.803s] Level 1:colcon.colcon_core.package_identification:_identify(src/uros/micro-ROS-Agent/snap) by extensions ['python_setup_py']
[0.803s] Level 1:colcon.colcon_core.package_identification:_identify(src/uros/micro-ROS-Agent/snap) by extension 'python_setup_py'
[0.803s] Level 1:colcon.colcon_core.package_identification:_identify(src/uros/micro-ROS-Agent/snap/hooks) by extensions ['ignore', 'ignore_ament_install']
[0.803s] Level 1:colcon.colcon_core.package_identification:_identify(src/uros/micro-ROS-Agent/snap/hooks) by extension 'ignore'
[0.803s] Level 1:colcon.colcon_core.package_identification:_identify(src/uros/micro-ROS-Agent/snap/hooks) by extension 'ignore_ament_install'
[0.803s] Level 1:colcon.colcon_core.package_identification:_identify(src/uros/micro-ROS-Agent/snap/hooks) by extensions ['colcon_pkg']
[0.803s] Level 1:colcon.colcon_core.package_identification:_identify(src/uros/micro-ROS-Agent/snap/hooks) by extension 'colcon_pkg'
[0.803s] Level 1:colcon.colcon_core.package_identification:_identify(src/uros/micro-ROS-Agent/snap/hooks) by extensions ['colcon_meta']
[0.803s] Level 1:colcon.colcon_core.package_identification:_identify(src/uros/micro-ROS-Agent/snap/hooks) by extension 'colcon_meta'
[0.803s] Level 1:colcon.colcon_core.package_identification:_identify(src/uros/micro-ROS-Agent/snap/hooks) by extensions ['ros']
[0.803s] Level 1:colcon.colcon_core.package_identification:_identify(src/uros/micro-ROS-Agent/snap/hooks) by extension 'ros'
[0.803s] Level 1:colcon.colcon_core.package_identification:_identify(src/uros/micro-ROS-Agent/snap/hooks) by extensions ['cmake', 'python']
[0.804s] Level 1:colcon.colcon_core.package_identification:_identify(src/uros/micro-ROS-Agent/snap/hooks) by extension 'cmake'
[0.804s] Level 1:colcon.colcon_core.package_identification:_identify(src/uros/micro-ROS-Agent/snap/hooks) by extension 'python'
[0.804s] Level 1:colcon.colcon_core.package_identification:_identify(src/uros/micro-ROS-Agent/snap/hooks) by extensions ['python_setup_py']
[0.804s] Level 1:colcon.colcon_core.package_identification:_identify(src/uros/micro-ROS-Agent/snap/hooks) by extension 'python_setup_py'
[0.804s] Level 1:colcon.colcon_core.package_identification:_identify(src/uros/micro-ROS-Agent/snap/local) by extensions ['ignore', 'ignore_ament_install']
[0.804s] Level 1:colcon.colcon_core.package_identification:_identify(src/uros/micro-ROS-Agent/snap/local) by extension 'ignore'
[0.804s] Level 1:colcon.colcon_core.package_identification:_identify(src/uros/micro-ROS-Agent/snap/local) by extension 'ignore_ament_install'
[0.804s] Level 1:colcon.colcon_core.package_identification:_identify(src/uros/micro-ROS-Agent/snap/local) by extensions ['colcon_pkg']
[0.804s] Level 1:colcon.colcon_core.package_identification:_identify(src/uros/micro-ROS-Agent/snap/local) by extension 'colcon_pkg'
[0.804s] Level 1:colcon.colcon_core.package_identification:_identify(src/uros/micro-ROS-Agent/snap/local) by extensions ['colcon_meta']
[0.804s] Level 1:colcon.colcon_core.package_identification:_identify(src/uros/micro-ROS-Agent/snap/local) by extension 'colcon_meta'
[0.804s] Level 1:colcon.colcon_core.package_identification:_identify(src/uros/micro-ROS-Agent/snap/local) by extensions ['ros']
[0.804s] Level 1:colcon.colcon_core.package_identification:_identify(src/uros/micro-ROS-Agent/snap/local) by extension 'ros'
[0.804s] Level 1:colcon.colcon_core.package_identification:_identify(src/uros/micro-ROS-Agent/snap/local) by extensions ['cmake', 'python']
[0.804s] Level 1:colcon.colcon_core.package_identification:_identify(src/uros/micro-ROS-Agent/snap/local) by extension 'cmake'
[0.804s] Level 1:colcon.colcon_core.package_identification:_identify(src/uros/micro-ROS-Agent/snap/local) by extension 'python'
[0.804s] Level 1:colcon.colcon_core.package_identification:_identify(src/uros/micro-ROS-Agent/snap/local) by extensions ['python_setup_py']
[0.804s] Level 1:colcon.colcon_core.package_identification:_identify(src/uros/micro-ROS-Agent/snap/local) by extension 'python_setup_py'
[0.804s] Level 1:colcon.colcon_core.package_identification:_identify(src/uros/micro_ros_msgs) by extensions ['ignore', 'ignore_ament_install']
[0.805s] Level 1:colcon.colcon_core.package_identification:_identify(src/uros/micro_ros_msgs) by extension 'ignore'
[0.805s] Level 1:colcon.colcon_core.package_identification:_identify(src/uros/micro_ros_msgs) by extension 'ignore_ament_install'
[0.805s] Level 1:colcon.colcon_core.package_identification:_identify(src/uros/micro_ros_msgs) by extensions ['colcon_pkg']
[0.805s] Level 1:colcon.colcon_core.package_identification:_identify(src/uros/micro_ros_msgs) by extension 'colcon_pkg'
[0.805s] Level 1:colcon.colcon_core.package_identification:_identify(src/uros/micro_ros_msgs) by extensions ['colcon_meta']
[0.805s] Level 1:colcon.colcon_core.package_identification:_identify(src/uros/micro_ros_msgs) by extension 'colcon_meta'
[0.805s] Level 1:colcon.colcon_core.package_identification:_identify(src/uros/micro_ros_msgs) by extensions ['ros']
[0.805s] Level 1:colcon.colcon_core.package_identification:_identify(src/uros/micro_ros_msgs) by extension 'ros'
[0.805s] DEBUG:colcon.colcon_core.package_identification:Package 'src/uros/micro_ros_msgs' with type 'ros.ament_cmake' and name 'micro_ros_msgs'
[0.805s] Level 1:colcon.colcon_core.package_discovery:discover_packages(recursive) using defaults
[0.805s] Level 1:colcon.colcon_core.package_discovery:discover_packages(ignore) discover
[0.805s] Level 1:colcon.colcon_core.package_discovery:discover_packages(ignore) using defaults
[0.805s] Level 1:colcon.colcon_core.package_discovery:discover_packages(path) discover
[0.806s] Level 1:colcon.colcon_core.package_discovery:discover_packages(path) using defaults
[0.842s] Level 1:colcon.colcon_core.package_discovery:discover_packages(prefix_path) check parameters
[0.842s] Level 1:colcon.colcon_core.package_discovery:discover_packages(prefix_path) discover
[0.861s] DEBUG:colcon.colcon_installed_package_information.package_discovery:Found 4 installed packages in /home/aziz/microros_ws1/install
[0.866s] DEBUG:colcon.colcon_installed_package_information.package_discovery:Found 257 installed packages in /opt/ros/foxy
[0.868s] Level 1:colcon.colcon_core.package_discovery:discover_packages(prefix_path) using defaults
[0.955s] Level 5:colcon.colcon_core.verb:set package 'drive_base_msgs' build argument 'cmake_args' from command line to 'None'
[0.955s] Level 5:colcon.colcon_core.verb:set package 'drive_base_msgs' build argument 'cmake_target' from command line to 'None'
[0.955s] Level 5:colcon.colcon_core.verb:set package 'drive_base_msgs' build argument 'cmake_target_skip_unavailable' from command line to 'False'
[0.955s] Level 5:colcon.colcon_core.verb:set package 'drive_base_msgs' build argument 'cmake_clean_cache' from command line to 'False'
[0.955s] Level 5:colcon.colcon_core.verb:set package 'drive_base_msgs' build argument 'cmake_clean_first' from command line to 'False'
[0.955s] Level 5:colcon.colcon_core.verb:set package 'drive_base_msgs' build argument 'cmake_force_configure' from command line to 'False'
[0.955s] Level 5:colcon.colcon_core.verb:set package 'drive_base_msgs' build argument 'ament_cmake_args' from command line to 'None'
[0.955s] Level 5:colcon.colcon_core.verb:set package 'drive_base_msgs' build argument 'catkin_cmake_args' from command line to 'None'
[0.955s] Level 5:colcon.colcon_core.verb:set package 'drive_base_msgs' build argument 'catkin_skip_building_tests' from command line to 'False'
[0.955s] DEBUG:colcon.colcon_core.verb:Building package 'drive_base_msgs' with the following arguments: {'ament_cmake_args': None, 'build_base': '/home/aziz/microros_ws1/build/drive_base_msgs', 'catkin_cmake_args': None, 'catkin_skip_building_tests': False, 'cmake_args': None, 'cmake_clean_cache': False, 'cmake_clean_first': False, 'cmake_force_configure': False, 'cmake_target': None, 'cmake_target_skip_unavailable': False, 'install_base': '/home/aziz/microros_ws1/install/drive_base_msgs', 'merge_install': False, 'path': '/home/aziz/microros_ws1/src/uros/drive_base/drive_base_msgs', 'symlink_install': False, 'test_result_base': None}
[0.964s] Level 5:colcon.colcon_core.verb:set package 'micro_ros_msgs' build argument 'cmake_args' from command line to 'None'
[0.964s] Level 5:colcon.colcon_core.verb:set package 'micro_ros_msgs' build argument 'cmake_target' from command line to 'None'
[0.964s] Level 5:colcon.colcon_core.verb:set package 'micro_ros_msgs' build argument 'cmake_target_skip_unavailable' from command line to 'False'
[0.964s] Level 5:colcon.colcon_core.verb:set package 'micro_ros_msgs' build argument 'cmake_clean_cache' from command line to 'False'
[0.964s] Level 5:colcon.colcon_core.verb:set package 'micro_ros_msgs' build argument 'cmake_clean_first' from command line to 'False'
[0.964s] Level 5:colcon.colcon_core.verb:set package 'micro_ros_msgs' build argument 'cmake_force_configure' from command line to 'False'
[0.964s] Level 5:colcon.colcon_core.verb:set package 'micro_ros_msgs' build argument 'ament_cmake_args' from command line to 'None'
[0.964s] Level 5:colcon.colcon_core.verb:set package 'micro_ros_msgs' build argument 'catkin_cmake_args' from command line to 'None'
[0.964s] Level 5:colcon.colcon_core.verb:set package 'micro_ros_msgs' build argument 'catkin_skip_building_tests' from command line to 'False'
[0.964s] DEBUG:colcon.colcon_core.verb:Building package 'micro_ros_msgs' with the following arguments: {'ament_cmake_args': None, 'build_base': '/home/aziz/microros_ws1/build/micro_ros_msgs', 'catkin_cmake_args': None, 'catkin_skip_building_tests': False, 'cmake_args': None, 'cmake_clean_cache': False, 'cmake_clean_first': False, 'cmake_force_configure': False, 'cmake_target': None, 'cmake_target_skip_unavailable': False, 'install_base': '/home/aziz/microros_ws1/install/micro_ros_msgs', 'merge_install': False, 'path': '/home/aziz/microros_ws1/src/uros/micro_ros_msgs', 'symlink_install': False, 'test_result_base': None}
[0.973s] Level 5:colcon.colcon_core.verb:set package 'micro_ros_setup' build argument 'cmake_args' from command line to 'None'
[0.973s] Level 5:colcon.colcon_core.verb:set package 'micro_ros_setup' build argument 'cmake_target' from command line to 'None'
[0.973s] Level 5:colcon.colcon_core.verb:set package 'micro_ros_setup' build argument 'cmake_target_skip_unavailable' from command line to 'False'
[0.973s] Level 5:colcon.colcon_core.verb:set package 'micro_ros_setup' build argument 'cmake_clean_cache' from command line to 'False'
[0.973s] Level 5:colcon.colcon_core.verb:set package 'micro_ros_setup' build argument 'cmake_clean_first' from command line to 'False'
[0.973s] Level 5:colcon.colcon_core.verb:set package 'micro_ros_setup' build argument 'cmake_force_configure' from command line to 'False'
[0.973s] Level 5:colcon.colcon_core.verb:set package 'micro_ros_setup' build argument 'ament_cmake_args' from command line to 'None'
[0.973s] Level 5:colcon.colcon_core.verb:set package 'micro_ros_setup' build argument 'catkin_cmake_args' from command line to 'None'
[0.974s] Level 5:colcon.colcon_core.verb:set package 'micro_ros_setup' build argument 'catkin_skip_building_tests' from command line to 'False'
[0.974s] DEBUG:colcon.colcon_core.verb:Building package 'micro_ros_setup' with the following arguments: {'ament_cmake_args': None, 'build_base': '/home/aziz/microros_ws1/build/micro_ros_setup', 'catkin_cmake_args': None, 'catkin_skip_building_tests': False, 'cmake_args': None, 'cmake_clean_cache': False, 'cmake_clean_first': False, 'cmake_force_configure': False, 'cmake_target': None, 'cmake_target_skip_unavailable': False, 'install_base': '/home/aziz/microros_ws1/install/micro_ros_setup', 'merge_install': False, 'path': '/home/aziz/microros_ws1/src/micro_ros_setup', 'symlink_install': False, 'test_result_base': None}
[0.982s] Level 5:colcon.colcon_core.verb:set package 'micro_ros_agent' build argument 'cmake_args' from command line to 'None'
[0.982s] Level 5:colcon.colcon_core.verb:set package 'micro_ros_agent' build argument 'cmake_target' from command line to 'None'
[0.982s] Level 5:colcon.colcon_core.verb:set package 'micro_ros_agent' build argument 'cmake_target_skip_unavailable' from command line to 'False'
[0.982s] Level 5:colcon.colcon_core.verb:set package 'micro_ros_agent' build argument 'cmake_clean_cache' from command line to 'False'
[0.982s] Level 5:colcon.colcon_core.verb:set package 'micro_ros_agent' build argument 'cmake_clean_first' from command line to 'False'
[0.982s] Level 5:colcon.colcon_core.verb:set package 'micro_ros_agent' build argument 'cmake_force_configure' from command line to 'False'
[0.982s] Level 5:colcon.colcon_core.verb:set package 'micro_ros_agent' build argument 'ament_cmake_args' from command line to 'None'
[0.982s] Level 5:colcon.colcon_core.verb:set package 'micro_ros_agent' build argument 'catkin_cmake_args' from command line to 'None'
[0.982s] Level 5:colcon.colcon_core.verb:set package 'micro_ros_agent' build argument 'catkin_skip_building_tests' from command line to 'False'
[0.982s] DEBUG:colcon.colcon_core.verb:Building package 'micro_ros_agent' with the following arguments: {'ament_cmake_args': None, 'build_base': '/home/aziz/microros_ws1/build/micro_ros_agent', 'catkin_cmake_args': None, 'catkin_skip_building_tests': False, 'cmake_args': None, 'cmake_clean_cache': False, 'cmake_clean_first': False, 'cmake_force_configure': False, 'cmake_target': None, 'cmake_target_skip_unavailable': False, 'install_base': '/home/aziz/microros_ws1/install/micro_ros_agent', 'merge_install': False, 'path': '/home/aziz/microros_ws1/src/uros/micro-ROS-Agent/micro_ros_agent', 'symlink_install': False, 'test_result_base': None}
[0.985s] INFO:colcon.colcon_core.executor:Executing jobs using 'parallel' executor
[1.000s] DEBUG:colcon.colcon_parallel_executor.executor.parallel:run_until_complete
[1.000s] INFO:colcon.colcon_ros.task.ament_cmake.build:Building ROS package in '/home/aziz/microros_ws1/src/uros/micro_ros_msgs' with build type 'ament_cmake'
[1.000s] INFO:colcon.colcon_cmake.task.cmake.build:Building CMake package in '/home/aziz/microros_ws1/src/uros/micro_ros_msgs'
[1.011s] INFO:colcon.colcon_core.plugin_system:Skipping extension 'colcon_core.shell.bat': Not used on non-Windows systems
[1.011s] INFO:colcon.colcon_core.shell:Skip shell extension 'powershell' for command environment: Not usable outside of PowerShell
[1.011s] DEBUG:colcon.colcon_core.shell:Skip shell extension 'dsv' for command environment
[1.029s] INFO:colcon.colcon_ros.task.ament_cmake.build:Building ROS package in '/home/aziz/microros_ws1/src/uros/drive_base/drive_base_msgs' with build type 'ament_cmake'
[1.030s] INFO:colcon.colcon_cmake.task.cmake.build:Building CMake package in '/home/aziz/microros_ws1/src/uros/drive_base/drive_base_msgs'
[1.038s] INFO:colcon.colcon_core.shell:Skip shell extension 'powershell' for command environment: Not usable outside of PowerShell
[1.038s] DEBUG:colcon.colcon_core.shell:Skip shell extension 'dsv' for command environment
[1.057s] INFO:colcon.colcon_ros.task.ament_cmake.build:Building ROS package in '/home/aziz/microros_ws1/src/micro_ros_setup' with build type 'ament_cmake'
[1.057s] INFO:colcon.colcon_cmake.task.cmake.build:Building CMake package in '/home/aziz/microros_ws1/src/micro_ros_setup'
[1.067s] INFO:colcon.colcon_core.shell:Skip shell extension 'powershell' for command environment: Not usable outside of PowerShell
[1.067s] DEBUG:colcon.colcon_core.shell:Skip shell extension 'dsv' for command environment
[1.094s] DEBUG:colcon.colcon_core.event_handler.log_command:Invoking command in '/home/aziz/microros_ws1/build/micro_ros_msgs': CMAKE_PREFIX_PATH=${CMAKE_PREFIX_PATH}:/opt/ros/foxy /usr/bin/cmake /home/aziz/microros_ws1/src/uros/micro_ros_msgs -DCMAKE_INSTALL_PREFIX=/home/aziz/microros_ws1/install/micro_ros_msgs
[1.101s] DEBUG:colcon.colcon_core.event_handler.log_command:Invoking command in '/home/aziz/microros_ws1/build/drive_base_msgs': CMAKE_PREFIX_PATH=${CMAKE_PREFIX_PATH}:/opt/ros/foxy /usr/bin/cmake --build /home/aziz/microros_ws1/build/drive_base_msgs -- -j4 -l4
[1.112s] DEBUG:colcon.colcon_core.event_handler.log_command:Invoking command in '/home/aziz/microros_ws1/build/micro_ros_setup': CMAKE_PREFIX_PATH=${CMAKE_PREFIX_PATH}:/opt/ros/foxy /usr/bin/cmake --build /home/aziz/microros_ws1/build/micro_ros_setup -- -j4 -l4
[1.163s] DEBUG:colcon.colcon_core.event_handler.log_command:Invoked command in '/home/aziz/microros_ws1/build/micro_ros_setup' returned '0': CMAKE_PREFIX_PATH=${CMAKE_PREFIX_PATH}:/opt/ros/foxy /usr/bin/cmake --build /home/aziz/microros_ws1/build/micro_ros_setup -- -j4 -l4
[1.225s] DEBUG:colcon.colcon_core.event_handler.log_command:Invoking command in '/home/aziz/microros_ws1/build/micro_ros_setup': CMAKE_PREFIX_PATH=${CMAKE_PREFIX_PATH}:/opt/ros/foxy /usr/bin/cmake --install /home/aziz/microros_ws1/build/micro_ros_setup
[1.246s] Level 1:colcon.colcon_core.environment:create_environment_scripts_only(micro_ros_setup)
[1.263s] Level 1:colcon.colcon_core.environment:checking '/home/aziz/microros_ws1/install/micro_ros_setup' for CMake module files
[1.265s] Level 1:colcon.colcon_core.environment:checking '/home/aziz/microros_ws1/install/micro_ros_setup' for CMake config files
[1.270s] Level 1:colcon.colcon_core.shell:create_environment_hook('micro_ros_setup', 'cmake_prefix_path')
[1.278s] INFO:colcon.colcon_core.shell:Creating environment hook '/home/aziz/microros_ws1/install/micro_ros_setup/share/micro_ros_setup/hook/cmake_prefix_path.ps1'
[1.279s] INFO:colcon.colcon_core.shell:Creating environment descriptor '/home/aziz/microros_ws1/install/micro_ros_setup/share/micro_ros_setup/hook/cmake_prefix_path.dsv'
[1.280s] INFO:colcon.colcon_core.shell:Creating environment hook '/home/aziz/microros_ws1/install/micro_ros_setup/share/micro_ros_setup/hook/cmake_prefix_path.sh'
[1.281s] Level 1:colcon.colcon_core.environment:checking '/home/aziz/microros_ws1/install/micro_ros_setup/lib'
[1.282s] Level 1:colcon.colcon_core.environment:checking '/home/aziz/microros_ws1/install/micro_ros_setup/bin'
[1.282s] Level 1:colcon.colcon_core.environment:checking '/home/aziz/microros_ws1/install/micro_ros_setup/lib/pkgconfig/micro_ros_setup.pc'
[1.282s] Level 1:colcon.colcon_core.environment:checking '/home/aziz/microros_ws1/install/micro_ros_setup/lib/python3.8/site-packages'
[1.282s] Level 1:colcon.colcon_core.environment:checking '/home/aziz/microros_ws1/install/micro_ros_setup/bin'
[1.289s] INFO:colcon.colcon_core.shell:Creating package script '/home/aziz/microros_ws1/install/micro_ros_setup/share/micro_ros_setup/package.ps1'
[1.291s] INFO:colcon.colcon_core.shell:Creating package descriptor '/home/aziz/microros_ws1/install/micro_ros_setup/share/micro_ros_setup/package.dsv'
[1.292s] INFO:colcon.colcon_core.shell:Creating package script '/home/aziz/microros_ws1/install/micro_ros_setup/share/micro_ros_setup/package.sh'
[1.293s] INFO:colcon.colcon_core.shell:Creating package script '/home/aziz/microros_ws1/install/micro_ros_setup/share/micro_ros_setup/package.bash'
[1.294s] INFO:colcon.colcon_core.shell:Creating package script '/home/aziz/microros_ws1/install/micro_ros_setup/share/micro_ros_setup/package.zsh'
[1.295s] Level 1:colcon.colcon_core.environment:create_file_with_runtime_dependencies(/home/aziz/microros_ws1/install/micro_ros_setup/share/colcon-core/packages/micro_ros_setup)
[1.299s] DEBUG:colcon.colcon_core.event_handler.log_command:Invoked command in '/home/aziz/microros_ws1/build/micro_ros_setup' returned '0': CMAKE_PREFIX_PATH=${CMAKE_PREFIX_PATH}:/opt/ros/foxy /usr/bin/cmake --install /home/aziz/microros_ws1/build/micro_ros_setup
[1.333s] Level 1:colcon.colcon_core.environment:create_environment_scripts_only(micro_ros_setup)
[1.343s] Level 1:colcon.colcon_core.environment:checking '/home/aziz/microros_ws1/install/micro_ros_setup' for CMake module files
[1.344s] Level 1:colcon.colcon_core.environment:checking '/home/aziz/microros_ws1/install/micro_ros_setup' for CMake config files
[1.344s] Level 1:colcon.colcon_core.shell:create_environment_hook('micro_ros_setup', 'cmake_prefix_path')
[1.352s] INFO:colcon.colcon_core.shell:Creating environment hook '/home/aziz/microros_ws1/install/micro_ros_setup/share/micro_ros_setup/hook/cmake_prefix_path.ps1'
[1.353s] INFO:colcon.colcon_core.shell:Creating environment descriptor '/home/aziz/microros_ws1/install/micro_ros_setup/share/micro_ros_setup/hook/cmake_prefix_path.dsv'
[1.353s] INFO:colcon.colcon_core.shell:Creating environment hook '/home/aziz/microros_ws1/install/micro_ros_setup/share/micro_ros_setup/hook/cmake_prefix_path.sh'
[1.354s] Level 1:colcon.colcon_core.environment:checking '/home/aziz/microros_ws1/install/micro_ros_setup/lib'
[1.354s] Level 1:colcon.colcon_core.environment:checking '/home/aziz/microros_ws1/install/micro_ros_setup/bin'
[1.354s] Level 1:colcon.colcon_core.environment:checking '/home/aziz/microros_ws1/install/micro_ros_setup/lib/pkgconfig/micro_ros_setup.pc'
[1.354s] Level 1:colcon.colcon_core.environment:checking '/home/aziz/microros_ws1/install/micro_ros_setup/lib/python3.8/site-packages'
[1.354s] Level 1:colcon.colcon_core.environment:checking '/home/aziz/microros_ws1/install/micro_ros_setup/bin'
[1.362s] INFO:colcon.colcon_core.shell:Creating package script '/home/aziz/microros_ws1/install/micro_ros_setup/share/micro_ros_setup/package.ps1'
[1.363s] INFO:colcon.colcon_core.shell:Creating package descriptor '/home/aziz/microros_ws1/install/micro_ros_setup/share/micro_ros_setup/package.dsv'
[1.363s] INFO:colcon.colcon_core.shell:Creating package script '/home/aziz/microros_ws1/install/micro_ros_setup/share/micro_ros_setup/package.sh'
[1.364s] INFO:colcon.colcon_core.shell:Creating package script '/home/aziz/microros_ws1/install/micro_ros_setup/share/micro_ros_setup/package.bash'
[1.364s] INFO:colcon.colcon_core.shell:Creating package script '/home/aziz/microros_ws1/install/micro_ros_setup/share/micro_ros_setup/package.zsh'
[1.365s] Level 1:colcon.colcon_core.environment:create_file_with_runtime_dependencies(/home/aziz/microros_ws1/install/micro_ros_setup/share/colcon-core/packages/micro_ros_setup)
[1.410s] DEBUG:colcon.colcon_core.event_handler.log_command:Invoked command in '/home/aziz/microros_ws1/build/drive_base_msgs' returned '0': CMAKE_PREFIX_PATH=${CMAKE_PREFIX_PATH}:/opt/ros/foxy /usr/bin/cmake --build /home/aziz/microros_ws1/build/drive_base_msgs -- -j4 -l4
[1.524s] DEBUG:colcon.colcon_core.event_handler.log_command:Invoking command in '/home/aziz/microros_ws1/build/drive_base_msgs': CMAKE_PREFIX_PATH=${CMAKE_PREFIX_PATH}:/opt/ros/foxy /usr/bin/cmake --install /home/aziz/microros_ws1/build/drive_base_msgs
[1.597s] Level 1:colcon.colcon_core.environment:create_environment_scripts_only(drive_base_msgs)
[1.606s] Level 1:colcon.colcon_core.environment:checking '/home/aziz/microros_ws1/install/drive_base_msgs' for CMake module files
[1.606s] DEBUG:colcon.colcon_core.event_handler.log_command:Invoked command in '/home/aziz/microros_ws1/build/drive_base_msgs' returned '0': CMAKE_PREFIX_PATH=${CMAKE_PREFIX_PATH}:/opt/ros/foxy /usr/bin/cmake --install /home/aziz/microros_ws1/build/drive_base_msgs
[1.607s] Level 1:colcon.colcon_core.environment:checking '/home/aziz/microros_ws1/install/drive_base_msgs' for CMake config files
[1.608s] Level 1:colcon.colcon_core.shell:create_environment_hook('drive_base_msgs', 'cmake_prefix_path')
[1.615s] INFO:colcon.colcon_core.shell:Creating environment hook '/home/aziz/microros_ws1/install/drive_base_msgs/share/drive_base_msgs/hook/cmake_prefix_path.ps1'
[1.615s] INFO:colcon.colcon_core.shell:Creating environment descriptor '/home/aziz/microros_ws1/install/drive_base_msgs/share/drive_base_msgs/hook/cmake_prefix_path.dsv'
[1.616s] INFO:colcon.colcon_core.shell:Creating environment hook '/home/aziz/microros_ws1/install/drive_base_msgs/share/drive_base_msgs/hook/cmake_prefix_path.sh'
[1.616s] Level 1:colcon.colcon_core.environment:checking '/home/aziz/microros_ws1/install/drive_base_msgs/lib'
[1.616s] Level 1:colcon.colcon_core.shell:create_environment_hook('drive_base_msgs', 'ld_library_path_lib')
[1.623s] INFO:colcon.colcon_core.shell:Creating environment hook '/home/aziz/microros_ws1/install/drive_base_msgs/share/drive_base_msgs/hook/ld_library_path_lib.ps1'
[1.624s] INFO:colcon.colcon_core.shell:Creating environment descriptor '/home/aziz/microros_ws1/install/drive_base_msgs/share/drive_base_msgs/hook/ld_library_path_lib.dsv'
[1.624s] INFO:colcon.colcon_core.shell:Creating environment hook '/home/aziz/microros_ws1/install/drive_base_msgs/share/drive_base_msgs/hook/ld_library_path_lib.sh'
[1.624s] Level 1:colcon.colcon_core.environment:checking '/home/aziz/microros_ws1/install/drive_base_msgs/bin'
[1.625s] Level 1:colcon.colcon_core.environment:checking '/home/aziz/microros_ws1/install/drive_base_msgs/lib/pkgconfig/drive_base_msgs.pc'
[1.625s] Level 1:colcon.colcon_core.environment:checking '/home/aziz/microros_ws1/install/drive_base_msgs/lib/python3.8/site-packages'
[1.625s] Level 1:colcon.colcon_core.shell:create_environment_hook('drive_base_msgs', 'pythonpath')
[1.632s] INFO:colcon.colcon_core.shell:Creating environment hook '/home/aziz/microros_ws1/install/drive_base_msgs/share/drive_base_msgs/hook/pythonpath.ps1'
[1.633s] INFO:colcon.colcon_core.shell:Creating environment descriptor '/home/aziz/microros_ws1/install/drive_base_msgs/share/drive_base_msgs/hook/pythonpath.dsv'
[1.633s] INFO:colcon.colcon_core.shell:Creating environment hook '/home/aziz/microros_ws1/install/drive_base_msgs/share/drive_base_msgs/hook/pythonpath.sh'
[1.634s] Level 1:colcon.colcon_core.environment:checking '/home/aziz/microros_ws1/install/drive_base_msgs/bin'
[1.641s] INFO:colcon.colcon_core.shell:Creating package script '/home/aziz/microros_ws1/install/drive_base_msgs/share/drive_base_msgs/package.ps1'
[1.642s] INFO:colcon.colcon_core.shell:Creating package descriptor '/home/aziz/microros_ws1/install/drive_base_msgs/share/drive_base_msgs/package.dsv'
[1.643s] INFO:colcon.colcon_core.shell:Creating package script '/home/aziz/microros_ws1/install/drive_base_msgs/share/drive_base_msgs/package.sh'
[1.643s] INFO:colcon.colcon_core.shell:Creating package script '/home/aziz/microros_ws1/install/drive_base_msgs/share/drive_base_msgs/package.bash'
[1.643s] INFO:colcon.colcon_core.shell:Creating package script '/home/aziz/microros_ws1/install/drive_base_msgs/share/drive_base_msgs/package.zsh'
[1.644s] Level 1:colcon.colcon_core.environment:create_file_with_runtime_dependencies(/home/aziz/microros_ws1/install/drive_base_msgs/share/colcon-core/packages/drive_base_msgs)
[1.764s] Level 1:colcon.colcon_core.environment:create_environment_scripts_only(drive_base_msgs)
[1.772s] Level 1:colcon.colcon_core.environment:checking '/home/aziz/microros_ws1/install/drive_base_msgs' for CMake module files
[1.773s] Level 1:colcon.colcon_core.environment:checking '/home/aziz/microros_ws1/install/drive_base_msgs' for CMake config files
[1.774s] Level 1:colcon.colcon_core.shell:create_environment_hook('drive_base_msgs', 'cmake_prefix_path')
[1.781s] INFO:colcon.colcon_core.shell:Creating environment hook '/home/aziz/microros_ws1/install/drive_base_msgs/share/drive_base_msgs/hook/cmake_prefix_path.ps1'
[1.781s] INFO:colcon.colcon_core.shell:Creating environment descriptor '/home/aziz/microros_ws1/install/drive_base_msgs/share/drive_base_msgs/hook/cmake_prefix_path.dsv'
[1.782s] INFO:colcon.colcon_core.shell:Creating environment hook '/home/aziz/microros_ws1/install/drive_base_msgs/share/drive_base_msgs/hook/cmake_prefix_path.sh'
[1.782s] Level 1:colcon.colcon_core.environment:checking '/home/aziz/microros_ws1/install/drive_base_msgs/lib'
[1.782s] Level 1:colcon.colcon_core.shell:create_environment_hook('drive_base_msgs', 'ld_library_path_lib')
[1.789s] INFO:colcon.colcon_core.shell:Creating environment hook '/home/aziz/microros_ws1/install/drive_base_msgs/share/drive_base_msgs/hook/ld_library_path_lib.ps1'
[1.790s] INFO:colcon.colcon_core.shell:Creating environment descriptor '/home/aziz/microros_ws1/install/drive_base_msgs/share/drive_base_msgs/hook/ld_library_path_lib.dsv'
[1.791s] INFO:colcon.colcon_core.shell:Creating environment hook '/home/aziz/microros_ws1/install/drive_base_msgs/share/drive_base_msgs/hook/ld_library_path_lib.sh'
[1.791s] Level 1:colcon.colcon_core.environment:checking '/home/aziz/microros_ws1/install/drive_base_msgs/bin'
[1.791s] Level 1:colcon.colcon_core.environment:checking '/home/aziz/microros_ws1/install/drive_base_msgs/lib/pkgconfig/drive_base_msgs.pc'
[1.791s] Level 1:colcon.colcon_core.environment:checking '/home/aziz/microros_ws1/install/drive_base_msgs/lib/python3.8/site-packages'
[1.792s] Level 1:colcon.colcon_core.shell:create_environment_hook('drive_base_msgs', 'pythonpath')
[1.799s] INFO:colcon.colcon_core.shell:Creating environment hook '/home/aziz/microros_ws1/install/drive_base_msgs/share/drive_base_msgs/hook/pythonpath.ps1'
[1.799s] INFO:colcon.colcon_core.shell:Creating environment descriptor '/home/aziz/microros_ws1/install/drive_base_msgs/share/drive_base_msgs/hook/pythonpath.dsv'
[1.799s] INFO:colcon.colcon_core.shell:Creating environment hook '/home/aziz/microros_ws1/install/drive_base_msgs/share/drive_base_msgs/hook/pythonpath.sh'
[1.800s] Level 1:colcon.colcon_core.environment:checking '/home/aziz/microros_ws1/install/drive_base_msgs/bin'
[1.807s] INFO:colcon.colcon_core.shell:Creating package script '/home/aziz/microros_ws1/install/drive_base_msgs/share/drive_base_msgs/package.ps1'
[1.808s] INFO:colcon.colcon_core.shell:Creating package descriptor '/home/aziz/microros_ws1/install/drive_base_msgs/share/drive_base_msgs/package.dsv'
[1.809s] INFO:colcon.colcon_core.shell:Creating package script '/home/aziz/microros_ws1/install/drive_base_msgs/share/drive_base_msgs/package.sh'
[1.809s] INFO:colcon.colcon_core.shell:Creating package script '/home/aziz/microros_ws1/install/drive_base_msgs/share/drive_base_msgs/package.bash'
[1.810s] INFO:colcon.colcon_core.shell:Creating package script '/home/aziz/microros_ws1/install/drive_base_msgs/share/drive_base_msgs/package.zsh'
[1.810s] Level 1:colcon.colcon_core.environment:create_file_with_runtime_dependencies(/home/aziz/microros_ws1/install/drive_base_msgs/share/colcon-core/packages/drive_base_msgs)
[2.156s] DEBUG:colcon.colcon_core.event_handler.log_command:Invoked command in '/home/aziz/microros_ws1/build/micro_ros_msgs' returned '0': CMAKE_PREFIX_PATH=${CMAKE_PREFIX_PATH}:/opt/ros/foxy /usr/bin/cmake /home/aziz/microros_ws1/src/uros/micro_ros_msgs -DCMAKE_INSTALL_PREFIX=/home/aziz/microros_ws1/install/micro_ros_msgs
[2.159s] DEBUG:colcon.colcon_core.event_handler.log_command:Invoking command in '/home/aziz/microros_ws1/build/micro_ros_msgs': CMAKE_PREFIX_PATH=${CMAKE_PREFIX_PATH}:/opt/ros/foxy /usr/bin/cmake --build /home/aziz/microros_ws1/build/micro_ros_msgs -- -j4 -l4
[2.401s] DEBUG:colcon.colcon_core.event_handler.log_command:Invoked command in '/home/aziz/microros_ws1/build/micro_ros_msgs' returned '0': CMAKE_PREFIX_PATH=${CMAKE_PREFIX_PATH}:/opt/ros/foxy /usr/bin/cmake --build /home/aziz/microros_ws1/build/micro_ros_msgs -- -j4 -l4
[2.495s] DEBUG:colcon.colcon_core.event_handler.log_command:Invoking command in '/home/aziz/microros_ws1/build/micro_ros_msgs': CMAKE_PREFIX_PATH=${CMAKE_PREFIX_PATH}:/opt/ros/foxy /usr/bin/cmake --install /home/aziz/microros_ws1/build/micro_ros_msgs
[2.576s] Level 1:colcon.colcon_core.environment:create_environment_scripts_only(micro_ros_msgs)
[2.585s] Level 1:colcon.colcon_core.environment:checking '/home/aziz/microros_ws1/install/micro_ros_msgs' for CMake module files
[2.585s] DEBUG:colcon.colcon_core.event_handler.log_command:Invoked command in '/home/aziz/microros_ws1/build/micro_ros_msgs' returned '0': CMAKE_PREFIX_PATH=${CMAKE_PREFIX_PATH}:/opt/ros/foxy /usr/bin/cmake --install /home/aziz/microros_ws1/build/micro_ros_msgs
[2.586s] Level 1:colcon.colcon_core.environment:checking '/home/aziz/microros_ws1/install/micro_ros_msgs' for CMake config files
[2.586s] Level 1:colcon.colcon_core.shell:create_environment_hook('micro_ros_msgs', 'cmake_prefix_path')
[2.593s] INFO:colcon.colcon_core.shell:Creating environment hook '/home/aziz/microros_ws1/install/micro_ros_msgs/share/micro_ros_msgs/hook/cmake_prefix_path.ps1'
[2.594s] INFO:colcon.colcon_core.shell:Creating environment descriptor '/home/aziz/microros_ws1/install/micro_ros_msgs/share/micro_ros_msgs/hook/cmake_prefix_path.dsv'
[2.594s] INFO:colcon.colcon_core.shell:Creating environment hook '/home/aziz/microros_ws1/install/micro_ros_msgs/share/micro_ros_msgs/hook/cmake_prefix_path.sh'
[2.595s] Level 1:colcon.colcon_core.environment:checking '/home/aziz/microros_ws1/install/micro_ros_msgs/lib'
[2.595s] Level 1:colcon.colcon_core.shell:create_environment_hook('micro_ros_msgs', 'ld_library_path_lib')
[2.602s] INFO:colcon.colcon_core.shell:Creating environment hook '/home/aziz/microros_ws1/install/micro_ros_msgs/share/micro_ros_msgs/hook/ld_library_path_lib.ps1'
[2.602s] INFO:colcon.colcon_core.shell:Creating environment descriptor '/home/aziz/microros_ws1/install/micro_ros_msgs/share/micro_ros_msgs/hook/ld_library_path_lib.dsv'
[2.602s] INFO:colcon.colcon_core.shell:Creating environment hook '/home/aziz/microros_ws1/install/micro_ros_msgs/share/micro_ros_msgs/hook/ld_library_path_lib.sh'
[2.603s] Level 1:colcon.colcon_core.environment:checking '/home/aziz/microros_ws1/install/micro_ros_msgs/bin'
[2.603s] Level 1:colcon.colcon_core.environment:checking '/home/aziz/microros_ws1/install/micro_ros_msgs/lib/pkgconfig/micro_ros_msgs.pc'
[2.603s] Level 1:colcon.colcon_core.environment:checking '/home/aziz/microros_ws1/install/micro_ros_msgs/lib/python3.8/site-packages'
[2.603s] Level 1:colcon.colcon_core.shell:create_environment_hook('micro_ros_msgs', 'pythonpath')
[2.610s] INFO:colcon.colcon_core.shell:Creating environment hook '/home/aziz/microros_ws1/install/micro_ros_msgs/share/micro_ros_msgs/hook/pythonpath.ps1'
[2.610s] INFO:colcon.colcon_core.shell:Creating environment descriptor '/home/aziz/microros_ws1/install/micro_ros_msgs/share/micro_ros_msgs/hook/pythonpath.dsv'
[2.611s] INFO:colcon.colcon_core.shell:Creating environment hook '/home/aziz/microros_ws1/install/micro_ros_msgs/share/micro_ros_msgs/hook/pythonpath.sh'
[2.611s] Level 1:colcon.colcon_core.environment:checking '/home/aziz/microros_ws1/install/micro_ros_msgs/bin'
[2.618s] INFO:colcon.colcon_core.shell:Creating package script '/home/aziz/microros_ws1/install/micro_ros_msgs/share/micro_ros_msgs/package.ps1'
[2.618s] INFO:colcon.colcon_core.shell:Creating package descriptor '/home/aziz/microros_ws1/install/micro_ros_msgs/share/micro_ros_msgs/package.dsv'
[2.619s] INFO:colcon.colcon_core.shell:Creating package script '/home/aziz/microros_ws1/install/micro_ros_msgs/share/micro_ros_msgs/package.sh'
[2.619s] INFO:colcon.colcon_core.shell:Creating package script '/home/aziz/microros_ws1/install/micro_ros_msgs/share/micro_ros_msgs/package.bash'
[2.619s] INFO:colcon.colcon_core.shell:Creating package script '/home/aziz/microros_ws1/install/micro_ros_msgs/share/micro_ros_msgs/package.zsh'
[2.620s] Level 1:colcon.colcon_core.environment:create_file_with_runtime_dependencies(/home/aziz/microros_ws1/install/micro_ros_msgs/share/colcon-core/packages/micro_ros_msgs)
[2.718s] Level 1:colcon.colcon_core.environment:create_environment_scripts_only(micro_ros_msgs)
[2.726s] Level 1:colcon.colcon_core.environment:checking '/home/aziz/microros_ws1/install/micro_ros_msgs' for CMake module files
[2.727s] Level 1:colcon.colcon_core.environment:checking '/home/aziz/microros_ws1/install/micro_ros_msgs' for CMake config files
[2.728s] Level 1:colcon.colcon_core.shell:create_environment_hook('micro_ros_msgs', 'cmake_prefix_path')
[2.734s] INFO:colcon.colcon_core.shell:Creating environment hook '/home/aziz/microros_ws1/install/micro_ros_msgs/share/micro_ros_msgs/hook/cmake_prefix_path.ps1'
[2.735s] INFO:colcon.colcon_core.shell:Creating environment descriptor '/home/aziz/microros_ws1/install/micro_ros_msgs/share/micro_ros_msgs/hook/cmake_prefix_path.dsv'
[2.735s] INFO:colcon.colcon_core.shell:Creating environment hook '/home/aziz/microros_ws1/install/micro_ros_msgs/share/micro_ros_msgs/hook/cmake_prefix_path.sh'
[2.736s] Level 1:colcon.colcon_core.environment:checking '/home/aziz/microros_ws1/install/micro_ros_msgs/lib'
[2.736s] Level 1:colcon.colcon_core.shell:create_environment_hook('micro_ros_msgs', 'ld_library_path_lib')
[2.743s] INFO:colcon.colcon_core.shell:Creating environment hook '/home/aziz/microros_ws1/install/micro_ros_msgs/share/micro_ros_msgs/hook/ld_library_path_lib.ps1'
[2.743s] INFO:colcon.colcon_core.shell:Creating environment descriptor '/home/aziz/microros_ws1/install/micro_ros_msgs/share/micro_ros_msgs/hook/ld_library_path_lib.dsv'
[2.744s] INFO:colcon.colcon_core.shell:Creating environment hook '/home/aziz/microros_ws1/install/micro_ros_msgs/share/micro_ros_msgs/hook/ld_library_path_lib.sh'
[2.744s] Level 1:colcon.colcon_core.environment:checking '/home/aziz/microros_ws1/install/micro_ros_msgs/bin'
[2.744s] Level 1:colcon.colcon_core.environment:checking '/home/aziz/microros_ws1/install/micro_ros_msgs/lib/pkgconfig/micro_ros_msgs.pc'
[2.744s] Level 1:colcon.colcon_core.environment:checking '/home/aziz/microros_ws1/install/micro_ros_msgs/lib/python3.8/site-packages'
[2.744s] Level 1:colcon.colcon_core.shell:create_environment_hook('micro_ros_msgs', 'pythonpath')
[2.751s] INFO:colcon.colcon_core.shell:Creating environment hook '/home/aziz/microros_ws1/install/micro_ros_msgs/share/micro_ros_msgs/hook/pythonpath.ps1'
[2.751s] INFO:colcon.colcon_core.shell:Creating environment descriptor '/home/aziz/microros_ws1/install/micro_ros_msgs/share/micro_ros_msgs/hook/pythonpath.dsv'
[2.751s] INFO:colcon.colcon_core.shell:Creating environment hook '/home/aziz/microros_ws1/install/micro_ros_msgs/share/micro_ros_msgs/hook/pythonpath.sh'
[2.752s] Level 1:colcon.colcon_core.environment:checking '/home/aziz/microros_ws1/install/micro_ros_msgs/bin'
[2.759s] INFO:colcon.colcon_core.shell:Creating package script '/home/aziz/microros_ws1/install/micro_ros_msgs/share/micro_ros_msgs/package.ps1'
[2.760s] INFO:colcon.colcon_core.shell:Creating package descriptor '/home/aziz/microros_ws1/install/micro_ros_msgs/share/micro_ros_msgs/package.dsv'
[2.760s] INFO:colcon.colcon_core.shell:Creating package script '/home/aziz/microros_ws1/install/micro_ros_msgs/share/micro_ros_msgs/package.sh'
[2.761s] INFO:colcon.colcon_core.shell:Creating package script '/home/aziz/microros_ws1/install/micro_ros_msgs/share/micro_ros_msgs/package.bash'
[2.761s] INFO:colcon.colcon_core.shell:Creating package script '/home/aziz/microros_ws1/install/micro_ros_msgs/share/micro_ros_msgs/package.zsh'
[2.762s] Level 1:colcon.colcon_core.environment:create_file_with_runtime_dependencies(/home/aziz/microros_ws1/install/micro_ros_msgs/share/colcon-core/packages/micro_ros_msgs)
[2.762s] INFO:colcon.colcon_ros.task.ament_cmake.build:Building ROS package in '/home/aziz/microros_ws1/src/uros/micro-ROS-Agent/micro_ros_agent' with build type 'ament_cmake'
[2.762s] INFO:colcon.colcon_cmake.task.cmake.build:Building CMake package in '/home/aziz/microros_ws1/src/uros/micro-ROS-Agent/micro_ros_agent'
[2.769s] INFO:colcon.colcon_core.shell:Skip shell extension 'powershell' for command environment: Not usable outside of PowerShell
[2.769s] DEBUG:colcon.colcon_core.shell:Skip shell extension 'dsv' for command environment
[2.797s] DEBUG:colcon.colcon_core.event_handler.log_command:Invoking command in '/home/aziz/microros_ws1/build/micro_ros_agent': AMENT_PREFIX_PATH=/home/aziz/microros_ws1/install/micro_ros_msgs:${AMENT_PREFIX_PATH} CMAKE_PREFIX_PATH=/home/aziz/microros_ws1/install/micro_ros_msgs:/home/aziz/microros_ws1/install/micro_ros_setup:/home/aziz/microros_ws1/install/micro_ros_agent:/home/aziz/microros_ws1/install/drive_base_msgs:/opt/ros/foxy LD_LIBRARY_PATH=/home/aziz/microros_ws1/install/micro_ros_msgs/lib:/home/aziz/microros_ws1/install/micro_ros_agent/lib:/home/aziz/microros_ws1/install/drive_base_msgs/lib:/opt/ros/foxy/opt/yaml_cpp_vendor/lib:/opt/ros/foxy/opt/rviz_ogre_vendor/lib:/opt/ros/foxy/lib/x86_64-linux-gnu:/opt/ros/foxy/lib /usr/bin/cmake /home/aziz/microros_ws1/src/uros/micro-ROS-Agent/micro_ros_agent -DCMAKE_INSTALL_PREFIX=/home/aziz/microros_ws1/install/micro_ros_agent
[3.496s] DEBUG:colcon.colcon_core.event_handler.log_command:Invoked command in '/home/aziz/microros_ws1/build/micro_ros_agent' returned '0': AMENT_PREFIX_PATH=/home/aziz/microros_ws1/install/micro_ros_msgs:${AMENT_PREFIX_PATH} CMAKE_PREFIX_PATH=/home/aziz/microros_ws1/install/micro_ros_msgs:/home/aziz/microros_ws1/install/micro_ros_setup:/home/aziz/microros_ws1/install/micro_ros_agent:/home/aziz/microros_ws1/install/drive_base_msgs:/opt/ros/foxy LD_LIBRARY_PATH=/home/aziz/microros_ws1/install/micro_ros_msgs/lib:/home/aziz/microros_ws1/install/micro_ros_agent/lib:/home/aziz/microros_ws1/install/drive_base_msgs/lib:/opt/ros/foxy/opt/yaml_cpp_vendor/lib:/opt/ros/foxy/opt/rviz_ogre_vendor/lib:/opt/ros/foxy/lib/x86_64-linux-gnu:/opt/ros/foxy/lib /usr/bin/cmake /home/aziz/microros_ws1/src/uros/micro-ROS-Agent/micro_ros_agent -DCMAKE_INSTALL_PREFIX=/home/aziz/microros_ws1/install/micro_ros_agent
[3.499s] DEBUG:colcon.colcon_core.event_handler.log_command:Invoking command in '/home/aziz/microros_ws1/build/micro_ros_agent': AMENT_PREFIX_PATH=/home/aziz/microros_ws1/install/micro_ros_msgs:${AMENT_PREFIX_PATH} CMAKE_PREFIX_PATH=/home/aziz/microros_ws1/install/micro_ros_msgs:/home/aziz/microros_ws1/install/micro_ros_setup:/home/aziz/microros_ws1/install/micro_ros_agent:/home/aziz/microros_ws1/install/drive_base_msgs:/opt/ros/foxy LD_LIBRARY_PATH=/home/aziz/microros_ws1/install/micro_ros_msgs/lib:/home/aziz/microros_ws1/install/micro_ros_agent/lib:/home/aziz/microros_ws1/install/drive_base_msgs/lib:/opt/ros/foxy/opt/yaml_cpp_vendor/lib:/opt/ros/foxy/opt/rviz_ogre_vendor/lib:/opt/ros/foxy/lib/x86_64-linux-gnu:/opt/ros/foxy/lib /usr/bin/cmake --build /home/aziz/microros_ws1/build/micro_ros_agent -- -j4 -l4
[3.596s] DEBUG:colcon.colcon_core.event_handler.log_command:Invoked command in '/home/aziz/microros_ws1/build/micro_ros_agent' returned '0': AMENT_PREFIX_PATH=/home/aziz/microros_ws1/install/micro_ros_msgs:${AMENT_PREFIX_PATH} CMAKE_PREFIX_PATH=/home/aziz/microros_ws1/install/micro_ros_msgs:/home/aziz/microros_ws1/install/micro_ros_setup:/home/aziz/microros_ws1/install/micro_ros_agent:/home/aziz/microros_ws1/install/drive_base_msgs:/opt/ros/foxy LD_LIBRARY_PATH=/home/aziz/microros_ws1/install/micro_ros_msgs/lib:/home/aziz/microros_ws1/install/micro_ros_agent/lib:/home/aziz/microros_ws1/install/drive_base_msgs/lib:/opt/ros/foxy/opt/yaml_cpp_vendor/lib:/opt/ros/foxy/opt/rviz_ogre_vendor/lib:/opt/ros/foxy/lib/x86_64-linux-gnu:/opt/ros/foxy/lib /usr/bin/cmake --build /home/aziz/microros_ws1/build/micro_ros_agent -- -j4 -l4
[3.639s] DEBUG:colcon.colcon_core.event_handler.log_command:Invoking command in '/home/aziz/microros_ws1/build/micro_ros_agent': AMENT_PREFIX_PATH=/home/aziz/microros_ws1/install/micro_ros_msgs:${AMENT_PREFIX_PATH} CMAKE_PREFIX_PATH=/home/aziz/microros_ws1/install/micro_ros_msgs:/home/aziz/microros_ws1/install/micro_ros_setup:/home/aziz/microros_ws1/install/micro_ros_agent:/home/aziz/microros_ws1/install/drive_base_msgs:/opt/ros/foxy LD_LIBRARY_PATH=/home/aziz/microros_ws1/install/micro_ros_msgs/lib:/home/aziz/microros_ws1/install/micro_ros_agent/lib:/home/aziz/microros_ws1/install/drive_base_msgs/lib:/opt/ros/foxy/opt/yaml_cpp_vendor/lib:/opt/ros/foxy/opt/rviz_ogre_vendor/lib:/opt/ros/foxy/lib/x86_64-linux-gnu:/opt/ros/foxy/lib /usr/bin/cmake --install /home/aziz/microros_ws1/build/micro_ros_agent
[3.653s] Level 1:colcon.colcon_core.environment:create_environment_scripts_only(micro_ros_agent)
[3.663s] Level 1:colcon.colcon_core.environment:checking '/home/aziz/microros_ws1/install/micro_ros_agent' for CMake module files
[3.664s] DEBUG:colcon.colcon_core.event_handler.log_command:Invoked command in '/home/aziz/microros_ws1/build/micro_ros_agent' returned '0': AMENT_PREFIX_PATH=/home/aziz/microros_ws1/install/micro_ros_msgs:${AMENT_PREFIX_PATH} CMAKE_PREFIX_PATH=/home/aziz/microros_ws1/install/micro_ros_msgs:/home/aziz/microros_ws1/install/micro_ros_setup:/home/aziz/microros_ws1/install/micro_ros_agent:/home/aziz/microros_ws1/install/drive_base_msgs:/opt/ros/foxy LD_LIBRARY_PATH=/home/aziz/microros_ws1/install/micro_ros_msgs/lib:/home/aziz/microros_ws1/install/micro_ros_agent/lib:/home/aziz/microros_ws1/install/drive_base_msgs/lib:/opt/ros/foxy/opt/yaml_cpp_vendor/lib:/opt/ros/foxy/opt/rviz_ogre_vendor/lib:/opt/ros/foxy/lib/x86_64-linux-gnu:/opt/ros/foxy/lib /usr/bin/cmake --install /home/aziz/microros_ws1/build/micro_ros_agent
[3.665s] Level 1:colcon.colcon_core.environment:checking '/home/aziz/microros_ws1/install/micro_ros_agent' for CMake config files
[3.665s] Level 1:colcon.colcon_core.shell:create_environment_hook('micro_ros_agent', 'cmake_prefix_path')
[3.672s] INFO:colcon.colcon_core.shell:Creating environment hook '/home/aziz/microros_ws1/install/micro_ros_agent/share/micro_ros_agent/hook/cmake_prefix_path.ps1'
[3.672s] INFO:colcon.colcon_core.shell:Creating environment descriptor '/home/aziz/microros_ws1/install/micro_ros_agent/share/micro_ros_agent/hook/cmake_prefix_path.dsv'
[3.673s] INFO:colcon.colcon_core.shell:Creating environment hook '/home/aziz/microros_ws1/install/micro_ros_agent/share/micro_ros_agent/hook/cmake_prefix_path.sh'
[3.673s] Level 1:colcon.colcon_core.environment:checking '/home/aziz/microros_ws1/install/micro_ros_agent/lib'
[3.673s] Level 1:colcon.colcon_core.shell:create_environment_hook('micro_ros_agent', 'ld_library_path_lib')
[3.681s] INFO:colcon.colcon_core.shell:Creating environment hook '/home/aziz/microros_ws1/install/micro_ros_agent/share/micro_ros_agent/hook/ld_library_path_lib.ps1'
[3.681s] INFO:colcon.colcon_core.shell:Creating environment descriptor '/home/aziz/microros_ws1/install/micro_ros_agent/share/micro_ros_agent/hook/ld_library_path_lib.dsv'
[3.681s] INFO:colcon.colcon_core.shell:Creating environment hook '/home/aziz/microros_ws1/install/micro_ros_agent/share/micro_ros_agent/hook/ld_library_path_lib.sh'
[3.682s] Level 1:colcon.colcon_core.environment:checking '/home/aziz/microros_ws1/install/micro_ros_agent/bin'
[3.682s] Level 1:colcon.colcon_core.environment:checking '/home/aziz/microros_ws1/install/micro_ros_agent/lib/pkgconfig/micro_ros_agent.pc'
[3.682s] Level 1:colcon.colcon_core.environment:checking '/home/aziz/microros_ws1/install/micro_ros_agent/lib/python3.8/site-packages'
[3.682s] Level 1:colcon.colcon_core.environment:checking '/home/aziz/microros_ws1/install/micro_ros_agent/bin'
[3.690s] INFO:colcon.colcon_core.shell:Creating package script '/home/aziz/microros_ws1/install/micro_ros_agent/share/micro_ros_agent/package.ps1'
[3.691s] INFO:colcon.colcon_core.shell:Creating package descriptor '/home/aziz/microros_ws1/install/micro_ros_agent/share/micro_ros_agent/package.dsv'
[3.691s] INFO:colcon.colcon_core.shell:Creating package script '/home/aziz/microros_ws1/install/micro_ros_agent/share/micro_ros_agent/package.sh'
[3.692s] INFO:colcon.colcon_core.shell:Creating package script '/home/aziz/microros_ws1/install/micro_ros_agent/share/micro_ros_agent/package.bash'
[3.692s] INFO:colcon.colcon_core.shell:Creating package script '/home/aziz/microros_ws1/install/micro_ros_agent/share/micro_ros_agent/package.zsh'
[3.692s] Level 1:colcon.colcon_core.environment:create_file_with_runtime_dependencies(/home/aziz/microros_ws1/install/micro_ros_agent/share/colcon-core/packages/micro_ros_agent)
[3.737s] Level 1:colcon.colcon_core.environment:create_environment_scripts_only(micro_ros_agent)
[3.746s] Level 1:colcon.colcon_core.environment:checking '/home/aziz/microros_ws1/install/micro_ros_agent' for CMake module files
[3.747s] Level 1:colcon.colcon_core.environment:checking '/home/aziz/microros_ws1/install/micro_ros_agent' for CMake config files
[3.747s] Level 1:colcon.colcon_core.shell:create_environment_hook('micro_ros_agent', 'cmake_prefix_path')
[3.754s] INFO:colcon.colcon_core.shell:Creating environment hook '/home/aziz/microros_ws1/install/micro_ros_agent/share/micro_ros_agent/hook/cmake_prefix_path.ps1'
[3.755s] INFO:colcon.colcon_core.shell:Creating environment descriptor '/home/aziz/microros_ws1/install/micro_ros_agent/share/micro_ros_agent/hook/cmake_prefix_path.dsv'
[3.755s] INFO:colcon.colcon_core.shell:Creating environment hook '/home/aziz/microros_ws1/install/micro_ros_agent/share/micro_ros_agent/hook/cmake_prefix_path.sh'
[3.756s] Level 1:colcon.colcon_core.environment:checking '/home/aziz/microros_ws1/install/micro_ros_agent/lib'
[3.756s] Level 1:colcon.colcon_core.shell:create_environment_hook('micro_ros_agent', 'ld_library_path_lib')
[3.763s] INFO:colcon.colcon_core.shell:Creating environment hook '/home/aziz/microros_ws1/install/micro_ros_agent/share/micro_ros_agent/hook/ld_library_path_lib.ps1'
[3.764s] INFO:colcon.colcon_core.shell:Creating environment descriptor '/home/aziz/microros_ws1/install/micro_ros_agent/share/micro_ros_agent/hook/ld_library_path_lib.dsv'
[3.764s] INFO:colcon.colcon_core.shell:Creating environment hook '/home/aziz/microros_ws1/install/micro_ros_agent/share/micro_ros_agent/hook/ld_library_path_lib.sh'
[3.765s] Level 1:colcon.colcon_core.environment:checking '/home/aziz/microros_ws1/install/micro_ros_agent/bin'
[3.765s] Level 1:colcon.colcon_core.environment:checking '/home/aziz/microros_ws1/install/micro_ros_agent/lib/pkgconfig/micro_ros_agent.pc'
[3.765s] Level 1:colcon.colcon_core.environment:checking '/home/aziz/microros_ws1/install/micro_ros_agent/lib/python3.8/site-packages'
[3.765s] Level 1:colcon.colcon_core.environment:checking '/home/aziz/microros_ws1/install/micro_ros_agent/bin'
[3.773s] INFO:colcon.colcon_core.shell:Creating package script '/home/aziz/microros_ws1/install/micro_ros_agent/share/micro_ros_agent/package.ps1'
[3.773s] INFO:colcon.colcon_core.shell:Creating package descriptor '/home/aziz/microros_ws1/install/micro_ros_agent/share/micro_ros_agent/package.dsv'
[3.774s] INFO:colcon.colcon_core.shell:Creating package script '/home/aziz/microros_ws1/install/micro_ros_agent/share/micro_ros_agent/package.sh'
[3.774s] INFO:colcon.colcon_core.shell:Creating package script '/home/aziz/microros_ws1/install/micro_ros_agent/share/micro_ros_agent/package.bash'
[3.775s] INFO:colcon.colcon_core.shell:Creating package script '/home/aziz/microros_ws1/install/micro_ros_agent/share/micro_ros_agent/package.zsh'
[3.775s] Level 1:colcon.colcon_core.environment:create_file_with_runtime_dependencies(/home/aziz/microros_ws1/install/micro_ros_agent/share/colcon-core/packages/micro_ros_agent)
[3.776s] DEBUG:colcon.colcon_parallel_executor.executor.parallel:closing loop
[3.776s] DEBUG:colcon.colcon_parallel_executor.executor.parallel:loop closed
[3.776s] DEBUG:colcon.colcon_parallel_executor.executor.parallel:run_until_complete finished with '0'
[3.776s] DEBUG:colcon.colcon_core.event_reactor:joining thread
[3.789s] INFO:colcon.colcon_core.plugin_system:Skipping extension 'colcon_notification.desktop_notification.terminal_notifier': Not used on non-Darwin systems
[3.789s] INFO:colcon.colcon_core.plugin_system:Skipping extension 'colcon_notification.desktop_notification.win32': Not used on non-Windows systems
[3.789s] INFO:colcon.colcon_notification.desktop_notification:Sending desktop notification using 'notify2'
[3.805s] DEBUG:colcon.colcon_core.event_reactor:joined thread
[3.813s] INFO:colcon.colcon_core.shell:Creating prefix script '/home/aziz/microros_ws1/install/local_setup.ps1'
[3.814s] INFO:colcon.colcon_core.shell:Creating prefix util module '/home/aziz/microros_ws1/install/_local_setup_util_ps1.py'
[3.815s] INFO:colcon.colcon_core.shell:Creating prefix chain script '/home/aziz/microros_ws1/install/setup.ps1'
[3.822s] INFO:colcon.colcon_core.shell:Creating prefix script '/home/aziz/microros_ws1/install/local_setup.sh'
[3.822s] INFO:colcon.colcon_core.shell:Creating prefix util module '/home/aziz/microros_ws1/install/_local_setup_util_sh.py'
[3.823s] INFO:colcon.colcon_core.shell:Creating prefix chain script '/home/aziz/microros_ws1/install/setup.sh'
[3.829s] INFO:colcon.colcon_core.shell:Creating prefix script '/home/aziz/microros_ws1/install/local_setup.bash'
[3.830s] INFO:colcon.colcon_core.shell:Creating prefix chain script '/home/aziz/microros_ws1/install/setup.bash'
[3.835s] INFO:colcon.colcon_core.shell:Creating prefix script '/home/aziz/microros_ws1/install/local_setup.zsh'
[3.836s] INFO:colcon.colcon_core.shell:Creating prefix chain script '/home/aziz/microros_ws1/install/setup.zsh'
