[1.500s] Invoking command in '/home/aziz/microros_ws1/firmware/mcu_ws/uros/tracetools/ros2trace': AMENT_PREFIX_PATH=/home/aziz/microros_ws1/firmware/mcu_ws/install:${AMENT_PREFIX_PATH} CMAKE_PREFIX_PATH=/home/aziz/microros_ws1/firmware/mcu_ws/install:${CMAKE_PREFIX_PATH} PYTHONPATH=/home/aziz/microros_ws1/firmware/mcu_ws/install/lib/python3.8/site-packages:/home/aziz/microros_ws1/firmware/mcu_ws/install/lib/python3.8/site-packages:${PYTHONPATH} /usr/bin/python3 setup.py egg_info --egg-base ../../../build/ros2trace build --build-base /home/aziz/microros_ws1/firmware/mcu_ws/build/ros2trace/build install --prefix /home/aziz/microros_ws1/firmware/mcu_ws/install --record /home/aziz/microros_ws1/firmware/mcu_ws/build/ros2trace/install.log --single-version-externally-managed
[1.919s] running egg_info
[1.934s] writing ../../../build/ros2trace/ros2trace.egg-info/PKG-INFO
[1.934s] writing dependency_links to ../../../build/ros2trace/ros2trace.egg-info/dependency_links.txt
[1.935s] writing entry points to ../../../build/ros2trace/ros2trace.egg-info/entry_points.txt
[1.935s] writing requirements to ../../../build/ros2trace/ros2trace.egg-info/requires.txt
[1.935s] writing top-level names to ../../../build/ros2trace/ros2trace.egg-info/top_level.txt
[1.964s] reading manifest file '../../../build/ros2trace/ros2trace.egg-info/SOURCES.txt'
[1.966s] writing manifest file '../../../build/ros2trace/ros2trace.egg-info/SOURCES.txt'
[1.966s] running build
[1.966s] running build_py
[1.967s] running install
[1.968s] /home/aziz/.local/lib/python3.8/site-packages/setuptools/command/install.py:34: SetuptoolsDeprecationWarning: setup.py install is deprecated. Use build and pip and other standards-based tools.
[1.968s]   warnings.warn(
[1.974s] running install_lib
[1.990s] running install_data
[2.003s] running install_egg_info
[2.017s] removing '/home/aziz/microros_ws1/firmware/mcu_ws/install/lib/python3.8/site-packages/ros2trace-1.0.2-py3.8.egg-info' (and everything under it)
[2.018s] Copying ../../../build/ros2trace/ros2trace.egg-info to /home/aziz/microros_ws1/firmware/mcu_ws/install/lib/python3.8/site-packages/ros2trace-1.0.2-py3.8.egg-info
[2.019s] running install_scripts
[2.091s] writing list of installed files to '/home/aziz/microros_ws1/firmware/mcu_ws/build/ros2trace/install.log'
[2.142s] Invoked command in '/home/aziz/microros_ws1/firmware/mcu_ws/uros/tracetools/ros2trace' returned '0': AMENT_PREFIX_PATH=/home/aziz/microros_ws1/firmware/mcu_ws/install:${AMENT_PREFIX_PATH} CMAKE_PREFIX_PATH=/home/aziz/microros_ws1/firmware/mcu_ws/install:${CMAKE_PREFIX_PATH} PYTHONPATH=/home/aziz/microros_ws1/firmware/mcu_ws/install/lib/python3.8/site-packages:/home/aziz/microros_ws1/firmware/mcu_ws/install/lib/python3.8/site-packages:${PYTHONPATH} /usr/bin/python3 setup.py egg_info --egg-base ../../../build/ros2trace build --build-base /home/aziz/microros_ws1/firmware/mcu_ws/build/ros2trace/build install --prefix /home/aziz/microros_ws1/firmware/mcu_ws/install --record /home/aziz/microros_ws1/firmware/mcu_ws/build/ros2trace/install.log --single-version-externally-managed
