/home/aziz/.local/lib/python3.8/site-packages/setuptools/dist.py:771: UserWarning: Usage of dash-separated 'script-dir' will not be supported in future versions. Please use the underscore name 'script_dir' instead
  warnings.warn(
/home/aziz/.local/lib/python3.8/site-packages/setuptools/dist.py:771: UserWarning: Usage of dash-separated 'install-scripts' will not be supported in future versions. Please use the underscore name 'install_scripts' instead
  warnings.warn(
running egg_info
creating ../../../build/tracetools_launch/tracetools_launch.egg-info
writing ../../../build/tracetools_launch/tracetools_launch.egg-info/PKG-INFO
writing dependency_links to ../../../build/tracetools_launch/tracetools_launch.egg-info/dependency_links.txt
writing requirements to ../../../build/tracetools_launch/tracetools_launch.egg-info/requires.txt
writing top-level names to ../../../build/tracetools_launch/tracetools_launch.egg-info/top_level.txt
writing manifest file '../../../build/tracetools_launch/tracetools_launch.egg-info/SOURCES.txt'
reading manifest file '../../../build/tracetools_launch/tracetools_launch.egg-info/SOURCES.txt'
/home/aziz/.local/lib/python3.8/site-packages/setuptools/command/install.py:34: SetuptoolsDeprecationWarning: setup.py install is deprecated. Use build and pip and other standards-based tools.
  warnings.warn(
writing manifest file '../../../build/tracetools_launch/tracetools_launch.egg-info/SOURCES.txt'
running build
running build_py
creating /home/aziz/microros_ws1/firmware/mcu_ws/build/tracetools_launch/build
creating /home/aziz/microros_ws1/firmware/mcu_ws/build/tracetools_launch/build/lib
creating /home/aziz/microros_ws1/firmware/mcu_ws/build/tracetools_launch/build/lib/tracetools_launch
copying tracetools_launch/__init__.py -> /home/aziz/microros_ws1/firmware/mcu_ws/build/tracetools_launch/build/lib/tracetools_launch
copying tracetools_launch/action.py -> /home/aziz/microros_ws1/firmware/mcu_ws/build/tracetools_launch/build/lib/tracetools_launch
creating /home/aziz/microros_ws1/firmware/mcu_ws/build/tracetools_launch/build/lib/tracetools_launch/actions
copying tracetools_launch/actions/__init__.py -> /home/aziz/microros_ws1/firmware/mcu_ws/build/tracetools_launch/build/lib/tracetools_launch/actions
copying tracetools_launch/actions/ld_preload.py -> /home/aziz/microros_ws1/firmware/mcu_ws/build/tracetools_launch/build/lib/tracetools_launch/actions
running install
running install_lib
creating /home/aziz/microros_ws1/firmware/mcu_ws/install/lib/python3.8/site-packages/tracetools_launch
creating /home/aziz/microros_ws1/firmware/mcu_ws/install/lib/python3.8/site-packages/tracetools_launch/actions
copying /home/aziz/microros_ws1/firmware/mcu_ws/build/tracetools_launch/build/lib/tracetools_launch/actions/__init__.py -> /home/aziz/microros_ws1/firmware/mcu_ws/install/lib/python3.8/site-packages/tracetools_launch/actions
copying /home/aziz/microros_ws1/firmware/mcu_ws/build/tracetools_launch/build/lib/tracetools_launch/actions/ld_preload.py -> /home/aziz/microros_ws1/firmware/mcu_ws/install/lib/python3.8/site-packages/tracetools_launch/actions
copying /home/aziz/microros_ws1/firmware/mcu_ws/build/tracetools_launch/build/lib/tracetools_launch/__init__.py -> /home/aziz/microros_ws1/firmware/mcu_ws/install/lib/python3.8/site-packages/tracetools_launch
copying /home/aziz/microros_ws1/firmware/mcu_ws/build/tracetools_launch/build/lib/tracetools_launch/action.py -> /home/aziz/microros_ws1/firmware/mcu_ws/install/lib/python3.8/site-packages/tracetools_launch
byte-compiling /home/aziz/microros_ws1/firmware/mcu_ws/install/lib/python3.8/site-packages/tracetools_launch/actions/__init__.py to __init__.cpython-38.pyc
byte-compiling /home/aziz/microros_ws1/firmware/mcu_ws/install/lib/python3.8/site-packages/tracetools_launch/actions/ld_preload.py to ld_preload.cpython-38.pyc
byte-compiling /home/aziz/microros_ws1/firmware/mcu_ws/install/lib/python3.8/site-packages/tracetools_launch/__init__.py to __init__.cpython-38.pyc
byte-compiling /home/aziz/microros_ws1/firmware/mcu_ws/install/lib/python3.8/site-packages/tracetools_launch/action.py to action.cpython-38.pyc
running install_data
copying package.xml -> /home/aziz/microros_ws1/firmware/mcu_ws/install/share/tracetools_launch
creating /home/aziz/microros_ws1/firmware/mcu_ws/install/share/tracetools_launch/launch
copying launch/example.launch.py -> /home/aziz/microros_ws1/firmware/mcu_ws/install/share/tracetools_launch/launch
copying resource/tracetools_launch -> /home/aziz/microros_ws1/firmware/mcu_ws/install/share/ament_index/resource_index/packages
running install_egg_info
Copying ../../../build/tracetools_launch/tracetools_launch.egg-info to /home/aziz/microros_ws1/firmware/mcu_ws/install/lib/python3.8/site-packages/tracetools_launch-1.0.2-py3.8.egg-info
running install_scripts
writing list of installed files to '/home/aziz/microros_ws1/firmware/mcu_ws/build/tracetools_launch/install.log'
