Not searching for unused variables given on the command line.
-- The C compiler identification is GNU 8.2.0
-- The CXX compiler identification is GNU 8.2.0
-- Check for working C compiler: /home/aziz/microros_ws1/firmware/toolchain/espressif/tools/xtensa-esp32-elf/esp-2020r2-8.2.0/xtensa-esp32-elf/bin/xtensa-esp32-elf-gcc
-- Check for working C compiler: /home/aziz/microros_ws1/firmware/toolchain/espressif/tools/xtensa-esp32-elf/esp-2020r2-8.2.0/xtensa-esp32-elf/bin/xtensa-esp32-elf-gcc -- works
-- Detecting C compiler ABI info
-- Detecting C compiler ABI info - done
-- Detecting C compile features
-- Detecting C compile features - done
-- Check for working CXX compiler: /home/aziz/microros_ws1/firmware/toolchain/espressif/tools/xtensa-esp32-elf/esp-2020r2-8.2.0/xtensa-esp32-elf/bin/xtensa-esp32-elf-g++
-- Check for working CXX compiler: /home/aziz/microros_ws1/firmware/toolchain/espressif/tools/xtensa-esp32-elf/esp-2020r2-8.2.0/xtensa-esp32-elf/bin/xtensa-esp32-elf-g++ -- works
-- Detecting CXX compiler ABI info
-- Detecting CXX compiler ABI info - done
-- Detecting CXX compile features
-- Detecting CXX compile features - done
-- Found ament_cmake: 0.9.11 (/home/aziz/microros_ws1/firmware/dev_ws/install/ament_cmake/share/ament_cmake/cmake)
-- Found PythonInterp: /home/aziz/microros_ws1/firmware/toolchain/espressif/python_env/idf4.1_py3.8_env/bin/python3 (found suitable version "3.8.10", minimum required is "3") 
-- Using PYTHON_EXECUTABLE: /home/aziz/microros_ws1/firmware/toolchain/espressif/python_env/idf4.1_py3.8_env/bin/python3
-- Configuring done
-- Generating done
-- Build files have been written to: /home/aziz/microros_ws1/firmware/mcu_ws/build/libyaml_vendor
make[4]: Entering directory '/home/aziz/microros_ws1/firmware/mcu_ws/build/libyaml_vendor'
/usr/bin/cmake -S/home/aziz/microros_ws1/firmware/mcu_ws/ros2/libyaml_vendor -B/home/aziz/microros_ws1/firmware/mcu_ws/build/libyaml_vendor --check-build-system CMakeFiles/Makefile.cmake 0
/usr/bin/cmake -E cmake_progress_start /home/aziz/microros_ws1/firmware/mcu_ws/build/libyaml_vendor/CMakeFiles /home/aziz/microros_ws1/firmware/mcu_ws/build/libyaml_vendor/CMakeFiles/progress.marks
/usr/bin/make -f CMakeFiles/Makefile2 all
make[5]: Entering directory '/home/aziz/microros_ws1/firmware/mcu_ws/build/libyaml_vendor'
/usr/bin/make -f CMakeFiles/libyaml-10c9078.dir/build.make CMakeFiles/libyaml-10c9078.dir/depend
make[6]: Entering directory '/home/aziz/microros_ws1/firmware/mcu_ws/build/libyaml_vendor'
cd /home/aziz/microros_ws1/firmware/mcu_ws/build/libyaml_vendor && /usr/bin/cmake -E cmake_depends "Unix Makefiles" /home/aziz/microros_ws1/firmware/mcu_ws/ros2/libyaml_vendor /home/aziz/microros_ws1/firmware/mcu_ws/ros2/libyaml_vendor /home/aziz/microros_ws1/firmware/mcu_ws/build/libyaml_vendor /home/aziz/microros_ws1/firmware/mcu_ws/build/libyaml_vendor /home/aziz/microros_ws1/firmware/mcu_ws/build/libyaml_vendor/CMakeFiles/libyaml-10c9078.dir/DependInfo.cmake --color=
Dependee "/home/aziz/microros_ws1/firmware/mcu_ws/build/libyaml_vendor/CMakeFiles/libyaml-10c9078.dir/DependInfo.cmake" is newer than depender "/home/aziz/microros_ws1/firmware/mcu_ws/build/libyaml_vendor/CMakeFiles/libyaml-10c9078.dir/depend.internal".
Dependee "/home/aziz/microros_ws1/firmware/mcu_ws/build/libyaml_vendor/CMakeFiles/CMakeDirectoryInformation.cmake" is newer than depender "/home/aziz/microros_ws1/firmware/mcu_ws/build/libyaml_vendor/CMakeFiles/libyaml-10c9078.dir/depend.internal".
[35m[1mScanning dependencies of target libyaml-10c9078[0m
make[6]: Leaving directory '/home/aziz/microros_ws1/firmware/mcu_ws/build/libyaml_vendor'
/usr/bin/make -f CMakeFiles/libyaml-10c9078.dir/build.make CMakeFiles/libyaml-10c9078.dir/build
make[6]: Entering directory '/home/aziz/microros_ws1/firmware/mcu_ws/build/libyaml_vendor'
[ 12%] [34m[1mCreating directories for 'libyaml-10c9078'[0m
/usr/bin/cmake -E make_directory /home/aziz/microros_ws1/firmware/mcu_ws/build/libyaml_vendor/libyaml-10c9078-prefix/src/libyaml-10c9078
/usr/bin/cmake -E make_directory /home/aziz/microros_ws1/firmware/mcu_ws/build/libyaml_vendor/libyaml-10c9078-prefix/src/libyaml-10c9078-build
/usr/bin/cmake -E make_directory /home/aziz/microros_ws1/firmware/mcu_ws/build/libyaml_vendor/libyaml-10c9078-prefix
/usr/bin/cmake -E make_directory /home/aziz/microros_ws1/firmware/mcu_ws/build/libyaml_vendor/libyaml-10c9078-prefix/tmp
/usr/bin/cmake -E make_directory /home/aziz/microros_ws1/firmware/mcu_ws/build/libyaml_vendor/libyaml-10c9078-prefix/src/libyaml-10c9078-stamp
/usr/bin/cmake -E make_directory /home/aziz/microros_ws1/firmware/mcu_ws/build/libyaml_vendor/libyaml-10c9078-prefix/src
/usr/bin/cmake -E make_directory /home/aziz/microros_ws1/firmware/mcu_ws/build/libyaml_vendor/libyaml-10c9078-prefix/src/libyaml-10c9078-stamp
/usr/bin/cmake -E touch /home/aziz/microros_ws1/firmware/mcu_ws/build/libyaml_vendor/libyaml-10c9078-prefix/src/libyaml-10c9078-stamp/libyaml-10c9078-mkdir
[ 25%] [34m[1mPerforming download step (download, verify and extract) for 'libyaml-10c9078'[0m
cd /home/aziz/microros_ws1/firmware/mcu_ws/build/libyaml_vendor/libyaml-10c9078-prefix/src && /usr/bin/cmake -P /home/aziz/microros_ws1/firmware/mcu_ws/build/libyaml_vendor/libyaml-10c9078-prefix/src/libyaml-10c9078-stamp/download-libyaml-10c9078.cmake
-- Downloading...
   dst='/home/aziz/microros_ws1/firmware/mcu_ws/build/libyaml_vendor/libyaml-10c9078-prefix/src/10c907871f1ccd779c7fccf6b81a62762b5c4e7b.zip'
   timeout='60 seconds'
-- Using src='https://github.com/yaml/libyaml/archive/10c907871f1ccd779c7fccf6b81a62762b5c4e7b.zip'
-- [download 1% complete]
-- [download 2% complete]
-- [download 3% complete]
-- [download 5% complete]
-- [download 6% complete]
-- [download 7% complete]
-- [download 9% complete]
-- [download 10% complete]
-- [download 11% complete]
-- [download 13% complete]
-- [download 14% complete]
-- [download 15% complete]
-- [download 17% complete]
-- [download 19% complete]
-- [download 21% complete]
-- [download 22% complete]
-- [download 23% complete]
-- [download 25% complete]
-- [download 26% complete]
-- [download 27% complete]
-- [download 29% complete]
-- [download 30% complete]
-- [download 31% complete]
-- [download 33% complete]
-- [download 35% complete]
-- [download 37% complete]
-- [download 38% complete]
-- [download 39% complete]
-- [download 41% complete]
-- [download 42% complete]
-- [download 44% complete]
-- [download 45% complete]
-- [download 46% complete]
-- [download 48% complete]
-- [download 49% complete]
-- [download 50% complete]
-- [download 52% complete]
-- [download 53% complete]
-- [download 54% complete]
-- [download 56% complete]
-- [download 57% complete]
-- [download 58% complete]
-- [download 60% complete]
-- [download 61% complete]
-- [download 62% complete]
-- [download 64% complete]
-- [download 65% complete]
-- [download 66% complete]
-- [download 68% complete]
-- [download 69% complete]
-- [download 70% complete]
-- [download 72% complete]
-- [download 73% complete]
-- [download 74% complete]
-- [download 76% complete]
-- [download 77% complete]
-- [download 78% complete]
-- [download 80% complete]
-- [download 81% complete]
-- [download 82% complete]
-- [download 84% complete]
-- [download 85% complete]
-- [download 86% complete]
-- [download 88% complete]
-- [download 89% complete]
-- [download 91% complete]
-- [download 92% complete]
-- [download 93% complete]
-- [download 95% complete]
-- [download 96% complete]
-- [download 97% complete]
-- [download 99% complete]
-- [download 100% complete]
-- verifying file...
       file='/home/aziz/microros_ws1/firmware/mcu_ws/build/libyaml_vendor/libyaml-10c9078-prefix/src/10c907871f1ccd779c7fccf6b81a62762b5c4e7b.zip'
-- Downloading... done
cd /home/aziz/microros_ws1/firmware/mcu_ws/build/libyaml_vendor/libyaml-10c9078-prefix/src && /usr/bin/cmake -P /home/aziz/microros_ws1/firmware/mcu_ws/build/libyaml_vendor/libyaml-10c9078-prefix/src/libyaml-10c9078-stamp/verify-libyaml-10c9078.cmake
cd /home/aziz/microros_ws1/firmware/mcu_ws/build/libyaml_vendor/libyaml-10c9078-prefix/src && /usr/bin/cmake -P /home/aziz/microros_ws1/firmware/mcu_ws/build/libyaml_vendor/libyaml-10c9078-prefix/src/libyaml-10c9078-stamp/extract-libyaml-10c9078.cmake
-- extracting...
     src='/home/aziz/microros_ws1/firmware/mcu_ws/build/libyaml_vendor/libyaml-10c9078-prefix/src/10c907871f1ccd779c7fccf6b81a62762b5c4e7b.zip'
     dst='/home/aziz/microros_ws1/firmware/mcu_ws/build/libyaml_vendor/libyaml-10c9078-prefix/src/libyaml-10c9078'
-- extracting... [tar xfz]
-- extracting... [analysis]
-- extracting... [rename]
-- extracting... [clean up]
-- extracting... done
cd /home/aziz/microros_ws1/firmware/mcu_ws/build/libyaml_vendor/libyaml-10c9078-prefix/src && /usr/bin/cmake -E touch /home/aziz/microros_ws1/firmware/mcu_ws/build/libyaml_vendor/libyaml-10c9078-prefix/src/libyaml-10c9078-stamp/libyaml-10c9078-download
[ 50%] [34m[1mNo patch step for 'libyaml-10c9078'[0m
[ 50%] [34m[1mNo update step for 'libyaml-10c9078'[0m
/usr/bin/cmake -E echo_append
/usr/bin/cmake -E echo_append
/usr/bin/cmake -E touch /home/aziz/microros_ws1/firmware/mcu_ws/build/libyaml_vendor/libyaml-10c9078-prefix/src/libyaml-10c9078-stamp/libyaml-10c9078-patch
/usr/bin/cmake -E touch /home/aziz/microros_ws1/firmware/mcu_ws/build/libyaml_vendor/libyaml-10c9078-prefix/src/libyaml-10c9078-stamp/libyaml-10c9078-update
[ 62%] [34m[1mPerforming configure step for 'libyaml-10c9078'[0m
cd /home/aziz/microros_ws1/firmware/mcu_ws/build/libyaml_vendor/libyaml-10c9078-prefix/src/libyaml-10c9078-build && /usr/bin/cmake -DCMAKE_INSTALL_PREFIX=/home/aziz/microros_ws1/firmware/mcu_ws/build/libyaml_vendor/libyaml_install -DCMAKE_BUILD_TYPE=Debug -DBUILD_SHARED_LIBS=ON -DBUILD_TESTING=OFF "-DCMAKE_C_FLAGS=-mlongcalls -Wno-frame-address -mlongcalls -Wno-frame-address" -DCMAKE_TOOLCHAIN_FILE=/home/aziz/microros_ws1/firmware/freertos_apps/microros_esp32_extensions/esp32_toolchain.cmake "-GUnix Makefiles" /home/aziz/microros_ws1/firmware/mcu_ws/build/libyaml_vendor/libyaml-10c9078-prefix/src/libyaml-10c9078
Re-run cmake no build system arguments
-- The C compiler identification is GNU 8.2.0
-- Check for working C compiler: /home/aziz/microros_ws1/firmware/toolchain/espressif/tools/xtensa-esp32-elf/esp-2020r2-8.2.0/xtensa-esp32-elf/bin/xtensa-esp32-elf-gcc
-- Check for working C compiler: /home/aziz/microros_ws1/firmware/toolchain/espressif/tools/xtensa-esp32-elf/esp-2020r2-8.2.0/xtensa-esp32-elf/bin/xtensa-esp32-elf-gcc -- works
-- Detecting C compiler ABI info
-- Detecting C compiler ABI info - done
-- Detecting C compile features
-- Detecting C compile features - done
-- Configuring done
-- Generating done
-- Build files have been written to: /home/aziz/microros_ws1/firmware/mcu_ws/build/libyaml_vendor/libyaml-10c9078-prefix/src/libyaml-10c9078-build
cd /home/aziz/microros_ws1/firmware/mcu_ws/build/libyaml_vendor/libyaml-10c9078-prefix/src/libyaml-10c9078-build && /usr/bin/cmake -E touch /home/aziz/microros_ws1/firmware/mcu_ws/build/libyaml_vendor/libyaml-10c9078-prefix/src/libyaml-10c9078-stamp/libyaml-10c9078-configure
[ 75%] [34m[1mPerforming build step for 'libyaml-10c9078'[0m
cd /home/aziz/microros_ws1/firmware/mcu_ws/build/libyaml_vendor/libyaml-10c9078-prefix/src/libyaml-10c9078-build && /usr/bin/make
make[7]: Entering directory '/home/aziz/microros_ws1/firmware/mcu_ws/build/libyaml_vendor/libyaml-10c9078-prefix/src/libyaml-10c9078-build'
/usr/bin/cmake -S/home/aziz/microros_ws1/firmware/mcu_ws/build/libyaml_vendor/libyaml-10c9078-prefix/src/libyaml-10c9078 -B/home/aziz/microros_ws1/firmware/mcu_ws/build/libyaml_vendor/libyaml-10c9078-prefix/src/libyaml-10c9078-build --check-build-system CMakeFiles/Makefile.cmake 0
/usr/bin/cmake -E cmake_progress_start /home/aziz/microros_ws1/firmware/mcu_ws/build/libyaml_vendor/libyaml-10c9078-prefix/src/libyaml-10c9078-build/CMakeFiles /home/aziz/microros_ws1/firmware/mcu_ws/build/libyaml_vendor/libyaml-10c9078-prefix/src/libyaml-10c9078-build/CMakeFiles/progress.marks
/usr/bin/make -f CMakeFiles/Makefile2 all
make[8]: Entering directory '/home/aziz/microros_ws1/firmware/mcu_ws/build/libyaml_vendor/libyaml-10c9078-prefix/src/libyaml-10c9078-build'
/usr/bin/make -f CMakeFiles/yaml.dir/build.make CMakeFiles/yaml.dir/depend
make[9]: Entering directory '/home/aziz/microros_ws1/firmware/mcu_ws/build/libyaml_vendor/libyaml-10c9078-prefix/src/libyaml-10c9078-build'
cd /home/aziz/microros_ws1/firmware/mcu_ws/build/libyaml_vendor/libyaml-10c9078-prefix/src/libyaml-10c9078-build && /usr/bin/cmake -E cmake_depends "Unix Makefiles" /home/aziz/microros_ws1/firmware/mcu_ws/build/libyaml_vendor/libyaml-10c9078-prefix/src/libyaml-10c9078 /home/aziz/microros_ws1/firmware/mcu_ws/build/libyaml_vendor/libyaml-10c9078-prefix/src/libyaml-10c9078 /home/aziz/microros_ws1/firmware/mcu_ws/build/libyaml_vendor/libyaml-10c9078-prefix/src/libyaml-10c9078-build /home/aziz/microros_ws1/firmware/mcu_ws/build/libyaml_vendor/libyaml-10c9078-prefix/src/libyaml-10c9078-build /home/aziz/microros_ws1/firmware/mcu_ws/build/libyaml_vendor/libyaml-10c9078-prefix/src/libyaml-10c9078-build/CMakeFiles/yaml.dir/DependInfo.cmake --color=
Dependee "/home/aziz/microros_ws1/firmware/mcu_ws/build/libyaml_vendor/libyaml-10c9078-prefix/src/libyaml-10c9078-build/CMakeFiles/yaml.dir/DependInfo.cmake" is newer than depender "/home/aziz/microros_ws1/firmware/mcu_ws/build/libyaml_vendor/libyaml-10c9078-prefix/src/libyaml-10c9078-build/CMakeFiles/yaml.dir/depend.internal".
Dependee "/home/aziz/microros_ws1/firmware/mcu_ws/build/libyaml_vendor/libyaml-10c9078-prefix/src/libyaml-10c9078-build/CMakeFiles/CMakeDirectoryInformation.cmake" is newer than depender "/home/aziz/microros_ws1/firmware/mcu_ws/build/libyaml_vendor/libyaml-10c9078-prefix/src/libyaml-10c9078-build/CMakeFiles/yaml.dir/depend.internal".
[35m[1mScanning dependencies of target yaml[0m
make[9]: Leaving directory '/home/aziz/microros_ws1/firmware/mcu_ws/build/libyaml_vendor/libyaml-10c9078-prefix/src/libyaml-10c9078-build'
/usr/bin/make -f CMakeFiles/yaml.dir/build.make CMakeFiles/yaml.dir/build
make[9]: Entering directory '/home/aziz/microros_ws1/firmware/mcu_ws/build/libyaml_vendor/libyaml-10c9078-prefix/src/libyaml-10c9078-build'
[ 11%] [32mBuilding C object CMakeFiles/yaml.dir/src/api.c.obj[0m
/home/aziz/microros_ws1/firmware/toolchain/espressif/tools/xtensa-esp32-elf/esp-2020r2-8.2.0/xtensa-esp32-elf/bin/xtensa-esp32-elf-gcc -DHAVE_CONFIG_H -DLWIP_IPV4 -DLWIP_IPV6 -I/home/aziz/microros_ws1/firmware/freertos_apps/microros_esp32_extensions/build/config -I/home/aziz/microros_ws1/firmware/toolchain/esp-idf/components/newlib/platform_include -I/home/aziz/microros_ws1/firmware/toolchain/esp-idf/components/protocomm/include -I/home/aziz/microros_ws1/firmware/toolchain/esp-idf/components/esp_rom/include -I/home/aziz/microros_ws1/firmware/toolchain/esp-idf/components/driver/include -I/home/aziz/microros_ws1/firmware/toolchain/esp-idf/components/wear_levelling/include -I/home/aziz/microros_ws1/firmware/toolchain/esp-idf/components/vfs/include -I/home/aziz/microros_ws1/firmware/toolchain/esp-idf/components/log/include -I/home/aziz/microros_ws1/firmware/toolchain/esp-idf/components/freertos/include -I/home/aziz/microros_ws1/firmware/toolchain/esp-idf/components/wifi_provisioning/include -I/home/aziz/microros_ws1/firmware/toolchain/esp-idf/components/pthread/include -I/home/aziz/microros_ws1/firmware/toolchain/esp-idf/components/libsodium/libsodium/src/libsodium/include -I/home/aziz/microros_ws1/firmware/toolchain/esp-idf/components/coap/port/include -I/home/aziz/microros_ws1/firmware/toolchain/esp-idf/components/coap/libcoap/include -I/home/aziz/microros_ws1/firmware/toolchain/esp-idf/components/tcp_transport/include -I/home/aziz/microros_ws1/firmware/toolchain/esp-idf/components/unity/include -I/home/aziz/microros_ws1/firmware/toolchain/esp-idf/components/esp32/include -I/home/aziz/microros_ws1/firmware/toolchain/esp-idf/components/asio/port/include -I/home/aziz/microros_ws1/firmware/toolchain/esp-idf/components/asio/asio/asio/include -I/home/aziz/microros_ws1/firmware/toolchain/esp-idf/components/app_update/include -I/home/aziz/microros_ws1/firmware/toolchain/esp-idf/components/esp_ringbuf/include -I/home/aziz/microros_ws1/firmware/toolchain/esp-idf/components/soc/esp32/include -I/home/aziz/microros_ws1/firmware/toolchain/esp-idf/components/soc/include -I/home/aziz/microros_ws1/firmware/toolchain/esp-idf/components/efuse/test/include -I/home/aziz/microros_ws1/firmware/toolchain/esp-idf/components/efuse/esp32/include -I/home/aziz/microros_ws1/firmware/toolchain/esp-idf/components/efuse/include -I/home/aziz/microros_ws1/firmware/toolchain/esp-idf/components/mbedtls/port/include -I/home/aziz/microros_ws1/firmware/toolchain/esp-idf/components/mbedtls/mbedtls/include -I/home/aziz/microros_ws1/firmware/toolchain/esp-idf/components/xtensa/esp32/include -I/home/aziz/microros_ws1/firmware/toolchain/esp-idf/components/xtensa/include -I/home/aziz/microros_ws1/firmware/toolchain/esp-idf/components/app_trace/include -I/home/aziz/microros_ws1/firmware/toolchain/esp-idf/components/nvs_flash/include -I/home/aziz/microros_ws1/firmware/toolchain/esp-idf/components/jsmn/include -I/home/aziz/microros_ws1/firmware/toolchain/esp-idf/components/esp_eth/include -I/home/aziz/microros_ws1/firmware/toolchain/esp-idf/components/spiffs/include -I/home/aziz/microros_ws1/firmware/toolchain/esp-idf/components/ulp/include -I/home/aziz/microros_ws1/firmware/toolchain/esp-idf/components/mdns/include -I/home/aziz/microros_ws1/firmware/toolchain/esp-idf/components/freemodbus/modbus/include -I/home/aziz/microros_ws1/firmware/toolchain/esp-idf/components/freemodbus/common/include -I/home/aziz/microros_ws1/firmware/toolchain/esp-idf/components/esp_event/include -I/home/aziz/microros_ws1/firmware/toolchain/esp-idf/components/expat/port/include -I/home/aziz/microros_ws1/firmware/toolchain/esp-idf/components/bootloader_support/include -I/home/aziz/microros_ws1/firmware/toolchain/esp-idf/components/heap/include -I/home/aziz/microros_ws1/firmware/toolchain/esp-idf/components/wpa_supplicant/port/include -I/home/aziz/microros_ws1/firmware/toolchain/esp-idf/components/wpa_supplicant/include -I/home/aziz/microros_ws1/firmware/toolchain/esp-idf/components/tcpip_adapter/include -I/home/aziz/microros_ws1/firmware/toolchain/esp-idf/components/openssl/include -I/home/aziz/microros_ws1/firmware/toolchain/esp-idf/components/sdmmc/include -I/home/aziz/microros_ws1/firmware/toolchain/esp-idf/components/esp_local_ctrl/include -I/home/aziz/microros_ws1/firmware/toolchain/esp-idf/components/esp_common/include -I/home/aziz/microros_ws1/firmware/toolchain/esp-idf/components/lwip/lwip/src/include/lwip/apps -I/home/aziz/microros_ws1/firmware/toolchain/esp-idf/components/lwip/lwip/src/include/compat/posix -I/home/aziz/microros_ws1/firmware/toolchain/esp-idf/components/lwip/lwip/src/include -I/home/aziz/microros_ws1/firmware/toolchain/esp-idf/components/lwip/port/esp32/include -I/home/aziz/microros_ws1/firmware/mcu_ws/build/libyaml_vendor/libyaml-10c9078-prefix/src/libyaml-10c9078/include -I/home/aziz/microros_ws1/firmware/mcu_ws/build/libyaml_vendor/libyaml-10c9078-prefix/src/libyaml-10c9078-build/include  -mlongcalls -Wno-frame-address -mlongcalls -Wno-frame-address -g   -o CMakeFiles/yaml.dir/src/api.c.obj   -c /home/aziz/microros_ws1/firmware/mcu_ws/build/libyaml_vendor/libyaml-10c9078-prefix/src/libyaml-10c9078/src/api.c
[ 22%] [32mBuilding C object CMakeFiles/yaml.dir/src/emitter.c.obj[0m
/home/aziz/microros_ws1/firmware/toolchain/espressif/tools/xtensa-esp32-elf/esp-2020r2-8.2.0/xtensa-esp32-elf/bin/xtensa-esp32-elf-gcc -DHAVE_CONFIG_H -DLWIP_IPV4 -DLWIP_IPV6 -I/home/aziz/microros_ws1/firmware/freertos_apps/microros_esp32_extensions/build/config -I/home/aziz/microros_ws1/firmware/toolchain/esp-idf/components/newlib/platform_include -I/home/aziz/microros_ws1/firmware/toolchain/esp-idf/components/protocomm/include -I/home/aziz/microros_ws1/firmware/toolchain/esp-idf/components/esp_rom/include -I/home/aziz/microros_ws1/firmware/toolchain/esp-idf/components/driver/include -I/home/aziz/microros_ws1/firmware/toolchain/esp-idf/components/wear_levelling/include -I/home/aziz/microros_ws1/firmware/toolchain/esp-idf/components/vfs/include -I/home/aziz/microros_ws1/firmware/toolchain/esp-idf/components/log/include -I/home/aziz/microros_ws1/firmware/toolchain/esp-idf/components/freertos/include -I/home/aziz/microros_ws1/firmware/toolchain/esp-idf/components/wifi_provisioning/include -I/home/aziz/microros_ws1/firmware/toolchain/esp-idf/components/pthread/include -I/home/aziz/microros_ws1/firmware/toolchain/esp-idf/components/libsodium/libsodium/src/libsodium/include -I/home/aziz/microros_ws1/firmware/toolchain/esp-idf/components/coap/port/include -I/home/aziz/microros_ws1/firmware/toolchain/esp-idf/components/coap/libcoap/include -I/home/aziz/microros_ws1/firmware/toolchain/esp-idf/components/tcp_transport/include -I/home/aziz/microros_ws1/firmware/toolchain/esp-idf/components/unity/include -I/home/aziz/microros_ws1/firmware/toolchain/esp-idf/components/esp32/include -I/home/aziz/microros_ws1/firmware/toolchain/esp-idf/components/asio/port/include -I/home/aziz/microros_ws1/firmware/toolchain/esp-idf/components/asio/asio/asio/include -I/home/aziz/microros_ws1/firmware/toolchain/esp-idf/components/app_update/include -I/home/aziz/microros_ws1/firmware/toolchain/esp-idf/components/esp_ringbuf/include -I/home/aziz/microros_ws1/firmware/toolchain/esp-idf/components/soc/esp32/include -I/home/aziz/microros_ws1/firmware/toolchain/esp-idf/components/soc/include -I/home/aziz/microros_ws1/firmware/toolchain/esp-idf/components/efuse/test/include -I/home/aziz/microros_ws1/firmware/toolchain/esp-idf/components/efuse/esp32/include -I/home/aziz/microros_ws1/firmware/toolchain/esp-idf/components/efuse/include -I/home/aziz/microros_ws1/firmware/toolchain/esp-idf/components/mbedtls/port/include -I/home/aziz/microros_ws1/firmware/toolchain/esp-idf/components/mbedtls/mbedtls/include -I/home/aziz/microros_ws1/firmware/toolchain/esp-idf/components/xtensa/esp32/include -I/home/aziz/microros_ws1/firmware/toolchain/esp-idf/components/xtensa/include -I/home/aziz/microros_ws1/firmware/toolchain/esp-idf/components/app_trace/include -I/home/aziz/microros_ws1/firmware/toolchain/esp-idf/components/nvs_flash/include -I/home/aziz/microros_ws1/firmware/toolchain/esp-idf/components/jsmn/include -I/home/aziz/microros_ws1/firmware/toolchain/esp-idf/components/esp_eth/include -I/home/aziz/microros_ws1/firmware/toolchain/esp-idf/components/spiffs/include -I/home/aziz/microros_ws1/firmware/toolchain/esp-idf/components/ulp/include -I/home/aziz/microros_ws1/firmware/toolchain/esp-idf/components/mdns/include -I/home/aziz/microros_ws1/firmware/toolchain/esp-idf/components/freemodbus/modbus/include -I/home/aziz/microros_ws1/firmware/toolchain/esp-idf/components/freemodbus/common/include -I/home/aziz/microros_ws1/firmware/toolchain/esp-idf/components/esp_event/include -I/home/aziz/microros_ws1/firmware/toolchain/esp-idf/components/expat/port/include -I/home/aziz/microros_ws1/firmware/toolchain/esp-idf/components/bootloader_support/include -I/home/aziz/microros_ws1/firmware/toolchain/esp-idf/components/heap/include -I/home/aziz/microros_ws1/firmware/toolchain/esp-idf/components/wpa_supplicant/port/include -I/home/aziz/microros_ws1/firmware/toolchain/esp-idf/components/wpa_supplicant/include -I/home/aziz/microros_ws1/firmware/toolchain/esp-idf/components/tcpip_adapter/include -I/home/aziz/microros_ws1/firmware/toolchain/esp-idf/components/openssl/include -I/home/aziz/microros_ws1/firmware/toolchain/esp-idf/components/sdmmc/include -I/home/aziz/microros_ws1/firmware/toolchain/esp-idf/components/esp_local_ctrl/include -I/home/aziz/microros_ws1/firmware/toolchain/esp-idf/components/esp_common/include -I/home/aziz/microros_ws1/firmware/toolchain/esp-idf/components/lwip/lwip/src/include/lwip/apps -I/home/aziz/microros_ws1/firmware/toolchain/esp-idf/components/lwip/lwip/src/include/compat/posix -I/home/aziz/microros_ws1/firmware/toolchain/esp-idf/components/lwip/lwip/src/include -I/home/aziz/microros_ws1/firmware/toolchain/esp-idf/components/lwip/port/esp32/include -I/home/aziz/microros_ws1/firmware/mcu_ws/build/libyaml_vendor/libyaml-10c9078-prefix/src/libyaml-10c9078/include -I/home/aziz/microros_ws1/firmware/mcu_ws/build/libyaml_vendor/libyaml-10c9078-prefix/src/libyaml-10c9078-build/include  -mlongcalls -Wno-frame-address -mlongcalls -Wno-frame-address -g   -o CMakeFiles/yaml.dir/src/emitter.c.obj   -c /home/aziz/microros_ws1/firmware/mcu_ws/build/libyaml_vendor/libyaml-10c9078-prefix/src/libyaml-10c9078/src/emitter.c
[ 33%] [32mBuilding C object CMakeFiles/yaml.dir/src/dumper.c.obj[0m
[ 44%] [32mBuilding C object CMakeFiles/yaml.dir/src/loader.c.obj[0m
/home/aziz/microros_ws1/firmware/toolchain/espressif/tools/xtensa-esp32-elf/esp-2020r2-8.2.0/xtensa-esp32-elf/bin/xtensa-esp32-elf-gcc -DHAVE_CONFIG_H -DLWIP_IPV4 -DLWIP_IPV6 -I/home/aziz/microros_ws1/firmware/freertos_apps/microros_esp32_extensions/build/config -I/home/aziz/microros_ws1/firmware/toolchain/esp-idf/components/newlib/platform_include -I/home/aziz/microros_ws1/firmware/toolchain/esp-idf/components/protocomm/include -I/home/aziz/microros_ws1/firmware/toolchain/esp-idf/components/esp_rom/include -I/home/aziz/microros_ws1/firmware/toolchain/esp-idf/components/driver/include -I/home/aziz/microros_ws1/firmware/toolchain/esp-idf/components/wear_levelling/include -I/home/aziz/microros_ws1/firmware/toolchain/esp-idf/components/vfs/include -I/home/aziz/microros_ws1/firmware/toolchain/esp-idf/components/log/include -I/home/aziz/microros_ws1/firmware/toolchain/esp-idf/components/freertos/include -I/home/aziz/microros_ws1/firmware/toolchain/esp-idf/components/wifi_provisioning/include -I/home/aziz/microros_ws1/firmware/toolchain/esp-idf/components/pthread/include -I/home/aziz/microros_ws1/firmware/toolchain/esp-idf/components/libsodium/libsodium/src/libsodium/include -I/home/aziz/microros_ws1/firmware/toolchain/esp-idf/components/coap/port/include -I/home/aziz/microros_ws1/firmware/toolchain/esp-idf/components/coap/libcoap/include -I/home/aziz/microros_ws1/firmware/toolchain/esp-idf/components/tcp_transport/include -I/home/aziz/microros_ws1/firmware/toolchain/esp-idf/components/unity/include -I/home/aziz/microros_ws1/firmware/toolchain/esp-idf/components/esp32/include -I/home/aziz/microros_ws1/firmware/toolchain/esp-idf/components/asio/port/include -I/home/aziz/microros_ws1/firmware/toolchain/esp-idf/components/asio/asio/asio/include -I/home/aziz/microros_ws1/firmware/toolchain/esp-idf/components/app_update/include -I/home/aziz/microros_ws1/firmware/toolchain/esp-idf/components/esp_ringbuf/include -I/home/aziz/microros_ws1/firmware/toolchain/esp-idf/components/soc/esp32/include -I/home/aziz/microros_ws1/firmware/toolchain/esp-idf/components/soc/include -I/home/aziz/microros_ws1/firmware/toolchain/esp-idf/components/efuse/test/include -I/home/aziz/microros_ws1/firmware/toolchain/esp-idf/components/efuse/esp32/include -I/home/aziz/microros_ws1/firmware/toolchain/esp-idf/components/efuse/include -I/home/aziz/microros_ws1/firmware/toolchain/esp-idf/components/mbedtls/port/include -I/home/aziz/microros_ws1/firmware/toolchain/esp-idf/components/mbedtls/mbedtls/include -I/home/aziz/microros_ws1/firmware/toolchain/esp-idf/components/xtensa/esp32/include -I/home/aziz/microros_ws1/firmware/toolchain/esp-idf/components/xtensa/include -I/home/aziz/microros_ws1/firmware/toolchain/esp-idf/components/app_trace/include -I/home/aziz/microros_ws1/firmware/toolchain/esp-idf/components/nvs_flash/include -I/home/aziz/microros_ws1/firmware/toolchain/esp-idf/components/jsmn/include -I/home/aziz/microros_ws1/firmware/toolchain/esp-idf/components/esp_eth/include -I/home/aziz/microros_ws1/firmware/toolchain/esp-idf/components/spiffs/include -I/home/aziz/microros_ws1/firmware/toolchain/esp-idf/components/ulp/include -I/home/aziz/microros_ws1/firmware/toolchain/esp-idf/components/mdns/include -I/home/aziz/microros_ws1/firmware/toolchain/esp-idf/components/freemodbus/modbus/include -I/home/aziz/microros_ws1/firmware/toolchain/esp-idf/components/freemodbus/common/include -I/home/aziz/microros_ws1/firmware/toolchain/esp-idf/components/esp_event/include -I/home/aziz/microros_ws1/firmware/toolchain/esp-idf/components/expat/port/include -I/home/aziz/microros_ws1/firmware/toolchain/esp-idf/components/bootloader_support/include -I/home/aziz/microros_ws1/firmware/toolchain/esp-idf/components/heap/include -I/home/aziz/microros_ws1/firmware/toolchain/esp-idf/components/wpa_supplicant/port/include -I/home/aziz/microros_ws1/firmware/toolchain/esp-idf/components/wpa_supplicant/include -I/home/aziz/microros_ws1/firmware/toolchain/esp-idf/components/tcpip_adapter/include -I/home/aziz/microros_ws1/firmware/toolchain/esp-idf/components/openssl/include -I/home/aziz/microros_ws1/firmware/toolchain/esp-idf/components/sdmmc/include -I/home/aziz/microros_ws1/firmware/toolchain/esp-idf/components/esp_local_ctrl/include -I/home/aziz/microros_ws1/firmware/toolchain/esp-idf/components/esp_common/include -I/home/aziz/microros_ws1/firmware/toolchain/esp-idf/components/lwip/lwip/src/include/lwip/apps -I/home/aziz/microros_ws1/firmware/toolchain/esp-idf/components/lwip/lwip/src/include/compat/posix -I/home/aziz/microros_ws1/firmware/toolchain/esp-idf/components/lwip/lwip/src/include -I/home/aziz/microros_ws1/firmware/toolchain/esp-idf/components/lwip/port/esp32/include -I/home/aziz/microros_ws1/firmware/mcu_ws/build/libyaml_vendor/libyaml-10c9078-prefix/src/libyaml-10c9078/include -I/home/aziz/microros_ws1/firmware/mcu_ws/build/libyaml_vendor/libyaml-10c9078-prefix/src/libyaml-10c9078-build/include  -mlongcalls -Wno-frame-address -mlongcalls -Wno-frame-address -g   -o CMakeFiles/yaml.dir/src/dumper.c.obj   -c /home/aziz/microros_ws1/firmware/mcu_ws/build/libyaml_vendor/libyaml-10c9078-prefix/src/libyaml-10c9078/src/dumper.c
/home/aziz/microros_ws1/firmware/toolchain/espressif/tools/xtensa-esp32-elf/esp-2020r2-8.2.0/xtensa-esp32-elf/bin/xtensa-esp32-elf-gcc -DHAVE_CONFIG_H -DLWIP_IPV4 -DLWIP_IPV6 -I/home/aziz/microros_ws1/firmware/freertos_apps/microros_esp32_extensions/build/config -I/home/aziz/microros_ws1/firmware/toolchain/esp-idf/components/newlib/platform_include -I/home/aziz/microros_ws1/firmware/toolchain/esp-idf/components/protocomm/include -I/home/aziz/microros_ws1/firmware/toolchain/esp-idf/components/esp_rom/include -I/home/aziz/microros_ws1/firmware/toolchain/esp-idf/components/driver/include -I/home/aziz/microros_ws1/firmware/toolchain/esp-idf/components/wear_levelling/include -I/home/aziz/microros_ws1/firmware/toolchain/esp-idf/components/vfs/include -I/home/aziz/microros_ws1/firmware/toolchain/esp-idf/components/log/include -I/home/aziz/microros_ws1/firmware/toolchain/esp-idf/components/freertos/include -I/home/aziz/microros_ws1/firmware/toolchain/esp-idf/components/wifi_provisioning/include -I/home/aziz/microros_ws1/firmware/toolchain/esp-idf/components/pthread/include -I/home/aziz/microros_ws1/firmware/toolchain/esp-idf/components/libsodium/libsodium/src/libsodium/include -I/home/aziz/microros_ws1/firmware/toolchain/esp-idf/components/coap/port/include -I/home/aziz/microros_ws1/firmware/toolchain/esp-idf/components/coap/libcoap/include -I/home/aziz/microros_ws1/firmware/toolchain/esp-idf/components/tcp_transport/include -I/home/aziz/microros_ws1/firmware/toolchain/esp-idf/components/unity/include -I/home/aziz/microros_ws1/firmware/toolchain/esp-idf/components/esp32/include -I/home/aziz/microros_ws1/firmware/toolchain/esp-idf/components/asio/port/include -I/home/aziz/microros_ws1/firmware/toolchain/esp-idf/components/asio/asio/asio/include -I/home/aziz/microros_ws1/firmware/toolchain/esp-idf/components/app_update/include -I/home/aziz/microros_ws1/firmware/toolchain/esp-idf/components/esp_ringbuf/include -I/home/aziz/microros_ws1/firmware/toolchain/esp-idf/components/soc/esp32/include -I/home/aziz/microros_ws1/firmware/toolchain/esp-idf/components/soc/include -I/home/aziz/microros_ws1/firmware/toolchain/esp-idf/components/efuse/test/include -I/home/aziz/microros_ws1/firmware/toolchain/esp-idf/components/efuse/esp32/include -I/home/aziz/microros_ws1/firmware/toolchain/esp-idf/components/efuse/include -I/home/aziz/microros_ws1/firmware/toolchain/esp-idf/components/mbedtls/port/include -I/home/aziz/microros_ws1/firmware/toolchain/esp-idf/components/mbedtls/mbedtls/include -I/home/aziz/microros_ws1/firmware/toolchain/esp-idf/components/xtensa/esp32/include -I/home/aziz/microros_ws1/firmware/toolchain/esp-idf/components/xtensa/include -I/home/aziz/microros_ws1/firmware/toolchain/esp-idf/components/app_trace/include -I/home/aziz/microros_ws1/firmware/toolchain/esp-idf/components/nvs_flash/include -I/home/aziz/microros_ws1/firmware/toolchain/esp-idf/components/jsmn/include -I/home/aziz/microros_ws1/firmware/toolchain/esp-idf/components/esp_eth/include -I/home/aziz/microros_ws1/firmware/toolchain/esp-idf/components/spiffs/include -I/home/aziz/microros_ws1/firmware/toolchain/esp-idf/components/ulp/include -I/home/aziz/microros_ws1/firmware/toolchain/esp-idf/components/mdns/include -I/home/aziz/microros_ws1/firmware/toolchain/esp-idf/components/freemodbus/modbus/include -I/home/aziz/microros_ws1/firmware/toolchain/esp-idf/components/freemodbus/common/include -I/home/aziz/microros_ws1/firmware/toolchain/esp-idf/components/esp_event/include -I/home/aziz/microros_ws1/firmware/toolchain/esp-idf/components/expat/port/include -I/home/aziz/microros_ws1/firmware/toolchain/esp-idf/components/bootloader_support/include -I/home/aziz/microros_ws1/firmware/toolchain/esp-idf/components/heap/include -I/home/aziz/microros_ws1/firmware/toolchain/esp-idf/components/wpa_supplicant/port/include -I/home/aziz/microros_ws1/firmware/toolchain/esp-idf/components/wpa_supplicant/include -I/home/aziz/microros_ws1/firmware/toolchain/esp-idf/components/tcpip_adapter/include -I/home/aziz/microros_ws1/firmware/toolchain/esp-idf/components/openssl/include -I/home/aziz/microros_ws1/firmware/toolchain/esp-idf/components/sdmmc/include -I/home/aziz/microros_ws1/firmware/toolchain/esp-idf/components/esp_local_ctrl/include -I/home/aziz/microros_ws1/firmware/toolchain/esp-idf/components/esp_common/include -I/home/aziz/microros_ws1/firmware/toolchain/esp-idf/components/lwip/lwip/src/include/lwip/apps -I/home/aziz/microros_ws1/firmware/toolchain/esp-idf/components/lwip/lwip/src/include/compat/posix -I/home/aziz/microros_ws1/firmware/toolchain/esp-idf/components/lwip/lwip/src/include -I/home/aziz/microros_ws1/firmware/toolchain/esp-idf/components/lwip/port/esp32/include -I/home/aziz/microros_ws1/firmware/mcu_ws/build/libyaml_vendor/libyaml-10c9078-prefix/src/libyaml-10c9078/include -I/home/aziz/microros_ws1/firmware/mcu_ws/build/libyaml_vendor/libyaml-10c9078-prefix/src/libyaml-10c9078-build/include  -mlongcalls -Wno-frame-address -mlongcalls -Wno-frame-address -g   -o CMakeFiles/yaml.dir/src/loader.c.obj   -c /home/aziz/microros_ws1/firmware/mcu_ws/build/libyaml_vendor/libyaml-10c9078-prefix/src/libyaml-10c9078/src/loader.c
[ 55%] [32mBuilding C object CMakeFiles/yaml.dir/src/parser.c.obj[0m
/home/aziz/microros_ws1/firmware/toolchain/espressif/tools/xtensa-esp32-elf/esp-2020r2-8.2.0/xtensa-esp32-elf/bin/xtensa-esp32-elf-gcc -DHAVE_CONFIG_H -DLWIP_IPV4 -DLWIP_IPV6 -I/home/aziz/microros_ws1/firmware/freertos_apps/microros_esp32_extensions/build/config -I/home/aziz/microros_ws1/firmware/toolchain/esp-idf/components/newlib/platform_include -I/home/aziz/microros_ws1/firmware/toolchain/esp-idf/components/protocomm/include -I/home/aziz/microros_ws1/firmware/toolchain/esp-idf/components/esp_rom/include -I/home/aziz/microros_ws1/firmware/toolchain/esp-idf/components/driver/include -I/home/aziz/microros_ws1/firmware/toolchain/esp-idf/components/wear_levelling/include -I/home/aziz/microros_ws1/firmware/toolchain/esp-idf/components/vfs/include -I/home/aziz/microros_ws1/firmware/toolchain/esp-idf/components/log/include -I/home/aziz/microros_ws1/firmware/toolchain/esp-idf/components/freertos/include -I/home/aziz/microros_ws1/firmware/toolchain/esp-idf/components/wifi_provisioning/include -I/home/aziz/microros_ws1/firmware/toolchain/esp-idf/components/pthread/include -I/home/aziz/microros_ws1/firmware/toolchain/esp-idf/components/libsodium/libsodium/src/libsodium/include -I/home/aziz/microros_ws1/firmware/toolchain/esp-idf/components/coap/port/include -I/home/aziz/microros_ws1/firmware/toolchain/esp-idf/components/coap/libcoap/include -I/home/aziz/microros_ws1/firmware/toolchain/esp-idf/components/tcp_transport/include -I/home/aziz/microros_ws1/firmware/toolchain/esp-idf/components/unity/include -I/home/aziz/microros_ws1/firmware/toolchain/esp-idf/components/esp32/include -I/home/aziz/microros_ws1/firmware/toolchain/esp-idf/components/asio/port/include -I/home/aziz/microros_ws1/firmware/toolchain/esp-idf/components/asio/asio/asio/include -I/home/aziz/microros_ws1/firmware/toolchain/esp-idf/components/app_update/include -I/home/aziz/microros_ws1/firmware/toolchain/esp-idf/components/esp_ringbuf/include -I/home/aziz/microros_ws1/firmware/toolchain/esp-idf/components/soc/esp32/include -I/home/aziz/microros_ws1/firmware/toolchain/esp-idf/components/soc/include -I/home/aziz/microros_ws1/firmware/toolchain/esp-idf/components/efuse/test/include -I/home/aziz/microros_ws1/firmware/toolchain/esp-idf/components/efuse/esp32/include -I/home/aziz/microros_ws1/firmware/toolchain/esp-idf/components/efuse/include -I/home/aziz/microros_ws1/firmware/toolchain/esp-idf/components/mbedtls/port/include -I/home/aziz/microros_ws1/firmware/toolchain/esp-idf/components/mbedtls/mbedtls/include -I/home/aziz/microros_ws1/firmware/toolchain/esp-idf/components/xtensa/esp32/include -I/home/aziz/microros_ws1/firmware/toolchain/esp-idf/components/xtensa/include -I/home/aziz/microros_ws1/firmware/toolchain/esp-idf/components/app_trace/include -I/home/aziz/microros_ws1/firmware/toolchain/esp-idf/components/nvs_flash/include -I/home/aziz/microros_ws1/firmware/toolchain/esp-idf/components/jsmn/include -I/home/aziz/microros_ws1/firmware/toolchain/esp-idf/components/esp_eth/include -I/home/aziz/microros_ws1/firmware/toolchain/esp-idf/components/spiffs/include -I/home/aziz/microros_ws1/firmware/toolchain/esp-idf/components/ulp/include -I/home/aziz/microros_ws1/firmware/toolchain/esp-idf/components/mdns/include -I/home/aziz/microros_ws1/firmware/toolchain/esp-idf/components/freemodbus/modbus/include -I/home/aziz/microros_ws1/firmware/toolchain/esp-idf/components/freemodbus/common/include -I/home/aziz/microros_ws1/firmware/toolchain/esp-idf/components/esp_event/include -I/home/aziz/microros_ws1/firmware/toolchain/esp-idf/components/expat/port/include -I/home/aziz/microros_ws1/firmware/toolchain/esp-idf/components/bootloader_support/include -I/home/aziz/microros_ws1/firmware/toolchain/esp-idf/components/heap/include -I/home/aziz/microros_ws1/firmware/toolchain/esp-idf/components/wpa_supplicant/port/include -I/home/aziz/microros_ws1/firmware/toolchain/esp-idf/components/wpa_supplicant/include -I/home/aziz/microros_ws1/firmware/toolchain/esp-idf/components/tcpip_adapter/include -I/home/aziz/microros_ws1/firmware/toolchain/esp-idf/components/openssl/include -I/home/aziz/microros_ws1/firmware/toolchain/esp-idf/components/sdmmc/include -I/home/aziz/microros_ws1/firmware/toolchain/esp-idf/components/esp_local_ctrl/include -I/home/aziz/microros_ws1/firmware/toolchain/esp-idf/components/esp_common/include -I/home/aziz/microros_ws1/firmware/toolchain/esp-idf/components/lwip/lwip/src/include/lwip/apps -I/home/aziz/microros_ws1/firmware/toolchain/esp-idf/components/lwip/lwip/src/include/compat/posix -I/home/aziz/microros_ws1/firmware/toolchain/esp-idf/components/lwip/lwip/src/include -I/home/aziz/microros_ws1/firmware/toolchain/esp-idf/components/lwip/port/esp32/include -I/home/aziz/microros_ws1/firmware/mcu_ws/build/libyaml_vendor/libyaml-10c9078-prefix/src/libyaml-10c9078/include -I/home/aziz/microros_ws1/firmware/mcu_ws/build/libyaml_vendor/libyaml-10c9078-prefix/src/libyaml-10c9078-build/include  -mlongcalls -Wno-frame-address -mlongcalls -Wno-frame-address -g   -o CMakeFiles/yaml.dir/src/parser.c.obj   -c /home/aziz/microros_ws1/firmware/mcu_ws/build/libyaml_vendor/libyaml-10c9078-prefix/src/libyaml-10c9078/src/parser.c
[ 66%] [32mBuilding C object CMakeFiles/yaml.dir/src/reader.c.obj[0m
/home/aziz/microros_ws1/firmware/toolchain/espressif/tools/xtensa-esp32-elf/esp-2020r2-8.2.0/xtensa-esp32-elf/bin/xtensa-esp32-elf-gcc -DHAVE_CONFIG_H -DLWIP_IPV4 -DLWIP_IPV6 -I/home/aziz/microros_ws1/firmware/freertos_apps/microros_esp32_extensions/build/config -I/home/aziz/microros_ws1/firmware/toolchain/esp-idf/components/newlib/platform_include -I/home/aziz/microros_ws1/firmware/toolchain/esp-idf/components/protocomm/include -I/home/aziz/microros_ws1/firmware/toolchain/esp-idf/components/esp_rom/include -I/home/aziz/microros_ws1/firmware/toolchain/esp-idf/components/driver/include -I/home/aziz/microros_ws1/firmware/toolchain/esp-idf/components/wear_levelling/include -I/home/aziz/microros_ws1/firmware/toolchain/esp-idf/components/vfs/include -I/home/aziz/microros_ws1/firmware/toolchain/esp-idf/components/log/include -I/home/aziz/microros_ws1/firmware/toolchain/esp-idf/components/freertos/include -I/home/aziz/microros_ws1/firmware/toolchain/esp-idf/components/wifi_provisioning/include -I/home/aziz/microros_ws1/firmware/toolchain/esp-idf/components/pthread/include -I/home/aziz/microros_ws1/firmware/toolchain/esp-idf/components/libsodium/libsodium/src/libsodium/include -I/home/aziz/microros_ws1/firmware/toolchain/esp-idf/components/coap/port/include -I/home/aziz/microros_ws1/firmware/toolchain/esp-idf/components/coap/libcoap/include -I/home/aziz/microros_ws1/firmware/toolchain/esp-idf/components/tcp_transport/include -I/home/aziz/microros_ws1/firmware/toolchain/esp-idf/components/unity/include -I/home/aziz/microros_ws1/firmware/toolchain/esp-idf/components/esp32/include -I/home/aziz/microros_ws1/firmware/toolchain/esp-idf/components/asio/port/include -I/home/aziz/microros_ws1/firmware/toolchain/esp-idf/components/asio/asio/asio/include -I/home/aziz/microros_ws1/firmware/toolchain/esp-idf/components/app_update/include -I/home/aziz/microros_ws1/firmware/toolchain/esp-idf/components/esp_ringbuf/include -I/home/aziz/microros_ws1/firmware/toolchain/esp-idf/components/soc/esp32/include -I/home/aziz/microros_ws1/firmware/toolchain/esp-idf/components/soc/include -I/home/aziz/microros_ws1/firmware/toolchain/esp-idf/components/efuse/test/include -I/home/aziz/microros_ws1/firmware/toolchain/esp-idf/components/efuse/esp32/include -I/home/aziz/microros_ws1/firmware/toolchain/esp-idf/components/efuse/include -I/home/aziz/microros_ws1/firmware/toolchain/esp-idf/components/mbedtls/port/include -I/home/aziz/microros_ws1/firmware/toolchain/esp-idf/components/mbedtls/mbedtls/include -I/home/aziz/microros_ws1/firmware/toolchain/esp-idf/components/xtensa/esp32/include -I/home/aziz/microros_ws1/firmware/toolchain/esp-idf/components/xtensa/include -I/home/aziz/microros_ws1/firmware/toolchain/esp-idf/components/app_trace/include -I/home/aziz/microros_ws1/firmware/toolchain/esp-idf/components/nvs_flash/include -I/home/aziz/microros_ws1/firmware/toolchain/esp-idf/components/jsmn/include -I/home/aziz/microros_ws1/firmware/toolchain/esp-idf/components/esp_eth/include -I/home/aziz/microros_ws1/firmware/toolchain/esp-idf/components/spiffs/include -I/home/aziz/microros_ws1/firmware/toolchain/esp-idf/components/ulp/include -I/home/aziz/microros_ws1/firmware/toolchain/esp-idf/components/mdns/include -I/home/aziz/microros_ws1/firmware/toolchain/esp-idf/components/freemodbus/modbus/include -I/home/aziz/microros_ws1/firmware/toolchain/esp-idf/components/freemodbus/common/include -I/home/aziz/microros_ws1/firmware/toolchain/esp-idf/components/esp_event/include -I/home/aziz/microros_ws1/firmware/toolchain/esp-idf/components/expat/port/include -I/home/aziz/microros_ws1/firmware/toolchain/esp-idf/components/bootloader_support/include -I/home/aziz/microros_ws1/firmware/toolchain/esp-idf/components/heap/include -I/home/aziz/microros_ws1/firmware/toolchain/esp-idf/components/wpa_supplicant/port/include -I/home/aziz/microros_ws1/firmware/toolchain/esp-idf/components/wpa_supplicant/include -I/home/aziz/microros_ws1/firmware/toolchain/esp-idf/components/tcpip_adapter/include -I/home/aziz/microros_ws1/firmware/toolchain/esp-idf/components/openssl/include -I/home/aziz/microros_ws1/firmware/toolchain/esp-idf/components/sdmmc/include -I/home/aziz/microros_ws1/firmware/toolchain/esp-idf/components/esp_local_ctrl/include -I/home/aziz/microros_ws1/firmware/toolchain/esp-idf/components/esp_common/include -I/home/aziz/microros_ws1/firmware/toolchain/esp-idf/components/lwip/lwip/src/include/lwip/apps -I/home/aziz/microros_ws1/firmware/toolchain/esp-idf/components/lwip/lwip/src/include/compat/posix -I/home/aziz/microros_ws1/firmware/toolchain/esp-idf/components/lwip/lwip/src/include -I/home/aziz/microros_ws1/firmware/toolchain/esp-idf/components/lwip/port/esp32/include -I/home/aziz/microros_ws1/firmware/mcu_ws/build/libyaml_vendor/libyaml-10c9078-prefix/src/libyaml-10c9078/include -I/home/aziz/microros_ws1/firmware/mcu_ws/build/libyaml_vendor/libyaml-10c9078-prefix/src/libyaml-10c9078-build/include  -mlongcalls -Wno-frame-address -mlongcalls -Wno-frame-address -g   -o CMakeFiles/yaml.dir/src/reader.c.obj   -c /home/aziz/microros_ws1/firmware/mcu_ws/build/libyaml_vendor/libyaml-10c9078-prefix/src/libyaml-10c9078/src/reader.c
[ 77%] [32mBuilding C object CMakeFiles/yaml.dir/src/scanner.c.obj[0m
/home/aziz/microros_ws1/firmware/toolchain/espressif/tools/xtensa-esp32-elf/esp-2020r2-8.2.0/xtensa-esp32-elf/bin/xtensa-esp32-elf-gcc -DHAVE_CONFIG_H -DLWIP_IPV4 -DLWIP_IPV6 -I/home/aziz/microros_ws1/firmware/freertos_apps/microros_esp32_extensions/build/config -I/home/aziz/microros_ws1/firmware/toolchain/esp-idf/components/newlib/platform_include -I/home/aziz/microros_ws1/firmware/toolchain/esp-idf/components/protocomm/include -I/home/aziz/microros_ws1/firmware/toolchain/esp-idf/components/esp_rom/include -I/home/aziz/microros_ws1/firmware/toolchain/esp-idf/components/driver/include -I/home/aziz/microros_ws1/firmware/toolchain/esp-idf/components/wear_levelling/include -I/home/aziz/microros_ws1/firmware/toolchain/esp-idf/components/vfs/include -I/home/aziz/microros_ws1/firmware/toolchain/esp-idf/components/log/include -I/home/aziz/microros_ws1/firmware/toolchain/esp-idf/components/freertos/include -I/home/aziz/microros_ws1/firmware/toolchain/esp-idf/components/wifi_provisioning/include -I/home/aziz/microros_ws1/firmware/toolchain/esp-idf/components/pthread/include -I/home/aziz/microros_ws1/firmware/toolchain/esp-idf/components/libsodium/libsodium/src/libsodium/include -I/home/aziz/microros_ws1/firmware/toolchain/esp-idf/components/coap/port/include -I/home/aziz/microros_ws1/firmware/toolchain/esp-idf/components/coap/libcoap/include -I/home/aziz/microros_ws1/firmware/toolchain/esp-idf/components/tcp_transport/include -I/home/aziz/microros_ws1/firmware/toolchain/esp-idf/components/unity/include -I/home/aziz/microros_ws1/firmware/toolchain/esp-idf/components/esp32/include -I/home/aziz/microros_ws1/firmware/toolchain/esp-idf/components/asio/port/include -I/home/aziz/microros_ws1/firmware/toolchain/esp-idf/components/asio/asio/asio/include -I/home/aziz/microros_ws1/firmware/toolchain/esp-idf/components/app_update/include -I/home/aziz/microros_ws1/firmware/toolchain/esp-idf/components/esp_ringbuf/include -I/home/aziz/microros_ws1/firmware/toolchain/esp-idf/components/soc/esp32/include -I/home/aziz/microros_ws1/firmware/toolchain/esp-idf/components/soc/include -I/home/aziz/microros_ws1/firmware/toolchain/esp-idf/components/efuse/test/include -I/home/aziz/microros_ws1/firmware/toolchain/esp-idf/components/efuse/esp32/include -I/home/aziz/microros_ws1/firmware/toolchain/esp-idf/components/efuse/include -I/home/aziz/microros_ws1/firmware/toolchain/esp-idf/components/mbedtls/port/include -I/home/aziz/microros_ws1/firmware/toolchain/esp-idf/components/mbedtls/mbedtls/include -I/home/aziz/microros_ws1/firmware/toolchain/esp-idf/components/xtensa/esp32/include -I/home/aziz/microros_ws1/firmware/toolchain/esp-idf/components/xtensa/include -I/home/aziz/microros_ws1/firmware/toolchain/esp-idf/components/app_trace/include -I/home/aziz/microros_ws1/firmware/toolchain/esp-idf/components/nvs_flash/include -I/home/aziz/microros_ws1/firmware/toolchain/esp-idf/components/jsmn/include -I/home/aziz/microros_ws1/firmware/toolchain/esp-idf/components/esp_eth/include -I/home/aziz/microros_ws1/firmware/toolchain/esp-idf/components/spiffs/include -I/home/aziz/microros_ws1/firmware/toolchain/esp-idf/components/ulp/include -I/home/aziz/microros_ws1/firmware/toolchain/esp-idf/components/mdns/include -I/home/aziz/microros_ws1/firmware/toolchain/esp-idf/components/freemodbus/modbus/include -I/home/aziz/microros_ws1/firmware/toolchain/esp-idf/components/freemodbus/common/include -I/home/aziz/microros_ws1/firmware/toolchain/esp-idf/components/esp_event/include -I/home/aziz/microros_ws1/firmware/toolchain/esp-idf/components/expat/port/include -I/home/aziz/microros_ws1/firmware/toolchain/esp-idf/components/bootloader_support/include -I/home/aziz/microros_ws1/firmware/toolchain/esp-idf/components/heap/include -I/home/aziz/microros_ws1/firmware/toolchain/esp-idf/components/wpa_supplicant/port/include -I/home/aziz/microros_ws1/firmware/toolchain/esp-idf/components/wpa_supplicant/include -I/home/aziz/microros_ws1/firmware/toolchain/esp-idf/components/tcpip_adapter/include -I/home/aziz/microros_ws1/firmware/toolchain/esp-idf/components/openssl/include -I/home/aziz/microros_ws1/firmware/toolchain/esp-idf/components/sdmmc/include -I/home/aziz/microros_ws1/firmware/toolchain/esp-idf/components/esp_local_ctrl/include -I/home/aziz/microros_ws1/firmware/toolchain/esp-idf/components/esp_common/include -I/home/aziz/microros_ws1/firmware/toolchain/esp-idf/components/lwip/lwip/src/include/lwip/apps -I/home/aziz/microros_ws1/firmware/toolchain/esp-idf/components/lwip/lwip/src/include/compat/posix -I/home/aziz/microros_ws1/firmware/toolchain/esp-idf/components/lwip/lwip/src/include -I/home/aziz/microros_ws1/firmware/toolchain/esp-idf/components/lwip/port/esp32/include -I/home/aziz/microros_ws1/firmware/mcu_ws/build/libyaml_vendor/libyaml-10c9078-prefix/src/libyaml-10c9078/include -I/home/aziz/microros_ws1/firmware/mcu_ws/build/libyaml_vendor/libyaml-10c9078-prefix/src/libyaml-10c9078-build/include  -mlongcalls -Wno-frame-address -mlongcalls -Wno-frame-address -g   -o CMakeFiles/yaml.dir/src/scanner.c.obj   -c /home/aziz/microros_ws1/firmware/mcu_ws/build/libyaml_vendor/libyaml-10c9078-prefix/src/libyaml-10c9078/src/scanner.c
[ 88%] [32mBuilding C object CMakeFiles/yaml.dir/src/writer.c.obj[0m
/home/aziz/microros_ws1/firmware/toolchain/espressif/tools/xtensa-esp32-elf/esp-2020r2-8.2.0/xtensa-esp32-elf/bin/xtensa-esp32-elf-gcc -DHAVE_CONFIG_H -DLWIP_IPV4 -DLWIP_IPV6 -I/home/aziz/microros_ws1/firmware/freertos_apps/microros_esp32_extensions/build/config -I/home/aziz/microros_ws1/firmware/toolchain/esp-idf/components/newlib/platform_include -I/home/aziz/microros_ws1/firmware/toolchain/esp-idf/components/protocomm/include -I/home/aziz/microros_ws1/firmware/toolchain/esp-idf/components/esp_rom/include -I/home/aziz/microros_ws1/firmware/toolchain/esp-idf/components/driver/include -I/home/aziz/microros_ws1/firmware/toolchain/esp-idf/components/wear_levelling/include -I/home/aziz/microros_ws1/firmware/toolchain/esp-idf/components/vfs/include -I/home/aziz/microros_ws1/firmware/toolchain/esp-idf/components/log/include -I/home/aziz/microros_ws1/firmware/toolchain/esp-idf/components/freertos/include -I/home/aziz/microros_ws1/firmware/toolchain/esp-idf/components/wifi_provisioning/include -I/home/aziz/microros_ws1/firmware/toolchain/esp-idf/components/pthread/include -I/home/aziz/microros_ws1/firmware/toolchain/esp-idf/components/libsodium/libsodium/src/libsodium/include -I/home/aziz/microros_ws1/firmware/toolchain/esp-idf/components/coap/port/include -I/home/aziz/microros_ws1/firmware/toolchain/esp-idf/components/coap/libcoap/include -I/home/aziz/microros_ws1/firmware/toolchain/esp-idf/components/tcp_transport/include -I/home/aziz/microros_ws1/firmware/toolchain/esp-idf/components/unity/include -I/home/aziz/microros_ws1/firmware/toolchain/esp-idf/components/esp32/include -I/home/aziz/microros_ws1/firmware/toolchain/esp-idf/components/asio/port/include -I/home/aziz/microros_ws1/firmware/toolchain/esp-idf/components/asio/asio/asio/include -I/home/aziz/microros_ws1/firmware/toolchain/esp-idf/components/app_update/include -I/home/aziz/microros_ws1/firmware/toolchain/esp-idf/components/esp_ringbuf/include -I/home/aziz/microros_ws1/firmware/toolchain/esp-idf/components/soc/esp32/include -I/home/aziz/microros_ws1/firmware/toolchain/esp-idf/components/soc/include -I/home/aziz/microros_ws1/firmware/toolchain/esp-idf/components/efuse/test/include -I/home/aziz/microros_ws1/firmware/toolchain/esp-idf/components/efuse/esp32/include -I/home/aziz/microros_ws1/firmware/toolchain/esp-idf/components/efuse/include -I/home/aziz/microros_ws1/firmware/toolchain/esp-idf/components/mbedtls/port/include -I/home/aziz/microros_ws1/firmware/toolchain/esp-idf/components/mbedtls/mbedtls/include -I/home/aziz/microros_ws1/firmware/toolchain/esp-idf/components/xtensa/esp32/include -I/home/aziz/microros_ws1/firmware/toolchain/esp-idf/components/xtensa/include -I/home/aziz/microros_ws1/firmware/toolchain/esp-idf/components/app_trace/include -I/home/aziz/microros_ws1/firmware/toolchain/esp-idf/components/nvs_flash/include -I/home/aziz/microros_ws1/firmware/toolchain/esp-idf/components/jsmn/include -I/home/aziz/microros_ws1/firmware/toolchain/esp-idf/components/esp_eth/include -I/home/aziz/microros_ws1/firmware/toolchain/esp-idf/components/spiffs/include -I/home/aziz/microros_ws1/firmware/toolchain/esp-idf/components/ulp/include -I/home/aziz/microros_ws1/firmware/toolchain/esp-idf/components/mdns/include -I/home/aziz/microros_ws1/firmware/toolchain/esp-idf/components/freemodbus/modbus/include -I/home/aziz/microros_ws1/firmware/toolchain/esp-idf/components/freemodbus/common/include -I/home/aziz/microros_ws1/firmware/toolchain/esp-idf/components/esp_event/include -I/home/aziz/microros_ws1/firmware/toolchain/esp-idf/components/expat/port/include -I/home/aziz/microros_ws1/firmware/toolchain/esp-idf/components/bootloader_support/include -I/home/aziz/microros_ws1/firmware/toolchain/esp-idf/components/heap/include -I/home/aziz/microros_ws1/firmware/toolchain/esp-idf/components/wpa_supplicant/port/include -I/home/aziz/microros_ws1/firmware/toolchain/esp-idf/components/wpa_supplicant/include -I/home/aziz/microros_ws1/firmware/toolchain/esp-idf/components/tcpip_adapter/include -I/home/aziz/microros_ws1/firmware/toolchain/esp-idf/components/openssl/include -I/home/aziz/microros_ws1/firmware/toolchain/esp-idf/components/sdmmc/include -I/home/aziz/microros_ws1/firmware/toolchain/esp-idf/components/esp_local_ctrl/include -I/home/aziz/microros_ws1/firmware/toolchain/esp-idf/components/esp_common/include -I/home/aziz/microros_ws1/firmware/toolchain/esp-idf/components/lwip/lwip/src/include/lwip/apps -I/home/aziz/microros_ws1/firmware/toolchain/esp-idf/components/lwip/lwip/src/include/compat/posix -I/home/aziz/microros_ws1/firmware/toolchain/esp-idf/components/lwip/lwip/src/include -I/home/aziz/microros_ws1/firmware/toolchain/esp-idf/components/lwip/port/esp32/include -I/home/aziz/microros_ws1/firmware/mcu_ws/build/libyaml_vendor/libyaml-10c9078-prefix/src/libyaml-10c9078/include -I/home/aziz/microros_ws1/firmware/mcu_ws/build/libyaml_vendor/libyaml-10c9078-prefix/src/libyaml-10c9078-build/include  -mlongcalls -Wno-frame-address -mlongcalls -Wno-frame-address -g   -o CMakeFiles/yaml.dir/src/writer.c.obj   -c /home/aziz/microros_ws1/firmware/mcu_ws/build/libyaml_vendor/libyaml-10c9078-prefix/src/libyaml-10c9078/src/writer.c
[100%] [32m[1mLinking C static library libyaml.a[0m
/usr/bin/cmake -P CMakeFiles/yaml.dir/cmake_clean_target.cmake
/usr/bin/cmake -E cmake_link_script CMakeFiles/yaml.dir/link.txt --verbose=1
/home/aziz/microros_ws1/firmware/toolchain/espressif/tools/xtensa-esp32-elf/esp-2020r2-8.2.0/xtensa-esp32-elf/bin/xtensa-esp32-elf-ar qc libyaml.a  CMakeFiles/yaml.dir/src/api.c.obj CMakeFiles/yaml.dir/src/dumper.c.obj CMakeFiles/yaml.dir/src/emitter.c.obj CMakeFiles/yaml.dir/src/loader.c.obj CMakeFiles/yaml.dir/src/parser.c.obj CMakeFiles/yaml.dir/src/reader.c.obj CMakeFiles/yaml.dir/src/scanner.c.obj CMakeFiles/yaml.dir/src/writer.c.obj
/home/aziz/microros_ws1/firmware/toolchain/espressif/tools/xtensa-esp32-elf/esp-2020r2-8.2.0/xtensa-esp32-elf/bin/xtensa-esp32-elf-ranlib libyaml.a
make[9]: Leaving directory '/home/aziz/microros_ws1/firmware/mcu_ws/build/libyaml_vendor/libyaml-10c9078-prefix/src/libyaml-10c9078-build'
[100%] Built target yaml
make[8]: Leaving directory '/home/aziz/microros_ws1/firmware/mcu_ws/build/libyaml_vendor/libyaml-10c9078-prefix/src/libyaml-10c9078-build'
/usr/bin/cmake -E cmake_progress_start /home/aziz/microros_ws1/firmware/mcu_ws/build/libyaml_vendor/libyaml-10c9078-prefix/src/libyaml-10c9078-build/CMakeFiles 0
make[7]: Leaving directory '/home/aziz/microros_ws1/firmware/mcu_ws/build/libyaml_vendor/libyaml-10c9078-prefix/src/libyaml-10c9078-build'
cd /home/aziz/microros_ws1/firmware/mcu_ws/build/libyaml_vendor/libyaml-10c9078-prefix/src/libyaml-10c9078-build && /usr/bin/cmake -E touch /home/aziz/microros_ws1/firmware/mcu_ws/build/libyaml_vendor/libyaml-10c9078-prefix/src/libyaml-10c9078-stamp/libyaml-10c9078-build
[ 87%] [34m[1mPerforming install step for 'libyaml-10c9078'[0m
cd /home/aziz/microros_ws1/firmware/mcu_ws/build/libyaml_vendor/libyaml-10c9078-prefix/src/libyaml-10c9078-build && /usr/bin/make install
make[7]: Entering directory '/home/aziz/microros_ws1/firmware/mcu_ws/build/libyaml_vendor/libyaml-10c9078-prefix/src/libyaml-10c9078-build'
/usr/bin/cmake -S/home/aziz/microros_ws1/firmware/mcu_ws/build/libyaml_vendor/libyaml-10c9078-prefix/src/libyaml-10c9078 -B/home/aziz/microros_ws1/firmware/mcu_ws/build/libyaml_vendor/libyaml-10c9078-prefix/src/libyaml-10c9078-build --check-build-system CMakeFiles/Makefile.cmake 0
/usr/bin/cmake -E cmake_progress_start /home/aziz/microros_ws1/firmware/mcu_ws/build/libyaml_vendor/libyaml-10c9078-prefix/src/libyaml-10c9078-build/CMakeFiles /home/aziz/microros_ws1/firmware/mcu_ws/build/libyaml_vendor/libyaml-10c9078-prefix/src/libyaml-10c9078-build/CMakeFiles/progress.marks
/usr/bin/make -f CMakeFiles/Makefile2 all
make[8]: Entering directory '/home/aziz/microros_ws1/firmware/mcu_ws/build/libyaml_vendor/libyaml-10c9078-prefix/src/libyaml-10c9078-build'
/usr/bin/make -f CMakeFiles/yaml.dir/build.make CMakeFiles/yaml.dir/depend
make[9]: Entering directory '/home/aziz/microros_ws1/firmware/mcu_ws/build/libyaml_vendor/libyaml-10c9078-prefix/src/libyaml-10c9078-build'
cd /home/aziz/microros_ws1/firmware/mcu_ws/build/libyaml_vendor/libyaml-10c9078-prefix/src/libyaml-10c9078-build && /usr/bin/cmake -E cmake_depends "Unix Makefiles" /home/aziz/microros_ws1/firmware/mcu_ws/build/libyaml_vendor/libyaml-10c9078-prefix/src/libyaml-10c9078 /home/aziz/microros_ws1/firmware/mcu_ws/build/libyaml_vendor/libyaml-10c9078-prefix/src/libyaml-10c9078 /home/aziz/microros_ws1/firmware/mcu_ws/build/libyaml_vendor/libyaml-10c9078-prefix/src/libyaml-10c9078-build /home/aziz/microros_ws1/firmware/mcu_ws/build/libyaml_vendor/libyaml-10c9078-prefix/src/libyaml-10c9078-build /home/aziz/microros_ws1/firmware/mcu_ws/build/libyaml_vendor/libyaml-10c9078-prefix/src/libyaml-10c9078-build/CMakeFiles/yaml.dir/DependInfo.cmake --color=
make[9]: Leaving directory '/home/aziz/microros_ws1/firmware/mcu_ws/build/libyaml_vendor/libyaml-10c9078-prefix/src/libyaml-10c9078-build'
/usr/bin/make -f CMakeFiles/yaml.dir/build.make CMakeFiles/yaml.dir/build
make[9]: Entering directory '/home/aziz/microros_ws1/firmware/mcu_ws/build/libyaml_vendor/libyaml-10c9078-prefix/src/libyaml-10c9078-build'
make[9]: Nothing to be done for 'CMakeFiles/yaml.dir/build'.
make[9]: Leaving directory '/home/aziz/microros_ws1/firmware/mcu_ws/build/libyaml_vendor/libyaml-10c9078-prefix/src/libyaml-10c9078-build'
[100%] Built target yaml
make[8]: Leaving directory '/home/aziz/microros_ws1/firmware/mcu_ws/build/libyaml_vendor/libyaml-10c9078-prefix/src/libyaml-10c9078-build'
/usr/bin/cmake -E cmake_progress_start /home/aziz/microros_ws1/firmware/mcu_ws/build/libyaml_vendor/libyaml-10c9078-prefix/src/libyaml-10c9078-build/CMakeFiles 0
/usr/bin/make -f CMakeFiles/Makefile2 preinstall
make[8]: Entering directory '/home/aziz/microros_ws1/firmware/mcu_ws/build/libyaml_vendor/libyaml-10c9078-prefix/src/libyaml-10c9078-build'
make[8]: Nothing to be done for 'preinstall'.
make[8]: Leaving directory '/home/aziz/microros_ws1/firmware/mcu_ws/build/libyaml_vendor/libyaml-10c9078-prefix/src/libyaml-10c9078-build'
[36mInstall the project...[0m
/usr/bin/cmake -P cmake_install.cmake
-- Install configuration: "Debug"
-- Installing: /home/aziz/microros_ws1/firmware/mcu_ws/build/libyaml_vendor/libyaml_install/include/yaml.h
-- Installing: /home/aziz/microros_ws1/firmware/mcu_ws/build/libyaml_vendor/libyaml_install/include/config.h
-- Installing: /home/aziz/microros_ws1/firmware/mcu_ws/build/libyaml_vendor/libyaml_install/lib/libyaml.a
-- Installing: /home/aziz/microros_ws1/firmware/mcu_ws/build/libyaml_vendor/libyaml_install/cmake/yamlConfig.cmake
-- Installing: /home/aziz/microros_ws1/firmware/mcu_ws/build/libyaml_vendor/libyaml_install/cmake/yamlTargets.cmake
-- Installing: /home/aziz/microros_ws1/firmware/mcu_ws/build/libyaml_vendor/libyaml_install/cmake/yamlTargets-debug.cmake
-- Installing: /home/aziz/microros_ws1/firmware/mcu_ws/build/libyaml_vendor/libyaml_install/cmake/yamlConfigVersion.cmake
make[7]: Leaving directory '/home/aziz/microros_ws1/firmware/mcu_ws/build/libyaml_vendor/libyaml-10c9078-prefix/src/libyaml-10c9078-build'
cd /home/aziz/microros_ws1/firmware/mcu_ws/build/libyaml_vendor/libyaml-10c9078-prefix/src/libyaml-10c9078-build && /usr/bin/cmake -E touch /home/aziz/microros_ws1/firmware/mcu_ws/build/libyaml_vendor/libyaml-10c9078-prefix/src/libyaml-10c9078-stamp/libyaml-10c9078-install
[100%] [34m[1mCompleted 'libyaml-10c9078'[0m
/usr/bin/cmake -E make_directory /home/aziz/microros_ws1/firmware/mcu_ws/build/libyaml_vendor/CMakeFiles
/usr/bin/cmake -E touch /home/aziz/microros_ws1/firmware/mcu_ws/build/libyaml_vendor/CMakeFiles/libyaml-10c9078-complete
/usr/bin/cmake -E touch /home/aziz/microros_ws1/firmware/mcu_ws/build/libyaml_vendor/libyaml-10c9078-prefix/src/libyaml-10c9078-stamp/libyaml-10c9078-done
make[6]: Leaving directory '/home/aziz/microros_ws1/firmware/mcu_ws/build/libyaml_vendor'
[100%] Built target libyaml-10c9078
make[5]: Leaving directory '/home/aziz/microros_ws1/firmware/mcu_ws/build/libyaml_vendor'
/usr/bin/cmake -E cmake_progress_start /home/aziz/microros_ws1/firmware/mcu_ws/build/libyaml_vendor/CMakeFiles 0
make[4]: Leaving directory '/home/aziz/microros_ws1/firmware/mcu_ws/build/libyaml_vendor'
-- Install configuration: "Debug"
-- Up-to-date: /home/aziz/microros_ws1/firmware/mcu_ws/install
-- Up-to-date: /home/aziz/microros_ws1/firmware/mcu_ws/install/lib
-- Installing: /home/aziz/microros_ws1/firmware/mcu_ws/install/lib/libyaml.a
-- Installing: /home/aziz/microros_ws1/firmware/mcu_ws/install/cmake
-- Installing: /home/aziz/microros_ws1/firmware/mcu_ws/install/cmake/yamlTargets.cmake
-- Installing: /home/aziz/microros_ws1/firmware/mcu_ws/install/cmake/yamlConfigVersion.cmake
-- Installing: /home/aziz/microros_ws1/firmware/mcu_ws/install/cmake/yamlConfig.cmake
-- Installing: /home/aziz/microros_ws1/firmware/mcu_ws/install/cmake/yamlTargets-debug.cmake
-- Up-to-date: /home/aziz/microros_ws1/firmware/mcu_ws/install/include
-- Installing: /home/aziz/microros_ws1/firmware/mcu_ws/install/include/yaml.h
-- Installing: /home/aziz/microros_ws1/firmware/mcu_ws/install/share/libyaml_vendor/environment/library_path.sh
-- Installing: /home/aziz/microros_ws1/firmware/mcu_ws/install/share/libyaml_vendor/environment/library_path.dsv
-- Installing: /home/aziz/microros_ws1/firmware/mcu_ws/install/share/ament_index/resource_index/package_run_dependencies/libyaml_vendor
-- Installing: /home/aziz/microros_ws1/firmware/mcu_ws/install/share/ament_index/resource_index/parent_prefix_path/libyaml_vendor
-- Installing: /home/aziz/microros_ws1/firmware/mcu_ws/install/share/libyaml_vendor/environment/ament_prefix_path.sh
-- Installing: /home/aziz/microros_ws1/firmware/mcu_ws/install/share/libyaml_vendor/environment/ament_prefix_path.dsv
-- Installing: /home/aziz/microros_ws1/firmware/mcu_ws/install/share/libyaml_vendor/environment/path.sh
-- Installing: /home/aziz/microros_ws1/firmware/mcu_ws/install/share/libyaml_vendor/environment/path.dsv
-- Installing: /home/aziz/microros_ws1/firmware/mcu_ws/install/share/libyaml_vendor/local_setup.bash
-- Installing: /home/aziz/microros_ws1/firmware/mcu_ws/install/share/libyaml_vendor/local_setup.sh
-- Installing: /home/aziz/microros_ws1/firmware/mcu_ws/install/share/libyaml_vendor/local_setup.zsh
-- Installing: /home/aziz/microros_ws1/firmware/mcu_ws/install/share/libyaml_vendor/local_setup.dsv
-- Installing: /home/aziz/microros_ws1/firmware/mcu_ws/install/share/libyaml_vendor/package.dsv
-- Installing: /home/aziz/microros_ws1/firmware/mcu_ws/install/share/ament_index/resource_index/packages/libyaml_vendor
-- Installing: /home/aziz/microros_ws1/firmware/mcu_ws/install/share/libyaml_vendor/cmake/libyaml_vendor-extras.cmake
-- Installing: /home/aziz/microros_ws1/firmware/mcu_ws/install/share/libyaml_vendor/cmake/ament_cmake_export_libraries-extras.cmake
-- Installing: /home/aziz/microros_ws1/firmware/mcu_ws/install/share/libyaml_vendor/cmake/ament_cmake_export_dependencies-extras.cmake
-- Installing: /home/aziz/microros_ws1/firmware/mcu_ws/install/share/libyaml_vendor/cmake/libyaml_vendorConfig.cmake
-- Installing: /home/aziz/microros_ws1/firmware/mcu_ws/install/share/libyaml_vendor/cmake/libyaml_vendorConfig-version.cmake
-- Installing: /home/aziz/microros_ws1/firmware/mcu_ws/install/share/libyaml_vendor/package.xml
