Not searching for unused variables given on the command line.
-- Found ament_cmake: 0.9.11 (/home/aziz/microros_ws1/firmware/dev_ws/install/ament_cmake/share/ament_cmake/cmake)
-- Found PythonInterp: /home/aziz/microros_ws1/firmware/toolchain/espressif/python_env/idf4.1_py3.8_env/bin/python3 (found suitable version "3.8.10", minimum required is "3") 
-- Using PYTHON_EXECUTABLE: /home/aziz/microros_ws1/firmware/toolchain/espressif/python_env/idf4.1_py3.8_env/bin/python3
-- Configuring done
-- Generating done
-- Build files have been written to: /home/aziz/microros_ws1/firmware/mcu_ws/build/common_interfaces
make[4]: Entering directory '/home/aziz/microros_ws1/firmware/mcu_ws/build/common_interfaces'
/usr/bin/cmake -S/home/aziz/microros_ws1/firmware/mcu_ws/ros2/common_interfaces/common_interfaces -B/home/aziz/microros_ws1/firmware/mcu_ws/build/common_interfaces --check-build-system CMakeFiles/Makefile.cmake 0
/usr/bin/cmake -E cmake_progress_start /home/aziz/microros_ws1/firmware/mcu_ws/build/common_interfaces/CMakeFiles /home/aziz/microros_ws1/firmware/mcu_ws/build/common_interfaces/CMakeFiles/progress.marks
/usr/bin/make -f CMakeFiles/Makefile2 all
make[5]: Entering directory '/home/aziz/microros_ws1/firmware/mcu_ws/build/common_interfaces'
make[5]: Nothing to be done for 'all'.
make[5]: Leaving directory '/home/aziz/microros_ws1/firmware/mcu_ws/build/common_interfaces'
/usr/bin/cmake -E cmake_progress_start /home/aziz/microros_ws1/firmware/mcu_ws/build/common_interfaces/CMakeFiles 0
make[4]: Leaving directory '/home/aziz/microros_ws1/firmware/mcu_ws/build/common_interfaces'
-- Install configuration: "Debug"
-- Installing: /home/aziz/microros_ws1/firmware/mcu_ws/install/share/ament_index/resource_index/package_run_dependencies/common_interfaces
-- Installing: /home/aziz/microros_ws1/firmware/mcu_ws/install/share/ament_index/resource_index/parent_prefix_path/common_interfaces
-- Installing: /home/aziz/microros_ws1/firmware/mcu_ws/install/share/common_interfaces/environment/ament_prefix_path.sh
-- Installing: /home/aziz/microros_ws1/firmware/mcu_ws/install/share/common_interfaces/environment/ament_prefix_path.dsv
-- Installing: /home/aziz/microros_ws1/firmware/mcu_ws/install/share/common_interfaces/environment/path.sh
-- Installing: /home/aziz/microros_ws1/firmware/mcu_ws/install/share/common_interfaces/environment/path.dsv
-- Installing: /home/aziz/microros_ws1/firmware/mcu_ws/install/share/common_interfaces/local_setup.bash
-- Installing: /home/aziz/microros_ws1/firmware/mcu_ws/install/share/common_interfaces/local_setup.sh
-- Installing: /home/aziz/microros_ws1/firmware/mcu_ws/install/share/common_interfaces/local_setup.zsh
-- Installing: /home/aziz/microros_ws1/firmware/mcu_ws/install/share/common_interfaces/local_setup.dsv
-- Installing: /home/aziz/microros_ws1/firmware/mcu_ws/install/share/common_interfaces/package.dsv
-- Installing: /home/aziz/microros_ws1/firmware/mcu_ws/install/share/ament_index/resource_index/packages/common_interfaces
-- Installing: /home/aziz/microros_ws1/firmware/mcu_ws/install/share/common_interfaces/cmake/common_interfacesConfig.cmake
-- Installing: /home/aziz/microros_ws1/firmware/mcu_ws/install/share/common_interfaces/cmake/common_interfacesConfig-version.cmake
-- Installing: /home/aziz/microros_ws1/firmware/mcu_ws/install/share/common_interfaces/package.xml
