[0.041s] Invoking command in '/home/aziz/microros_ws1/firmware/mcu_ws/build/tracetools': CMAKE_PREFIX_PATH=${CMAKE_PREFIX_PATH}:/home/aziz/microros_ws1/firmware/dev_ws/install/ament_uncrustify:/home/aziz/microros_ws1/firmware/dev_ws/install/domain_coordinator:/home/aziz/microros_ws1/firmware/dev_ws/install/ament_xmllint:/home/aziz/microros_ws1/firmware/dev_ws/install/ament_pyflakes:/home/aziz/microros_ws1/firmware/dev_ws/install/ament_pycodestyle:/home/aziz/microros_ws1/firmware/dev_ws/install/ament_pep257:/home/aziz/microros_ws1/firmware/dev_ws/install/ament_pclint:/home/aziz/microros_ws1/firmware/dev_ws/install/ament_package:/home/aziz/microros_ws1/firmware/dev_ws/install/ament_mypy:/home/aziz/microros_ws1/firmware/dev_ws/install/ament_lint_cmake:/home/aziz/microros_ws1/firmware/dev_ws/install/ament_flake8:/home/aziz/microros_ws1/firmware/dev_ws/install/ament_copyright:/home/aziz/microros_ws1/firmware/dev_ws/install/ament_lint:/home/aziz/microros_ws1/firmware/dev_ws/install/ament_index_python:/home/aziz/microros_ws1/firmware/dev_ws/install/ament_cpplint:/home/aziz/microros_ws1/firmware/dev_ws/install/ament_cppcheck:/home/aziz/microros_ws1/firmware/dev_ws/install/ament_clang_tidy:/home/aziz/microros_ws1/firmware/dev_ws/install/ament_clang_format /usr/bin/cmake --build /home/aziz/microros_ws1/firmware/mcu_ws/build/tracetools -- -j4 -l4
[0.078s] make[4]: Entering directory '/home/aziz/microros_ws1/firmware/mcu_ws/build/tracetools'
[0.078s] /usr/bin/cmake -S/home/aziz/microros_ws1/firmware/mcu_ws/uros/tracetools/tracetools -B/home/aziz/microros_ws1/firmware/mcu_ws/build/tracetools --check-build-system CMakeFiles/Makefile.cmake 0
[0.087s] Re-run cmake file: Makefile older than: /home/aziz/microros_ws1/firmware/freertos_apps/microros_esp32_extensions/esp32_toolchain.cmake
[0.094s] -- Found ament_cmake_ros: 0.9.2 (/home/aziz/microros_ws1/firmware/dev_ws/install/ament_cmake_ros/share/ament_cmake_ros/cmake)
[0.117s] -- Using PYTHON_EXECUTABLE: /home/aziz/microros_ws1/firmware/toolchain/espressif/python_env/idf4.1_py3.8_env/bin/python3
[0.401s] -- Configuring done
[0.410s] -- Generating done
[0.411s] -- Build files have been written to: /home/aziz/microros_ws1/firmware/mcu_ws/build/tracetools
[0.414s] /usr/bin/cmake -E cmake_progress_start /home/aziz/microros_ws1/firmware/mcu_ws/build/tracetools/CMakeFiles /home/aziz/microros_ws1/firmware/mcu_ws/build/tracetools/CMakeFiles/progress.marks
[0.438s] /usr/bin/make -f CMakeFiles/Makefile2 all
[0.440s] make[5]: Entering directory '/home/aziz/microros_ws1/firmware/mcu_ws/build/tracetools'
[0.441s] /usr/bin/make -f CMakeFiles/tracetools.dir/build.make CMakeFiles/tracetools.dir/depend
[0.441s] make[6]: Entering directory '/home/aziz/microros_ws1/firmware/mcu_ws/build/tracetools'
[0.441s] cd /home/aziz/microros_ws1/firmware/mcu_ws/build/tracetools && /usr/bin/cmake -E cmake_depends "Unix Makefiles" /home/aziz/microros_ws1/firmware/mcu_ws/uros/tracetools/tracetools /home/aziz/microros_ws1/firmware/mcu_ws/uros/tracetools/tracetools /home/aziz/microros_ws1/firmware/mcu_ws/build/tracetools /home/aziz/microros_ws1/firmware/mcu_ws/build/tracetools /home/aziz/microros_ws1/firmware/mcu_ws/build/tracetools/CMakeFiles/tracetools.dir/DependInfo.cmake --color=
[0.483s] make[6]: Leaving directory '/home/aziz/microros_ws1/firmware/mcu_ws/build/tracetools'
[0.483s] /usr/bin/make -f CMakeFiles/tracetools.dir/build.make CMakeFiles/tracetools.dir/build
[0.483s] make[6]: Entering directory '/home/aziz/microros_ws1/firmware/mcu_ws/build/tracetools'
[0.483s] make[6]: Nothing to be done for 'CMakeFiles/tracetools.dir/build'.
[0.483s] make[6]: Leaving directory '/home/aziz/microros_ws1/firmware/mcu_ws/build/tracetools'
[0.500s] [100%] Built target tracetools
[0.500s] make[5]: Leaving directory '/home/aziz/microros_ws1/firmware/mcu_ws/build/tracetools'
[0.500s] /usr/bin/cmake -E cmake_progress_start /home/aziz/microros_ws1/firmware/mcu_ws/build/tracetools/CMakeFiles 0
[0.505s] make[4]: Leaving directory '/home/aziz/microros_ws1/firmware/mcu_ws/build/tracetools'
[0.595s] Invoked command in '/home/aziz/microros_ws1/firmware/mcu_ws/build/tracetools' returned '0': CMAKE_PREFIX_PATH=${CMAKE_PREFIX_PATH}:/home/aziz/microros_ws1/firmware/dev_ws/install/ament_uncrustify:/home/aziz/microros_ws1/firmware/dev_ws/install/domain_coordinator:/home/aziz/microros_ws1/firmware/dev_ws/install/ament_xmllint:/home/aziz/microros_ws1/firmware/dev_ws/install/ament_pyflakes:/home/aziz/microros_ws1/firmware/dev_ws/install/ament_pycodestyle:/home/aziz/microros_ws1/firmware/dev_ws/install/ament_pep257:/home/aziz/microros_ws1/firmware/dev_ws/install/ament_pclint:/home/aziz/microros_ws1/firmware/dev_ws/install/ament_package:/home/aziz/microros_ws1/firmware/dev_ws/install/ament_mypy:/home/aziz/microros_ws1/firmware/dev_ws/install/ament_lint_cmake:/home/aziz/microros_ws1/firmware/dev_ws/install/ament_flake8:/home/aziz/microros_ws1/firmware/dev_ws/install/ament_copyright:/home/aziz/microros_ws1/firmware/dev_ws/install/ament_lint:/home/aziz/microros_ws1/firmware/dev_ws/install/ament_index_python:/home/aziz/microros_ws1/firmware/dev_ws/install/ament_cpplint:/home/aziz/microros_ws1/firmware/dev_ws/install/ament_cppcheck:/home/aziz/microros_ws1/firmware/dev_ws/install/ament_clang_tidy:/home/aziz/microros_ws1/firmware/dev_ws/install/ament_clang_format /usr/bin/cmake --build /home/aziz/microros_ws1/firmware/mcu_ws/build/tracetools -- -j4 -l4
[1.231s] Invoking command in '/home/aziz/microros_ws1/firmware/mcu_ws/build/tracetools': CMAKE_PREFIX_PATH=${CMAKE_PREFIX_PATH}:/home/aziz/microros_ws1/firmware/dev_ws/install/ament_uncrustify:/home/aziz/microros_ws1/firmware/dev_ws/install/domain_coordinator:/home/aziz/microros_ws1/firmware/dev_ws/install/ament_xmllint:/home/aziz/microros_ws1/firmware/dev_ws/install/ament_pyflakes:/home/aziz/microros_ws1/firmware/dev_ws/install/ament_pycodestyle:/home/aziz/microros_ws1/firmware/dev_ws/install/ament_pep257:/home/aziz/microros_ws1/firmware/dev_ws/install/ament_pclint:/home/aziz/microros_ws1/firmware/dev_ws/install/ament_package:/home/aziz/microros_ws1/firmware/dev_ws/install/ament_mypy:/home/aziz/microros_ws1/firmware/dev_ws/install/ament_lint_cmake:/home/aziz/microros_ws1/firmware/dev_ws/install/ament_flake8:/home/aziz/microros_ws1/firmware/dev_ws/install/ament_copyright:/home/aziz/microros_ws1/firmware/dev_ws/install/ament_lint:/home/aziz/microros_ws1/firmware/dev_ws/install/ament_index_python:/home/aziz/microros_ws1/firmware/dev_ws/install/ament_cpplint:/home/aziz/microros_ws1/firmware/dev_ws/install/ament_cppcheck:/home/aziz/microros_ws1/firmware/dev_ws/install/ament_clang_tidy:/home/aziz/microros_ws1/firmware/dev_ws/install/ament_clang_format /usr/bin/cmake --install /home/aziz/microros_ws1/firmware/mcu_ws/build/tracetools
[1.242s] -- Install configuration: "Debug"
[1.242s] -- Up-to-date: /home/aziz/microros_ws1/firmware/mcu_ws/install/include
[1.242s] -- Up-to-date: /home/aziz/microros_ws1/firmware/mcu_ws/install/include/tracetools
[1.242s] -- Up-to-date: /home/aziz/microros_ws1/firmware/mcu_ws/install/include/tracetools/visibility_control.hpp
[1.242s] -- Up-to-date: /home/aziz/microros_ws1/firmware/mcu_ws/install/include/tracetools/tracetools.h
[1.242s] -- Up-to-date: /home/aziz/microros_ws1/firmware/mcu_ws/install/include/tracetools/utils.hpp
[1.242s] -- Up-to-date: /home/aziz/microros_ws1/firmware/mcu_ws/install/include/tracetools/config.h
[1.243s] -- Up-to-date: /home/aziz/microros_ws1/firmware/mcu_ws/install/lib/libtracetools.a
[1.243s] -- Up-to-date: /home/aziz/microros_ws1/firmware/mcu_ws/install/share/ament_index/resource_index/package_run_dependencies/tracetools
[1.243s] -- Up-to-date: /home/aziz/microros_ws1/firmware/mcu_ws/install/share/ament_index/resource_index/parent_prefix_path/tracetools
[1.243s] -- Up-to-date: /home/aziz/microros_ws1/firmware/mcu_ws/install/share/tracetools/environment/ament_prefix_path.sh
[1.243s] -- Installing: /home/aziz/microros_ws1/firmware/mcu_ws/install/share/tracetools/environment/ament_prefix_path.dsv
[1.243s] -- Up-to-date: /home/aziz/microros_ws1/firmware/mcu_ws/install/share/tracetools/environment/path.sh
[1.243s] -- Installing: /home/aziz/microros_ws1/firmware/mcu_ws/install/share/tracetools/environment/path.dsv
[1.243s] -- Up-to-date: /home/aziz/microros_ws1/firmware/mcu_ws/install/share/tracetools/local_setup.bash
[1.243s] -- Up-to-date: /home/aziz/microros_ws1/firmware/mcu_ws/install/share/tracetools/local_setup.sh
[1.243s] -- Up-to-date: /home/aziz/microros_ws1/firmware/mcu_ws/install/share/tracetools/local_setup.zsh
[1.243s] -- Installing: /home/aziz/microros_ws1/firmware/mcu_ws/install/share/tracetools/local_setup.dsv
[1.243s] -- Installing: /home/aziz/microros_ws1/firmware/mcu_ws/install/share/tracetools/package.dsv
[1.243s] -- Up-to-date: /home/aziz/microros_ws1/firmware/mcu_ws/install/share/ament_index/resource_index/packages/tracetools
[1.243s] -- Up-to-date: /home/aziz/microros_ws1/firmware/mcu_ws/install/share/tracetools/cmake/ament_cmake_export_include_directories-extras.cmake
[1.243s] -- Up-to-date: /home/aziz/microros_ws1/firmware/mcu_ws/install/share/tracetools/cmake/tracetoolsConfig.cmake
[1.244s] -- Up-to-date: /home/aziz/microros_ws1/firmware/mcu_ws/install/share/tracetools/cmake/tracetoolsConfig-version.cmake
[1.244s] -- Up-to-date: /home/aziz/microros_ws1/firmware/mcu_ws/install/share/tracetools/package.xml
[1.255s] Invoked command in '/home/aziz/microros_ws1/firmware/mcu_ws/build/tracetools' returned '0': CMAKE_PREFIX_PATH=${CMAKE_PREFIX_PATH}:/home/aziz/microros_ws1/firmware/dev_ws/install/ament_uncrustify:/home/aziz/microros_ws1/firmware/dev_ws/install/domain_coordinator:/home/aziz/microros_ws1/firmware/dev_ws/install/ament_xmllint:/home/aziz/microros_ws1/firmware/dev_ws/install/ament_pyflakes:/home/aziz/microros_ws1/firmware/dev_ws/install/ament_pycodestyle:/home/aziz/microros_ws1/firmware/dev_ws/install/ament_pep257:/home/aziz/microros_ws1/firmware/dev_ws/install/ament_pclint:/home/aziz/microros_ws1/firmware/dev_ws/install/ament_package:/home/aziz/microros_ws1/firmware/dev_ws/install/ament_mypy:/home/aziz/microros_ws1/firmware/dev_ws/install/ament_lint_cmake:/home/aziz/microros_ws1/firmware/dev_ws/install/ament_flake8:/home/aziz/microros_ws1/firmware/dev_ws/install/ament_copyright:/home/aziz/microros_ws1/firmware/dev_ws/install/ament_lint:/home/aziz/microros_ws1/firmware/dev_ws/install/ament_index_python:/home/aziz/microros_ws1/firmware/dev_ws/install/ament_cpplint:/home/aziz/microros_ws1/firmware/dev_ws/install/ament_cppcheck:/home/aziz/microros_ws1/firmware/dev_ws/install/ament_clang_tidy:/home/aziz/microros_ws1/firmware/dev_ws/install/ament_clang_format /usr/bin/cmake --install /home/aziz/microros_ws1/firmware/mcu_ws/build/tracetools
