[0.660s] DEBUG:colcon:Command line arguments: ['/home/aziz/.local/bin/colcon', 'build']
[0.660s] DEBUG:colcon:Parsed command line arguments: Namespace(allow_overriding=[], ament_cmake_args=None, base_paths=['.'], build_base='build', catkin_cmake_args=None, catkin_skip_building_tests=False, cmake_args=None, cmake_clean_cache=False, cmake_clean_first=False, cmake_force_configure=False, cmake_target=None, cmake_target_skip_unavailable=False, continue_on_error=False, event_handlers=None, executor='parallel', ignore_user_meta=False, install_base='install', log_base=None, log_level=None, main=<bound method BuildVerb.main of <colcon_core.verb.build.BuildVerb object at 0x7facb76c5b50>>, merge_install=False, metas=['./colcon.meta'], packages_above=None, packages_above_and_dependencies=None, packages_above_depth=None, packages_end=None, packages_ignore=None, packages_ignore_regex=None, packages_select=None, packages_select_build_failed=False, packages_select_by_dep=None, packages_select_regex=None, packages_select_test_failures=False, packages_skip=None, packages_skip_build_finished=False, packages_skip_by_dep=None, packages_skip_regex=None, packages_skip_test_passed=False, packages_skip_up_to=None, packages_start=None, packages_up_to=None, packages_up_to_regex=None, parallel_workers=4, paths=None, symlink_install=False, test_result_base=None, verb_extension=<colcon_core.verb.build.BuildVerb object at 0x7facb76c5b50>, verb_name='build', verb_parser=<colcon_defaults.argument_parser.defaults.DefaultArgumentsDecorator object at 0x7facb768fd60>)
[0.727s] Level 1:colcon.colcon_core.package_discovery:discover_packages(colcon_meta) check parameters
[0.727s] Level 1:colcon.colcon_core.package_discovery:discover_packages(recursive) check parameters
[0.727s] Level 1:colcon.colcon_core.package_discovery:discover_packages(ignore) check parameters
[0.727s] Level 1:colcon.colcon_core.package_discovery:discover_packages(path) check parameters
[0.727s] Level 1:colcon.colcon_core.package_discovery:discover_packages(colcon_meta) discover
[0.727s] Level 1:colcon.colcon_core.package_discovery:discover_packages(recursive) discover
[0.727s] INFO:colcon.colcon_core.package_discovery:Crawling recursively for packages in '/home/aziz/microros_ws1'
[0.727s] Level 1:colcon.colcon_core.package_identification:_identify(.) by extensions ['ignore', 'ignore_ament_install']
[0.727s] Level 1:colcon.colcon_core.package_identification:_identify(.) by extension 'ignore'
[0.727s] Level 1:colcon.colcon_core.package_identification:_identify(.) by extension 'ignore_ament_install'
[0.727s] Level 1:colcon.colcon_core.package_identification:_identify(.) by extensions ['colcon_pkg']
[0.727s] Level 1:colcon.colcon_core.package_identification:_identify(.) by extension 'colcon_pkg'
[0.728s] Level 1:colcon.colcon_core.package_identification:_identify(.) by extensions ['colcon_meta']
[0.728s] Level 1:colcon.colcon_core.package_identification:_identify(.) by extension 'colcon_meta'
[0.728s] Level 1:colcon.colcon_core.package_identification:_identify(.) by extensions ['ros']
[0.728s] Level 1:colcon.colcon_core.package_identification:_identify(.) by extension 'ros'
[0.746s] Level 1:colcon.colcon_core.package_identification:_identify(.) by extensions ['cmake', 'python']
[0.746s] Level 1:colcon.colcon_core.package_identification:_identify(.) by extension 'cmake'
[0.746s] Level 1:colcon.colcon_core.package_identification:_identify(.) by extension 'python'
[0.746s] Level 1:colcon.colcon_core.package_identification:_identify(.) by extensions ['python_setup_py']
[0.746s] Level 1:colcon.colcon_core.package_identification:_identify(.) by extension 'python_setup_py'
[0.746s] Level 1:colcon.colcon_core.package_identification:_identify(build) by extensions ['ignore', 'ignore_ament_install']
[0.746s] Level 1:colcon.colcon_core.package_identification:_identify(build) by extension 'ignore'
[0.746s] Level 1:colcon.colcon_core.package_identification:_identify(build) ignored
[0.746s] Level 1:colcon.colcon_core.package_identification:_identify(firmware) by extensions ['ignore', 'ignore_ament_install']
[0.746s] Level 1:colcon.colcon_core.package_identification:_identify(firmware) by extension 'ignore'
[0.746s] Level 1:colcon.colcon_core.package_identification:_identify(firmware) ignored
[0.747s] Level 1:colcon.colcon_core.package_identification:_identify(install) by extensions ['ignore', 'ignore_ament_install']
[0.747s] Level 1:colcon.colcon_core.package_identification:_identify(install) by extension 'ignore'
[0.747s] Level 1:colcon.colcon_core.package_identification:_identify(install) ignored
[0.747s] Level 1:colcon.colcon_core.package_identification:_identify(log) by extensions ['ignore', 'ignore_ament_install']
[0.747s] Level 1:colcon.colcon_core.package_identification:_identify(log) by extension 'ignore'
[0.747s] Level 1:colcon.colcon_core.package_identification:_identify(log) ignored
[0.747s] Level 1:colcon.colcon_core.package_identification:_identify(src) by extensions ['ignore', 'ignore_ament_install']
[0.747s] Level 1:colcon.colcon_core.package_identification:_identify(src) by extension 'ignore'
[0.747s] Level 1:colcon.colcon_core.package_identification:_identify(src) by extension 'ignore_ament_install'
[0.747s] Level 1:colcon.colcon_core.package_identification:_identify(src) by extensions ['colcon_pkg']
[0.747s] Level 1:colcon.colcon_core.package_identification:_identify(src) by extension 'colcon_pkg'
[0.747s] Level 1:colcon.colcon_core.package_identification:_identify(src) by extensions ['colcon_meta']
[0.747s] Level 1:colcon.colcon_core.package_identification:_identify(src) by extension 'colcon_meta'
[0.747s] Level 1:colcon.colcon_core.package_identification:_identify(src) by extensions ['ros']
[0.747s] Level 1:colcon.colcon_core.package_identification:_identify(src) by extension 'ros'
[0.747s] Level 1:colcon.colcon_core.package_identification:_identify(src) by extensions ['cmake', 'python']
[0.747s] Level 1:colcon.colcon_core.package_identification:_identify(src) by extension 'cmake'
[0.748s] Level 1:colcon.colcon_core.package_identification:_identify(src) by extension 'python'
[0.748s] Level 1:colcon.colcon_core.package_identification:_identify(src) by extensions ['python_setup_py']
[0.748s] Level 1:colcon.colcon_core.package_identification:_identify(src) by extension 'python_setup_py'
[0.748s] Level 1:colcon.colcon_core.package_identification:_identify(src/micro_ros_setup) by extensions ['ignore', 'ignore_ament_install']
[0.748s] Level 1:colcon.colcon_core.package_identification:_identify(src/micro_ros_setup) by extension 'ignore'
[0.748s] Level 1:colcon.colcon_core.package_identification:_identify(src/micro_ros_setup) by extension 'ignore_ament_install'
[0.748s] Level 1:colcon.colcon_core.package_identification:_identify(src/micro_ros_setup) by extensions ['colcon_pkg']
[0.748s] Level 1:colcon.colcon_core.package_identification:_identify(src/micro_ros_setup) by extension 'colcon_pkg'
[0.748s] Level 1:colcon.colcon_core.package_identification:_identify(src/micro_ros_setup) by extensions ['colcon_meta']
[0.748s] Level 1:colcon.colcon_core.package_identification:_identify(src/micro_ros_setup) by extension 'colcon_meta'
[0.748s] Level 1:colcon.colcon_core.package_identification:_identify(src/micro_ros_setup) by extensions ['ros']
[0.748s] Level 1:colcon.colcon_core.package_identification:_identify(src/micro_ros_setup) by extension 'ros'
[0.751s] DEBUG:colcon.colcon_core.package_identification:Package 'src/micro_ros_setup' with type 'ros.ament_cmake' and name 'micro_ros_setup'
[0.751s] Level 1:colcon.colcon_core.package_identification:_identify(src/uros) by extensions ['ignore', 'ignore_ament_install']
[0.751s] Level 1:colcon.colcon_core.package_identification:_identify(src/uros) by extension 'ignore'
[0.751s] Level 1:colcon.colcon_core.package_identification:_identify(src/uros) by extension 'ignore_ament_install'
[0.752s] Level 1:colcon.colcon_core.package_identification:_identify(src/uros) by extensions ['colcon_pkg']
[0.752s] Level 1:colcon.colcon_core.package_identification:_identify(src/uros) by extension 'colcon_pkg'
[0.752s] Level 1:colcon.colcon_core.package_identification:_identify(src/uros) by extensions ['colcon_meta']
[0.752s] Level 1:colcon.colcon_core.package_identification:_identify(src/uros) by extension 'colcon_meta'
[0.752s] Level 1:colcon.colcon_core.package_identification:_identify(src/uros) by extensions ['ros']
[0.752s] Level 1:colcon.colcon_core.package_identification:_identify(src/uros) by extension 'ros'
[0.752s] Level 1:colcon.colcon_core.package_identification:_identify(src/uros) by extensions ['cmake', 'python']
[0.752s] Level 1:colcon.colcon_core.package_identification:_identify(src/uros) by extension 'cmake'
[0.752s] Level 1:colcon.colcon_core.package_identification:_identify(src/uros) by extension 'python'
[0.752s] Level 1:colcon.colcon_core.package_identification:_identify(src/uros) by extensions ['python_setup_py']
[0.752s] Level 1:colcon.colcon_core.package_identification:_identify(src/uros) by extension 'python_setup_py'
[0.752s] Level 1:colcon.colcon_core.package_identification:_identify(src/uros/drive_base) by extensions ['ignore', 'ignore_ament_install']
[0.752s] Level 1:colcon.colcon_core.package_identification:_identify(src/uros/drive_base) by extension 'ignore'
[0.752s] Level 1:colcon.colcon_core.package_identification:_identify(src/uros/drive_base) by extension 'ignore_ament_install'
[0.752s] Level 1:colcon.colcon_core.package_identification:_identify(src/uros/drive_base) by extensions ['colcon_pkg']
[0.752s] Level 1:colcon.colcon_core.package_identification:_identify(src/uros/drive_base) by extension 'colcon_pkg'
[0.752s] Level 1:colcon.colcon_core.package_identification:_identify(src/uros/drive_base) by extensions ['colcon_meta']
[0.752s] Level 1:colcon.colcon_core.package_identification:_identify(src/uros/drive_base) by extension 'colcon_meta'
[0.752s] Level 1:colcon.colcon_core.package_identification:_identify(src/uros/drive_base) by extensions ['ros']
[0.752s] Level 1:colcon.colcon_core.package_identification:_identify(src/uros/drive_base) by extension 'ros'
[0.753s] Level 1:colcon.colcon_core.package_identification:_identify(src/uros/drive_base) by extensions ['cmake', 'python']
[0.753s] Level 1:colcon.colcon_core.package_identification:_identify(src/uros/drive_base) by extension 'cmake'
[0.753s] Level 1:colcon.colcon_core.package_identification:_identify(src/uros/drive_base) by extension 'python'
[0.753s] Level 1:colcon.colcon_core.package_identification:_identify(src/uros/drive_base) by extensions ['python_setup_py']
[0.753s] Level 1:colcon.colcon_core.package_identification:_identify(src/uros/drive_base) by extension 'python_setup_py'
[0.753s] Level 1:colcon.colcon_core.package_identification:_identify(src/uros/drive_base/drive_base_msgs) by extensions ['ignore', 'ignore_ament_install']
[0.753s] Level 1:colcon.colcon_core.package_identification:_identify(src/uros/drive_base/drive_base_msgs) by extension 'ignore'
[0.753s] Level 1:colcon.colcon_core.package_identification:_identify(src/uros/drive_base/drive_base_msgs) by extension 'ignore_ament_install'
[0.753s] Level 1:colcon.colcon_core.package_identification:_identify(src/uros/drive_base/drive_base_msgs) by extensions ['colcon_pkg']
[0.753s] Level 1:colcon.colcon_core.package_identification:_identify(src/uros/drive_base/drive_base_msgs) by extension 'colcon_pkg'
[0.753s] Level 1:colcon.colcon_core.package_identification:_identify(src/uros/drive_base/drive_base_msgs) by extensions ['colcon_meta']
[0.753s] Level 1:colcon.colcon_core.package_identification:_identify(src/uros/drive_base/drive_base_msgs) by extension 'colcon_meta'
[0.753s] Level 1:colcon.colcon_core.package_identification:_identify(src/uros/drive_base/drive_base_msgs) by extensions ['ros']
[0.753s] Level 1:colcon.colcon_core.package_identification:_identify(src/uros/drive_base/drive_base_msgs) by extension 'ros'
[0.754s] DEBUG:colcon.colcon_core.package_identification:Package 'src/uros/drive_base/drive_base_msgs' with type 'ros.ament_cmake' and name 'drive_base_msgs'
[0.754s] Level 1:colcon.colcon_core.package_identification:_identify(src/uros/micro-ROS-Agent) by extensions ['ignore', 'ignore_ament_install']
[0.754s] Level 1:colcon.colcon_core.package_identification:_identify(src/uros/micro-ROS-Agent) by extension 'ignore'
[0.754s] Level 1:colcon.colcon_core.package_identification:_identify(src/uros/micro-ROS-Agent) by extension 'ignore_ament_install'
[0.754s] Level 1:colcon.colcon_core.package_identification:_identify(src/uros/micro-ROS-Agent) by extensions ['colcon_pkg']
[0.754s] Level 1:colcon.colcon_core.package_identification:_identify(src/uros/micro-ROS-Agent) by extension 'colcon_pkg'
[0.754s] Level 1:colcon.colcon_core.package_identification:_identify(src/uros/micro-ROS-Agent) by extensions ['colcon_meta']
[0.754s] Level 1:colcon.colcon_core.package_identification:_identify(src/uros/micro-ROS-Agent) by extension 'colcon_meta'
[0.754s] Level 1:colcon.colcon_core.package_identification:_identify(src/uros/micro-ROS-Agent) by extensions ['ros']
[0.754s] Level 1:colcon.colcon_core.package_identification:_identify(src/uros/micro-ROS-Agent) by extension 'ros'
[0.755s] Level 1:colcon.colcon_core.package_identification:_identify(src/uros/micro-ROS-Agent) by extensions ['cmake', 'python']
[0.755s] Level 1:colcon.colcon_core.package_identification:_identify(src/uros/micro-ROS-Agent) by extension 'cmake'
[0.755s] Level 1:colcon.colcon_core.package_identification:_identify(src/uros/micro-ROS-Agent) by extension 'python'
[0.755s] Level 1:colcon.colcon_core.package_identification:_identify(src/uros/micro-ROS-Agent) by extensions ['python_setup_py']
[0.755s] Level 1:colcon.colcon_core.package_identification:_identify(src/uros/micro-ROS-Agent) by extension 'python_setup_py'
[0.755s] Level 1:colcon.colcon_core.package_identification:_identify(src/uros/micro-ROS-Agent/micro_ros_agent) by extensions ['ignore', 'ignore_ament_install']
[0.755s] Level 1:colcon.colcon_core.package_identification:_identify(src/uros/micro-ROS-Agent/micro_ros_agent) by extension 'ignore'
[0.755s] Level 1:colcon.colcon_core.package_identification:_identify(src/uros/micro-ROS-Agent/micro_ros_agent) by extension 'ignore_ament_install'
[0.755s] Level 1:colcon.colcon_core.package_identification:_identify(src/uros/micro-ROS-Agent/micro_ros_agent) by extensions ['colcon_pkg']
[0.755s] Level 1:colcon.colcon_core.package_identification:_identify(src/uros/micro-ROS-Agent/micro_ros_agent) by extension 'colcon_pkg'
[0.755s] Level 1:colcon.colcon_core.package_identification:_identify(src/uros/micro-ROS-Agent/micro_ros_agent) by extensions ['colcon_meta']
[0.755s] Level 1:colcon.colcon_core.package_identification:_identify(src/uros/micro-ROS-Agent/micro_ros_agent) by extension 'colcon_meta'
[0.755s] Level 1:colcon.colcon_core.package_identification:_identify(src/uros/micro-ROS-Agent/micro_ros_agent) by extensions ['ros']
[0.755s] Level 1:colcon.colcon_core.package_identification:_identify(src/uros/micro-ROS-Agent/micro_ros_agent) by extension 'ros'
[0.768s] DEBUG:colcon.colcon_core.package_identification:Package 'src/uros/micro-ROS-Agent/micro_ros_agent' with type 'ros.ament_cmake' and name 'micro_ros_agent'
[0.768s] Level 1:colcon.colcon_core.package_identification:_identify(src/uros/micro-ROS-Agent/snap) by extensions ['ignore', 'ignore_ament_install']
[0.768s] Level 1:colcon.colcon_core.package_identification:_identify(src/uros/micro-ROS-Agent/snap) by extension 'ignore'
[0.769s] Level 1:colcon.colcon_core.package_identification:_identify(src/uros/micro-ROS-Agent/snap) by extension 'ignore_ament_install'
[0.769s] Level 1:colcon.colcon_core.package_identification:_identify(src/uros/micro-ROS-Agent/snap) by extensions ['colcon_pkg']
[0.769s] Level 1:colcon.colcon_core.package_identification:_identify(src/uros/micro-ROS-Agent/snap) by extension 'colcon_pkg'
[0.769s] Level 1:colcon.colcon_core.package_identification:_identify(src/uros/micro-ROS-Agent/snap) by extensions ['colcon_meta']
[0.769s] Level 1:colcon.colcon_core.package_identification:_identify(src/uros/micro-ROS-Agent/snap) by extension 'colcon_meta'
[0.769s] Level 1:colcon.colcon_core.package_identification:_identify(src/uros/micro-ROS-Agent/snap) by extensions ['ros']
[0.769s] Level 1:colcon.colcon_core.package_identification:_identify(src/uros/micro-ROS-Agent/snap) by extension 'ros'
[0.769s] Level 1:colcon.colcon_core.package_identification:_identify(src/uros/micro-ROS-Agent/snap) by extensions ['cmake', 'python']
[0.769s] Level 1:colcon.colcon_core.package_identification:_identify(src/uros/micro-ROS-Agent/snap) by extension 'cmake'
[0.769s] Level 1:colcon.colcon_core.package_identification:_identify(src/uros/micro-ROS-Agent/snap) by extension 'python'
[0.769s] Level 1:colcon.colcon_core.package_identification:_identify(src/uros/micro-ROS-Agent/snap) by extensions ['python_setup_py']
[0.769s] Level 1:colcon.colcon_core.package_identification:_identify(src/uros/micro-ROS-Agent/snap) by extension 'python_setup_py'
[0.769s] Level 1:colcon.colcon_core.package_identification:_identify(src/uros/micro-ROS-Agent/snap/hooks) by extensions ['ignore', 'ignore_ament_install']
[0.769s] Level 1:colcon.colcon_core.package_identification:_identify(src/uros/micro-ROS-Agent/snap/hooks) by extension 'ignore'
[0.769s] Level 1:colcon.colcon_core.package_identification:_identify(src/uros/micro-ROS-Agent/snap/hooks) by extension 'ignore_ament_install'
[0.769s] Level 1:colcon.colcon_core.package_identification:_identify(src/uros/micro-ROS-Agent/snap/hooks) by extensions ['colcon_pkg']
[0.769s] Level 1:colcon.colcon_core.package_identification:_identify(src/uros/micro-ROS-Agent/snap/hooks) by extension 'colcon_pkg'
[0.769s] Level 1:colcon.colcon_core.package_identification:_identify(src/uros/micro-ROS-Agent/snap/hooks) by extensions ['colcon_meta']
[0.769s] Level 1:colcon.colcon_core.package_identification:_identify(src/uros/micro-ROS-Agent/snap/hooks) by extension 'colcon_meta'
[0.770s] Level 1:colcon.colcon_core.package_identification:_identify(src/uros/micro-ROS-Agent/snap/hooks) by extensions ['ros']
[0.770s] Level 1:colcon.colcon_core.package_identification:_identify(src/uros/micro-ROS-Agent/snap/hooks) by extension 'ros'
[0.770s] Level 1:colcon.colcon_core.package_identification:_identify(src/uros/micro-ROS-Agent/snap/hooks) by extensions ['cmake', 'python']
[0.770s] Level 1:colcon.colcon_core.package_identification:_identify(src/uros/micro-ROS-Agent/snap/hooks) by extension 'cmake'
[0.770s] Level 1:colcon.colcon_core.package_identification:_identify(src/uros/micro-ROS-Agent/snap/hooks) by extension 'python'
[0.770s] Level 1:colcon.colcon_core.package_identification:_identify(src/uros/micro-ROS-Agent/snap/hooks) by extensions ['python_setup_py']
[0.770s] Level 1:colcon.colcon_core.package_identification:_identify(src/uros/micro-ROS-Agent/snap/hooks) by extension 'python_setup_py'
[0.770s] Level 1:colcon.colcon_core.package_identification:_identify(src/uros/micro-ROS-Agent/snap/local) by extensions ['ignore', 'ignore_ament_install']
[0.770s] Level 1:colcon.colcon_core.package_identification:_identify(src/uros/micro-ROS-Agent/snap/local) by extension 'ignore'
[0.770s] Level 1:colcon.colcon_core.package_identification:_identify(src/uros/micro-ROS-Agent/snap/local) by extension 'ignore_ament_install'
[0.770s] Level 1:colcon.colcon_core.package_identification:_identify(src/uros/micro-ROS-Agent/snap/local) by extensions ['colcon_pkg']
[0.770s] Level 1:colcon.colcon_core.package_identification:_identify(src/uros/micro-ROS-Agent/snap/local) by extension 'colcon_pkg'
[0.770s] Level 1:colcon.colcon_core.package_identification:_identify(src/uros/micro-ROS-Agent/snap/local) by extensions ['colcon_meta']
[0.770s] Level 1:colcon.colcon_core.package_identification:_identify(src/uros/micro-ROS-Agent/snap/local) by extension 'colcon_meta'
[0.770s] Level 1:colcon.colcon_core.package_identification:_identify(src/uros/micro-ROS-Agent/snap/local) by extensions ['ros']
[0.770s] Level 1:colcon.colcon_core.package_identification:_identify(src/uros/micro-ROS-Agent/snap/local) by extension 'ros'
[0.770s] Level 1:colcon.colcon_core.package_identification:_identify(src/uros/micro-ROS-Agent/snap/local) by extensions ['cmake', 'python']
[0.770s] Level 1:colcon.colcon_core.package_identification:_identify(src/uros/micro-ROS-Agent/snap/local) by extension 'cmake'
[0.770s] Level 1:colcon.colcon_core.package_identification:_identify(src/uros/micro-ROS-Agent/snap/local) by extension 'python'
[0.770s] Level 1:colcon.colcon_core.package_identification:_identify(src/uros/micro-ROS-Agent/snap/local) by extensions ['python_setup_py']
[0.771s] Level 1:colcon.colcon_core.package_identification:_identify(src/uros/micro-ROS-Agent/snap/local) by extension 'python_setup_py'
[0.771s] Level 1:colcon.colcon_core.package_identification:_identify(src/uros/micro_ros_msgs) by extensions ['ignore', 'ignore_ament_install']
[0.771s] Level 1:colcon.colcon_core.package_identification:_identify(src/uros/micro_ros_msgs) by extension 'ignore'
[0.771s] Level 1:colcon.colcon_core.package_identification:_identify(src/uros/micro_ros_msgs) by extension 'ignore_ament_install'
[0.771s] Level 1:colcon.colcon_core.package_identification:_identify(src/uros/micro_ros_msgs) by extensions ['colcon_pkg']
[0.771s] Level 1:colcon.colcon_core.package_identification:_identify(src/uros/micro_ros_msgs) by extension 'colcon_pkg'
[0.771s] Level 1:colcon.colcon_core.package_identification:_identify(src/uros/micro_ros_msgs) by extensions ['colcon_meta']
[0.771s] Level 1:colcon.colcon_core.package_identification:_identify(src/uros/micro_ros_msgs) by extension 'colcon_meta'
[0.771s] Level 1:colcon.colcon_core.package_identification:_identify(src/uros/micro_ros_msgs) by extensions ['ros']
[0.771s] Level 1:colcon.colcon_core.package_identification:_identify(src/uros/micro_ros_msgs) by extension 'ros'
[0.772s] DEBUG:colcon.colcon_core.package_identification:Package 'src/uros/micro_ros_msgs' with type 'ros.ament_cmake' and name 'micro_ros_msgs'
[0.772s] Level 1:colcon.colcon_core.package_discovery:discover_packages(recursive) using defaults
[0.772s] Level 1:colcon.colcon_core.package_discovery:discover_packages(ignore) discover
[0.772s] Level 1:colcon.colcon_core.package_discovery:discover_packages(ignore) using defaults
[0.772s] Level 1:colcon.colcon_core.package_discovery:discover_packages(path) discover
[0.772s] Level 1:colcon.colcon_core.package_discovery:discover_packages(path) using defaults
[0.810s] Level 1:colcon.colcon_core.package_discovery:discover_packages(prefix_path) check parameters
[0.810s] Level 1:colcon.colcon_core.package_discovery:discover_packages(prefix_path) discover
[0.820s] DEBUG:colcon.colcon_installed_package_information.package_discovery:Found 3 installed packages in /home/aziz/microros_ws1/install
[0.825s] DEBUG:colcon.colcon_installed_package_information.package_discovery:Found 257 installed packages in /opt/ros/foxy
[0.827s] Level 1:colcon.colcon_core.package_discovery:discover_packages(prefix_path) using defaults
[0.907s] Level 5:colcon.colcon_core.verb:set package 'drive_base_msgs' build argument 'cmake_args' from command line to 'None'
[0.907s] Level 5:colcon.colcon_core.verb:set package 'drive_base_msgs' build argument 'cmake_target' from command line to 'None'
[0.907s] Level 5:colcon.colcon_core.verb:set package 'drive_base_msgs' build argument 'cmake_target_skip_unavailable' from command line to 'False'
[0.907s] Level 5:colcon.colcon_core.verb:set package 'drive_base_msgs' build argument 'cmake_clean_cache' from command line to 'False'
[0.907s] Level 5:colcon.colcon_core.verb:set package 'drive_base_msgs' build argument 'cmake_clean_first' from command line to 'False'
[0.907s] Level 5:colcon.colcon_core.verb:set package 'drive_base_msgs' build argument 'cmake_force_configure' from command line to 'False'
[0.907s] Level 5:colcon.colcon_core.verb:set package 'drive_base_msgs' build argument 'ament_cmake_args' from command line to 'None'
[0.907s] Level 5:colcon.colcon_core.verb:set package 'drive_base_msgs' build argument 'catkin_cmake_args' from command line to 'None'
[0.907s] Level 5:colcon.colcon_core.verb:set package 'drive_base_msgs' build argument 'catkin_skip_building_tests' from command line to 'False'
[0.908s] DEBUG:colcon.colcon_core.verb:Building package 'drive_base_msgs' with the following arguments: {'ament_cmake_args': None, 'build_base': '/home/aziz/microros_ws1/build/drive_base_msgs', 'catkin_cmake_args': None, 'catkin_skip_building_tests': False, 'cmake_args': None, 'cmake_clean_cache': False, 'cmake_clean_first': False, 'cmake_force_configure': False, 'cmake_target': None, 'cmake_target_skip_unavailable': False, 'install_base': '/home/aziz/microros_ws1/install/drive_base_msgs', 'merge_install': False, 'path': '/home/aziz/microros_ws1/src/uros/drive_base/drive_base_msgs', 'symlink_install': False, 'test_result_base': None}
[0.916s] Level 5:colcon.colcon_core.verb:set package 'micro_ros_msgs' build argument 'cmake_args' from command line to 'None'
[0.916s] Level 5:colcon.colcon_core.verb:set package 'micro_ros_msgs' build argument 'cmake_target' from command line to 'None'
[0.916s] Level 5:colcon.colcon_core.verb:set package 'micro_ros_msgs' build argument 'cmake_target_skip_unavailable' from command line to 'False'
[0.916s] Level 5:colcon.colcon_core.verb:set package 'micro_ros_msgs' build argument 'cmake_clean_cache' from command line to 'False'
[0.916s] Level 5:colcon.colcon_core.verb:set package 'micro_ros_msgs' build argument 'cmake_clean_first' from command line to 'False'
[0.916s] Level 5:colcon.colcon_core.verb:set package 'micro_ros_msgs' build argument 'cmake_force_configure' from command line to 'False'
[0.916s] Level 5:colcon.colcon_core.verb:set package 'micro_ros_msgs' build argument 'ament_cmake_args' from command line to 'None'
[0.916s] Level 5:colcon.colcon_core.verb:set package 'micro_ros_msgs' build argument 'catkin_cmake_args' from command line to 'None'
[0.916s] Level 5:colcon.colcon_core.verb:set package 'micro_ros_msgs' build argument 'catkin_skip_building_tests' from command line to 'False'
[0.916s] DEBUG:colcon.colcon_core.verb:Building package 'micro_ros_msgs' with the following arguments: {'ament_cmake_args': None, 'build_base': '/home/aziz/microros_ws1/build/micro_ros_msgs', 'catkin_cmake_args': None, 'catkin_skip_building_tests': False, 'cmake_args': None, 'cmake_clean_cache': False, 'cmake_clean_first': False, 'cmake_force_configure': False, 'cmake_target': None, 'cmake_target_skip_unavailable': False, 'install_base': '/home/aziz/microros_ws1/install/micro_ros_msgs', 'merge_install': False, 'path': '/home/aziz/microros_ws1/src/uros/micro_ros_msgs', 'symlink_install': False, 'test_result_base': None}
[0.925s] Level 5:colcon.colcon_core.verb:set package 'micro_ros_setup' build argument 'cmake_args' from command line to 'None'
[0.925s] Level 5:colcon.colcon_core.verb:set package 'micro_ros_setup' build argument 'cmake_target' from command line to 'None'
[0.925s] Level 5:colcon.colcon_core.verb:set package 'micro_ros_setup' build argument 'cmake_target_skip_unavailable' from command line to 'False'
[0.925s] Level 5:colcon.colcon_core.verb:set package 'micro_ros_setup' build argument 'cmake_clean_cache' from command line to 'False'
[0.925s] Level 5:colcon.colcon_core.verb:set package 'micro_ros_setup' build argument 'cmake_clean_first' from command line to 'False'
[0.925s] Level 5:colcon.colcon_core.verb:set package 'micro_ros_setup' build argument 'cmake_force_configure' from command line to 'False'
[0.925s] Level 5:colcon.colcon_core.verb:set package 'micro_ros_setup' build argument 'ament_cmake_args' from command line to 'None'
[0.925s] Level 5:colcon.colcon_core.verb:set package 'micro_ros_setup' build argument 'catkin_cmake_args' from command line to 'None'
[0.925s] Level 5:colcon.colcon_core.verb:set package 'micro_ros_setup' build argument 'catkin_skip_building_tests' from command line to 'False'
[0.925s] DEBUG:colcon.colcon_core.verb:Building package 'micro_ros_setup' with the following arguments: {'ament_cmake_args': None, 'build_base': '/home/aziz/microros_ws1/build/micro_ros_setup', 'catkin_cmake_args': None, 'catkin_skip_building_tests': False, 'cmake_args': None, 'cmake_clean_cache': False, 'cmake_clean_first': False, 'cmake_force_configure': False, 'cmake_target': None, 'cmake_target_skip_unavailable': False, 'install_base': '/home/aziz/microros_ws1/install/micro_ros_setup', 'merge_install': False, 'path': '/home/aziz/microros_ws1/src/micro_ros_setup', 'symlink_install': False, 'test_result_base': None}
[0.934s] Level 5:colcon.colcon_core.verb:set package 'micro_ros_agent' build argument 'cmake_args' from command line to 'None'
[0.934s] Level 5:colcon.colcon_core.verb:set package 'micro_ros_agent' build argument 'cmake_target' from command line to 'None'
[0.934s] Level 5:colcon.colcon_core.verb:set package 'micro_ros_agent' build argument 'cmake_target_skip_unavailable' from command line to 'False'
[0.934s] Level 5:colcon.colcon_core.verb:set package 'micro_ros_agent' build argument 'cmake_clean_cache' from command line to 'False'
[0.934s] Level 5:colcon.colcon_core.verb:set package 'micro_ros_agent' build argument 'cmake_clean_first' from command line to 'False'
[0.934s] Level 5:colcon.colcon_core.verb:set package 'micro_ros_agent' build argument 'cmake_force_configure' from command line to 'False'
[0.934s] Level 5:colcon.colcon_core.verb:set package 'micro_ros_agent' build argument 'ament_cmake_args' from command line to 'None'
[0.934s] Level 5:colcon.colcon_core.verb:set package 'micro_ros_agent' build argument 'catkin_cmake_args' from command line to 'None'
[0.934s] Level 5:colcon.colcon_core.verb:set package 'micro_ros_agent' build argument 'catkin_skip_building_tests' from command line to 'False'
[0.934s] DEBUG:colcon.colcon_core.verb:Building package 'micro_ros_agent' with the following arguments: {'ament_cmake_args': None, 'build_base': '/home/aziz/microros_ws1/build/micro_ros_agent', 'catkin_cmake_args': None, 'catkin_skip_building_tests': False, 'cmake_args': None, 'cmake_clean_cache': False, 'cmake_clean_first': False, 'cmake_force_configure': False, 'cmake_target': None, 'cmake_target_skip_unavailable': False, 'install_base': '/home/aziz/microros_ws1/install/micro_ros_agent', 'merge_install': False, 'path': '/home/aziz/microros_ws1/src/uros/micro-ROS-Agent/micro_ros_agent', 'symlink_install': False, 'test_result_base': None}
[0.937s] INFO:colcon.colcon_core.executor:Executing jobs using 'parallel' executor
[0.952s] DEBUG:colcon.colcon_parallel_executor.executor.parallel:run_until_complete
[0.952s] INFO:colcon.colcon_ros.task.ament_cmake.build:Building ROS package in '/home/aziz/microros_ws1/src/uros/micro_ros_msgs' with build type 'ament_cmake'
[0.952s] INFO:colcon.colcon_cmake.task.cmake.build:Building CMake package in '/home/aziz/microros_ws1/src/uros/micro_ros_msgs'
[0.963s] INFO:colcon.colcon_core.plugin_system:Skipping extension 'colcon_core.shell.bat': Not used on non-Windows systems
[0.963s] INFO:colcon.colcon_core.shell:Skip shell extension 'powershell' for command environment: Not usable outside of PowerShell
[0.964s] DEBUG:colcon.colcon_core.shell:Skip shell extension 'dsv' for command environment
[0.982s] INFO:colcon.colcon_ros.task.ament_cmake.build:Building ROS package in '/home/aziz/microros_ws1/src/uros/drive_base/drive_base_msgs' with build type 'ament_cmake'
[0.983s] INFO:colcon.colcon_cmake.task.cmake.build:Building CMake package in '/home/aziz/microros_ws1/src/uros/drive_base/drive_base_msgs'
[0.991s] INFO:colcon.colcon_core.shell:Skip shell extension 'powershell' for command environment: Not usable outside of PowerShell
[0.991s] DEBUG:colcon.colcon_core.shell:Skip shell extension 'dsv' for command environment
[1.009s] INFO:colcon.colcon_ros.task.ament_cmake.build:Building ROS package in '/home/aziz/microros_ws1/src/micro_ros_setup' with build type 'ament_cmake'
[1.010s] INFO:colcon.colcon_cmake.task.cmake.build:Building CMake package in '/home/aziz/microros_ws1/src/micro_ros_setup'
[1.018s] INFO:colcon.colcon_core.shell:Skip shell extension 'powershell' for command environment: Not usable outside of PowerShell
[1.019s] DEBUG:colcon.colcon_core.shell:Skip shell extension 'dsv' for command environment
[1.046s] DEBUG:colcon.colcon_core.event_handler.log_command:Invoking command in '/home/aziz/microros_ws1/build/micro_ros_msgs': CMAKE_PREFIX_PATH=${CMAKE_PREFIX_PATH}:/opt/ros/foxy /usr/bin/cmake /home/aziz/microros_ws1/src/uros/micro_ros_msgs -DCMAKE_INSTALL_PREFIX=/home/aziz/microros_ws1/install/micro_ros_msgs
[1.053s] DEBUG:colcon.colcon_core.event_handler.log_command:Invoking command in '/home/aziz/microros_ws1/build/drive_base_msgs': CMAKE_PREFIX_PATH=${CMAKE_PREFIX_PATH}:/opt/ros/foxy /usr/bin/cmake /home/aziz/microros_ws1/src/uros/drive_base/drive_base_msgs -DCMAKE_INSTALL_PREFIX=/home/aziz/microros_ws1/install/drive_base_msgs
[1.066s] DEBUG:colcon.colcon_core.event_handler.log_command:Invoking command in '/home/aziz/microros_ws1/build/micro_ros_setup': CMAKE_PREFIX_PATH=${CMAKE_PREFIX_PATH}:/opt/ros/foxy /usr/bin/cmake --build /home/aziz/microros_ws1/build/micro_ros_setup -- -j4 -l4
[1.123s] DEBUG:colcon.colcon_core.event_handler.log_command:Invoked command in '/home/aziz/microros_ws1/build/micro_ros_setup' returned '0': CMAKE_PREFIX_PATH=${CMAKE_PREFIX_PATH}:/opt/ros/foxy /usr/bin/cmake --build /home/aziz/microros_ws1/build/micro_ros_setup -- -j4 -l4
[1.162s] DEBUG:colcon.colcon_core.event_handler.log_command:Invoking command in '/home/aziz/microros_ws1/build/micro_ros_setup': CMAKE_PREFIX_PATH=${CMAKE_PREFIX_PATH}:/opt/ros/foxy /usr/bin/cmake --install /home/aziz/microros_ws1/build/micro_ros_setup
[1.185s] Level 1:colcon.colcon_core.environment:create_environment_scripts_only(micro_ros_setup)
[1.200s] Level 1:colcon.colcon_core.environment:checking '/home/aziz/microros_ws1/install/micro_ros_setup' for CMake module files
[1.202s] Level 1:colcon.colcon_core.environment:checking '/home/aziz/microros_ws1/install/micro_ros_setup' for CMake config files
[1.207s] DEBUG:colcon.colcon_core.event_handler.log_command:Invoked command in '/home/aziz/microros_ws1/build/micro_ros_setup' returned '0': CMAKE_PREFIX_PATH=${CMAKE_PREFIX_PATH}:/opt/ros/foxy /usr/bin/cmake --install /home/aziz/microros_ws1/build/micro_ros_setup
[1.207s] Level 1:colcon.colcon_core.shell:create_environment_hook('micro_ros_setup', 'cmake_prefix_path')
[1.214s] INFO:colcon.colcon_core.shell:Creating environment hook '/home/aziz/microros_ws1/install/micro_ros_setup/share/micro_ros_setup/hook/cmake_prefix_path.ps1'
[1.215s] INFO:colcon.colcon_core.shell:Creating environment descriptor '/home/aziz/microros_ws1/install/micro_ros_setup/share/micro_ros_setup/hook/cmake_prefix_path.dsv'
[1.215s] INFO:colcon.colcon_core.shell:Creating environment hook '/home/aziz/microros_ws1/install/micro_ros_setup/share/micro_ros_setup/hook/cmake_prefix_path.sh'
[1.216s] Level 1:colcon.colcon_core.environment:checking '/home/aziz/microros_ws1/install/micro_ros_setup/lib'
[1.217s] Level 1:colcon.colcon_core.environment:checking '/home/aziz/microros_ws1/install/micro_ros_setup/bin'
[1.217s] Level 1:colcon.colcon_core.environment:checking '/home/aziz/microros_ws1/install/micro_ros_setup/lib/pkgconfig/micro_ros_setup.pc'
[1.217s] Level 1:colcon.colcon_core.environment:checking '/home/aziz/microros_ws1/install/micro_ros_setup/lib/python3.8/site-packages'
[1.217s] Level 1:colcon.colcon_core.environment:checking '/home/aziz/microros_ws1/install/micro_ros_setup/bin'
[1.225s] INFO:colcon.colcon_core.shell:Creating package script '/home/aziz/microros_ws1/install/micro_ros_setup/share/micro_ros_setup/package.ps1'
[1.226s] INFO:colcon.colcon_core.shell:Creating package descriptor '/home/aziz/microros_ws1/install/micro_ros_setup/share/micro_ros_setup/package.dsv'
[1.226s] INFO:colcon.colcon_core.shell:Creating package script '/home/aziz/microros_ws1/install/micro_ros_setup/share/micro_ros_setup/package.sh'
[1.227s] INFO:colcon.colcon_core.shell:Creating package script '/home/aziz/microros_ws1/install/micro_ros_setup/share/micro_ros_setup/package.bash'
[1.228s] INFO:colcon.colcon_core.shell:Creating package script '/home/aziz/microros_ws1/install/micro_ros_setup/share/micro_ros_setup/package.zsh'
[1.228s] Level 1:colcon.colcon_core.environment:create_file_with_runtime_dependencies(/home/aziz/microros_ws1/install/micro_ros_setup/share/colcon-core/packages/micro_ros_setup)
[1.262s] Level 1:colcon.colcon_core.environment:create_environment_scripts_only(micro_ros_setup)
[1.271s] Level 1:colcon.colcon_core.environment:checking '/home/aziz/microros_ws1/install/micro_ros_setup' for CMake module files
[1.273s] Level 1:colcon.colcon_core.environment:checking '/home/aziz/microros_ws1/install/micro_ros_setup' for CMake config files
[1.274s] Level 1:colcon.colcon_core.shell:create_environment_hook('micro_ros_setup', 'cmake_prefix_path')
[1.281s] INFO:colcon.colcon_core.shell:Creating environment hook '/home/aziz/microros_ws1/install/micro_ros_setup/share/micro_ros_setup/hook/cmake_prefix_path.ps1'
[1.282s] INFO:colcon.colcon_core.shell:Creating environment descriptor '/home/aziz/microros_ws1/install/micro_ros_setup/share/micro_ros_setup/hook/cmake_prefix_path.dsv'
[1.282s] INFO:colcon.colcon_core.shell:Creating environment hook '/home/aziz/microros_ws1/install/micro_ros_setup/share/micro_ros_setup/hook/cmake_prefix_path.sh'
[1.283s] Level 1:colcon.colcon_core.environment:checking '/home/aziz/microros_ws1/install/micro_ros_setup/lib'
[1.283s] Level 1:colcon.colcon_core.environment:checking '/home/aziz/microros_ws1/install/micro_ros_setup/bin'
[1.283s] Level 1:colcon.colcon_core.environment:checking '/home/aziz/microros_ws1/install/micro_ros_setup/lib/pkgconfig/micro_ros_setup.pc'
[1.283s] Level 1:colcon.colcon_core.environment:checking '/home/aziz/microros_ws1/install/micro_ros_setup/lib/python3.8/site-packages'
[1.283s] Level 1:colcon.colcon_core.environment:checking '/home/aziz/microros_ws1/install/micro_ros_setup/bin'
[1.291s] INFO:colcon.colcon_core.shell:Creating package script '/home/aziz/microros_ws1/install/micro_ros_setup/share/micro_ros_setup/package.ps1'
[1.292s] INFO:colcon.colcon_core.shell:Creating package descriptor '/home/aziz/microros_ws1/install/micro_ros_setup/share/micro_ros_setup/package.dsv'
[1.292s] INFO:colcon.colcon_core.shell:Creating package script '/home/aziz/microros_ws1/install/micro_ros_setup/share/micro_ros_setup/package.sh'
[1.293s] INFO:colcon.colcon_core.shell:Creating package script '/home/aziz/microros_ws1/install/micro_ros_setup/share/micro_ros_setup/package.bash'
[1.293s] INFO:colcon.colcon_core.shell:Creating package script '/home/aziz/microros_ws1/install/micro_ros_setup/share/micro_ros_setup/package.zsh'
[1.294s] Level 1:colcon.colcon_core.environment:create_file_with_runtime_dependencies(/home/aziz/microros_ws1/install/micro_ros_setup/share/colcon-core/packages/micro_ros_setup)
[2.040s] DEBUG:colcon.colcon_core.event_handler.log_command:Invoked command in '/home/aziz/microros_ws1/build/micro_ros_msgs' returned '0': CMAKE_PREFIX_PATH=${CMAKE_PREFIX_PATH}:/opt/ros/foxy /usr/bin/cmake /home/aziz/microros_ws1/src/uros/micro_ros_msgs -DCMAKE_INSTALL_PREFIX=/home/aziz/microros_ws1/install/micro_ros_msgs
[2.044s] DEBUG:colcon.colcon_core.event_handler.log_command:Invoking command in '/home/aziz/microros_ws1/build/micro_ros_msgs': CMAKE_PREFIX_PATH=${CMAKE_PREFIX_PATH}:/opt/ros/foxy /usr/bin/cmake --build /home/aziz/microros_ws1/build/micro_ros_msgs -- -j4 -l4
[2.310s] DEBUG:colcon.colcon_core.event_handler.log_command:Invoked command in '/home/aziz/microros_ws1/build/micro_ros_msgs' returned '0': CMAKE_PREFIX_PATH=${CMAKE_PREFIX_PATH}:/opt/ros/foxy /usr/bin/cmake --build /home/aziz/microros_ws1/build/micro_ros_msgs -- -j4 -l4
[2.409s] DEBUG:colcon.colcon_core.event_handler.log_command:Invoking command in '/home/aziz/microros_ws1/build/micro_ros_msgs': CMAKE_PREFIX_PATH=${CMAKE_PREFIX_PATH}:/opt/ros/foxy /usr/bin/cmake --install /home/aziz/microros_ws1/build/micro_ros_msgs
[2.477s] Level 1:colcon.colcon_core.environment:create_environment_scripts_only(micro_ros_msgs)
[2.487s] Level 1:colcon.colcon_core.environment:checking '/home/aziz/microros_ws1/install/micro_ros_msgs' for CMake module files
[2.488s] DEBUG:colcon.colcon_core.event_handler.log_command:Invoked command in '/home/aziz/microros_ws1/build/micro_ros_msgs' returned '0': CMAKE_PREFIX_PATH=${CMAKE_PREFIX_PATH}:/opt/ros/foxy /usr/bin/cmake --install /home/aziz/microros_ws1/build/micro_ros_msgs
[2.489s] Level 1:colcon.colcon_core.environment:checking '/home/aziz/microros_ws1/install/micro_ros_msgs' for CMake config files
[2.489s] Level 1:colcon.colcon_core.shell:create_environment_hook('micro_ros_msgs', 'cmake_prefix_path')
[2.497s] INFO:colcon.colcon_core.shell:Creating environment hook '/home/aziz/microros_ws1/install/micro_ros_msgs/share/micro_ros_msgs/hook/cmake_prefix_path.ps1'
[2.497s] INFO:colcon.colcon_core.shell:Creating environment descriptor '/home/aziz/microros_ws1/install/micro_ros_msgs/share/micro_ros_msgs/hook/cmake_prefix_path.dsv'
[2.498s] INFO:colcon.colcon_core.shell:Creating environment hook '/home/aziz/microros_ws1/install/micro_ros_msgs/share/micro_ros_msgs/hook/cmake_prefix_path.sh'
[2.498s] Level 1:colcon.colcon_core.environment:checking '/home/aziz/microros_ws1/install/micro_ros_msgs/lib'
[2.498s] Level 1:colcon.colcon_core.shell:create_environment_hook('micro_ros_msgs', 'ld_library_path_lib')
[2.506s] INFO:colcon.colcon_core.shell:Creating environment hook '/home/aziz/microros_ws1/install/micro_ros_msgs/share/micro_ros_msgs/hook/ld_library_path_lib.ps1'
[2.506s] INFO:colcon.colcon_core.shell:Creating environment descriptor '/home/aziz/microros_ws1/install/micro_ros_msgs/share/micro_ros_msgs/hook/ld_library_path_lib.dsv'
[2.507s] INFO:colcon.colcon_core.shell:Creating environment hook '/home/aziz/microros_ws1/install/micro_ros_msgs/share/micro_ros_msgs/hook/ld_library_path_lib.sh'
[2.507s] Level 1:colcon.colcon_core.environment:checking '/home/aziz/microros_ws1/install/micro_ros_msgs/bin'
[2.507s] Level 1:colcon.colcon_core.environment:checking '/home/aziz/microros_ws1/install/micro_ros_msgs/lib/pkgconfig/micro_ros_msgs.pc'
[2.507s] Level 1:colcon.colcon_core.environment:checking '/home/aziz/microros_ws1/install/micro_ros_msgs/lib/python3.8/site-packages'
[2.507s] Level 1:colcon.colcon_core.shell:create_environment_hook('micro_ros_msgs', 'pythonpath')
[2.514s] INFO:colcon.colcon_core.shell:Creating environment hook '/home/aziz/microros_ws1/install/micro_ros_msgs/share/micro_ros_msgs/hook/pythonpath.ps1'
[2.515s] INFO:colcon.colcon_core.shell:Creating environment descriptor '/home/aziz/microros_ws1/install/micro_ros_msgs/share/micro_ros_msgs/hook/pythonpath.dsv'
[2.515s] INFO:colcon.colcon_core.shell:Creating environment hook '/home/aziz/microros_ws1/install/micro_ros_msgs/share/micro_ros_msgs/hook/pythonpath.sh'
[2.516s] Level 1:colcon.colcon_core.environment:checking '/home/aziz/microros_ws1/install/micro_ros_msgs/bin'
[2.523s] INFO:colcon.colcon_core.shell:Creating package script '/home/aziz/microros_ws1/install/micro_ros_msgs/share/micro_ros_msgs/package.ps1'
[2.524s] INFO:colcon.colcon_core.shell:Creating package descriptor '/home/aziz/microros_ws1/install/micro_ros_msgs/share/micro_ros_msgs/package.dsv'
[2.524s] INFO:colcon.colcon_core.shell:Creating package script '/home/aziz/microros_ws1/install/micro_ros_msgs/share/micro_ros_msgs/package.sh'
[2.525s] INFO:colcon.colcon_core.shell:Creating package script '/home/aziz/microros_ws1/install/micro_ros_msgs/share/micro_ros_msgs/package.bash'
[2.525s] INFO:colcon.colcon_core.shell:Creating package script '/home/aziz/microros_ws1/install/micro_ros_msgs/share/micro_ros_msgs/package.zsh'
[2.526s] Level 1:colcon.colcon_core.environment:create_file_with_runtime_dependencies(/home/aziz/microros_ws1/install/micro_ros_msgs/share/colcon-core/packages/micro_ros_msgs)
[2.626s] Level 1:colcon.colcon_core.environment:create_environment_scripts_only(micro_ros_msgs)
[2.634s] Level 1:colcon.colcon_core.environment:checking '/home/aziz/microros_ws1/install/micro_ros_msgs' for CMake module files
[2.634s] Level 1:colcon.colcon_core.environment:checking '/home/aziz/microros_ws1/install/micro_ros_msgs' for CMake config files
[2.635s] Level 1:colcon.colcon_core.shell:create_environment_hook('micro_ros_msgs', 'cmake_prefix_path')
[2.642s] INFO:colcon.colcon_core.shell:Creating environment hook '/home/aziz/microros_ws1/install/micro_ros_msgs/share/micro_ros_msgs/hook/cmake_prefix_path.ps1'
[2.642s] INFO:colcon.colcon_core.shell:Creating environment descriptor '/home/aziz/microros_ws1/install/micro_ros_msgs/share/micro_ros_msgs/hook/cmake_prefix_path.dsv'
[2.643s] INFO:colcon.colcon_core.shell:Creating environment hook '/home/aziz/microros_ws1/install/micro_ros_msgs/share/micro_ros_msgs/hook/cmake_prefix_path.sh'
[2.643s] Level 1:colcon.colcon_core.environment:checking '/home/aziz/microros_ws1/install/micro_ros_msgs/lib'
[2.644s] Level 1:colcon.colcon_core.shell:create_environment_hook('micro_ros_msgs', 'ld_library_path_lib')
[2.650s] INFO:colcon.colcon_core.shell:Creating environment hook '/home/aziz/microros_ws1/install/micro_ros_msgs/share/micro_ros_msgs/hook/ld_library_path_lib.ps1'
[2.651s] INFO:colcon.colcon_core.shell:Creating environment descriptor '/home/aziz/microros_ws1/install/micro_ros_msgs/share/micro_ros_msgs/hook/ld_library_path_lib.dsv'
[2.651s] INFO:colcon.colcon_core.shell:Creating environment hook '/home/aziz/microros_ws1/install/micro_ros_msgs/share/micro_ros_msgs/hook/ld_library_path_lib.sh'
[2.651s] Level 1:colcon.colcon_core.environment:checking '/home/aziz/microros_ws1/install/micro_ros_msgs/bin'
[2.651s] Level 1:colcon.colcon_core.environment:checking '/home/aziz/microros_ws1/install/micro_ros_msgs/lib/pkgconfig/micro_ros_msgs.pc'
[2.652s] Level 1:colcon.colcon_core.environment:checking '/home/aziz/microros_ws1/install/micro_ros_msgs/lib/python3.8/site-packages'
[2.652s] Level 1:colcon.colcon_core.shell:create_environment_hook('micro_ros_msgs', 'pythonpath')
[2.658s] INFO:colcon.colcon_core.shell:Creating environment hook '/home/aziz/microros_ws1/install/micro_ros_msgs/share/micro_ros_msgs/hook/pythonpath.ps1'
[2.659s] INFO:colcon.colcon_core.shell:Creating environment descriptor '/home/aziz/microros_ws1/install/micro_ros_msgs/share/micro_ros_msgs/hook/pythonpath.dsv'
[2.659s] INFO:colcon.colcon_core.shell:Creating environment hook '/home/aziz/microros_ws1/install/micro_ros_msgs/share/micro_ros_msgs/hook/pythonpath.sh'
[2.660s] Level 1:colcon.colcon_core.environment:checking '/home/aziz/microros_ws1/install/micro_ros_msgs/bin'
[2.667s] INFO:colcon.colcon_core.shell:Creating package script '/home/aziz/microros_ws1/install/micro_ros_msgs/share/micro_ros_msgs/package.ps1'
[2.668s] INFO:colcon.colcon_core.shell:Creating package descriptor '/home/aziz/microros_ws1/install/micro_ros_msgs/share/micro_ros_msgs/package.dsv'
[2.668s] INFO:colcon.colcon_core.shell:Creating package script '/home/aziz/microros_ws1/install/micro_ros_msgs/share/micro_ros_msgs/package.sh'
[2.669s] INFO:colcon.colcon_core.shell:Creating package script '/home/aziz/microros_ws1/install/micro_ros_msgs/share/micro_ros_msgs/package.bash'
[2.669s] INFO:colcon.colcon_core.shell:Creating package script '/home/aziz/microros_ws1/install/micro_ros_msgs/share/micro_ros_msgs/package.zsh'
[2.669s] Level 1:colcon.colcon_core.environment:create_file_with_runtime_dependencies(/home/aziz/microros_ws1/install/micro_ros_msgs/share/colcon-core/packages/micro_ros_msgs)
[2.670s] INFO:colcon.colcon_ros.task.ament_cmake.build:Building ROS package in '/home/aziz/microros_ws1/src/uros/micro-ROS-Agent/micro_ros_agent' with build type 'ament_cmake'
[2.670s] INFO:colcon.colcon_cmake.task.cmake.build:Building CMake package in '/home/aziz/microros_ws1/src/uros/micro-ROS-Agent/micro_ros_agent'
[2.677s] INFO:colcon.colcon_core.shell:Skip shell extension 'powershell' for command environment: Not usable outside of PowerShell
[2.677s] DEBUG:colcon.colcon_core.shell:Skip shell extension 'dsv' for command environment
[2.706s] DEBUG:colcon.colcon_core.event_handler.log_command:Invoking command in '/home/aziz/microros_ws1/build/micro_ros_agent': CMAKE_PREFIX_PATH=/home/aziz/microros_ws1/install/micro_ros_msgs:/home/aziz/microros_ws1/install/micro_ros_agent:/home/aziz/microros_ws1/install/micro_ros_setup:/opt/ros/foxy LD_LIBRARY_PATH=/home/aziz/microros_ws1/install/micro_ros_msgs/lib:/home/aziz/microros_ws1/install/micro_ros_agent/lib:/opt/ros/foxy/opt/yaml_cpp_vendor/lib:/opt/ros/foxy/opt/rviz_ogre_vendor/lib:/opt/ros/foxy/lib/x86_64-linux-gnu:/opt/ros/foxy/lib /usr/bin/cmake /home/aziz/microros_ws1/src/uros/micro-ROS-Agent/micro_ros_agent -DCMAKE_INSTALL_PREFIX=/home/aziz/microros_ws1/install/micro_ros_agent
[3.363s] DEBUG:colcon.colcon_core.event_handler.log_command:Invoked command in '/home/aziz/microros_ws1/build/drive_base_msgs' returned '0': CMAKE_PREFIX_PATH=${CMAKE_PREFIX_PATH}:/opt/ros/foxy /usr/bin/cmake /home/aziz/microros_ws1/src/uros/drive_base/drive_base_msgs -DCMAKE_INSTALL_PREFIX=/home/aziz/microros_ws1/install/drive_base_msgs
[3.366s] DEBUG:colcon.colcon_core.event_handler.log_command:Invoking command in '/home/aziz/microros_ws1/build/drive_base_msgs': CMAKE_PREFIX_PATH=${CMAKE_PREFIX_PATH}:/opt/ros/foxy /usr/bin/cmake --build /home/aziz/microros_ws1/build/drive_base_msgs -- -j4 -l4
[3.440s] DEBUG:colcon.colcon_core.event_handler.log_command:Invoked command in '/home/aziz/microros_ws1/build/micro_ros_agent' returned '0': CMAKE_PREFIX_PATH=/home/aziz/microros_ws1/install/micro_ros_msgs:/home/aziz/microros_ws1/install/micro_ros_agent:/home/aziz/microros_ws1/install/micro_ros_setup:/opt/ros/foxy LD_LIBRARY_PATH=/home/aziz/microros_ws1/install/micro_ros_msgs/lib:/home/aziz/microros_ws1/install/micro_ros_agent/lib:/opt/ros/foxy/opt/yaml_cpp_vendor/lib:/opt/ros/foxy/opt/rviz_ogre_vendor/lib:/opt/ros/foxy/lib/x86_64-linux-gnu:/opt/ros/foxy/lib /usr/bin/cmake /home/aziz/microros_ws1/src/uros/micro-ROS-Agent/micro_ros_agent -DCMAKE_INSTALL_PREFIX=/home/aziz/microros_ws1/install/micro_ros_agent
[3.441s] DEBUG:colcon.colcon_core.event_handler.log_command:Invoking command in '/home/aziz/microros_ws1/build/micro_ros_agent': CMAKE_PREFIX_PATH=/home/aziz/microros_ws1/install/micro_ros_msgs:/home/aziz/microros_ws1/install/micro_ros_agent:/home/aziz/microros_ws1/install/micro_ros_setup:/opt/ros/foxy LD_LIBRARY_PATH=/home/aziz/microros_ws1/install/micro_ros_msgs/lib:/home/aziz/microros_ws1/install/micro_ros_agent/lib:/opt/ros/foxy/opt/yaml_cpp_vendor/lib:/opt/ros/foxy/opt/rviz_ogre_vendor/lib:/opt/ros/foxy/lib/x86_64-linux-gnu:/opt/ros/foxy/lib /usr/bin/cmake --build /home/aziz/microros_ws1/build/micro_ros_agent -- -j4 -l4
[3.542s] DEBUG:colcon.colcon_core.event_handler.log_command:Invoked command in '/home/aziz/microros_ws1/build/micro_ros_agent' returned '0': CMAKE_PREFIX_PATH=/home/aziz/microros_ws1/install/micro_ros_msgs:/home/aziz/microros_ws1/install/micro_ros_agent:/home/aziz/microros_ws1/install/micro_ros_setup:/opt/ros/foxy LD_LIBRARY_PATH=/home/aziz/microros_ws1/install/micro_ros_msgs/lib:/home/aziz/microros_ws1/install/micro_ros_agent/lib:/opt/ros/foxy/opt/yaml_cpp_vendor/lib:/opt/ros/foxy/opt/rviz_ogre_vendor/lib:/opt/ros/foxy/lib/x86_64-linux-gnu:/opt/ros/foxy/lib /usr/bin/cmake --build /home/aziz/microros_ws1/build/micro_ros_agent -- -j4 -l4
[3.585s] DEBUG:colcon.colcon_core.event_handler.log_command:Invoking command in '/home/aziz/microros_ws1/build/micro_ros_agent': CMAKE_PREFIX_PATH=/home/aziz/microros_ws1/install/micro_ros_msgs:/home/aziz/microros_ws1/install/micro_ros_agent:/home/aziz/microros_ws1/install/micro_ros_setup:/opt/ros/foxy LD_LIBRARY_PATH=/home/aziz/microros_ws1/install/micro_ros_msgs/lib:/home/aziz/microros_ws1/install/micro_ros_agent/lib:/opt/ros/foxy/opt/yaml_cpp_vendor/lib:/opt/ros/foxy/opt/rviz_ogre_vendor/lib:/opt/ros/foxy/lib/x86_64-linux-gnu:/opt/ros/foxy/lib /usr/bin/cmake --install /home/aziz/microros_ws1/build/micro_ros_agent
[3.602s] Level 1:colcon.colcon_core.environment:create_environment_scripts_only(micro_ros_agent)
[3.607s] DEBUG:colcon.colcon_core.event_handler.log_command:Invoked command in '/home/aziz/microros_ws1/build/micro_ros_agent' returned '0': CMAKE_PREFIX_PATH=/home/aziz/microros_ws1/install/micro_ros_msgs:/home/aziz/microros_ws1/install/micro_ros_agent:/home/aziz/microros_ws1/install/micro_ros_setup:/opt/ros/foxy LD_LIBRARY_PATH=/home/aziz/microros_ws1/install/micro_ros_msgs/lib:/home/aziz/microros_ws1/install/micro_ros_agent/lib:/opt/ros/foxy/opt/yaml_cpp_vendor/lib:/opt/ros/foxy/opt/rviz_ogre_vendor/lib:/opt/ros/foxy/lib/x86_64-linux-gnu:/opt/ros/foxy/lib /usr/bin/cmake --install /home/aziz/microros_ws1/build/micro_ros_agent
[3.613s] Level 1:colcon.colcon_core.environment:checking '/home/aziz/microros_ws1/install/micro_ros_agent' for CMake module files
[3.613s] Level 1:colcon.colcon_core.environment:checking '/home/aziz/microros_ws1/install/micro_ros_agent' for CMake config files
[3.613s] Level 1:colcon.colcon_core.shell:create_environment_hook('micro_ros_agent', 'cmake_prefix_path')
[3.623s] INFO:colcon.colcon_core.shell:Creating environment hook '/home/aziz/microros_ws1/install/micro_ros_agent/share/micro_ros_agent/hook/cmake_prefix_path.ps1'
[3.623s] INFO:colcon.colcon_core.shell:Creating environment descriptor '/home/aziz/microros_ws1/install/micro_ros_agent/share/micro_ros_agent/hook/cmake_prefix_path.dsv'
[3.624s] INFO:colcon.colcon_core.shell:Creating environment hook '/home/aziz/microros_ws1/install/micro_ros_agent/share/micro_ros_agent/hook/cmake_prefix_path.sh'
[3.625s] Level 1:colcon.colcon_core.environment:checking '/home/aziz/microros_ws1/install/micro_ros_agent/lib'
[3.625s] Level 1:colcon.colcon_core.shell:create_environment_hook('micro_ros_agent', 'ld_library_path_lib')
[3.632s] INFO:colcon.colcon_core.shell:Creating environment hook '/home/aziz/microros_ws1/install/micro_ros_agent/share/micro_ros_agent/hook/ld_library_path_lib.ps1'
[3.632s] INFO:colcon.colcon_core.shell:Creating environment descriptor '/home/aziz/microros_ws1/install/micro_ros_agent/share/micro_ros_agent/hook/ld_library_path_lib.dsv'
[3.633s] INFO:colcon.colcon_core.shell:Creating environment hook '/home/aziz/microros_ws1/install/micro_ros_agent/share/micro_ros_agent/hook/ld_library_path_lib.sh'
[3.633s] Level 1:colcon.colcon_core.environment:checking '/home/aziz/microros_ws1/install/micro_ros_agent/bin'
[3.633s] Level 1:colcon.colcon_core.environment:checking '/home/aziz/microros_ws1/install/micro_ros_agent/lib/pkgconfig/micro_ros_agent.pc'
[3.633s] Level 1:colcon.colcon_core.environment:checking '/home/aziz/microros_ws1/install/micro_ros_agent/lib/python3.8/site-packages'
[3.633s] Level 1:colcon.colcon_core.environment:checking '/home/aziz/microros_ws1/install/micro_ros_agent/bin'
[3.642s] INFO:colcon.colcon_core.shell:Creating package script '/home/aziz/microros_ws1/install/micro_ros_agent/share/micro_ros_agent/package.ps1'
[3.643s] INFO:colcon.colcon_core.shell:Creating package descriptor '/home/aziz/microros_ws1/install/micro_ros_agent/share/micro_ros_agent/package.dsv'
[3.643s] INFO:colcon.colcon_core.shell:Creating package script '/home/aziz/microros_ws1/install/micro_ros_agent/share/micro_ros_agent/package.sh'
[3.644s] INFO:colcon.colcon_core.shell:Creating package script '/home/aziz/microros_ws1/install/micro_ros_agent/share/micro_ros_agent/package.bash'
[3.644s] INFO:colcon.colcon_core.shell:Creating package script '/home/aziz/microros_ws1/install/micro_ros_agent/share/micro_ros_agent/package.zsh'
[3.645s] Level 1:colcon.colcon_core.environment:create_file_with_runtime_dependencies(/home/aziz/microros_ws1/install/micro_ros_agent/share/colcon-core/packages/micro_ros_agent)
[3.695s] Level 1:colcon.colcon_core.environment:create_environment_scripts_only(micro_ros_agent)
[3.705s] Level 1:colcon.colcon_core.environment:checking '/home/aziz/microros_ws1/install/micro_ros_agent' for CMake module files
[3.705s] Level 1:colcon.colcon_core.environment:checking '/home/aziz/microros_ws1/install/micro_ros_agent' for CMake config files
[3.705s] Level 1:colcon.colcon_core.shell:create_environment_hook('micro_ros_agent', 'cmake_prefix_path')
[3.713s] INFO:colcon.colcon_core.shell:Creating environment hook '/home/aziz/microros_ws1/install/micro_ros_agent/share/micro_ros_agent/hook/cmake_prefix_path.ps1'
[3.713s] INFO:colcon.colcon_core.shell:Creating environment descriptor '/home/aziz/microros_ws1/install/micro_ros_agent/share/micro_ros_agent/hook/cmake_prefix_path.dsv'
[3.714s] INFO:colcon.colcon_core.shell:Creating environment hook '/home/aziz/microros_ws1/install/micro_ros_agent/share/micro_ros_agent/hook/cmake_prefix_path.sh'
[3.714s] Level 1:colcon.colcon_core.environment:checking '/home/aziz/microros_ws1/install/micro_ros_agent/lib'
[3.714s] Level 1:colcon.colcon_core.shell:create_environment_hook('micro_ros_agent', 'ld_library_path_lib')
[3.722s] INFO:colcon.colcon_core.shell:Creating environment hook '/home/aziz/microros_ws1/install/micro_ros_agent/share/micro_ros_agent/hook/ld_library_path_lib.ps1'
[3.722s] INFO:colcon.colcon_core.shell:Creating environment descriptor '/home/aziz/microros_ws1/install/micro_ros_agent/share/micro_ros_agent/hook/ld_library_path_lib.dsv'
[3.722s] INFO:colcon.colcon_core.shell:Creating environment hook '/home/aziz/microros_ws1/install/micro_ros_agent/share/micro_ros_agent/hook/ld_library_path_lib.sh'
[3.723s] Level 1:colcon.colcon_core.environment:checking '/home/aziz/microros_ws1/install/micro_ros_agent/bin'
[3.723s] Level 1:colcon.colcon_core.environment:checking '/home/aziz/microros_ws1/install/micro_ros_agent/lib/pkgconfig/micro_ros_agent.pc'
[3.723s] Level 1:colcon.colcon_core.environment:checking '/home/aziz/microros_ws1/install/micro_ros_agent/lib/python3.8/site-packages'
[3.723s] Level 1:colcon.colcon_core.environment:checking '/home/aziz/microros_ws1/install/micro_ros_agent/bin'
[3.730s] INFO:colcon.colcon_core.shell:Creating package script '/home/aziz/microros_ws1/install/micro_ros_agent/share/micro_ros_agent/package.ps1'
[3.731s] INFO:colcon.colcon_core.shell:Creating package descriptor '/home/aziz/microros_ws1/install/micro_ros_agent/share/micro_ros_agent/package.dsv'
[3.732s] INFO:colcon.colcon_core.shell:Creating package script '/home/aziz/microros_ws1/install/micro_ros_agent/share/micro_ros_agent/package.sh'
[3.732s] INFO:colcon.colcon_core.shell:Creating package script '/home/aziz/microros_ws1/install/micro_ros_agent/share/micro_ros_agent/package.bash'
[3.733s] INFO:colcon.colcon_core.shell:Creating package script '/home/aziz/microros_ws1/install/micro_ros_agent/share/micro_ros_agent/package.zsh'
[3.733s] Level 1:colcon.colcon_core.environment:create_file_with_runtime_dependencies(/home/aziz/microros_ws1/install/micro_ros_agent/share/colcon-core/packages/micro_ros_agent)
[9.675s] DEBUG:colcon.colcon_core.event_handler.log_command:Invoked command in '/home/aziz/microros_ws1/build/drive_base_msgs' returned '0': CMAKE_PREFIX_PATH=${CMAKE_PREFIX_PATH}:/opt/ros/foxy /usr/bin/cmake --build /home/aziz/microros_ws1/build/drive_base_msgs -- -j4 -l4
[9.789s] DEBUG:colcon.colcon_core.event_handler.log_command:Invoking command in '/home/aziz/microros_ws1/build/drive_base_msgs': CMAKE_PREFIX_PATH=${CMAKE_PREFIX_PATH}:/opt/ros/foxy /usr/bin/cmake --install /home/aziz/microros_ws1/build/drive_base_msgs
[9.879s] Level 1:colcon.colcon_core.environment:create_environment_scripts_only(drive_base_msgs)
[9.884s] DEBUG:colcon.colcon_core.event_handler.log_command:Invoked command in '/home/aziz/microros_ws1/build/drive_base_msgs' returned '0': CMAKE_PREFIX_PATH=${CMAKE_PREFIX_PATH}:/opt/ros/foxy /usr/bin/cmake --install /home/aziz/microros_ws1/build/drive_base_msgs
[9.888s] Level 1:colcon.colcon_core.environment:checking '/home/aziz/microros_ws1/install/drive_base_msgs' for CMake module files
[9.889s] Level 1:colcon.colcon_core.environment:checking '/home/aziz/microros_ws1/install/drive_base_msgs' for CMake config files
[9.890s] Level 1:colcon.colcon_core.shell:create_environment_hook('drive_base_msgs', 'cmake_prefix_path')
[9.897s] INFO:colcon.colcon_core.shell:Creating environment hook '/home/aziz/microros_ws1/install/drive_base_msgs/share/drive_base_msgs/hook/cmake_prefix_path.ps1'
[9.897s] INFO:colcon.colcon_core.shell:Creating environment descriptor '/home/aziz/microros_ws1/install/drive_base_msgs/share/drive_base_msgs/hook/cmake_prefix_path.dsv'
[9.897s] INFO:colcon.colcon_core.shell:Creating environment hook '/home/aziz/microros_ws1/install/drive_base_msgs/share/drive_base_msgs/hook/cmake_prefix_path.sh'
[9.898s] Level 1:colcon.colcon_core.environment:checking '/home/aziz/microros_ws1/install/drive_base_msgs/lib'
[9.898s] Level 1:colcon.colcon_core.shell:create_environment_hook('drive_base_msgs', 'ld_library_path_lib')
[9.905s] INFO:colcon.colcon_core.shell:Creating environment hook '/home/aziz/microros_ws1/install/drive_base_msgs/share/drive_base_msgs/hook/ld_library_path_lib.ps1'
[9.905s] INFO:colcon.colcon_core.shell:Creating environment descriptor '/home/aziz/microros_ws1/install/drive_base_msgs/share/drive_base_msgs/hook/ld_library_path_lib.dsv'
[9.905s] INFO:colcon.colcon_core.shell:Creating environment hook '/home/aziz/microros_ws1/install/drive_base_msgs/share/drive_base_msgs/hook/ld_library_path_lib.sh'
[9.906s] Level 1:colcon.colcon_core.environment:checking '/home/aziz/microros_ws1/install/drive_base_msgs/bin'
[9.906s] Level 1:colcon.colcon_core.environment:checking '/home/aziz/microros_ws1/install/drive_base_msgs/lib/pkgconfig/drive_base_msgs.pc'
[9.906s] Level 1:colcon.colcon_core.environment:checking '/home/aziz/microros_ws1/install/drive_base_msgs/lib/python3.8/site-packages'
[9.906s] Level 1:colcon.colcon_core.shell:create_environment_hook('drive_base_msgs', 'pythonpath')
[9.913s] INFO:colcon.colcon_core.shell:Creating environment hook '/home/aziz/microros_ws1/install/drive_base_msgs/share/drive_base_msgs/hook/pythonpath.ps1'
[9.913s] INFO:colcon.colcon_core.shell:Creating environment descriptor '/home/aziz/microros_ws1/install/drive_base_msgs/share/drive_base_msgs/hook/pythonpath.dsv'
[9.914s] INFO:colcon.colcon_core.shell:Creating environment hook '/home/aziz/microros_ws1/install/drive_base_msgs/share/drive_base_msgs/hook/pythonpath.sh'
[9.914s] Level 1:colcon.colcon_core.environment:checking '/home/aziz/microros_ws1/install/drive_base_msgs/bin'
[9.922s] INFO:colcon.colcon_core.shell:Creating package script '/home/aziz/microros_ws1/install/drive_base_msgs/share/drive_base_msgs/package.ps1'
[9.923s] INFO:colcon.colcon_core.shell:Creating package descriptor '/home/aziz/microros_ws1/install/drive_base_msgs/share/drive_base_msgs/package.dsv'
[9.923s] INFO:colcon.colcon_core.shell:Creating package script '/home/aziz/microros_ws1/install/drive_base_msgs/share/drive_base_msgs/package.sh'
[9.924s] INFO:colcon.colcon_core.shell:Creating package script '/home/aziz/microros_ws1/install/drive_base_msgs/share/drive_base_msgs/package.bash'
[9.924s] INFO:colcon.colcon_core.shell:Creating package script '/home/aziz/microros_ws1/install/drive_base_msgs/share/drive_base_msgs/package.zsh'
[9.924s] Level 1:colcon.colcon_core.environment:create_file_with_runtime_dependencies(/home/aziz/microros_ws1/install/drive_base_msgs/share/colcon-core/packages/drive_base_msgs)
[10.043s] Level 1:colcon.colcon_core.environment:create_environment_scripts_only(drive_base_msgs)
[10.052s] Level 1:colcon.colcon_core.environment:checking '/home/aziz/microros_ws1/install/drive_base_msgs' for CMake module files
[10.052s] Level 1:colcon.colcon_core.environment:checking '/home/aziz/microros_ws1/install/drive_base_msgs' for CMake config files
[10.053s] Level 1:colcon.colcon_core.shell:create_environment_hook('drive_base_msgs', 'cmake_prefix_path')
[10.060s] INFO:colcon.colcon_core.shell:Creating environment hook '/home/aziz/microros_ws1/install/drive_base_msgs/share/drive_base_msgs/hook/cmake_prefix_path.ps1'
[10.060s] INFO:colcon.colcon_core.shell:Creating environment descriptor '/home/aziz/microros_ws1/install/drive_base_msgs/share/drive_base_msgs/hook/cmake_prefix_path.dsv'
[10.061s] INFO:colcon.colcon_core.shell:Creating environment hook '/home/aziz/microros_ws1/install/drive_base_msgs/share/drive_base_msgs/hook/cmake_prefix_path.sh'
[10.061s] Level 1:colcon.colcon_core.environment:checking '/home/aziz/microros_ws1/install/drive_base_msgs/lib'
[10.061s] Level 1:colcon.colcon_core.shell:create_environment_hook('drive_base_msgs', 'ld_library_path_lib')
[10.068s] INFO:colcon.colcon_core.shell:Creating environment hook '/home/aziz/microros_ws1/install/drive_base_msgs/share/drive_base_msgs/hook/ld_library_path_lib.ps1'
[10.068s] INFO:colcon.colcon_core.shell:Creating environment descriptor '/home/aziz/microros_ws1/install/drive_base_msgs/share/drive_base_msgs/hook/ld_library_path_lib.dsv'
[10.069s] INFO:colcon.colcon_core.shell:Creating environment hook '/home/aziz/microros_ws1/install/drive_base_msgs/share/drive_base_msgs/hook/ld_library_path_lib.sh'
[10.069s] Level 1:colcon.colcon_core.environment:checking '/home/aziz/microros_ws1/install/drive_base_msgs/bin'
[10.069s] Level 1:colcon.colcon_core.environment:checking '/home/aziz/microros_ws1/install/drive_base_msgs/lib/pkgconfig/drive_base_msgs.pc'
[10.069s] Level 1:colcon.colcon_core.environment:checking '/home/aziz/microros_ws1/install/drive_base_msgs/lib/python3.8/site-packages'
[10.069s] Level 1:colcon.colcon_core.shell:create_environment_hook('drive_base_msgs', 'pythonpath')
[10.076s] INFO:colcon.colcon_core.shell:Creating environment hook '/home/aziz/microros_ws1/install/drive_base_msgs/share/drive_base_msgs/hook/pythonpath.ps1'
[10.076s] INFO:colcon.colcon_core.shell:Creating environment descriptor '/home/aziz/microros_ws1/install/drive_base_msgs/share/drive_base_msgs/hook/pythonpath.dsv'
[10.076s] INFO:colcon.colcon_core.shell:Creating environment hook '/home/aziz/microros_ws1/install/drive_base_msgs/share/drive_base_msgs/hook/pythonpath.sh'
[10.077s] Level 1:colcon.colcon_core.environment:checking '/home/aziz/microros_ws1/install/drive_base_msgs/bin'
[10.083s] INFO:colcon.colcon_core.shell:Creating package script '/home/aziz/microros_ws1/install/drive_base_msgs/share/drive_base_msgs/package.ps1'
[10.084s] INFO:colcon.colcon_core.shell:Creating package descriptor '/home/aziz/microros_ws1/install/drive_base_msgs/share/drive_base_msgs/package.dsv'
[10.085s] INFO:colcon.colcon_core.shell:Creating package script '/home/aziz/microros_ws1/install/drive_base_msgs/share/drive_base_msgs/package.sh'
[10.085s] INFO:colcon.colcon_core.shell:Creating package script '/home/aziz/microros_ws1/install/drive_base_msgs/share/drive_base_msgs/package.bash'
[10.086s] INFO:colcon.colcon_core.shell:Creating package script '/home/aziz/microros_ws1/install/drive_base_msgs/share/drive_base_msgs/package.zsh'
[10.087s] Level 1:colcon.colcon_core.environment:create_file_with_runtime_dependencies(/home/aziz/microros_ws1/install/drive_base_msgs/share/colcon-core/packages/drive_base_msgs)
[10.087s] DEBUG:colcon.colcon_parallel_executor.executor.parallel:closing loop
[10.088s] DEBUG:colcon.colcon_parallel_executor.executor.parallel:loop closed
[10.088s] DEBUG:colcon.colcon_parallel_executor.executor.parallel:run_until_complete finished with '0'
[10.088s] DEBUG:colcon.colcon_core.event_reactor:joining thread
[10.100s] INFO:colcon.colcon_core.plugin_system:Skipping extension 'colcon_notification.desktop_notification.terminal_notifier': Not used on non-Darwin systems
[10.100s] INFO:colcon.colcon_core.plugin_system:Skipping extension 'colcon_notification.desktop_notification.win32': Not used on non-Windows systems
[10.100s] INFO:colcon.colcon_notification.desktop_notification:Sending desktop notification using 'notify2'
[10.115s] DEBUG:colcon.colcon_core.event_reactor:joined thread
[10.123s] INFO:colcon.colcon_core.shell:Creating prefix script '/home/aziz/microros_ws1/install/local_setup.ps1'
[10.124s] INFO:colcon.colcon_core.shell:Creating prefix util module '/home/aziz/microros_ws1/install/_local_setup_util_ps1.py'
[10.126s] INFO:colcon.colcon_core.shell:Creating prefix chain script '/home/aziz/microros_ws1/install/setup.ps1'
[10.133s] INFO:colcon.colcon_core.shell:Creating prefix script '/home/aziz/microros_ws1/install/local_setup.sh'
[10.134s] INFO:colcon.colcon_core.shell:Creating prefix util module '/home/aziz/microros_ws1/install/_local_setup_util_sh.py'
[10.134s] INFO:colcon.colcon_core.shell:Creating prefix chain script '/home/aziz/microros_ws1/install/setup.sh'
[10.142s] INFO:colcon.colcon_core.shell:Creating prefix script '/home/aziz/microros_ws1/install/local_setup.bash'
[10.142s] INFO:colcon.colcon_core.shell:Creating prefix chain script '/home/aziz/microros_ws1/install/setup.bash'
[10.151s] INFO:colcon.colcon_core.shell:Creating prefix script '/home/aziz/microros_ws1/install/local_setup.zsh'
[10.151s] INFO:colcon.colcon_core.shell:Creating prefix chain script '/home/aziz/microros_ws1/install/setup.zsh'
