[0.037s] Invoking command in '/home/aziz/microros_ws1/build/micro_ros_msgs': CMAKE_PREFIX_PATH=${CMAKE_PREFIX_PATH}:/opt/ros/foxy /usr/bin/cmake /home/aziz/microros_ws1/src/uros/micro_ros_msgs -DUAGENT_BUILD_EXECUTABLE=OFF -DUAGENT_P2P_PROFILE=OFF --no-warn-unused-cli -DCMAKE_INSTALL_PREFIX=/home/aziz/microros_ws1/install/micro_ros_msgs
[0.056s] Not searching for unused variables given on the command line.
[0.068s] -- Found ament_cmake: 0.9.11 (/opt/ros/foxy/share/ament_cmake/cmake)
[0.099s] -- Found PythonInterp: /usr/bin/python3 (found suitable version "3.8.10", minimum required is "3") 
[0.100s] -- Using PYTHON_EXECUTABLE: /usr/bin/python3
[0.411s] -- Found rosidl_default_generators: 1.0.1 (/opt/ros/foxy/share/rosidl_default_generators/cmake)
[0.415s] -- Using all available rosidl_typesupport_c: rosidl_typesupport_fastrtps_c;rosidl_typesupport_introspection_c
[0.421s] -- Found rosidl_adapter: 1.3.0 (/opt/ros/foxy/share/rosidl_adapter/cmake)
[0.609s] -- Using all available rosidl_typesupport_cpp: rosidl_typesupport_fastrtps_cpp;rosidl_typesupport_introspection_cpp
[0.642s] -- Found ament_lint_auto: 0.9.7 (/opt/ros/foxy/share/ament_lint_auto/cmake)
[0.770s] -- Found PythonInterp: /usr/bin/python3 (found version "3.8.10") 
[0.855s] -- Found ament_cmake_ros: 0.9.2 (/opt/ros/foxy/share/ament_cmake_ros/cmake)
[0.965s] -- Using all available rosidl_typesupport_c: rosidl_typesupport_fastrtps_c;rosidl_typesupport_introspection_c
[0.974s] -- Using all available rosidl_typesupport_cpp: rosidl_typesupport_fastrtps_cpp;rosidl_typesupport_introspection_cpp
[1.004s] -- Found PythonInterp: /usr/bin/python3 (found suitable version "3.8.10", minimum required is "3.5") 
[1.005s] -- Found python_cmake_module: 0.8.1 (/opt/ros/foxy/share/python_cmake_module/cmake)
[1.037s] -- Using PYTHON_EXECUTABLE: /usr/bin/python3
[1.038s] -- Using PYTHON_INCLUDE_DIRS: /usr/include/python3.8
[1.038s] -- Using PYTHON_LIBRARIES: /usr/lib/x86_64-linux-gnu/libpython3.8.so
[1.058s] -- Added test 'copyright' to check source files copyright and LICENSE
[1.078s] -- Added test 'lint_cmake' to check CMake code style
[1.087s] -- Added test 'xmllint' to check XML markup files
[1.096s] -- Configuring done
[1.145s] -- Generating done
[1.149s] -- Build files have been written to: /home/aziz/microros_ws1/build/micro_ros_msgs
[1.156s] Invoked command in '/home/aziz/microros_ws1/build/micro_ros_msgs' returned '0': CMAKE_PREFIX_PATH=${CMAKE_PREFIX_PATH}:/opt/ros/foxy /usr/bin/cmake /home/aziz/microros_ws1/src/uros/micro_ros_msgs -DUAGENT_BUILD_EXECUTABLE=OFF -DUAGENT_P2P_PROFILE=OFF --no-warn-unused-cli -DCMAKE_INSTALL_PREFIX=/home/aziz/microros_ws1/install/micro_ros_msgs
[1.158s] Invoking command in '/home/aziz/microros_ws1/build/micro_ros_msgs': CMAKE_PREFIX_PATH=${CMAKE_PREFIX_PATH}:/opt/ros/foxy /usr/bin/cmake --build /home/aziz/microros_ws1/build/micro_ros_msgs -- -j4 -l4
[1.222s] [  2%] Built target micro_ros_msgs__cpp
[1.223s] [ 12%] Built target micro_ros_msgs__rosidl_generator_c
[1.252s] [ 27%] Built target micro_ros_msgs__rosidl_typesupport_cpp
[1.252s] [ 42%] Built target micro_ros_msgs__rosidl_typesupport_c
[1.253s] [ 44%] Built target micro_ros_msgs__rosidl_typesupport_introspection_cpp
[1.256s] [ 55%] Built target micro_ros_msgs__rosidl_typesupport_fastrtps_cpp
[1.281s] [ 65%] Built target micro_ros_msgs__rosidl_typesupport_introspection_c
[1.287s] [ 76%] Built target micro_ros_msgs__rosidl_typesupport_fastrtps_c
[1.313s] [ 76%] Built target micro_ros_msgs
[1.338s] [ 78%] Built target micro_ros_msgs__py
[1.371s] [ 87%] Built target micro_ros_msgs__python
[1.402s] [ 91%] Built target micro_ros_msgs__rosidl_typesupport_c__pyext
[1.403s] [ 95%] Built target micro_ros_msgs__rosidl_typesupport_fastrtps_c__pyext
[1.404s] [100%] Built target micro_ros_msgs__rosidl_typesupport_introspection_c__pyext
[1.418s] Invoked command in '/home/aziz/microros_ws1/build/micro_ros_msgs' returned '0': CMAKE_PREFIX_PATH=${CMAKE_PREFIX_PATH}:/opt/ros/foxy /usr/bin/cmake --build /home/aziz/microros_ws1/build/micro_ros_msgs -- -j4 -l4
[1.532s] Invoking command in '/home/aziz/microros_ws1/build/micro_ros_msgs': CMAKE_PREFIX_PATH=${CMAKE_PREFIX_PATH}:/opt/ros/foxy /usr/bin/cmake --install /home/aziz/microros_ws1/build/micro_ros_msgs
[1.543s] -- Install configuration: ""
[1.543s] -- Up-to-date: /home/aziz/microros_ws1/install/micro_ros_msgs/share/ament_index/resource_index/rosidl_interfaces/micro_ros_msgs
[1.544s] -- Up-to-date: /home/aziz/microros_ws1/install/micro_ros_msgs/include/micro_ros_msgs
[1.544s] -- Up-to-date: /home/aziz/microros_ws1/install/micro_ros_msgs/include/micro_ros_msgs/msg
[1.544s] -- Up-to-date: /home/aziz/microros_ws1/install/micro_ros_msgs/include/micro_ros_msgs/msg/rosidl_generator_c__visibility_control.h
[1.544s] -- Up-to-date: /home/aziz/microros_ws1/install/micro_ros_msgs/include/micro_ros_msgs/msg/node.h
[1.544s] -- Up-to-date: /home/aziz/microros_ws1/install/micro_ros_msgs/include/micro_ros_msgs/msg/entity.h
[1.544s] -- Up-to-date: /home/aziz/microros_ws1/install/micro_ros_msgs/include/micro_ros_msgs/msg/detail
[1.544s] -- Up-to-date: /home/aziz/microros_ws1/install/micro_ros_msgs/include/micro_ros_msgs/msg/detail/node__functions.h
[1.544s] -- Up-to-date: /home/aziz/microros_ws1/install/micro_ros_msgs/include/micro_ros_msgs/msg/detail/node__struct.h
[1.544s] -- Up-to-date: /home/aziz/microros_ws1/install/micro_ros_msgs/include/micro_ros_msgs/msg/detail/graph__functions.c
[1.544s] -- Up-to-date: /home/aziz/microros_ws1/install/micro_ros_msgs/include/micro_ros_msgs/msg/detail/entity__type_support.h
[1.544s] -- Up-to-date: /home/aziz/microros_ws1/install/micro_ros_msgs/include/micro_ros_msgs/msg/detail/node__type_support.h
[1.544s] -- Up-to-date: /home/aziz/microros_ws1/install/micro_ros_msgs/include/micro_ros_msgs/msg/detail/node__functions.c
[1.545s] -- Up-to-date: /home/aziz/microros_ws1/install/micro_ros_msgs/include/micro_ros_msgs/msg/detail/entity__functions.h
[1.545s] -- Up-to-date: /home/aziz/microros_ws1/install/micro_ros_msgs/include/micro_ros_msgs/msg/detail/entity__functions.c
[1.545s] -- Up-to-date: /home/aziz/microros_ws1/install/micro_ros_msgs/include/micro_ros_msgs/msg/detail/graph__struct.h
[1.545s] -- Up-to-date: /home/aziz/microros_ws1/install/micro_ros_msgs/include/micro_ros_msgs/msg/detail/graph__type_support.h
[1.545s] -- Up-to-date: /home/aziz/microros_ws1/install/micro_ros_msgs/include/micro_ros_msgs/msg/detail/entity__struct.h
[1.545s] -- Up-to-date: /home/aziz/microros_ws1/install/micro_ros_msgs/include/micro_ros_msgs/msg/detail/graph__functions.h
[1.545s] -- Up-to-date: /home/aziz/microros_ws1/install/micro_ros_msgs/include/micro_ros_msgs/msg/graph.h
[1.545s] -- Up-to-date: /home/aziz/microros_ws1/install/micro_ros_msgs/share/micro_ros_msgs/environment/library_path.sh
[1.545s] -- Installing: /home/aziz/microros_ws1/install/micro_ros_msgs/share/micro_ros_msgs/environment/library_path.dsv
[1.545s] -- Up-to-date: /home/aziz/microros_ws1/install/micro_ros_msgs/lib/libmicro_ros_msgs__rosidl_generator_c.so
[1.545s] -- Up-to-date: /home/aziz/microros_ws1/install/micro_ros_msgs/include/micro_ros_msgs
[1.545s] -- Up-to-date: /home/aziz/microros_ws1/install/micro_ros_msgs/include/micro_ros_msgs/msg
[1.545s] -- Up-to-date: /home/aziz/microros_ws1/install/micro_ros_msgs/include/micro_ros_msgs/msg/rosidl_typesupport_fastrtps_c__visibility_control.h
[1.545s] -- Up-to-date: /home/aziz/microros_ws1/install/micro_ros_msgs/include/micro_ros_msgs/msg/detail
[1.546s] -- Up-to-date: /home/aziz/microros_ws1/install/micro_ros_msgs/include/micro_ros_msgs/msg/detail/entity__rosidl_typesupport_fastrtps_c.h
[1.546s] -- Up-to-date: /home/aziz/microros_ws1/install/micro_ros_msgs/include/micro_ros_msgs/msg/detail/node__rosidl_typesupport_fastrtps_c.h
[1.546s] -- Up-to-date: /home/aziz/microros_ws1/install/micro_ros_msgs/include/micro_ros_msgs/msg/detail/graph__rosidl_typesupport_fastrtps_c.h
[1.546s] -- Up-to-date: /home/aziz/microros_ws1/install/micro_ros_msgs/lib/libmicro_ros_msgs__rosidl_typesupport_fastrtps_c.so
[1.546s] -- Up-to-date: /home/aziz/microros_ws1/install/micro_ros_msgs/include/micro_ros_msgs
[1.546s] -- Up-to-date: /home/aziz/microros_ws1/install/micro_ros_msgs/include/micro_ros_msgs/msg
[1.546s] -- Up-to-date: /home/aziz/microros_ws1/install/micro_ros_msgs/include/micro_ros_msgs/msg/rosidl_typesupport_fastrtps_cpp__visibility_control.h
[1.546s] -- Up-to-date: /home/aziz/microros_ws1/install/micro_ros_msgs/include/micro_ros_msgs/msg/detail
[1.546s] -- Up-to-date: /home/aziz/microros_ws1/install/micro_ros_msgs/include/micro_ros_msgs/msg/detail/entity__rosidl_typesupport_fastrtps_cpp.hpp
[1.546s] -- Up-to-date: /home/aziz/microros_ws1/install/micro_ros_msgs/include/micro_ros_msgs/msg/detail/dds_fastrtps
[1.546s] -- Up-to-date: /home/aziz/microros_ws1/install/micro_ros_msgs/include/micro_ros_msgs/msg/detail/graph__rosidl_typesupport_fastrtps_cpp.hpp
[1.546s] -- Up-to-date: /home/aziz/microros_ws1/install/micro_ros_msgs/include/micro_ros_msgs/msg/detail/node__rosidl_typesupport_fastrtps_cpp.hpp
[1.547s] -- Up-to-date: /home/aziz/microros_ws1/install/micro_ros_msgs/lib/libmicro_ros_msgs__rosidl_typesupport_fastrtps_cpp.so
[1.547s] -- Up-to-date: /home/aziz/microros_ws1/install/micro_ros_msgs/include/micro_ros_msgs
[1.547s] -- Up-to-date: /home/aziz/microros_ws1/install/micro_ros_msgs/include/micro_ros_msgs/msg
[1.547s] -- Up-to-date: /home/aziz/microros_ws1/install/micro_ros_msgs/include/micro_ros_msgs/msg/rosidl_typesupport_introspection_c__visibility_control.h
[1.547s] -- Up-to-date: /home/aziz/microros_ws1/install/micro_ros_msgs/include/micro_ros_msgs/msg/detail
[1.547s] -- Up-to-date: /home/aziz/microros_ws1/install/micro_ros_msgs/include/micro_ros_msgs/msg/detail/entity__rosidl_typesupport_introspection_c.h
[1.547s] -- Up-to-date: /home/aziz/microros_ws1/install/micro_ros_msgs/include/micro_ros_msgs/msg/detail/graph__type_support.c
[1.547s] -- Up-to-date: /home/aziz/microros_ws1/install/micro_ros_msgs/include/micro_ros_msgs/msg/detail/node__type_support.c
[1.547s] -- Up-to-date: /home/aziz/microros_ws1/install/micro_ros_msgs/include/micro_ros_msgs/msg/detail/graph__rosidl_typesupport_introspection_c.h
[1.547s] -- Up-to-date: /home/aziz/microros_ws1/install/micro_ros_msgs/include/micro_ros_msgs/msg/detail/node__rosidl_typesupport_introspection_c.h
[1.547s] -- Up-to-date: /home/aziz/microros_ws1/install/micro_ros_msgs/include/micro_ros_msgs/msg/detail/entity__type_support.c
[1.547s] -- Up-to-date: /home/aziz/microros_ws1/install/micro_ros_msgs/lib/libmicro_ros_msgs__rosidl_typesupport_introspection_c.so
[1.548s] -- Up-to-date: /home/aziz/microros_ws1/install/micro_ros_msgs/lib/libmicro_ros_msgs__rosidl_typesupport_c.so
[1.548s] -- Up-to-date: /home/aziz/microros_ws1/install/micro_ros_msgs/include/micro_ros_msgs
[1.548s] -- Up-to-date: /home/aziz/microros_ws1/install/micro_ros_msgs/include/micro_ros_msgs/msg
[1.548s] -- Up-to-date: /home/aziz/microros_ws1/install/micro_ros_msgs/include/micro_ros_msgs/msg/entity.hpp
[1.548s] -- Up-to-date: /home/aziz/microros_ws1/install/micro_ros_msgs/include/micro_ros_msgs/msg/node.hpp
[1.548s] -- Up-to-date: /home/aziz/microros_ws1/install/micro_ros_msgs/include/micro_ros_msgs/msg/graph.hpp
[1.548s] -- Up-to-date: /home/aziz/microros_ws1/install/micro_ros_msgs/include/micro_ros_msgs/msg/detail
[1.548s] -- Up-to-date: /home/aziz/microros_ws1/install/micro_ros_msgs/include/micro_ros_msgs/msg/detail/node__struct.hpp
[1.548s] -- Up-to-date: /home/aziz/microros_ws1/install/micro_ros_msgs/include/micro_ros_msgs/msg/detail/graph__builder.hpp
[1.548s] -- Up-to-date: /home/aziz/microros_ws1/install/micro_ros_msgs/include/micro_ros_msgs/msg/detail/graph__traits.hpp
[1.548s] -- Up-to-date: /home/aziz/microros_ws1/install/micro_ros_msgs/include/micro_ros_msgs/msg/detail/node__builder.hpp
[1.548s] -- Up-to-date: /home/aziz/microros_ws1/install/micro_ros_msgs/include/micro_ros_msgs/msg/detail/entity__traits.hpp
[1.549s] -- Up-to-date: /home/aziz/microros_ws1/install/micro_ros_msgs/include/micro_ros_msgs/msg/detail/node__traits.hpp
[1.549s] -- Up-to-date: /home/aziz/microros_ws1/install/micro_ros_msgs/include/micro_ros_msgs/msg/detail/entity__builder.hpp
[1.549s] -- Up-to-date: /home/aziz/microros_ws1/install/micro_ros_msgs/include/micro_ros_msgs/msg/detail/graph__struct.hpp
[1.549s] -- Up-to-date: /home/aziz/microros_ws1/install/micro_ros_msgs/include/micro_ros_msgs/msg/detail/entity__struct.hpp
[1.549s] -- Up-to-date: /home/aziz/microros_ws1/install/micro_ros_msgs/include/micro_ros_msgs
[1.549s] -- Up-to-date: /home/aziz/microros_ws1/install/micro_ros_msgs/include/micro_ros_msgs/msg
[1.549s] -- Up-to-date: /home/aziz/microros_ws1/install/micro_ros_msgs/include/micro_ros_msgs/msg/detail
[1.549s] -- Up-to-date: /home/aziz/microros_ws1/install/micro_ros_msgs/include/micro_ros_msgs/msg/detail/graph__type_support.cpp
[1.549s] -- Up-to-date: /home/aziz/microros_ws1/install/micro_ros_msgs/include/micro_ros_msgs/msg/detail/graph__rosidl_typesupport_introspection_cpp.hpp
[1.549s] -- Up-to-date: /home/aziz/microros_ws1/install/micro_ros_msgs/include/micro_ros_msgs/msg/detail/node__rosidl_typesupport_introspection_cpp.hpp
[1.549s] -- Up-to-date: /home/aziz/microros_ws1/install/micro_ros_msgs/include/micro_ros_msgs/msg/detail/node__type_support.cpp
[1.549s] -- Up-to-date: /home/aziz/microros_ws1/install/micro_ros_msgs/include/micro_ros_msgs/msg/detail/entity__type_support.cpp
[1.549s] -- Up-to-date: /home/aziz/microros_ws1/install/micro_ros_msgs/include/micro_ros_msgs/msg/detail/entity__rosidl_typesupport_introspection_cpp.hpp
[1.550s] -- Up-to-date: /home/aziz/microros_ws1/install/micro_ros_msgs/lib/libmicro_ros_msgs__rosidl_typesupport_introspection_cpp.so
[1.550s] -- Up-to-date: /home/aziz/microros_ws1/install/micro_ros_msgs/lib/libmicro_ros_msgs__rosidl_typesupport_cpp.so
[1.550s] -- Up-to-date: /home/aziz/microros_ws1/install/micro_ros_msgs/share/micro_ros_msgs/environment/pythonpath.sh
[1.550s] -- Installing: /home/aziz/microros_ws1/install/micro_ros_msgs/share/micro_ros_msgs/environment/pythonpath.dsv
[1.550s] -- Installing: /home/aziz/microros_ws1/install/micro_ros_msgs/lib/python3.8/site-packages/micro_ros_msgs/__init__.py
[1.611s] Compiling '/home/aziz/microros_ws1/install/micro_ros_msgs/lib/python3.8/site-packages/micro_ros_msgs/__init__.py'...
[1.615s] -- Up-to-date: /home/aziz/microros_ws1/install/micro_ros_msgs/lib/python3.8/site-packages/micro_ros_msgs/msg
[1.615s] -- Up-to-date: /home/aziz/microros_ws1/install/micro_ros_msgs/lib/python3.8/site-packages/micro_ros_msgs/msg/_entity.py
[1.616s] -- Up-to-date: /home/aziz/microros_ws1/install/micro_ros_msgs/lib/python3.8/site-packages/micro_ros_msgs/msg/_node.py
[1.616s] -- Up-to-date: /home/aziz/microros_ws1/install/micro_ros_msgs/lib/python3.8/site-packages/micro_ros_msgs/msg/_entity_s.c
[1.616s] -- Up-to-date: /home/aziz/microros_ws1/install/micro_ros_msgs/lib/python3.8/site-packages/micro_ros_msgs/msg/_node_s.c
[1.616s] -- Up-to-date: /home/aziz/microros_ws1/install/micro_ros_msgs/lib/python3.8/site-packages/micro_ros_msgs/msg/__init__.py
[1.616s] -- Up-to-date: /home/aziz/microros_ws1/install/micro_ros_msgs/lib/python3.8/site-packages/micro_ros_msgs/msg/_graph_s.c
[1.616s] -- Up-to-date: /home/aziz/microros_ws1/install/micro_ros_msgs/lib/python3.8/site-packages/micro_ros_msgs/msg/_graph.py
[1.616s] -- Up-to-date: /home/aziz/microros_ws1/install/micro_ros_msgs/lib/python3.8/site-packages/micro_ros_msgs/micro_ros_msgs_s__rosidl_typesupport_fastrtps_c.cpython-38-x86_64-linux-gnu.so
[1.617s] -- Up-to-date: /home/aziz/microros_ws1/install/micro_ros_msgs/lib/python3.8/site-packages/micro_ros_msgs/micro_ros_msgs_s__rosidl_typesupport_introspection_c.cpython-38-x86_64-linux-gnu.so
[1.617s] -- Up-to-date: /home/aziz/microros_ws1/install/micro_ros_msgs/lib/python3.8/site-packages/micro_ros_msgs/micro_ros_msgs_s__rosidl_typesupport_c.cpython-38-x86_64-linux-gnu.so
[1.618s] -- Up-to-date: /home/aziz/microros_ws1/install/micro_ros_msgs/lib/libmicro_ros_msgs__python.so
[1.618s] -- Up-to-date: /home/aziz/microros_ws1/install/micro_ros_msgs/share/micro_ros_msgs/msg/Graph.idl
[1.619s] -- Up-to-date: /home/aziz/microros_ws1/install/micro_ros_msgs/share/micro_ros_msgs/msg/Node.idl
[1.619s] -- Up-to-date: /home/aziz/microros_ws1/install/micro_ros_msgs/share/micro_ros_msgs/msg/Entity.idl
[1.619s] -- Up-to-date: /home/aziz/microros_ws1/install/micro_ros_msgs/share/micro_ros_msgs/msg/Graph.msg
[1.619s] -- Up-to-date: /home/aziz/microros_ws1/install/micro_ros_msgs/share/micro_ros_msgs/msg/Node.msg
[1.619s] -- Up-to-date: /home/aziz/microros_ws1/install/micro_ros_msgs/share/micro_ros_msgs/msg/Entity.msg
[1.619s] -- Up-to-date: /home/aziz/microros_ws1/install/micro_ros_msgs/share/ament_index/resource_index/package_run_dependencies/micro_ros_msgs
[1.619s] -- Up-to-date: /home/aziz/microros_ws1/install/micro_ros_msgs/share/ament_index/resource_index/parent_prefix_path/micro_ros_msgs
[1.620s] -- Up-to-date: /home/aziz/microros_ws1/install/micro_ros_msgs/share/micro_ros_msgs/environment/ament_prefix_path.sh
[1.620s] -- Installing: /home/aziz/microros_ws1/install/micro_ros_msgs/share/micro_ros_msgs/environment/ament_prefix_path.dsv
[1.620s] -- Up-to-date: /home/aziz/microros_ws1/install/micro_ros_msgs/share/micro_ros_msgs/environment/path.sh
[1.620s] -- Installing: /home/aziz/microros_ws1/install/micro_ros_msgs/share/micro_ros_msgs/environment/path.dsv
[1.620s] -- Up-to-date: /home/aziz/microros_ws1/install/micro_ros_msgs/share/micro_ros_msgs/local_setup.bash
[1.620s] -- Up-to-date: /home/aziz/microros_ws1/install/micro_ros_msgs/share/micro_ros_msgs/local_setup.sh
[1.620s] -- Up-to-date: /home/aziz/microros_ws1/install/micro_ros_msgs/share/micro_ros_msgs/local_setup.zsh
[1.620s] -- Installing: /home/aziz/microros_ws1/install/micro_ros_msgs/share/micro_ros_msgs/local_setup.dsv
[1.620s] -- Installing: /home/aziz/microros_ws1/install/micro_ros_msgs/share/micro_ros_msgs/package.dsv
[1.620s] -- Up-to-date: /home/aziz/microros_ws1/install/micro_ros_msgs/share/ament_index/resource_index/packages/micro_ros_msgs
[1.620s] -- Up-to-date: /home/aziz/microros_ws1/install/micro_ros_msgs/share/micro_ros_msgs/cmake/micro_ros_msgs__rosidl_generator_cExport.cmake
[1.620s] -- Installing: /home/aziz/microros_ws1/install/micro_ros_msgs/share/micro_ros_msgs/cmake/micro_ros_msgs__rosidl_generator_cExport-noconfig.cmake
[1.621s] -- Up-to-date: /home/aziz/microros_ws1/install/micro_ros_msgs/share/micro_ros_msgs/cmake/micro_ros_msgs__rosidl_typesupport_introspection_cExport.cmake
[1.621s] -- Installing: /home/aziz/microros_ws1/install/micro_ros_msgs/share/micro_ros_msgs/cmake/micro_ros_msgs__rosidl_typesupport_introspection_cExport-noconfig.cmake
[1.621s] -- Up-to-date: /home/aziz/microros_ws1/install/micro_ros_msgs/share/micro_ros_msgs/cmake/micro_ros_msgs__rosidl_typesupport_cExport.cmake
[1.621s] -- Installing: /home/aziz/microros_ws1/install/micro_ros_msgs/share/micro_ros_msgs/cmake/micro_ros_msgs__rosidl_typesupport_cExport-noconfig.cmake
[1.622s] -- Up-to-date: /home/aziz/microros_ws1/install/micro_ros_msgs/share/micro_ros_msgs/cmake/micro_ros_msgs__rosidl_generator_cppExport.cmake
[1.622s] -- Up-to-date: /home/aziz/microros_ws1/install/micro_ros_msgs/share/micro_ros_msgs/cmake/micro_ros_msgs__rosidl_typesupport_introspection_cppExport.cmake
[1.623s] -- Installing: /home/aziz/microros_ws1/install/micro_ros_msgs/share/micro_ros_msgs/cmake/micro_ros_msgs__rosidl_typesupport_introspection_cppExport-noconfig.cmake
[1.623s] -- Up-to-date: /home/aziz/microros_ws1/install/micro_ros_msgs/share/micro_ros_msgs/cmake/micro_ros_msgs__rosidl_typesupport_cppExport.cmake
[1.624s] -- Installing: /home/aziz/microros_ws1/install/micro_ros_msgs/share/micro_ros_msgs/cmake/micro_ros_msgs__rosidl_typesupport_cppExport-noconfig.cmake
[1.624s] -- Up-to-date: /home/aziz/microros_ws1/install/micro_ros_msgs/share/micro_ros_msgs/cmake/rosidl_cmake-extras.cmake
[1.624s] -- Up-to-date: /home/aziz/microros_ws1/install/micro_ros_msgs/share/micro_ros_msgs/cmake/ament_cmake_export_dependencies-extras.cmake
[1.624s] -- Up-to-date: /home/aziz/microros_ws1/install/micro_ros_msgs/share/micro_ros_msgs/cmake/ament_cmake_export_libraries-extras.cmake
[1.624s] -- Up-to-date: /home/aziz/microros_ws1/install/micro_ros_msgs/share/micro_ros_msgs/cmake/ament_cmake_export_targets-extras.cmake
[1.624s] -- Up-to-date: /home/aziz/microros_ws1/install/micro_ros_msgs/share/micro_ros_msgs/cmake/ament_cmake_export_include_directories-extras.cmake
[1.624s] -- Up-to-date: /home/aziz/microros_ws1/install/micro_ros_msgs/share/micro_ros_msgs/cmake/rosidl_cmake_export_typesupport_libraries-extras.cmake
[1.624s] -- Up-to-date: /home/aziz/microros_ws1/install/micro_ros_msgs/share/micro_ros_msgs/cmake/rosidl_cmake_export_typesupport_targets-extras.cmake
[1.624s] -- Up-to-date: /home/aziz/microros_ws1/install/micro_ros_msgs/share/micro_ros_msgs/cmake/micro_ros_msgsConfig.cmake
[1.624s] -- Up-to-date: /home/aziz/microros_ws1/install/micro_ros_msgs/share/micro_ros_msgs/cmake/micro_ros_msgsConfig-version.cmake
[1.625s] -- Up-to-date: /home/aziz/microros_ws1/install/micro_ros_msgs/share/micro_ros_msgs/package.xml
[1.627s] Invoked command in '/home/aziz/microros_ws1/build/micro_ros_msgs' returned '0': CMAKE_PREFIX_PATH=${CMAKE_PREFIX_PATH}:/opt/ros/foxy /usr/bin/cmake --install /home/aziz/microros_ws1/build/micro_ros_msgs
