[0.568s] Invoking command in '/home/aziz/microros_ws1/firmware/mcu_ws/build/libyaml_vendor': CMAKE_PREFIX_PATH=${CMAKE_PREFIX_PATH}:/home/aziz/microros_ws1/firmware/dev_ws/install/ament_uncrustify:/home/aziz/microros_ws1/firmware/dev_ws/install/domain_coordinator:/home/aziz/microros_ws1/firmware/dev_ws/install/ament_xmllint:/home/aziz/microros_ws1/firmware/dev_ws/install/ament_pyflakes:/home/aziz/microros_ws1/firmware/dev_ws/install/ament_pycodestyle:/home/aziz/microros_ws1/firmware/dev_ws/install/ament_pep257:/home/aziz/microros_ws1/firmware/dev_ws/install/ament_pclint:/home/aziz/microros_ws1/firmware/dev_ws/install/ament_package:/home/aziz/microros_ws1/firmware/dev_ws/install/ament_mypy:/home/aziz/microros_ws1/firmware/dev_ws/install/ament_lint_cmake:/home/aziz/microros_ws1/firmware/dev_ws/install/ament_flake8:/home/aziz/microros_ws1/firmware/dev_ws/install/ament_copyright:/home/aziz/microros_ws1/firmware/dev_ws/install/ament_lint:/home/aziz/microros_ws1/firmware/dev_ws/install/ament_index_python:/home/aziz/microros_ws1/firmware/dev_ws/install/ament_cpplint:/home/aziz/microros_ws1/firmware/dev_ws/install/ament_cppcheck:/home/aziz/microros_ws1/firmware/dev_ws/install/ament_clang_tidy:/home/aziz/microros_ws1/firmware/dev_ws/install/ament_clang_format /usr/bin/cmake --build /home/aziz/microros_ws1/firmware/mcu_ws/build/libyaml_vendor -- -j4 -l4
[0.589s] make[4]: Entering directory '/home/aziz/microros_ws1/firmware/mcu_ws/build/libyaml_vendor'
[0.589s] /usr/bin/cmake -S/home/aziz/microros_ws1/firmware/mcu_ws/ros2/libyaml_vendor -B/home/aziz/microros_ws1/firmware/mcu_ws/build/libyaml_vendor --check-build-system CMakeFiles/Makefile.cmake 0
[0.611s] Re-run cmake file: Makefile older than: /home/aziz/microros_ws1/firmware/freertos_apps/microros_esp32_extensions/esp32_toolchain.cmake
[0.619s] -- Found ament_cmake: 0.9.11 (/home/aziz/microros_ws1/firmware/dev_ws/install/ament_cmake/share/ament_cmake/cmake)
[0.654s] -- Using PYTHON_EXECUTABLE: /home/aziz/microros_ws1/firmware/toolchain/espressif/python_env/idf4.1_py3.8_env/bin/python3
[0.929s] -- Configuring done
[0.934s] -- Generating done
[0.936s] -- Build files have been written to: /home/aziz/microros_ws1/firmware/mcu_ws/build/libyaml_vendor
[0.938s] /usr/bin/cmake -E cmake_progress_start /home/aziz/microros_ws1/firmware/mcu_ws/build/libyaml_vendor/CMakeFiles /home/aziz/microros_ws1/firmware/mcu_ws/build/libyaml_vendor/CMakeFiles/progress.marks
[0.948s] /usr/bin/make -f CMakeFiles/Makefile2 all
[0.949s] make[5]: Entering directory '/home/aziz/microros_ws1/firmware/mcu_ws/build/libyaml_vendor'
[0.949s] /usr/bin/make -f CMakeFiles/libyaml-10c9078.dir/build.make CMakeFiles/libyaml-10c9078.dir/depend
[0.950s] make[6]: Entering directory '/home/aziz/microros_ws1/firmware/mcu_ws/build/libyaml_vendor'
[0.950s] cd /home/aziz/microros_ws1/firmware/mcu_ws/build/libyaml_vendor && /usr/bin/cmake -E cmake_depends "Unix Makefiles" /home/aziz/microros_ws1/firmware/mcu_ws/ros2/libyaml_vendor /home/aziz/microros_ws1/firmware/mcu_ws/ros2/libyaml_vendor /home/aziz/microros_ws1/firmware/mcu_ws/build/libyaml_vendor /home/aziz/microros_ws1/firmware/mcu_ws/build/libyaml_vendor /home/aziz/microros_ws1/firmware/mcu_ws/build/libyaml_vendor/CMakeFiles/libyaml-10c9078.dir/DependInfo.cmake --color=
[0.991s] make[6]: Leaving directory '/home/aziz/microros_ws1/firmware/mcu_ws/build/libyaml_vendor'
[0.991s] /usr/bin/make -f CMakeFiles/libyaml-10c9078.dir/build.make CMakeFiles/libyaml-10c9078.dir/build
[0.992s] make[6]: Entering directory '/home/aziz/microros_ws1/firmware/mcu_ws/build/libyaml_vendor'
[0.992s] make[6]: Nothing to be done for 'CMakeFiles/libyaml-10c9078.dir/build'.
[0.992s] make[6]: Leaving directory '/home/aziz/microros_ws1/firmware/mcu_ws/build/libyaml_vendor'
[1.001s] [100%] Built target libyaml-10c9078
[1.002s] make[5]: Leaving directory '/home/aziz/microros_ws1/firmware/mcu_ws/build/libyaml_vendor'
[1.002s] /usr/bin/cmake -E cmake_progress_start /home/aziz/microros_ws1/firmware/mcu_ws/build/libyaml_vendor/CMakeFiles 0
[1.012s] make[4]: Leaving directory '/home/aziz/microros_ws1/firmware/mcu_ws/build/libyaml_vendor'
[1.017s] Invoked command in '/home/aziz/microros_ws1/firmware/mcu_ws/build/libyaml_vendor' returned '0': CMAKE_PREFIX_PATH=${CMAKE_PREFIX_PATH}:/home/aziz/microros_ws1/firmware/dev_ws/install/ament_uncrustify:/home/aziz/microros_ws1/firmware/dev_ws/install/domain_coordinator:/home/aziz/microros_ws1/firmware/dev_ws/install/ament_xmllint:/home/aziz/microros_ws1/firmware/dev_ws/install/ament_pyflakes:/home/aziz/microros_ws1/firmware/dev_ws/install/ament_pycodestyle:/home/aziz/microros_ws1/firmware/dev_ws/install/ament_pep257:/home/aziz/microros_ws1/firmware/dev_ws/install/ament_pclint:/home/aziz/microros_ws1/firmware/dev_ws/install/ament_package:/home/aziz/microros_ws1/firmware/dev_ws/install/ament_mypy:/home/aziz/microros_ws1/firmware/dev_ws/install/ament_lint_cmake:/home/aziz/microros_ws1/firmware/dev_ws/install/ament_flake8:/home/aziz/microros_ws1/firmware/dev_ws/install/ament_copyright:/home/aziz/microros_ws1/firmware/dev_ws/install/ament_lint:/home/aziz/microros_ws1/firmware/dev_ws/install/ament_index_python:/home/aziz/microros_ws1/firmware/dev_ws/install/ament_cpplint:/home/aziz/microros_ws1/firmware/dev_ws/install/ament_cppcheck:/home/aziz/microros_ws1/firmware/dev_ws/install/ament_clang_tidy:/home/aziz/microros_ws1/firmware/dev_ws/install/ament_clang_format /usr/bin/cmake --build /home/aziz/microros_ws1/firmware/mcu_ws/build/libyaml_vendor -- -j4 -l4
[1.128s] Invoking command in '/home/aziz/microros_ws1/firmware/mcu_ws/build/libyaml_vendor': CMAKE_PREFIX_PATH=${CMAKE_PREFIX_PATH}:/home/aziz/microros_ws1/firmware/dev_ws/install/ament_uncrustify:/home/aziz/microros_ws1/firmware/dev_ws/install/domain_coordinator:/home/aziz/microros_ws1/firmware/dev_ws/install/ament_xmllint:/home/aziz/microros_ws1/firmware/dev_ws/install/ament_pyflakes:/home/aziz/microros_ws1/firmware/dev_ws/install/ament_pycodestyle:/home/aziz/microros_ws1/firmware/dev_ws/install/ament_pep257:/home/aziz/microros_ws1/firmware/dev_ws/install/ament_pclint:/home/aziz/microros_ws1/firmware/dev_ws/install/ament_package:/home/aziz/microros_ws1/firmware/dev_ws/install/ament_mypy:/home/aziz/microros_ws1/firmware/dev_ws/install/ament_lint_cmake:/home/aziz/microros_ws1/firmware/dev_ws/install/ament_flake8:/home/aziz/microros_ws1/firmware/dev_ws/install/ament_copyright:/home/aziz/microros_ws1/firmware/dev_ws/install/ament_lint:/home/aziz/microros_ws1/firmware/dev_ws/install/ament_index_python:/home/aziz/microros_ws1/firmware/dev_ws/install/ament_cpplint:/home/aziz/microros_ws1/firmware/dev_ws/install/ament_cppcheck:/home/aziz/microros_ws1/firmware/dev_ws/install/ament_clang_tidy:/home/aziz/microros_ws1/firmware/dev_ws/install/ament_clang_format /usr/bin/cmake --install /home/aziz/microros_ws1/firmware/mcu_ws/build/libyaml_vendor
[1.158s] -- Install configuration: "Debug"
[1.158s] -- Up-to-date: /home/aziz/microros_ws1/firmware/mcu_ws/install
[1.158s] -- Up-to-date: /home/aziz/microros_ws1/firmware/mcu_ws/install/lib
[1.159s] -- Up-to-date: /home/aziz/microros_ws1/firmware/mcu_ws/install/lib/libyaml.a
[1.159s] -- Up-to-date: /home/aziz/microros_ws1/firmware/mcu_ws/install/cmake
[1.159s] -- Up-to-date: /home/aziz/microros_ws1/firmware/mcu_ws/install/cmake/yamlTargets.cmake
[1.159s] -- Up-to-date: /home/aziz/microros_ws1/firmware/mcu_ws/install/cmake/yamlConfigVersion.cmake
[1.159s] -- Up-to-date: /home/aziz/microros_ws1/firmware/mcu_ws/install/cmake/yamlConfig.cmake
[1.159s] -- Up-to-date: /home/aziz/microros_ws1/firmware/mcu_ws/install/cmake/yamlTargets-debug.cmake
[1.159s] -- Up-to-date: /home/aziz/microros_ws1/firmware/mcu_ws/install/include
[1.159s] -- Up-to-date: /home/aziz/microros_ws1/firmware/mcu_ws/install/include/yaml.h
[1.159s] -- Up-to-date: /home/aziz/microros_ws1/firmware/mcu_ws/install/share/libyaml_vendor/environment/library_path.sh
[1.159s] -- Installing: /home/aziz/microros_ws1/firmware/mcu_ws/install/share/libyaml_vendor/environment/library_path.dsv
[1.159s] -- Up-to-date: /home/aziz/microros_ws1/firmware/mcu_ws/install/share/ament_index/resource_index/package_run_dependencies/libyaml_vendor
[1.159s] -- Up-to-date: /home/aziz/microros_ws1/firmware/mcu_ws/install/share/ament_index/resource_index/parent_prefix_path/libyaml_vendor
[1.159s] -- Up-to-date: /home/aziz/microros_ws1/firmware/mcu_ws/install/share/libyaml_vendor/environment/ament_prefix_path.sh
[1.159s] -- Installing: /home/aziz/microros_ws1/firmware/mcu_ws/install/share/libyaml_vendor/environment/ament_prefix_path.dsv
[1.160s] -- Up-to-date: /home/aziz/microros_ws1/firmware/mcu_ws/install/share/libyaml_vendor/environment/path.sh
[1.160s] -- Installing: /home/aziz/microros_ws1/firmware/mcu_ws/install/share/libyaml_vendor/environment/path.dsv
[1.160s] -- Up-to-date: /home/aziz/microros_ws1/firmware/mcu_ws/install/share/libyaml_vendor/local_setup.bash
[1.160s] -- Up-to-date: /home/aziz/microros_ws1/firmware/mcu_ws/install/share/libyaml_vendor/local_setup.sh
[1.160s] -- Up-to-date: /home/aziz/microros_ws1/firmware/mcu_ws/install/share/libyaml_vendor/local_setup.zsh
[1.160s] -- Installing: /home/aziz/microros_ws1/firmware/mcu_ws/install/share/libyaml_vendor/local_setup.dsv
[1.160s] -- Installing: /home/aziz/microros_ws1/firmware/mcu_ws/install/share/libyaml_vendor/package.dsv
[1.160s] -- Up-to-date: /home/aziz/microros_ws1/firmware/mcu_ws/install/share/ament_index/resource_index/packages/libyaml_vendor
[1.160s] -- Up-to-date: /home/aziz/microros_ws1/firmware/mcu_ws/install/share/libyaml_vendor/cmake/libyaml_vendor-extras.cmake
[1.160s] -- Up-to-date: /home/aziz/microros_ws1/firmware/mcu_ws/install/share/libyaml_vendor/cmake/ament_cmake_export_libraries-extras.cmake
[1.160s] -- Up-to-date: /home/aziz/microros_ws1/firmware/mcu_ws/install/share/libyaml_vendor/cmake/ament_cmake_export_dependencies-extras.cmake
[1.160s] -- Up-to-date: /home/aziz/microros_ws1/firmware/mcu_ws/install/share/libyaml_vendor/cmake/libyaml_vendorConfig.cmake
[1.160s] -- Up-to-date: /home/aziz/microros_ws1/firmware/mcu_ws/install/share/libyaml_vendor/cmake/libyaml_vendorConfig-version.cmake
[1.160s] -- Up-to-date: /home/aziz/microros_ws1/firmware/mcu_ws/install/share/libyaml_vendor/package.xml
[1.172s] Invoked command in '/home/aziz/microros_ws1/firmware/mcu_ws/build/libyaml_vendor' returned '0': CMAKE_PREFIX_PATH=${CMAKE_PREFIX_PATH}:/home/aziz/microros_ws1/firmware/dev_ws/install/ament_uncrustify:/home/aziz/microros_ws1/firmware/dev_ws/install/domain_coordinator:/home/aziz/microros_ws1/firmware/dev_ws/install/ament_xmllint:/home/aziz/microros_ws1/firmware/dev_ws/install/ament_pyflakes:/home/aziz/microros_ws1/firmware/dev_ws/install/ament_pycodestyle:/home/aziz/microros_ws1/firmware/dev_ws/install/ament_pep257:/home/aziz/microros_ws1/firmware/dev_ws/install/ament_pclint:/home/aziz/microros_ws1/firmware/dev_ws/install/ament_package:/home/aziz/microros_ws1/firmware/dev_ws/install/ament_mypy:/home/aziz/microros_ws1/firmware/dev_ws/install/ament_lint_cmake:/home/aziz/microros_ws1/firmware/dev_ws/install/ament_flake8:/home/aziz/microros_ws1/firmware/dev_ws/install/ament_copyright:/home/aziz/microros_ws1/firmware/dev_ws/install/ament_lint:/home/aziz/microros_ws1/firmware/dev_ws/install/ament_index_python:/home/aziz/microros_ws1/firmware/dev_ws/install/ament_cpplint:/home/aziz/microros_ws1/firmware/dev_ws/install/ament_cppcheck:/home/aziz/microros_ws1/firmware/dev_ws/install/ament_clang_tidy:/home/aziz/microros_ws1/firmware/dev_ws/install/ament_clang_format /usr/bin/cmake --install /home/aziz/microros_ws1/firmware/mcu_ws/build/libyaml_vendor
