[0.066s] Invoking command in '/home/aziz/microros_ws1/build/drive_base_msgs': CMAKE_PREFIX_PATH=${CMAKE_PREFIX_PATH}:/opt/ros/foxy /usr/bin/cmake --build /home/aziz/microros_ws1/build/drive_base_msgs -- -j4 -l4
[0.132s] [ 10%] Built target drive_base_msgs__rosidl_generator_c
[0.134s] [ 12%] Built target drive_base_msgs__cpp
[0.169s] [ 23%] Built target drive_base_msgs__rosidl_typesupport_introspection_cpp
[0.170s] [ 34%] Built target drive_base_msgs__rosidl_typesupport_introspection_c
[0.174s] [ 45%] Built target drive_base_msgs__rosidl_typesupport_c
[0.196s] [ 56%] Built target drive_base_msgs__rosidl_typesupport_fastrtps_cpp
[0.199s] [ 67%] Built target drive_base_msgs__rosidl_typesupport_cpp
[0.264s] [ 78%] Built target drive_base_msgs__rosidl_typesupport_fastrtps_c
[0.265s] [ 78%] Built target drive_base_msgs
[0.279s] [ 80%] Built target drive_base_msgs__py
[0.317s] [ 89%] Built target drive_base_msgs__python
[0.349s] [ 92%] Built target drive_base_msgs__rosidl_typesupport_fastrtps_c__pyext
[0.349s] [ 96%] Built target drive_base_msgs__rosidl_typesupport_c__pyext
[0.361s] [100%] Built target drive_base_msgs__rosidl_typesupport_introspection_c__pyext
[0.375s] Invoked command in '/home/aziz/microros_ws1/build/drive_base_msgs' returned '0': CMAKE_PREFIX_PATH=${CMAKE_PREFIX_PATH}:/opt/ros/foxy /usr/bin/cmake --build /home/aziz/microros_ws1/build/drive_base_msgs -- -j4 -l4
[0.489s] Invoking command in '/home/aziz/microros_ws1/build/drive_base_msgs': CMAKE_PREFIX_PATH=${CMAKE_PREFIX_PATH}:/opt/ros/foxy /usr/bin/cmake --install /home/aziz/microros_ws1/build/drive_base_msgs
[0.499s] -- Install configuration: ""
[0.499s] -- Up-to-date: /home/aziz/microros_ws1/install/drive_base_msgs/share/ament_index/resource_index/rosidl_interfaces/drive_base_msgs
[0.500s] -- Up-to-date: /home/aziz/microros_ws1/install/drive_base_msgs/include/drive_base_msgs
[0.500s] -- Up-to-date: /home/aziz/microros_ws1/install/drive_base_msgs/include/drive_base_msgs/msg
[0.500s] -- Up-to-date: /home/aziz/microros_ws1/install/drive_base_msgs/include/drive_base_msgs/msg/rosidl_generator_c__visibility_control.h
[0.500s] -- Up-to-date: /home/aziz/microros_ws1/install/drive_base_msgs/include/drive_base_msgs/msg/command_header.h
[0.500s] -- Up-to-date: /home/aziz/microros_ws1/install/drive_base_msgs/include/drive_base_msgs/msg/command_status.h
[0.500s] -- Up-to-date: /home/aziz/microros_ws1/install/drive_base_msgs/include/drive_base_msgs/msg/trv_command.h
[0.500s] -- Up-to-date: /home/aziz/microros_ws1/install/drive_base_msgs/include/drive_base_msgs/msg/detail
[0.500s] -- Up-to-date: /home/aziz/microros_ws1/install/drive_base_msgs/include/drive_base_msgs/msg/detail/base_info__functions.c
[0.500s] -- Up-to-date: /home/aziz/microros_ws1/install/drive_base_msgs/include/drive_base_msgs/msg/detail/trv_command__functions.c
[0.500s] -- Up-to-date: /home/aziz/microros_ws1/install/drive_base_msgs/include/drive_base_msgs/msg/detail/base_info__struct.h
[0.500s] -- Up-to-date: /home/aziz/microros_ws1/install/drive_base_msgs/include/drive_base_msgs/msg/detail/trv_command__type_support.h
[0.501s] -- Up-to-date: /home/aziz/microros_ws1/install/drive_base_msgs/include/drive_base_msgs/msg/detail/command_header__functions.c
[0.501s] -- Up-to-date: /home/aziz/microros_ws1/install/drive_base_msgs/include/drive_base_msgs/msg/detail/command_status__struct.h
[0.501s] -- Up-to-date: /home/aziz/microros_ws1/install/drive_base_msgs/include/drive_base_msgs/msg/detail/base_info__type_support.h
[0.501s] -- Up-to-date: /home/aziz/microros_ws1/install/drive_base_msgs/include/drive_base_msgs/msg/detail/command_status__type_support.h
[0.501s] -- Up-to-date: /home/aziz/microros_ws1/install/drive_base_msgs/include/drive_base_msgs/msg/detail/command_status__functions.c
[0.501s] -- Up-to-date: /home/aziz/microros_ws1/install/drive_base_msgs/include/drive_base_msgs/msg/detail/base_info__functions.h
[0.501s] -- Up-to-date: /home/aziz/microros_ws1/install/drive_base_msgs/include/drive_base_msgs/msg/detail/command_header__struct.h
[0.501s] -- Up-to-date: /home/aziz/microros_ws1/install/drive_base_msgs/include/drive_base_msgs/msg/detail/trv_command__functions.h
[0.501s] -- Up-to-date: /home/aziz/microros_ws1/install/drive_base_msgs/include/drive_base_msgs/msg/detail/command_status__functions.h
[0.501s] -- Up-to-date: /home/aziz/microros_ws1/install/drive_base_msgs/include/drive_base_msgs/msg/detail/command_header__functions.h
[0.501s] -- Up-to-date: /home/aziz/microros_ws1/install/drive_base_msgs/include/drive_base_msgs/msg/detail/command_header__type_support.h
[0.502s] -- Up-to-date: /home/aziz/microros_ws1/install/drive_base_msgs/include/drive_base_msgs/msg/detail/trv_command__struct.h
[0.502s] -- Up-to-date: /home/aziz/microros_ws1/install/drive_base_msgs/include/drive_base_msgs/msg/base_info.h
[0.502s] -- Up-to-date: /home/aziz/microros_ws1/install/drive_base_msgs/share/drive_base_msgs/environment/library_path.sh
[0.502s] -- Up-to-date: /home/aziz/microros_ws1/install/drive_base_msgs/share/drive_base_msgs/environment/library_path.dsv
[0.502s] -- Up-to-date: /home/aziz/microros_ws1/install/drive_base_msgs/lib/libdrive_base_msgs__rosidl_generator_c.so
[0.502s] -- Up-to-date: /home/aziz/microros_ws1/install/drive_base_msgs/include/drive_base_msgs
[0.502s] -- Up-to-date: /home/aziz/microros_ws1/install/drive_base_msgs/include/drive_base_msgs/msg
[0.502s] -- Up-to-date: /home/aziz/microros_ws1/install/drive_base_msgs/include/drive_base_msgs/msg/rosidl_typesupport_fastrtps_c__visibility_control.h
[0.502s] -- Up-to-date: /home/aziz/microros_ws1/install/drive_base_msgs/include/drive_base_msgs/msg/detail
[0.502s] -- Up-to-date: /home/aziz/microros_ws1/install/drive_base_msgs/include/drive_base_msgs/msg/detail/trv_command__rosidl_typesupport_fastrtps_c.h
[0.502s] -- Up-to-date: /home/aziz/microros_ws1/install/drive_base_msgs/include/drive_base_msgs/msg/detail/command_status__rosidl_typesupport_fastrtps_c.h
[0.502s] -- Up-to-date: /home/aziz/microros_ws1/install/drive_base_msgs/include/drive_base_msgs/msg/detail/command_header__rosidl_typesupport_fastrtps_c.h
[0.502s] -- Up-to-date: /home/aziz/microros_ws1/install/drive_base_msgs/include/drive_base_msgs/msg/detail/base_info__rosidl_typesupport_fastrtps_c.h
[0.503s] -- Up-to-date: /home/aziz/microros_ws1/install/drive_base_msgs/lib/libdrive_base_msgs__rosidl_typesupport_fastrtps_c.so
[0.503s] -- Up-to-date: /home/aziz/microros_ws1/install/drive_base_msgs/include/drive_base_msgs
[0.503s] -- Up-to-date: /home/aziz/microros_ws1/install/drive_base_msgs/include/drive_base_msgs/msg
[0.503s] -- Up-to-date: /home/aziz/microros_ws1/install/drive_base_msgs/include/drive_base_msgs/msg/rosidl_typesupport_fastrtps_cpp__visibility_control.h
[0.503s] -- Up-to-date: /home/aziz/microros_ws1/install/drive_base_msgs/include/drive_base_msgs/msg/detail
[0.503s] -- Up-to-date: /home/aziz/microros_ws1/install/drive_base_msgs/include/drive_base_msgs/msg/detail/command_status__rosidl_typesupport_fastrtps_cpp.hpp
[0.503s] -- Up-to-date: /home/aziz/microros_ws1/install/drive_base_msgs/include/drive_base_msgs/msg/detail/command_header__rosidl_typesupport_fastrtps_cpp.hpp
[0.503s] -- Up-to-date: /home/aziz/microros_ws1/install/drive_base_msgs/include/drive_base_msgs/msg/detail/base_info__rosidl_typesupport_fastrtps_cpp.hpp
[0.503s] -- Up-to-date: /home/aziz/microros_ws1/install/drive_base_msgs/include/drive_base_msgs/msg/detail/trv_command__rosidl_typesupport_fastrtps_cpp.hpp
[0.503s] -- Up-to-date: /home/aziz/microros_ws1/install/drive_base_msgs/include/drive_base_msgs/msg/detail/dds_fastrtps
[0.503s] -- Up-to-date: /home/aziz/microros_ws1/install/drive_base_msgs/lib/libdrive_base_msgs__rosidl_typesupport_fastrtps_cpp.so
[0.503s] -- Up-to-date: /home/aziz/microros_ws1/install/drive_base_msgs/include/drive_base_msgs
[0.504s] -- Up-to-date: /home/aziz/microros_ws1/install/drive_base_msgs/include/drive_base_msgs/msg
[0.504s] -- Up-to-date: /home/aziz/microros_ws1/install/drive_base_msgs/include/drive_base_msgs/msg/rosidl_typesupport_introspection_c__visibility_control.h
[0.504s] -- Up-to-date: /home/aziz/microros_ws1/install/drive_base_msgs/include/drive_base_msgs/msg/detail
[0.504s] -- Up-to-date: /home/aziz/microros_ws1/install/drive_base_msgs/include/drive_base_msgs/msg/detail/base_info__type_support.c
[0.504s] -- Up-to-date: /home/aziz/microros_ws1/install/drive_base_msgs/include/drive_base_msgs/msg/detail/command_status__type_support.c
[0.504s] -- Up-to-date: /home/aziz/microros_ws1/install/drive_base_msgs/include/drive_base_msgs/msg/detail/command_status__rosidl_typesupport_introspection_c.h
[0.504s] -- Up-to-date: /home/aziz/microros_ws1/install/drive_base_msgs/include/drive_base_msgs/msg/detail/command_header__type_support.c
[0.504s] -- Up-to-date: /home/aziz/microros_ws1/install/drive_base_msgs/include/drive_base_msgs/msg/detail/trv_command__type_support.c
[0.504s] -- Up-to-date: /home/aziz/microros_ws1/install/drive_base_msgs/include/drive_base_msgs/msg/detail/base_info__rosidl_typesupport_introspection_c.h
[0.504s] -- Up-to-date: /home/aziz/microros_ws1/install/drive_base_msgs/include/drive_base_msgs/msg/detail/trv_command__rosidl_typesupport_introspection_c.h
[0.504s] -- Up-to-date: /home/aziz/microros_ws1/install/drive_base_msgs/include/drive_base_msgs/msg/detail/command_header__rosidl_typesupport_introspection_c.h
[0.504s] -- Up-to-date: /home/aziz/microros_ws1/install/drive_base_msgs/lib/libdrive_base_msgs__rosidl_typesupport_introspection_c.so
[0.505s] -- Up-to-date: /home/aziz/microros_ws1/install/drive_base_msgs/lib/libdrive_base_msgs__rosidl_typesupport_c.so
[0.505s] -- Up-to-date: /home/aziz/microros_ws1/install/drive_base_msgs/include/drive_base_msgs
[0.505s] -- Up-to-date: /home/aziz/microros_ws1/install/drive_base_msgs/include/drive_base_msgs/msg
[0.505s] -- Up-to-date: /home/aziz/microros_ws1/install/drive_base_msgs/include/drive_base_msgs/msg/base_info.hpp
[0.505s] -- Up-to-date: /home/aziz/microros_ws1/install/drive_base_msgs/include/drive_base_msgs/msg/trv_command.hpp
[0.506s] -- Up-to-date: /home/aziz/microros_ws1/install/drive_base_msgs/include/drive_base_msgs/msg/command_status.hpp
[0.506s] -- Up-to-date: /home/aziz/microros_ws1/install/drive_base_msgs/include/drive_base_msgs/msg/command_header.hpp
[0.506s] -- Up-to-date: /home/aziz/microros_ws1/install/drive_base_msgs/include/drive_base_msgs/msg/detail
[0.506s] -- Up-to-date: /home/aziz/microros_ws1/install/drive_base_msgs/include/drive_base_msgs/msg/detail/command_status__builder.hpp
[0.506s] -- Up-to-date: /home/aziz/microros_ws1/install/drive_base_msgs/include/drive_base_msgs/msg/detail/command_status__struct.hpp
[0.506s] -- Up-to-date: /home/aziz/microros_ws1/install/drive_base_msgs/include/drive_base_msgs/msg/detail/base_info__builder.hpp
[0.506s] -- Up-to-date: /home/aziz/microros_ws1/install/drive_base_msgs/include/drive_base_msgs/msg/detail/trv_command__builder.hpp
[0.506s] -- Up-to-date: /home/aziz/microros_ws1/install/drive_base_msgs/include/drive_base_msgs/msg/detail/trv_command__struct.hpp
[0.506s] -- Up-to-date: /home/aziz/microros_ws1/install/drive_base_msgs/include/drive_base_msgs/msg/detail/trv_command__traits.hpp
[0.506s] -- Up-to-date: /home/aziz/microros_ws1/install/drive_base_msgs/include/drive_base_msgs/msg/detail/command_header__builder.hpp
[0.506s] -- Up-to-date: /home/aziz/microros_ws1/install/drive_base_msgs/include/drive_base_msgs/msg/detail/command_status__traits.hpp
[0.506s] -- Up-to-date: /home/aziz/microros_ws1/install/drive_base_msgs/include/drive_base_msgs/msg/detail/base_info__struct.hpp
[0.506s] -- Up-to-date: /home/aziz/microros_ws1/install/drive_base_msgs/include/drive_base_msgs/msg/detail/command_header__struct.hpp
[0.506s] -- Up-to-date: /home/aziz/microros_ws1/install/drive_base_msgs/include/drive_base_msgs/msg/detail/command_header__traits.hpp
[0.507s] -- Up-to-date: /home/aziz/microros_ws1/install/drive_base_msgs/include/drive_base_msgs/msg/detail/base_info__traits.hpp
[0.507s] -- Up-to-date: /home/aziz/microros_ws1/install/drive_base_msgs/include/drive_base_msgs
[0.507s] -- Up-to-date: /home/aziz/microros_ws1/install/drive_base_msgs/include/drive_base_msgs/msg
[0.507s] -- Up-to-date: /home/aziz/microros_ws1/install/drive_base_msgs/include/drive_base_msgs/msg/detail
[0.507s] -- Up-to-date: /home/aziz/microros_ws1/install/drive_base_msgs/include/drive_base_msgs/msg/detail/trv_command__rosidl_typesupport_introspection_cpp.hpp
[0.507s] -- Up-to-date: /home/aziz/microros_ws1/install/drive_base_msgs/include/drive_base_msgs/msg/detail/command_header__rosidl_typesupport_introspection_cpp.hpp
[0.507s] -- Up-to-date: /home/aziz/microros_ws1/install/drive_base_msgs/include/drive_base_msgs/msg/detail/command_status__rosidl_typesupport_introspection_cpp.hpp
[0.507s] -- Up-to-date: /home/aziz/microros_ws1/install/drive_base_msgs/include/drive_base_msgs/msg/detail/command_status__type_support.cpp
[0.507s] -- Up-to-date: /home/aziz/microros_ws1/install/drive_base_msgs/include/drive_base_msgs/msg/detail/trv_command__type_support.cpp
[0.507s] -- Up-to-date: /home/aziz/microros_ws1/install/drive_base_msgs/include/drive_base_msgs/msg/detail/base_info__type_support.cpp
[0.507s] -- Up-to-date: /home/aziz/microros_ws1/install/drive_base_msgs/include/drive_base_msgs/msg/detail/command_header__type_support.cpp
[0.507s] -- Up-to-date: /home/aziz/microros_ws1/install/drive_base_msgs/include/drive_base_msgs/msg/detail/base_info__rosidl_typesupport_introspection_cpp.hpp
[0.507s] -- Up-to-date: /home/aziz/microros_ws1/install/drive_base_msgs/lib/libdrive_base_msgs__rosidl_typesupport_introspection_cpp.so
[0.507s] -- Up-to-date: /home/aziz/microros_ws1/install/drive_base_msgs/lib/libdrive_base_msgs__rosidl_typesupport_cpp.so
[0.508s] -- Up-to-date: /home/aziz/microros_ws1/install/drive_base_msgs/share/drive_base_msgs/environment/pythonpath.sh
[0.508s] -- Up-to-date: /home/aziz/microros_ws1/install/drive_base_msgs/share/drive_base_msgs/environment/pythonpath.dsv
[0.508s] -- Up-to-date: /home/aziz/microros_ws1/install/drive_base_msgs/lib/python3.8/site-packages/drive_base_msgs/__init__.py
[0.549s] -- Up-to-date: /home/aziz/microros_ws1/install/drive_base_msgs/lib/python3.8/site-packages/drive_base_msgs/msg
[0.549s] -- Up-to-date: /home/aziz/microros_ws1/install/drive_base_msgs/lib/python3.8/site-packages/drive_base_msgs/msg/_command_header.py
[0.550s] -- Up-to-date: /home/aziz/microros_ws1/install/drive_base_msgs/lib/python3.8/site-packages/drive_base_msgs/msg/_trv_command_s.c
[0.550s] -- Up-to-date: /home/aziz/microros_ws1/install/drive_base_msgs/lib/python3.8/site-packages/drive_base_msgs/msg/__init__.py
[0.550s] -- Up-to-date: /home/aziz/microros_ws1/install/drive_base_msgs/lib/python3.8/site-packages/drive_base_msgs/msg/_base_info.py
[0.550s] -- Up-to-date: /home/aziz/microros_ws1/install/drive_base_msgs/lib/python3.8/site-packages/drive_base_msgs/msg/_command_status.py
[0.550s] -- Up-to-date: /home/aziz/microros_ws1/install/drive_base_msgs/lib/python3.8/site-packages/drive_base_msgs/msg/_command_header_s.c
[0.550s] -- Up-to-date: /home/aziz/microros_ws1/install/drive_base_msgs/lib/python3.8/site-packages/drive_base_msgs/msg/_trv_command.py
[0.550s] -- Up-to-date: /home/aziz/microros_ws1/install/drive_base_msgs/lib/python3.8/site-packages/drive_base_msgs/msg/_base_info_s.c
[0.550s] -- Up-to-date: /home/aziz/microros_ws1/install/drive_base_msgs/lib/python3.8/site-packages/drive_base_msgs/msg/_command_status_s.c
[0.550s] -- Up-to-date: /home/aziz/microros_ws1/install/drive_base_msgs/lib/python3.8/site-packages/drive_base_msgs/drive_base_msgs_s__rosidl_typesupport_fastrtps_c.cpython-38-x86_64-linux-gnu.so
[0.551s] -- Up-to-date: /home/aziz/microros_ws1/install/drive_base_msgs/lib/python3.8/site-packages/drive_base_msgs/drive_base_msgs_s__rosidl_typesupport_introspection_c.cpython-38-x86_64-linux-gnu.so
[0.552s] -- Up-to-date: /home/aziz/microros_ws1/install/drive_base_msgs/lib/python3.8/site-packages/drive_base_msgs/drive_base_msgs_s__rosidl_typesupport_c.cpython-38-x86_64-linux-gnu.so
[0.553s] -- Up-to-date: /home/aziz/microros_ws1/install/drive_base_msgs/lib/libdrive_base_msgs__python.so
[0.554s] -- Up-to-date: /home/aziz/microros_ws1/install/drive_base_msgs/share/drive_base_msgs/msg/CommandHeader.idl
[0.554s] -- Up-to-date: /home/aziz/microros_ws1/install/drive_base_msgs/share/drive_base_msgs/msg/BaseInfo.idl
[0.554s] -- Up-to-date: /home/aziz/microros_ws1/install/drive_base_msgs/share/drive_base_msgs/msg/CommandStatus.idl
[0.554s] -- Up-to-date: /home/aziz/microros_ws1/install/drive_base_msgs/share/drive_base_msgs/msg/TRVCommand.idl
[0.554s] -- Up-to-date: /home/aziz/microros_ws1/install/drive_base_msgs/share/drive_base_msgs/msg/CommandHeader.msg
[0.555s] -- Up-to-date: /home/aziz/microros_ws1/install/drive_base_msgs/share/drive_base_msgs/msg/BaseInfo.msg
[0.555s] -- Up-to-date: /home/aziz/microros_ws1/install/drive_base_msgs/share/drive_base_msgs/msg/CommandStatus.msg
[0.555s] -- Up-to-date: /home/aziz/microros_ws1/install/drive_base_msgs/share/drive_base_msgs/msg/TRVCommand.msg
[0.555s] -- Up-to-date: /home/aziz/microros_ws1/install/drive_base_msgs/share/ament_index/resource_index/package_run_dependencies/drive_base_msgs
[0.555s] -- Up-to-date: /home/aziz/microros_ws1/install/drive_base_msgs/share/ament_index/resource_index/parent_prefix_path/drive_base_msgs
[0.555s] -- Up-to-date: /home/aziz/microros_ws1/install/drive_base_msgs/share/drive_base_msgs/environment/ament_prefix_path.sh
[0.555s] -- Up-to-date: /home/aziz/microros_ws1/install/drive_base_msgs/share/drive_base_msgs/environment/ament_prefix_path.dsv
[0.555s] -- Up-to-date: /home/aziz/microros_ws1/install/drive_base_msgs/share/drive_base_msgs/environment/path.sh
[0.555s] -- Up-to-date: /home/aziz/microros_ws1/install/drive_base_msgs/share/drive_base_msgs/environment/path.dsv
[0.555s] -- Up-to-date: /home/aziz/microros_ws1/install/drive_base_msgs/share/drive_base_msgs/local_setup.bash
[0.555s] -- Up-to-date: /home/aziz/microros_ws1/install/drive_base_msgs/share/drive_base_msgs/local_setup.sh
[0.556s] -- Up-to-date: /home/aziz/microros_ws1/install/drive_base_msgs/share/drive_base_msgs/local_setup.zsh
[0.556s] -- Up-to-date: /home/aziz/microros_ws1/install/drive_base_msgs/share/drive_base_msgs/local_setup.dsv
[0.556s] -- Installing: /home/aziz/microros_ws1/install/drive_base_msgs/share/drive_base_msgs/package.dsv
[0.556s] -- Up-to-date: /home/aziz/microros_ws1/install/drive_base_msgs/share/ament_index/resource_index/packages/drive_base_msgs
[0.556s] -- Up-to-date: /home/aziz/microros_ws1/install/drive_base_msgs/share/drive_base_msgs/cmake/drive_base_msgs__rosidl_generator_cExport.cmake
[0.556s] -- Up-to-date: /home/aziz/microros_ws1/install/drive_base_msgs/share/drive_base_msgs/cmake/drive_base_msgs__rosidl_generator_cExport-noconfig.cmake
[0.557s] -- Up-to-date: /home/aziz/microros_ws1/install/drive_base_msgs/share/drive_base_msgs/cmake/drive_base_msgs__rosidl_typesupport_introspection_cExport.cmake
[0.557s] -- Up-to-date: /home/aziz/microros_ws1/install/drive_base_msgs/share/drive_base_msgs/cmake/drive_base_msgs__rosidl_typesupport_introspection_cExport-noconfig.cmake
[0.557s] -- Up-to-date: /home/aziz/microros_ws1/install/drive_base_msgs/share/drive_base_msgs/cmake/drive_base_msgs__rosidl_typesupport_cExport.cmake
[0.557s] -- Up-to-date: /home/aziz/microros_ws1/install/drive_base_msgs/share/drive_base_msgs/cmake/drive_base_msgs__rosidl_typesupport_cExport-noconfig.cmake
[0.558s] -- Up-to-date: /home/aziz/microros_ws1/install/drive_base_msgs/share/drive_base_msgs/cmake/drive_base_msgs__rosidl_generator_cppExport.cmake
[0.558s] -- Up-to-date: /home/aziz/microros_ws1/install/drive_base_msgs/share/drive_base_msgs/cmake/drive_base_msgs__rosidl_typesupport_introspection_cppExport.cmake
[0.558s] -- Up-to-date: /home/aziz/microros_ws1/install/drive_base_msgs/share/drive_base_msgs/cmake/drive_base_msgs__rosidl_typesupport_introspection_cppExport-noconfig.cmake
[0.559s] -- Up-to-date: /home/aziz/microros_ws1/install/drive_base_msgs/share/drive_base_msgs/cmake/drive_base_msgs__rosidl_typesupport_cppExport.cmake
[0.559s] -- Up-to-date: /home/aziz/microros_ws1/install/drive_base_msgs/share/drive_base_msgs/cmake/drive_base_msgs__rosidl_typesupport_cppExport-noconfig.cmake
[0.559s] -- Up-to-date: /home/aziz/microros_ws1/install/drive_base_msgs/share/drive_base_msgs/cmake/rosidl_cmake-extras.cmake
[0.559s] -- Up-to-date: /home/aziz/microros_ws1/install/drive_base_msgs/share/drive_base_msgs/cmake/ament_cmake_export_dependencies-extras.cmake
[0.559s] -- Up-to-date: /home/aziz/microros_ws1/install/drive_base_msgs/share/drive_base_msgs/cmake/ament_cmake_export_libraries-extras.cmake
[0.559s] -- Up-to-date: /home/aziz/microros_ws1/install/drive_base_msgs/share/drive_base_msgs/cmake/ament_cmake_export_targets-extras.cmake
[0.559s] -- Up-to-date: /home/aziz/microros_ws1/install/drive_base_msgs/share/drive_base_msgs/cmake/ament_cmake_export_include_directories-extras.cmake
[0.559s] -- Up-to-date: /home/aziz/microros_ws1/install/drive_base_msgs/share/drive_base_msgs/cmake/rosidl_cmake_export_typesupport_libraries-extras.cmake
[0.559s] -- Up-to-date: /home/aziz/microros_ws1/install/drive_base_msgs/share/drive_base_msgs/cmake/rosidl_cmake_export_typesupport_targets-extras.cmake
[0.560s] -- Up-to-date: /home/aziz/microros_ws1/install/drive_base_msgs/share/drive_base_msgs/cmake/drive_base_msgsConfig.cmake
[0.560s] -- Up-to-date: /home/aziz/microros_ws1/install/drive_base_msgs/share/drive_base_msgs/cmake/drive_base_msgsConfig-version.cmake
[0.560s] -- Up-to-date: /home/aziz/microros_ws1/install/drive_base_msgs/share/drive_base_msgs/package.xml
[0.571s] Invoked command in '/home/aziz/microros_ws1/build/drive_base_msgs' returned '0': CMAKE_PREFIX_PATH=${CMAKE_PREFIX_PATH}:/opt/ros/foxy /usr/bin/cmake --install /home/aziz/microros_ws1/build/drive_base_msgs
