[0.100s] Invoking command in '/home/aziz/microros_ws1/firmware/mcu_ws/build/rosidl_adapter': CMAKE_PREFIX_PATH=${CMAKE_PREFIX_PATH}:/home/aziz/microros_ws1/firmware/dev_ws/install/ament_uncrustify:/home/aziz/microros_ws1/firmware/dev_ws/install/domain_coordinator:/home/aziz/microros_ws1/firmware/dev_ws/install/ament_xmllint:/home/aziz/microros_ws1/firmware/dev_ws/install/ament_pyflakes:/home/aziz/microros_ws1/firmware/dev_ws/install/ament_pycodestyle:/home/aziz/microros_ws1/firmware/dev_ws/install/ament_pep257:/home/aziz/microros_ws1/firmware/dev_ws/install/ament_pclint:/home/aziz/microros_ws1/firmware/dev_ws/install/ament_package:/home/aziz/microros_ws1/firmware/dev_ws/install/ament_mypy:/home/aziz/microros_ws1/firmware/dev_ws/install/ament_lint_cmake:/home/aziz/microros_ws1/firmware/dev_ws/install/ament_flake8:/home/aziz/microros_ws1/firmware/dev_ws/install/ament_copyright:/home/aziz/microros_ws1/firmware/dev_ws/install/ament_lint:/home/aziz/microros_ws1/firmware/dev_ws/install/ament_index_python:/home/aziz/microros_ws1/firmware/dev_ws/install/ament_cpplint:/home/aziz/microros_ws1/firmware/dev_ws/install/ament_cppcheck:/home/aziz/microros_ws1/firmware/dev_ws/install/ament_clang_tidy:/home/aziz/microros_ws1/firmware/dev_ws/install/ament_clang_format /usr/bin/cmake --build /home/aziz/microros_ws1/firmware/mcu_ws/build/rosidl_adapter -- -j4 -l4
[0.135s] make[4]: Entering directory '/home/aziz/microros_ws1/firmware/mcu_ws/build/rosidl_adapter'
[0.135s] /usr/bin/cmake -S/home/aziz/microros_ws1/firmware/mcu_ws/ros2/rosidl/rosidl_adapter -B/home/aziz/microros_ws1/firmware/mcu_ws/build/rosidl_adapter --check-build-system CMakeFiles/Makefile.cmake 0
[0.140s] Re-run cmake file: Makefile older than: /home/aziz/microros_ws1/firmware/freertos_apps/microros_esp32_extensions/esp32_toolchain.cmake
[0.140s] -- Found ament_cmake: 0.9.11 (/home/aziz/microros_ws1/firmware/dev_ws/install/ament_cmake/share/ament_cmake/cmake)
[0.162s] -- Using PYTHON_EXECUTABLE: /home/aziz/microros_ws1/firmware/toolchain/espressif/python_env/idf4.1_py3.8_env/bin/python3
[0.417s] -- Configuring done
[0.418s] -- Generating done
[0.419s] -- Build files have been written to: /home/aziz/microros_ws1/firmware/mcu_ws/build/rosidl_adapter
[0.421s] /usr/bin/cmake -E cmake_progress_start /home/aziz/microros_ws1/firmware/mcu_ws/build/rosidl_adapter/CMakeFiles /home/aziz/microros_ws1/firmware/mcu_ws/build/rosidl_adapter/CMakeFiles/progress.marks
[0.430s] /usr/bin/make -f CMakeFiles/Makefile2 all
[0.431s] make[5]: Entering directory '/home/aziz/microros_ws1/firmware/mcu_ws/build/rosidl_adapter'
[0.432s] make[5]: Nothing to be done for 'all'.
[0.432s] make[5]: Leaving directory '/home/aziz/microros_ws1/firmware/mcu_ws/build/rosidl_adapter'
[0.432s] /usr/bin/cmake -E cmake_progress_start /home/aziz/microros_ws1/firmware/mcu_ws/build/rosidl_adapter/CMakeFiles 0
[0.440s] make[4]: Leaving directory '/home/aziz/microros_ws1/firmware/mcu_ws/build/rosidl_adapter'
[0.443s] Invoked command in '/home/aziz/microros_ws1/firmware/mcu_ws/build/rosidl_adapter' returned '0': CMAKE_PREFIX_PATH=${CMAKE_PREFIX_PATH}:/home/aziz/microros_ws1/firmware/dev_ws/install/ament_uncrustify:/home/aziz/microros_ws1/firmware/dev_ws/install/domain_coordinator:/home/aziz/microros_ws1/firmware/dev_ws/install/ament_xmllint:/home/aziz/microros_ws1/firmware/dev_ws/install/ament_pyflakes:/home/aziz/microros_ws1/firmware/dev_ws/install/ament_pycodestyle:/home/aziz/microros_ws1/firmware/dev_ws/install/ament_pep257:/home/aziz/microros_ws1/firmware/dev_ws/install/ament_pclint:/home/aziz/microros_ws1/firmware/dev_ws/install/ament_package:/home/aziz/microros_ws1/firmware/dev_ws/install/ament_mypy:/home/aziz/microros_ws1/firmware/dev_ws/install/ament_lint_cmake:/home/aziz/microros_ws1/firmware/dev_ws/install/ament_flake8:/home/aziz/microros_ws1/firmware/dev_ws/install/ament_copyright:/home/aziz/microros_ws1/firmware/dev_ws/install/ament_lint:/home/aziz/microros_ws1/firmware/dev_ws/install/ament_index_python:/home/aziz/microros_ws1/firmware/dev_ws/install/ament_cpplint:/home/aziz/microros_ws1/firmware/dev_ws/install/ament_cppcheck:/home/aziz/microros_ws1/firmware/dev_ws/install/ament_clang_tidy:/home/aziz/microros_ws1/firmware/dev_ws/install/ament_clang_format /usr/bin/cmake --build /home/aziz/microros_ws1/firmware/mcu_ws/build/rosidl_adapter -- -j4 -l4
[0.485s] Invoking command in '/home/aziz/microros_ws1/firmware/mcu_ws/build/rosidl_adapter': CMAKE_PREFIX_PATH=${CMAKE_PREFIX_PATH}:/home/aziz/microros_ws1/firmware/dev_ws/install/ament_uncrustify:/home/aziz/microros_ws1/firmware/dev_ws/install/domain_coordinator:/home/aziz/microros_ws1/firmware/dev_ws/install/ament_xmllint:/home/aziz/microros_ws1/firmware/dev_ws/install/ament_pyflakes:/home/aziz/microros_ws1/firmware/dev_ws/install/ament_pycodestyle:/home/aziz/microros_ws1/firmware/dev_ws/install/ament_pep257:/home/aziz/microros_ws1/firmware/dev_ws/install/ament_pclint:/home/aziz/microros_ws1/firmware/dev_ws/install/ament_package:/home/aziz/microros_ws1/firmware/dev_ws/install/ament_mypy:/home/aziz/microros_ws1/firmware/dev_ws/install/ament_lint_cmake:/home/aziz/microros_ws1/firmware/dev_ws/install/ament_flake8:/home/aziz/microros_ws1/firmware/dev_ws/install/ament_copyright:/home/aziz/microros_ws1/firmware/dev_ws/install/ament_lint:/home/aziz/microros_ws1/firmware/dev_ws/install/ament_index_python:/home/aziz/microros_ws1/firmware/dev_ws/install/ament_cpplint:/home/aziz/microros_ws1/firmware/dev_ws/install/ament_cppcheck:/home/aziz/microros_ws1/firmware/dev_ws/install/ament_clang_tidy:/home/aziz/microros_ws1/firmware/dev_ws/install/ament_clang_format /usr/bin/cmake --install /home/aziz/microros_ws1/firmware/mcu_ws/build/rosidl_adapter
[0.493s] -- Install configuration: "Debug"
[0.494s] -- Up-to-date: /home/aziz/microros_ws1/firmware/mcu_ws/install/share/rosidl_adapter/environment/pythonpath.sh
[0.494s] -- Installing: /home/aziz/microros_ws1/firmware/mcu_ws/install/share/rosidl_adapter/environment/pythonpath.dsv
[0.494s] -- Up-to-date: /home/aziz/microros_ws1/firmware/mcu_ws/install/lib/python3.8/site-packages/rosidl_adapter
[0.495s] -- Up-to-date: /home/aziz/microros_ws1/firmware/mcu_ws/install/lib/python3.8/site-packages/rosidl_adapter/parser.py
[0.495s] -- Up-to-date: /home/aziz/microros_ws1/firmware/mcu_ws/install/lib/python3.8/site-packages/rosidl_adapter/srv
[0.495s] -- Up-to-date: /home/aziz/microros_ws1/firmware/mcu_ws/install/lib/python3.8/site-packages/rosidl_adapter/srv/__init__.py
[0.495s] -- Up-to-date: /home/aziz/microros_ws1/firmware/mcu_ws/install/lib/python3.8/site-packages/rosidl_adapter/__init__.py
[0.495s] -- Up-to-date: /home/aziz/microros_ws1/firmware/mcu_ws/install/lib/python3.8/site-packages/rosidl_adapter/cli.py
[0.495s] -- Up-to-date: /home/aziz/microros_ws1/firmware/mcu_ws/install/lib/python3.8/site-packages/rosidl_adapter/__main__.py
[0.495s] -- Up-to-date: /home/aziz/microros_ws1/firmware/mcu_ws/install/lib/python3.8/site-packages/rosidl_adapter/main.py
[0.495s] -- Up-to-date: /home/aziz/microros_ws1/firmware/mcu_ws/install/lib/python3.8/site-packages/rosidl_adapter/resource
[0.495s] -- Up-to-date: /home/aziz/microros_ws1/firmware/mcu_ws/install/lib/python3.8/site-packages/rosidl_adapter/resource/msg.idl.em
[0.496s] -- Up-to-date: /home/aziz/microros_ws1/firmware/mcu_ws/install/lib/python3.8/site-packages/rosidl_adapter/resource/struct.idl.em
[0.496s] -- Up-to-date: /home/aziz/microros_ws1/firmware/mcu_ws/install/lib/python3.8/site-packages/rosidl_adapter/resource/action.idl.em
[0.496s] -- Up-to-date: /home/aziz/microros_ws1/firmware/mcu_ws/install/lib/python3.8/site-packages/rosidl_adapter/resource/__init__.py
[0.496s] -- Up-to-date: /home/aziz/microros_ws1/firmware/mcu_ws/install/lib/python3.8/site-packages/rosidl_adapter/resource/srv.idl.em
[0.496s] -- Up-to-date: /home/aziz/microros_ws1/firmware/mcu_ws/install/lib/python3.8/site-packages/rosidl_adapter/action
[0.496s] -- Up-to-date: /home/aziz/microros_ws1/firmware/mcu_ws/install/lib/python3.8/site-packages/rosidl_adapter/action/__init__.py
[0.496s] -- Up-to-date: /home/aziz/microros_ws1/firmware/mcu_ws/install/lib/python3.8/site-packages/rosidl_adapter/msg
[0.496s] -- Up-to-date: /home/aziz/microros_ws1/firmware/mcu_ws/install/lib/python3.8/site-packages/rosidl_adapter/msg/__init__.py
[0.539s] Listing '/home/aziz/microros_ws1/firmware/mcu_ws/install/lib/python3.8/site-packages/rosidl_adapter'...
[0.539s] Listing '/home/aziz/microros_ws1/firmware/mcu_ws/install/lib/python3.8/site-packages/rosidl_adapter/action'...
[0.539s] Listing '/home/aziz/microros_ws1/firmware/mcu_ws/install/lib/python3.8/site-packages/rosidl_adapter/msg'...
[0.539s] Listing '/home/aziz/microros_ws1/firmware/mcu_ws/install/lib/python3.8/site-packages/rosidl_adapter/resource'...
[0.539s] Listing '/home/aziz/microros_ws1/firmware/mcu_ws/install/lib/python3.8/site-packages/rosidl_adapter/srv'...
[0.545s] -- Up-to-date: /home/aziz/microros_ws1/firmware/mcu_ws/install/share/ament_index/resource_index/package_run_dependencies/rosidl_adapter
[0.545s] -- Up-to-date: /home/aziz/microros_ws1/firmware/mcu_ws/install/share/ament_index/resource_index/parent_prefix_path/rosidl_adapter
[0.545s] -- Up-to-date: /home/aziz/microros_ws1/firmware/mcu_ws/install/share/rosidl_adapter/environment/ament_prefix_path.sh
[0.545s] -- Installing: /home/aziz/microros_ws1/firmware/mcu_ws/install/share/rosidl_adapter/environment/ament_prefix_path.dsv
[0.545s] -- Up-to-date: /home/aziz/microros_ws1/firmware/mcu_ws/install/share/rosidl_adapter/environment/path.sh
[0.545s] -- Installing: /home/aziz/microros_ws1/firmware/mcu_ws/install/share/rosidl_adapter/environment/path.dsv
[0.545s] -- Up-to-date: /home/aziz/microros_ws1/firmware/mcu_ws/install/share/rosidl_adapter/local_setup.bash
[0.546s] -- Up-to-date: /home/aziz/microros_ws1/firmware/mcu_ws/install/share/rosidl_adapter/local_setup.sh
[0.546s] -- Up-to-date: /home/aziz/microros_ws1/firmware/mcu_ws/install/share/rosidl_adapter/local_setup.zsh
[0.546s] -- Installing: /home/aziz/microros_ws1/firmware/mcu_ws/install/share/rosidl_adapter/local_setup.dsv
[0.546s] -- Installing: /home/aziz/microros_ws1/firmware/mcu_ws/install/share/rosidl_adapter/package.dsv
[0.546s] -- Up-to-date: /home/aziz/microros_ws1/firmware/mcu_ws/install/share/ament_index/resource_index/packages/rosidl_adapter
[0.546s] -- Up-to-date: /home/aziz/microros_ws1/firmware/mcu_ws/install/share/rosidl_adapter/cmake/rosidl_adapter-extras.cmake
[0.546s] -- Up-to-date: /home/aziz/microros_ws1/firmware/mcu_ws/install/share/rosidl_adapter/cmake/rosidl_adapterConfig.cmake
[0.546s] -- Up-to-date: /home/aziz/microros_ws1/firmware/mcu_ws/install/share/rosidl_adapter/cmake/rosidl_adapterConfig-version.cmake
[0.546s] -- Up-to-date: /home/aziz/microros_ws1/firmware/mcu_ws/install/share/rosidl_adapter/package.xml
[0.546s] -- Up-to-date: /home/aziz/microros_ws1/firmware/mcu_ws/install/share/rosidl_adapter/cmake
[0.546s] -- Up-to-date: /home/aziz/microros_ws1/firmware/mcu_ws/install/share/rosidl_adapter/cmake/rosidl_adapt_interfaces.cmake
[0.547s] -- Up-to-date: /home/aziz/microros_ws1/firmware/mcu_ws/install/lib/rosidl_adapter/msg2idl.py
[0.547s] -- Up-to-date: /home/aziz/microros_ws1/firmware/mcu_ws/install/lib/rosidl_adapter/srv2idl.py
[0.558s] Invoked command in '/home/aziz/microros_ws1/firmware/mcu_ws/build/rosidl_adapter' returned '0': CMAKE_PREFIX_PATH=${CMAKE_PREFIX_PATH}:/home/aziz/microros_ws1/firmware/dev_ws/install/ament_uncrustify:/home/aziz/microros_ws1/firmware/dev_ws/install/domain_coordinator:/home/aziz/microros_ws1/firmware/dev_ws/install/ament_xmllint:/home/aziz/microros_ws1/firmware/dev_ws/install/ament_pyflakes:/home/aziz/microros_ws1/firmware/dev_ws/install/ament_pycodestyle:/home/aziz/microros_ws1/firmware/dev_ws/install/ament_pep257:/home/aziz/microros_ws1/firmware/dev_ws/install/ament_pclint:/home/aziz/microros_ws1/firmware/dev_ws/install/ament_package:/home/aziz/microros_ws1/firmware/dev_ws/install/ament_mypy:/home/aziz/microros_ws1/firmware/dev_ws/install/ament_lint_cmake:/home/aziz/microros_ws1/firmware/dev_ws/install/ament_flake8:/home/aziz/microros_ws1/firmware/dev_ws/install/ament_copyright:/home/aziz/microros_ws1/firmware/dev_ws/install/ament_lint:/home/aziz/microros_ws1/firmware/dev_ws/install/ament_index_python:/home/aziz/microros_ws1/firmware/dev_ws/install/ament_cpplint:/home/aziz/microros_ws1/firmware/dev_ws/install/ament_cppcheck:/home/aziz/microros_ws1/firmware/dev_ws/install/ament_clang_tidy:/home/aziz/microros_ws1/firmware/dev_ws/install/ament_clang_format /usr/bin/cmake --install /home/aziz/microros_ws1/firmware/mcu_ws/build/rosidl_adapter
