[0.072s] Invoking command in '/home/aziz/microros_ws1/firmware/mcu_ws/build/rosidl_typesupport_interface': CMAKE_PREFIX_PATH=${CMAKE_PREFIX_PATH}:/home/aziz/microros_ws1/firmware/dev_ws/install/ament_uncrustify:/home/aziz/microros_ws1/firmware/dev_ws/install/domain_coordinator:/home/aziz/microros_ws1/firmware/dev_ws/install/ament_xmllint:/home/aziz/microros_ws1/firmware/dev_ws/install/ament_pyflakes:/home/aziz/microros_ws1/firmware/dev_ws/install/ament_pycodestyle:/home/aziz/microros_ws1/firmware/dev_ws/install/ament_pep257:/home/aziz/microros_ws1/firmware/dev_ws/install/ament_pclint:/home/aziz/microros_ws1/firmware/dev_ws/install/ament_package:/home/aziz/microros_ws1/firmware/dev_ws/install/ament_mypy:/home/aziz/microros_ws1/firmware/dev_ws/install/ament_lint_cmake:/home/aziz/microros_ws1/firmware/dev_ws/install/ament_flake8:/home/aziz/microros_ws1/firmware/dev_ws/install/ament_copyright:/home/aziz/microros_ws1/firmware/dev_ws/install/ament_lint:/home/aziz/microros_ws1/firmware/dev_ws/install/ament_index_python:/home/aziz/microros_ws1/firmware/dev_ws/install/ament_cpplint:/home/aziz/microros_ws1/firmware/dev_ws/install/ament_cppcheck:/home/aziz/microros_ws1/firmware/dev_ws/install/ament_clang_tidy:/home/aziz/microros_ws1/firmware/dev_ws/install/ament_clang_format /usr/bin/cmake --build /home/aziz/microros_ws1/firmware/mcu_ws/build/rosidl_typesupport_interface -- -j4 -l4
[0.092s] make[4]: Entering directory '/home/aziz/microros_ws1/firmware/mcu_ws/build/rosidl_typesupport_interface'
[0.092s] /usr/bin/cmake -S/home/aziz/microros_ws1/firmware/mcu_ws/ros2/rosidl/rosidl_typesupport_interface -B/home/aziz/microros_ws1/firmware/mcu_ws/build/rosidl_typesupport_interface --check-build-system CMakeFiles/Makefile.cmake 0
[0.102s] Re-run cmake file: Makefile older than: /home/aziz/microros_ws1/firmware/freertos_apps/microros_esp32_extensions/esp32_toolchain.cmake
[0.103s] -- Found ament_cmake: 0.9.11 (/home/aziz/microros_ws1/firmware/dev_ws/install/ament_cmake/share/ament_cmake/cmake)
[0.125s] -- Using PYTHON_EXECUTABLE: /home/aziz/microros_ws1/firmware/toolchain/espressif/python_env/idf4.1_py3.8_env/bin/python3
[0.398s] -- Configuring done
[0.401s] -- Generating done
[0.402s] -- Build files have been written to: /home/aziz/microros_ws1/firmware/mcu_ws/build/rosidl_typesupport_interface
[0.409s] /usr/bin/cmake -E cmake_progress_start /home/aziz/microros_ws1/firmware/mcu_ws/build/rosidl_typesupport_interface/CMakeFiles /home/aziz/microros_ws1/firmware/mcu_ws/build/rosidl_typesupport_interface/CMakeFiles/progress.marks
[0.414s] /usr/bin/make -f CMakeFiles/Makefile2 all
[0.415s] make[5]: Entering directory '/home/aziz/microros_ws1/firmware/mcu_ws/build/rosidl_typesupport_interface'
[0.416s] make[5]: Nothing to be done for 'all'.
[0.416s] make[5]: Leaving directory '/home/aziz/microros_ws1/firmware/mcu_ws/build/rosidl_typesupport_interface'
[0.416s] /usr/bin/cmake -E cmake_progress_start /home/aziz/microros_ws1/firmware/mcu_ws/build/rosidl_typesupport_interface/CMakeFiles 0
[0.426s] make[4]: Leaving directory '/home/aziz/microros_ws1/firmware/mcu_ws/build/rosidl_typesupport_interface'
[0.428s] Invoked command in '/home/aziz/microros_ws1/firmware/mcu_ws/build/rosidl_typesupport_interface' returned '0': CMAKE_PREFIX_PATH=${CMAKE_PREFIX_PATH}:/home/aziz/microros_ws1/firmware/dev_ws/install/ament_uncrustify:/home/aziz/microros_ws1/firmware/dev_ws/install/domain_coordinator:/home/aziz/microros_ws1/firmware/dev_ws/install/ament_xmllint:/home/aziz/microros_ws1/firmware/dev_ws/install/ament_pyflakes:/home/aziz/microros_ws1/firmware/dev_ws/install/ament_pycodestyle:/home/aziz/microros_ws1/firmware/dev_ws/install/ament_pep257:/home/aziz/microros_ws1/firmware/dev_ws/install/ament_pclint:/home/aziz/microros_ws1/firmware/dev_ws/install/ament_package:/home/aziz/microros_ws1/firmware/dev_ws/install/ament_mypy:/home/aziz/microros_ws1/firmware/dev_ws/install/ament_lint_cmake:/home/aziz/microros_ws1/firmware/dev_ws/install/ament_flake8:/home/aziz/microros_ws1/firmware/dev_ws/install/ament_copyright:/home/aziz/microros_ws1/firmware/dev_ws/install/ament_lint:/home/aziz/microros_ws1/firmware/dev_ws/install/ament_index_python:/home/aziz/microros_ws1/firmware/dev_ws/install/ament_cpplint:/home/aziz/microros_ws1/firmware/dev_ws/install/ament_cppcheck:/home/aziz/microros_ws1/firmware/dev_ws/install/ament_clang_tidy:/home/aziz/microros_ws1/firmware/dev_ws/install/ament_clang_format /usr/bin/cmake --build /home/aziz/microros_ws1/firmware/mcu_ws/build/rosidl_typesupport_interface -- -j4 -l4
[0.463s] Invoking command in '/home/aziz/microros_ws1/firmware/mcu_ws/build/rosidl_typesupport_interface': CMAKE_PREFIX_PATH=${CMAKE_PREFIX_PATH}:/home/aziz/microros_ws1/firmware/dev_ws/install/ament_uncrustify:/home/aziz/microros_ws1/firmware/dev_ws/install/domain_coordinator:/home/aziz/microros_ws1/firmware/dev_ws/install/ament_xmllint:/home/aziz/microros_ws1/firmware/dev_ws/install/ament_pyflakes:/home/aziz/microros_ws1/firmware/dev_ws/install/ament_pycodestyle:/home/aziz/microros_ws1/firmware/dev_ws/install/ament_pep257:/home/aziz/microros_ws1/firmware/dev_ws/install/ament_pclint:/home/aziz/microros_ws1/firmware/dev_ws/install/ament_package:/home/aziz/microros_ws1/firmware/dev_ws/install/ament_mypy:/home/aziz/microros_ws1/firmware/dev_ws/install/ament_lint_cmake:/home/aziz/microros_ws1/firmware/dev_ws/install/ament_flake8:/home/aziz/microros_ws1/firmware/dev_ws/install/ament_copyright:/home/aziz/microros_ws1/firmware/dev_ws/install/ament_lint:/home/aziz/microros_ws1/firmware/dev_ws/install/ament_index_python:/home/aziz/microros_ws1/firmware/dev_ws/install/ament_cpplint:/home/aziz/microros_ws1/firmware/dev_ws/install/ament_cppcheck:/home/aziz/microros_ws1/firmware/dev_ws/install/ament_clang_tidy:/home/aziz/microros_ws1/firmware/dev_ws/install/ament_clang_format /usr/bin/cmake --install /home/aziz/microros_ws1/firmware/mcu_ws/build/rosidl_typesupport_interface
[0.476s] -- Install configuration: "Debug"
[0.476s] -- Up-to-date: /home/aziz/microros_ws1/firmware/mcu_ws/install/share/ament_index/resource_index/package_run_dependencies/rosidl_typesupport_interface
[0.476s] -- Up-to-date: /home/aziz/microros_ws1/firmware/mcu_ws/install/share/ament_index/resource_index/parent_prefix_path/rosidl_typesupport_interface
[0.476s] -- Up-to-date: /home/aziz/microros_ws1/firmware/mcu_ws/install/share/rosidl_typesupport_interface/environment/ament_prefix_path.sh
[0.476s] -- Installing: /home/aziz/microros_ws1/firmware/mcu_ws/install/share/rosidl_typesupport_interface/environment/ament_prefix_path.dsv
[0.476s] -- Up-to-date: /home/aziz/microros_ws1/firmware/mcu_ws/install/share/rosidl_typesupport_interface/environment/path.sh
[0.476s] -- Installing: /home/aziz/microros_ws1/firmware/mcu_ws/install/share/rosidl_typesupport_interface/environment/path.dsv
[0.477s] -- Up-to-date: /home/aziz/microros_ws1/firmware/mcu_ws/install/share/rosidl_typesupport_interface/local_setup.bash
[0.477s] -- Up-to-date: /home/aziz/microros_ws1/firmware/mcu_ws/install/share/rosidl_typesupport_interface/local_setup.sh
[0.477s] -- Up-to-date: /home/aziz/microros_ws1/firmware/mcu_ws/install/share/rosidl_typesupport_interface/local_setup.zsh
[0.477s] -- Installing: /home/aziz/microros_ws1/firmware/mcu_ws/install/share/rosidl_typesupport_interface/local_setup.dsv
[0.477s] -- Installing: /home/aziz/microros_ws1/firmware/mcu_ws/install/share/rosidl_typesupport_interface/package.dsv
[0.477s] -- Up-to-date: /home/aziz/microros_ws1/firmware/mcu_ws/install/share/ament_index/resource_index/packages/rosidl_typesupport_interface
[0.477s] -- Up-to-date: /home/aziz/microros_ws1/firmware/mcu_ws/install/share/rosidl_typesupport_interface/cmake/rosidl_typesupport_interfaceExport.cmake
[0.477s] -- Up-to-date: /home/aziz/microros_ws1/firmware/mcu_ws/install/share/rosidl_typesupport_interface/cmake/ament_cmake_export_include_directories-extras.cmake
[0.477s] -- Up-to-date: /home/aziz/microros_ws1/firmware/mcu_ws/install/share/rosidl_typesupport_interface/cmake/ament_cmake_export_targets-extras.cmake
[0.478s] -- Up-to-date: /home/aziz/microros_ws1/firmware/mcu_ws/install/share/rosidl_typesupport_interface/cmake/rosidl_typesupport_interfaceConfig.cmake
[0.478s] -- Up-to-date: /home/aziz/microros_ws1/firmware/mcu_ws/install/share/rosidl_typesupport_interface/cmake/rosidl_typesupport_interfaceConfig-version.cmake
[0.478s] -- Up-to-date: /home/aziz/microros_ws1/firmware/mcu_ws/install/share/rosidl_typesupport_interface/package.xml
[0.490s] -- Up-to-date: /home/aziz/microros_ws1/firmware/mcu_ws/install/include
[0.490s] -- Up-to-date: /home/aziz/microros_ws1/firmware/mcu_ws/install/include/rosidl_typesupport_interface
[0.491s] -- Up-to-date: /home/aziz/microros_ws1/firmware/mcu_ws/install/include/rosidl_typesupport_interface/macros.h
[0.491s] Invoked command in '/home/aziz/microros_ws1/firmware/mcu_ws/build/rosidl_typesupport_interface' returned '0': CMAKE_PREFIX_PATH=${CMAKE_PREFIX_PATH}:/home/aziz/microros_ws1/firmware/dev_ws/install/ament_uncrustify:/home/aziz/microros_ws1/firmware/dev_ws/install/domain_coordinator:/home/aziz/microros_ws1/firmware/dev_ws/install/ament_xmllint:/home/aziz/microros_ws1/firmware/dev_ws/install/ament_pyflakes:/home/aziz/microros_ws1/firmware/dev_ws/install/ament_pycodestyle:/home/aziz/microros_ws1/firmware/dev_ws/install/ament_pep257:/home/aziz/microros_ws1/firmware/dev_ws/install/ament_pclint:/home/aziz/microros_ws1/firmware/dev_ws/install/ament_package:/home/aziz/microros_ws1/firmware/dev_ws/install/ament_mypy:/home/aziz/microros_ws1/firmware/dev_ws/install/ament_lint_cmake:/home/aziz/microros_ws1/firmware/dev_ws/install/ament_flake8:/home/aziz/microros_ws1/firmware/dev_ws/install/ament_copyright:/home/aziz/microros_ws1/firmware/dev_ws/install/ament_lint:/home/aziz/microros_ws1/firmware/dev_ws/install/ament_index_python:/home/aziz/microros_ws1/firmware/dev_ws/install/ament_cpplint:/home/aziz/microros_ws1/firmware/dev_ws/install/ament_cppcheck:/home/aziz/microros_ws1/firmware/dev_ws/install/ament_clang_tidy:/home/aziz/microros_ws1/firmware/dev_ws/install/ament_clang_format /usr/bin/cmake --install /home/aziz/microros_ws1/firmware/mcu_ws/build/rosidl_typesupport_interface
