[0.045s] Invoking command in '/home/aziz/microros_ws1/firmware/mcu_ws/build/microxrcedds_client': CMAKE_PREFIX_PATH=/home/aziz/microros_ws1/firmware/mcu_ws/install:${CMAKE_PREFIX_PATH} PYTHONPATH=/home/aziz/microros_ws1/firmware/mcu_ws/install/lib/python3.8/site-packages:${PYTHONPATH} /usr/bin/cmake --build /home/aziz/microros_ws1/firmware/mcu_ws/build/microxrcedds_client -- -j4 -l4
[0.073s] make[4]: Entering directory '/home/aziz/microros_ws1/firmware/mcu_ws/build/microxrcedds_client'
[0.073s] /usr/bin/cmake -S/home/aziz/microros_ws1/firmware/mcu_ws/eProsima/Micro-XRCE-DDS-Client -B/home/aziz/microros_ws1/firmware/mcu_ws/build/microxrcedds_client --check-build-system CMakeFiles/Makefile.cmake 0
[0.085s] Re-run cmake file: Makefile older than: /home/aziz/microros_ws1/firmware/mcu_ws/install/share/microcdr/cmake/microcdrTargets-debug.cmake
[0.094s] -- Configuring done
[0.103s] -- Generating done
[0.104s] -- Build files have been written to: /home/aziz/microros_ws1/firmware/mcu_ws/build/microxrcedds_client
[0.105s] /usr/bin/cmake -E cmake_progress_start /home/aziz/microros_ws1/firmware/mcu_ws/build/microxrcedds_client/CMakeFiles /home/aziz/microros_ws1/firmware/mcu_ws/build/microxrcedds_client/CMakeFiles/progress.marks
[0.116s] /usr/bin/make -f CMakeFiles/Makefile2 all
[0.116s] make[5]: Entering directory '/home/aziz/microros_ws1/firmware/mcu_ws/build/microxrcedds_client'
[0.116s] /usr/bin/make -f CMakeFiles/microxrcedds_client.dir/build.make CMakeFiles/microxrcedds_client.dir/depend
[0.119s] make[6]: Entering directory '/home/aziz/microros_ws1/firmware/mcu_ws/build/microxrcedds_client'
[0.120s] cd /home/aziz/microros_ws1/firmware/mcu_ws/build/microxrcedds_client && /usr/bin/cmake -E cmake_depends "Unix Makefiles" /home/aziz/microros_ws1/firmware/mcu_ws/eProsima/Micro-XRCE-DDS-Client /home/aziz/microros_ws1/firmware/mcu_ws/eProsima/Micro-XRCE-DDS-Client /home/aziz/microros_ws1/firmware/mcu_ws/build/microxrcedds_client /home/aziz/microros_ws1/firmware/mcu_ws/build/microxrcedds_client /home/aziz/microros_ws1/firmware/mcu_ws/build/microxrcedds_client/CMakeFiles/microxrcedds_client.dir/DependInfo.cmake --color=
[0.132s] Dependee "/home/aziz/microros_ws1/firmware/freertos_apps/microros_esp32_extensions/build/config/sdkconfig.h" is newer than depender "CMakeFiles/microxrcedds_client.dir/src/c/util/ping.c.obj".
[0.132s] Clearing dependencies in "/home/aziz/microros_ws1/firmware/mcu_ws/build/microxrcedds_client/CMakeFiles/microxrcedds_client.dir/depend.make".
[0.132s] [35m[1mScanning dependencies of target microxrcedds_client[0m
[0.177s] make[6]: Leaving directory '/home/aziz/microros_ws1/firmware/mcu_ws/build/microxrcedds_client'
[0.177s] /usr/bin/make -f CMakeFiles/microxrcedds_client.dir/build.make CMakeFiles/microxrcedds_client.dir/build
[0.177s] make[6]: Entering directory '/home/aziz/microros_ws1/firmware/mcu_ws/build/microxrcedds_client'
[0.187s] [  4%] [32mBuilding C object CMakeFiles/microxrcedds_client.dir/src/c/util/ping.c.obj[0m
[0.189s] /home/aziz/microros_ws1/firmware/toolchain/espressif/tools/xtensa-esp32-elf/esp-2020r2-8.2.0/xtensa-esp32-elf/bin/xtensa-esp32-elf-gcc -DLWIP_IPV4 -DLWIP_IPV6 -I/home/aziz/microros_ws1/firmware/freertos_apps/microros_esp32_extensions/build/config -I/home/aziz/microros_ws1/firmware/toolchain/esp-idf/components/newlib/platform_include -I/home/aziz/microros_ws1/firmware/toolchain/esp-idf/components/protocomm/include -I/home/aziz/microros_ws1/firmware/toolchain/esp-idf/components/esp_rom/include -I/home/aziz/microros_ws1/firmware/toolchain/esp-idf/components/driver/include -I/home/aziz/microros_ws1/firmware/toolchain/esp-idf/components/wear_levelling/include -I/home/aziz/microros_ws1/firmware/toolchain/esp-idf/components/vfs/include -I/home/aziz/microros_ws1/firmware/toolchain/esp-idf/components/log/include -I/home/aziz/microros_ws1/firmware/toolchain/esp-idf/components/freertos/include -I/home/aziz/microros_ws1/firmware/toolchain/esp-idf/components/wifi_provisioning/include -I/home/aziz/microros_ws1/firmware/toolchain/esp-idf/components/pthread/include -I/home/aziz/microros_ws1/firmware/toolchain/esp-idf/components/libsodium/libsodium/src/libsodium/include -I/home/aziz/microros_ws1/firmware/toolchain/esp-idf/components/coap/port/include -I/home/aziz/microros_ws1/firmware/toolchain/esp-idf/components/coap/libcoap/include -I/home/aziz/microros_ws1/firmware/toolchain/esp-idf/components/tcp_transport/include -I/home/aziz/microros_ws1/firmware/toolchain/esp-idf/components/unity/include -I/home/aziz/microros_ws1/firmware/toolchain/esp-idf/components/esp32/include -I/home/aziz/microros_ws1/firmware/toolchain/esp-idf/components/asio/port/include -I/home/aziz/microros_ws1/firmware/toolchain/esp-idf/components/asio/asio/asio/include -I/home/aziz/microros_ws1/firmware/toolchain/esp-idf/components/app_update/include -I/home/aziz/microros_ws1/firmware/toolchain/esp-idf/components/esp_ringbuf/include -I/home/aziz/microros_ws1/firmware/toolchain/esp-idf/components/soc/esp32/include -I/home/aziz/microros_ws1/firmware/toolchain/esp-idf/components/soc/include -I/home/aziz/microros_ws1/firmware/toolchain/esp-idf/components/efuse/test/include -I/home/aziz/microros_ws1/firmware/toolchain/esp-idf/components/efuse/esp32/include -I/home/aziz/microros_ws1/firmware/toolchain/esp-idf/components/efuse/include -I/home/aziz/microros_ws1/firmware/toolchain/esp-idf/components/mbedtls/port/include -I/home/aziz/microros_ws1/firmware/toolchain/esp-idf/components/mbedtls/mbedtls/include -I/home/aziz/microros_ws1/firmware/toolchain/esp-idf/components/xtensa/esp32/include -I/home/aziz/microros_ws1/firmware/toolchain/esp-idf/components/xtensa/include -I/home/aziz/microros_ws1/firmware/toolchain/esp-idf/components/app_trace/include -I/home/aziz/microros_ws1/firmware/toolchain/esp-idf/components/nvs_flash/include -I/home/aziz/microros_ws1/firmware/toolchain/esp-idf/components/jsmn/include -I/home/aziz/microros_ws1/firmware/toolchain/esp-idf/components/esp_eth/include -I/home/aziz/microros_ws1/firmware/toolchain/esp-idf/components/spiffs/include -I/home/aziz/microros_ws1/firmware/toolchain/esp-idf/components/ulp/include -I/home/aziz/microros_ws1/firmware/toolchain/esp-idf/components/mdns/include -I/home/aziz/microros_ws1/firmware/toolchain/esp-idf/components/freemodbus/modbus/include -I/home/aziz/microros_ws1/firmware/toolchain/esp-idf/components/freemodbus/common/include -I/home/aziz/microros_ws1/firmware/toolchain/esp-idf/components/esp_event/include -I/home/aziz/microros_ws1/firmware/toolchain/esp-idf/components/expat/port/include -I/home/aziz/microros_ws1/firmware/toolchain/esp-idf/components/bootloader_support/include -I/home/aziz/microros_ws1/firmware/toolchain/esp-idf/components/heap/include -I/home/aziz/microros_ws1/firmware/toolchain/esp-idf/components/wpa_supplicant/port/include -I/home/aziz/microros_ws1/firmware/toolchain/esp-idf/components/wpa_supplicant/include -I/home/aziz/microros_ws1/firmware/toolchain/esp-idf/components/tcpip_adapter/include -I/home/aziz/microros_ws1/firmware/toolchain/esp-idf/components/openssl/include -I/home/aziz/microros_ws1/firmware/toolchain/esp-idf/components/sdmmc/include -I/home/aziz/microros_ws1/firmware/toolchain/esp-idf/components/esp_local_ctrl/include -I/home/aziz/microros_ws1/firmware/toolchain/esp-idf/components/esp_common/include -I/home/aziz/microros_ws1/firmware/toolchain/esp-idf/components/lwip/lwip/src/include/lwip/apps -I/home/aziz/microros_ws1/firmware/toolchain/esp-idf/components/lwip/lwip/src/include/compat/posix -I/home/aziz/microros_ws1/firmware/toolchain/esp-idf/components/lwip/lwip/src/include -I/home/aziz/microros_ws1/firmware/toolchain/esp-idf/components/lwip/port/esp32/include -I/home/aziz/microros_ws1/firmware/mcu_ws/eProsima/Micro-XRCE-DDS-Client/include -I/home/aziz/microros_ws1/firmware/mcu_ws/build/microxrcedds_client/include -I/home/aziz/microros_ws1/firmware/mcu_ws/eProsima/Micro-XRCE-DDS-Client/src/c -isystem /home/aziz/microros_ws1/firmware/mcu_ws/install/include  -mlongcalls -Wno-frame-address -mlongcalls -Wno-frame-address -g   -Wall -Wextra -Wshadow -pedantic -Wcast-align -Wunused -Wconversion -Wnull-dereference -Wduplicated-branches -Wduplicated-cond -Wrestrict -Wdouble-promotion -Wsign-conversion -fdata-sections -ffunction-sections -std=gnu99 -o CMakeFiles/microxrcedds_client.dir/src/c/util/ping.c.obj   -c /home/aziz/microros_ws1/firmware/mcu_ws/eProsima/Micro-XRCE-DDS-Client/src/c/util/ping.c
[0.259s] [  8%] [32m[1mLinking C static library libmicroxrcedds_client.a[0m
[0.259s] /usr/bin/cmake -P CMakeFiles/microxrcedds_client.dir/cmake_clean_target.cmake
[0.268s] /usr/bin/cmake -E cmake_link_script CMakeFiles/microxrcedds_client.dir/link.txt --verbose=1
[0.286s] /home/aziz/microros_ws1/firmware/toolchain/espressif/tools/xtensa-esp32-elf/esp-2020r2-8.2.0/xtensa-esp32-elf/bin/xtensa-esp32-elf-ar qc libmicroxrcedds_client.a  CMakeFiles/microxrcedds_client.dir/src/c/core/session/stream/input_best_effort_stream.c.obj CMakeFiles/microxrcedds_client.dir/src/c/core/session/stream/input_reliable_stream.c.obj CMakeFiles/microxrcedds_client.dir/src/c/core/session/stream/output_best_effort_stream.c.obj CMakeFiles/microxrcedds_client.dir/src/c/core/session/stream/output_reliable_stream.c.obj CMakeFiles/microxrcedds_client.dir/src/c/core/session/stream/stream_storage.c.obj CMakeFiles/microxrcedds_client.dir/src/c/core/session/stream/stream_id.c.obj CMakeFiles/microxrcedds_client.dir/src/c/core/session/stream/seq_num.c.obj CMakeFiles/microxrcedds_client.dir/src/c/core/session/session.c.obj CMakeFiles/microxrcedds_client.dir/src/c/core/session/session_info.c.obj CMakeFiles/microxrcedds_client.dir/src/c/core/session/submessage.c.obj CMakeFiles/microxrcedds_client.dir/src/c/core/session/object_id.c.obj CMakeFiles/microxrcedds_client.dir/src/c/core/serialization/xrce_types.c.obj CMakeFiles/microxrcedds_client.dir/src/c/core/serialization/xrce_header.c.obj CMakeFiles/microxrcedds_client.dir/src/c/core/serialization/xrce_subheader.c.obj CMakeFiles/microxrcedds_client.dir/src/c/util/time.c.obj CMakeFiles/microxrcedds_client.dir/src/c/util/ping.c.obj CMakeFiles/microxrcedds_client.dir/src/c/core/session/common_create_entities.c.obj CMakeFiles/microxrcedds_client.dir/src/c/core/session/create_entities_ref.c.obj CMakeFiles/microxrcedds_client.dir/src/c/core/session/create_entities_xml.c.obj CMakeFiles/microxrcedds_client.dir/src/c/core/session/create_entities_bin.c.obj CMakeFiles/microxrcedds_client.dir/src/c/core/session/read_access.c.obj CMakeFiles/microxrcedds_client.dir/src/c/core/session/write_access.c.obj CMakeFiles/microxrcedds_client.dir/src/c/profile/transport/stream_framing/stream_framing_protocol.c.obj CMakeFiles/microxrcedds_client.dir/src/c/profile/transport/custom/custom_transport.c.obj
[0.287s] /home/aziz/microros_ws1/firmware/toolchain/espressif/tools/xtensa-esp32-elf/esp-2020r2-8.2.0/xtensa-esp32-elf/bin/xtensa-esp32-elf-ranlib libmicroxrcedds_client.a
[0.298s] make[6]: Leaving directory '/home/aziz/microros_ws1/firmware/mcu_ws/build/microxrcedds_client'
[0.307s] [100%] Built target microxrcedds_client
[0.307s] make[5]: Leaving directory '/home/aziz/microros_ws1/firmware/mcu_ws/build/microxrcedds_client'
[0.307s] /usr/bin/cmake -E cmake_progress_start /home/aziz/microros_ws1/firmware/mcu_ws/build/microxrcedds_client/CMakeFiles 0
[0.324s] make[4]: Leaving directory '/home/aziz/microros_ws1/firmware/mcu_ws/build/microxrcedds_client'
[0.464s] Invoked command in '/home/aziz/microros_ws1/firmware/mcu_ws/build/microxrcedds_client' returned '0': CMAKE_PREFIX_PATH=/home/aziz/microros_ws1/firmware/mcu_ws/install:${CMAKE_PREFIX_PATH} PYTHONPATH=/home/aziz/microros_ws1/firmware/mcu_ws/install/lib/python3.8/site-packages:${PYTHONPATH} /usr/bin/cmake --build /home/aziz/microros_ws1/firmware/mcu_ws/build/microxrcedds_client -- -j4 -l4
[0.564s] Invoking command in '/home/aziz/microros_ws1/firmware/mcu_ws/build/microxrcedds_client': CMAKE_PREFIX_PATH=/home/aziz/microros_ws1/firmware/mcu_ws/install:${CMAKE_PREFIX_PATH} PYTHONPATH=/home/aziz/microros_ws1/firmware/mcu_ws/install/lib/python3.8/site-packages:${PYTHONPATH} /usr/bin/cmake --install /home/aziz/microros_ws1/firmware/mcu_ws/build/microxrcedds_client
[0.575s] -- Install configuration: "Debug"
[0.576s] -- Installing: /home/aziz/microros_ws1/firmware/mcu_ws/install/lib/libmicroxrcedds_client.a
[0.579s] -- Up-to-date: /home/aziz/microros_ws1/firmware/mcu_ws/install/include/uxr/client
[0.580s] -- Up-to-date: /home/aziz/microros_ws1/firmware/mcu_ws/install/include/uxr/client/visibility.h
[0.581s] -- Up-to-date: /home/aziz/microros_ws1/firmware/mcu_ws/install/include/uxr/client/client.h
[0.581s] -- Up-to-date: /home/aziz/microros_ws1/firmware/mcu_ws/install/include/uxr/client/transport.h
[0.581s] -- Up-to-date: /home/aziz/microros_ws1/firmware/mcu_ws/install/include/uxr/client/core
[0.581s] -- Up-to-date: /home/aziz/microros_ws1/firmware/mcu_ws/install/include/uxr/client/core/session
[0.581s] -- Up-to-date: /home/aziz/microros_ws1/firmware/mcu_ws/install/include/uxr/client/core/session/create_entities_xml.h
[0.581s] -- Up-to-date: /home/aziz/microros_ws1/firmware/mcu_ws/install/include/uxr/client/core/session/common_create_entities.h
[0.581s] -- Up-to-date: /home/aziz/microros_ws1/firmware/mcu_ws/install/include/uxr/client/core/session/session.h
[0.581s] -- Up-to-date: /home/aziz/microros_ws1/firmware/mcu_ws/install/include/uxr/client/core/session/create_entities_bin.h
[0.581s] -- Up-to-date: /home/aziz/microros_ws1/firmware/mcu_ws/install/include/uxr/client/core/session/stream
[0.581s] -- Up-to-date: /home/aziz/microros_ws1/firmware/mcu_ws/install/include/uxr/client/core/session/stream/output_best_effort_stream.h
[0.581s] -- Up-to-date: /home/aziz/microros_ws1/firmware/mcu_ws/install/include/uxr/client/core/session/stream/seq_num.h
[0.581s] -- Up-to-date: /home/aziz/microros_ws1/firmware/mcu_ws/install/include/uxr/client/core/session/stream/reliable_stream.h
[0.581s] -- Up-to-date: /home/aziz/microros_ws1/firmware/mcu_ws/install/include/uxr/client/core/session/stream/input_reliable_stream.h
[0.582s] -- Up-to-date: /home/aziz/microros_ws1/firmware/mcu_ws/install/include/uxr/client/core/session/stream/input_best_effort_stream.h
[0.582s] -- Up-to-date: /home/aziz/microros_ws1/firmware/mcu_ws/install/include/uxr/client/core/session/stream/output_reliable_stream.h
[0.582s] -- Up-to-date: /home/aziz/microros_ws1/firmware/mcu_ws/install/include/uxr/client/core/session/stream/stream_id.h
[0.582s] -- Up-to-date: /home/aziz/microros_ws1/firmware/mcu_ws/install/include/uxr/client/core/session/stream/stream_storage.h
[0.582s] -- Up-to-date: /home/aziz/microros_ws1/firmware/mcu_ws/install/include/uxr/client/core/session/write_access.h
[0.582s] -- Up-to-date: /home/aziz/microros_ws1/firmware/mcu_ws/install/include/uxr/client/core/session/object_id.h
[0.582s] -- Up-to-date: /home/aziz/microros_ws1/firmware/mcu_ws/install/include/uxr/client/core/session/create_entities_ref.h
[0.582s] -- Up-to-date: /home/aziz/microros_ws1/firmware/mcu_ws/install/include/uxr/client/core/session/read_access.h
[0.582s] -- Up-to-date: /home/aziz/microros_ws1/firmware/mcu_ws/install/include/uxr/client/core/session/session_info.h
[0.582s] -- Up-to-date: /home/aziz/microros_ws1/firmware/mcu_ws/install/include/uxr/client/core/session/time_sync.h
[0.582s] -- Up-to-date: /home/aziz/microros_ws1/firmware/mcu_ws/install/include/uxr/client/core/communication
[0.583s] -- Up-to-date: /home/aziz/microros_ws1/firmware/mcu_ws/install/include/uxr/client/core/communication/communication.h
[0.583s] -- Up-to-date: /home/aziz/microros_ws1/firmware/mcu_ws/install/include/uxr/client/core/type
[0.583s] -- Up-to-date: /home/aziz/microros_ws1/firmware/mcu_ws/install/include/uxr/client/core/type/xrce_types.h
[0.583s] -- Up-to-date: /home/aziz/microros_ws1/firmware/mcu_ws/install/include/uxr/client/defines.h
[0.583s] -- Up-to-date: /home/aziz/microros_ws1/firmware/mcu_ws/install/include/uxr/client/util
[0.583s] -- Up-to-date: /home/aziz/microros_ws1/firmware/mcu_ws/install/include/uxr/client/util/time.h
[0.583s] -- Up-to-date: /home/aziz/microros_ws1/firmware/mcu_ws/install/include/uxr/client/util/ping.h
[0.583s] -- Up-to-date: /home/aziz/microros_ws1/firmware/mcu_ws/install/include/uxr/client/profile
[0.583s] -- Up-to-date: /home/aziz/microros_ws1/firmware/mcu_ws/install/include/uxr/client/profile/discovery
[0.583s] -- Up-to-date: /home/aziz/microros_ws1/firmware/mcu_ws/install/include/uxr/client/profile/discovery/discovery.h
[0.583s] -- Up-to-date: /home/aziz/microros_ws1/firmware/mcu_ws/install/include/uxr/client/profile/multithread
[0.583s] -- Up-to-date: /home/aziz/microros_ws1/firmware/mcu_ws/install/include/uxr/client/profile/multithread/multithread.h
[0.583s] -- Up-to-date: /home/aziz/microros_ws1/firmware/mcu_ws/install/include/uxr/client/profile/transport
[0.583s] -- Up-to-date: /home/aziz/microros_ws1/firmware/mcu_ws/install/include/uxr/client/profile/transport/can
[0.583s] -- Up-to-date: /home/aziz/microros_ws1/firmware/mcu_ws/install/include/uxr/client/profile/transport/can/can_transport_posix.h
[0.584s] -- Up-to-date: /home/aziz/microros_ws1/firmware/mcu_ws/install/include/uxr/client/profile/transport/can/can_transport.h
[0.584s] -- Up-to-date: /home/aziz/microros_ws1/firmware/mcu_ws/install/include/uxr/client/profile/transport/custom
[0.584s] -- Up-to-date: /home/aziz/microros_ws1/firmware/mcu_ws/install/include/uxr/client/profile/transport/custom/custom_transport.h
[0.584s] -- Up-to-date: /home/aziz/microros_ws1/firmware/mcu_ws/install/include/uxr/client/profile/transport/stream_framing
[0.584s] -- Up-to-date: /home/aziz/microros_ws1/firmware/mcu_ws/install/include/uxr/client/profile/transport/stream_framing/stream_framing_protocol.h
[0.584s] -- Up-to-date: /home/aziz/microros_ws1/firmware/mcu_ws/install/include/uxr/client/profile/transport/ip
[0.584s] -- Up-to-date: /home/aziz/microros_ws1/firmware/mcu_ws/install/include/uxr/client/profile/transport/ip/udp
[0.584s] -- Up-to-date: /home/aziz/microros_ws1/firmware/mcu_ws/install/include/uxr/client/profile/transport/ip/udp/udp_transport_rtems_bsd_net.h
[0.584s] -- Up-to-date: /home/aziz/microros_ws1/firmware/mcu_ws/install/include/uxr/client/profile/transport/ip/udp/udp_transport_windows.h
[0.584s] -- Up-to-date: /home/aziz/microros_ws1/firmware/mcu_ws/install/include/uxr/client/profile/transport/ip/udp/udp_transport.h
[0.584s] -- Up-to-date: /home/aziz/microros_ws1/firmware/mcu_ws/install/include/uxr/client/profile/transport/ip/udp/udp_transport_freertos_plus_tcp.h
[0.584s] -- Up-to-date: /home/aziz/microros_ws1/firmware/mcu_ws/install/include/uxr/client/profile/transport/ip/udp/udp_transport_posix_nopoll.h
[0.584s] -- Up-to-date: /home/aziz/microros_ws1/firmware/mcu_ws/install/include/uxr/client/profile/transport/ip/udp/udp_transport_posix.h
[0.584s] -- Up-to-date: /home/aziz/microros_ws1/firmware/mcu_ws/install/include/uxr/client/profile/transport/ip/ip.h
[0.585s] -- Up-to-date: /home/aziz/microros_ws1/firmware/mcu_ws/install/include/uxr/client/profile/transport/ip/tcp
[0.585s] -- Up-to-date: /home/aziz/microros_ws1/firmware/mcu_ws/install/include/uxr/client/profile/transport/ip/tcp/tcp_transport_posix_nopoll.h
[0.585s] -- Up-to-date: /home/aziz/microros_ws1/firmware/mcu_ws/install/include/uxr/client/profile/transport/ip/tcp/tcp_transport_windows.h
[0.585s] -- Up-to-date: /home/aziz/microros_ws1/firmware/mcu_ws/install/include/uxr/client/profile/transport/ip/tcp/tcp_transport_rtems_bsd_net.h
[0.585s] -- Up-to-date: /home/aziz/microros_ws1/firmware/mcu_ws/install/include/uxr/client/profile/transport/ip/tcp/tcp_transport_freertos_plus_tcp.h
[0.585s] -- Up-to-date: /home/aziz/microros_ws1/firmware/mcu_ws/install/include/uxr/client/profile/transport/ip/tcp/tcp_transport_posix.h
[0.585s] -- Up-to-date: /home/aziz/microros_ws1/firmware/mcu_ws/install/include/uxr/client/profile/transport/ip/tcp/tcp_transport.h
[0.585s] -- Up-to-date: /home/aziz/microros_ws1/firmware/mcu_ws/install/include/uxr/client/profile/transport/serial
[0.585s] -- Up-to-date: /home/aziz/microros_ws1/firmware/mcu_ws/install/include/uxr/client/profile/transport/serial/serial_transport_rtems_bsd_net.h
[0.585s] -- Up-to-date: /home/aziz/microros_ws1/firmware/mcu_ws/install/include/uxr/client/profile/transport/serial/serial_transport_platform.h
[0.585s] -- Up-to-date: /home/aziz/microros_ws1/firmware/mcu_ws/install/include/uxr/client/profile/transport/serial/serial_transport.h
[0.585s] -- Up-to-date: /home/aziz/microros_ws1/firmware/mcu_ws/install/include/uxr/client/profile/transport/serial/serial_transport_posix.h
[0.585s] -- Up-to-date: /home/aziz/microros_ws1/firmware/mcu_ws/install/include/uxr/client/config.h
[0.585s] -- Up-to-date: /home/aziz/microros_ws1/firmware/mcu_ws/install/share/microxrcedds_client/cmake/microxrcedds_clientTargets.cmake
[0.585s] -- Installing: /home/aziz/microros_ws1/firmware/mcu_ws/install/share/microxrcedds_client/cmake/microxrcedds_clientTargets-debug.cmake
[0.586s] -- Up-to-date: /home/aziz/microros_ws1/firmware/mcu_ws/install/share/microxrcedds_client/cmake/microxrcedds_clientConfig.cmake
[0.586s] -- Up-to-date: /home/aziz/microros_ws1/firmware/mcu_ws/install/share/microxrcedds_client/cmake/microxrcedds_clientConfigVersion.cmake
[0.593s] Invoked command in '/home/aziz/microros_ws1/firmware/mcu_ws/build/microxrcedds_client' returned '0': CMAKE_PREFIX_PATH=/home/aziz/microros_ws1/firmware/mcu_ws/install:${CMAKE_PREFIX_PATH} PYTHONPATH=/home/aziz/microros_ws1/firmware/mcu_ws/install/lib/python3.8/site-packages:${PYTHONPATH} /usr/bin/cmake --install /home/aziz/microros_ws1/firmware/mcu_ws/build/microxrcedds_client
