[0.152s] Invoking command in '/home/aziz/microros_ws1/firmware/mcu_ws/build/libyaml_vendor': CMAKE_PREFIX_PATH=${CMAKE_PREFIX_PATH}:/home/aziz/microros_ws1/firmware/dev_ws/install/ament_uncrustify:/home/aziz/microros_ws1/firmware/dev_ws/install/domain_coordinator:/home/aziz/microros_ws1/firmware/dev_ws/install/ament_xmllint:/home/aziz/microros_ws1/firmware/dev_ws/install/ament_pyflakes:/home/aziz/microros_ws1/firmware/dev_ws/install/ament_pycodestyle:/home/aziz/microros_ws1/firmware/dev_ws/install/ament_pep257:/home/aziz/microros_ws1/firmware/dev_ws/install/ament_pclint:/home/aziz/microros_ws1/firmware/dev_ws/install/ament_package:/home/aziz/microros_ws1/firmware/dev_ws/install/ament_mypy:/home/aziz/microros_ws1/firmware/dev_ws/install/ament_lint_cmake:/home/aziz/microros_ws1/firmware/dev_ws/install/ament_flake8:/home/aziz/microros_ws1/firmware/dev_ws/install/ament_copyright:/home/aziz/microros_ws1/firmware/dev_ws/install/ament_lint:/home/aziz/microros_ws1/firmware/dev_ws/install/ament_index_python:/home/aziz/microros_ws1/firmware/dev_ws/install/ament_cpplint:/home/aziz/microros_ws1/firmware/dev_ws/install/ament_cppcheck:/home/aziz/microros_ws1/firmware/dev_ws/install/ament_clang_tidy:/home/aziz/microros_ws1/firmware/dev_ws/install/ament_clang_format /usr/bin/cmake --build /home/aziz/microros_ws1/firmware/mcu_ws/build/libyaml_vendor -- -j4 -l4
[0.205s] make[4]: Entering directory '/home/aziz/microros_ws1/firmware/mcu_ws/build/libyaml_vendor'
[0.206s] /usr/bin/cmake -S/home/aziz/microros_ws1/firmware/mcu_ws/ros2/libyaml_vendor -B/home/aziz/microros_ws1/firmware/mcu_ws/build/libyaml_vendor --check-build-system CMakeFiles/Makefile.cmake 0
[0.206s] Re-run cmake file: Makefile older than: /home/aziz/microros_ws1/firmware/freertos_apps/microros_esp32_extensions/esp32_toolchain.cmake
[0.206s] -- Found ament_cmake: 0.9.11 (/home/aziz/microros_ws1/firmware/dev_ws/install/ament_cmake/share/ament_cmake/cmake)
[0.221s] -- Using PYTHON_EXECUTABLE: /home/aziz/microros_ws1/firmware/toolchain/espressif/python_env/idf4.1_py3.8_env/bin/python3
[0.481s] -- Configuring done
[0.485s] -- Generating done
[0.486s] -- Build files have been written to: /home/aziz/microros_ws1/firmware/mcu_ws/build/libyaml_vendor
[0.488s] /usr/bin/cmake -E cmake_progress_start /home/aziz/microros_ws1/firmware/mcu_ws/build/libyaml_vendor/CMakeFiles /home/aziz/microros_ws1/firmware/mcu_ws/build/libyaml_vendor/CMakeFiles/progress.marks
[0.497s] /usr/bin/make -f CMakeFiles/Makefile2 all
[0.498s] make[5]: Entering directory '/home/aziz/microros_ws1/firmware/mcu_ws/build/libyaml_vendor'
[0.498s] /usr/bin/make -f CMakeFiles/libyaml-10c9078.dir/build.make CMakeFiles/libyaml-10c9078.dir/depend
[0.500s] make[6]: Entering directory '/home/aziz/microros_ws1/firmware/mcu_ws/build/libyaml_vendor'
[0.500s] cd /home/aziz/microros_ws1/firmware/mcu_ws/build/libyaml_vendor && /usr/bin/cmake -E cmake_depends "Unix Makefiles" /home/aziz/microros_ws1/firmware/mcu_ws/ros2/libyaml_vendor /home/aziz/microros_ws1/firmware/mcu_ws/ros2/libyaml_vendor /home/aziz/microros_ws1/firmware/mcu_ws/build/libyaml_vendor /home/aziz/microros_ws1/firmware/mcu_ws/build/libyaml_vendor /home/aziz/microros_ws1/firmware/mcu_ws/build/libyaml_vendor/CMakeFiles/libyaml-10c9078.dir/DependInfo.cmake --color=
[0.510s] make[6]: Leaving directory '/home/aziz/microros_ws1/firmware/mcu_ws/build/libyaml_vendor'
[0.510s] /usr/bin/make -f CMakeFiles/libyaml-10c9078.dir/build.make CMakeFiles/libyaml-10c9078.dir/build
[0.511s] make[6]: Entering directory '/home/aziz/microros_ws1/firmware/mcu_ws/build/libyaml_vendor'
[0.511s] make[6]: Nothing to be done for 'CMakeFiles/libyaml-10c9078.dir/build'.
[0.511s] make[6]: Leaving directory '/home/aziz/microros_ws1/firmware/mcu_ws/build/libyaml_vendor'
[0.521s] [100%] Built target libyaml-10c9078
[0.522s] make[5]: Leaving directory '/home/aziz/microros_ws1/firmware/mcu_ws/build/libyaml_vendor'
[0.522s] /usr/bin/cmake -E cmake_progress_start /home/aziz/microros_ws1/firmware/mcu_ws/build/libyaml_vendor/CMakeFiles 0
[0.532s] make[4]: Leaving directory '/home/aziz/microros_ws1/firmware/mcu_ws/build/libyaml_vendor'
[0.713s] Invoked command in '/home/aziz/microros_ws1/firmware/mcu_ws/build/libyaml_vendor' returned '0': CMAKE_PREFIX_PATH=${CMAKE_PREFIX_PATH}:/home/aziz/microros_ws1/firmware/dev_ws/install/ament_uncrustify:/home/aziz/microros_ws1/firmware/dev_ws/install/domain_coordinator:/home/aziz/microros_ws1/firmware/dev_ws/install/ament_xmllint:/home/aziz/microros_ws1/firmware/dev_ws/install/ament_pyflakes:/home/aziz/microros_ws1/firmware/dev_ws/install/ament_pycodestyle:/home/aziz/microros_ws1/firmware/dev_ws/install/ament_pep257:/home/aziz/microros_ws1/firmware/dev_ws/install/ament_pclint:/home/aziz/microros_ws1/firmware/dev_ws/install/ament_package:/home/aziz/microros_ws1/firmware/dev_ws/install/ament_mypy:/home/aziz/microros_ws1/firmware/dev_ws/install/ament_lint_cmake:/home/aziz/microros_ws1/firmware/dev_ws/install/ament_flake8:/home/aziz/microros_ws1/firmware/dev_ws/install/ament_copyright:/home/aziz/microros_ws1/firmware/dev_ws/install/ament_lint:/home/aziz/microros_ws1/firmware/dev_ws/install/ament_index_python:/home/aziz/microros_ws1/firmware/dev_ws/install/ament_cpplint:/home/aziz/microros_ws1/firmware/dev_ws/install/ament_cppcheck:/home/aziz/microros_ws1/firmware/dev_ws/install/ament_clang_tidy:/home/aziz/microros_ws1/firmware/dev_ws/install/ament_clang_format /usr/bin/cmake --build /home/aziz/microros_ws1/firmware/mcu_ws/build/libyaml_vendor -- -j4 -l4
[0.751s] Invoking command in '/home/aziz/microros_ws1/firmware/mcu_ws/build/libyaml_vendor': CMAKE_PREFIX_PATH=${CMAKE_PREFIX_PATH}:/home/aziz/microros_ws1/firmware/dev_ws/install/ament_uncrustify:/home/aziz/microros_ws1/firmware/dev_ws/install/domain_coordinator:/home/aziz/microros_ws1/firmware/dev_ws/install/ament_xmllint:/home/aziz/microros_ws1/firmware/dev_ws/install/ament_pyflakes:/home/aziz/microros_ws1/firmware/dev_ws/install/ament_pycodestyle:/home/aziz/microros_ws1/firmware/dev_ws/install/ament_pep257:/home/aziz/microros_ws1/firmware/dev_ws/install/ament_pclint:/home/aziz/microros_ws1/firmware/dev_ws/install/ament_package:/home/aziz/microros_ws1/firmware/dev_ws/install/ament_mypy:/home/aziz/microros_ws1/firmware/dev_ws/install/ament_lint_cmake:/home/aziz/microros_ws1/firmware/dev_ws/install/ament_flake8:/home/aziz/microros_ws1/firmware/dev_ws/install/ament_copyright:/home/aziz/microros_ws1/firmware/dev_ws/install/ament_lint:/home/aziz/microros_ws1/firmware/dev_ws/install/ament_index_python:/home/aziz/microros_ws1/firmware/dev_ws/install/ament_cpplint:/home/aziz/microros_ws1/firmware/dev_ws/install/ament_cppcheck:/home/aziz/microros_ws1/firmware/dev_ws/install/ament_clang_tidy:/home/aziz/microros_ws1/firmware/dev_ws/install/ament_clang_format /usr/bin/cmake --install /home/aziz/microros_ws1/firmware/mcu_ws/build/libyaml_vendor
[0.768s] -- Install configuration: "Debug"
[0.769s] -- Up-to-date: /home/aziz/microros_ws1/firmware/mcu_ws/install
[0.769s] -- Up-to-date: /home/aziz/microros_ws1/firmware/mcu_ws/install/lib
[0.769s] -- Up-to-date: /home/aziz/microros_ws1/firmware/mcu_ws/install/lib/libyaml.a
[0.769s] -- Up-to-date: /home/aziz/microros_ws1/firmware/mcu_ws/install/cmake
[0.769s] -- Up-to-date: /home/aziz/microros_ws1/firmware/mcu_ws/install/cmake/yamlTargets.cmake
[0.770s] -- Up-to-date: /home/aziz/microros_ws1/firmware/mcu_ws/install/cmake/yamlConfigVersion.cmake
[0.770s] -- Up-to-date: /home/aziz/microros_ws1/firmware/mcu_ws/install/cmake/yamlConfig.cmake
[0.770s] -- Up-to-date: /home/aziz/microros_ws1/firmware/mcu_ws/install/cmake/yamlTargets-debug.cmake
[0.770s] -- Up-to-date: /home/aziz/microros_ws1/firmware/mcu_ws/install/include
[0.770s] -- Up-to-date: /home/aziz/microros_ws1/firmware/mcu_ws/install/include/yaml.h
[0.770s] -- Up-to-date: /home/aziz/microros_ws1/firmware/mcu_ws/install/share/libyaml_vendor/environment/library_path.sh
[0.771s] -- Installing: /home/aziz/microros_ws1/firmware/mcu_ws/install/share/libyaml_vendor/environment/library_path.dsv
[0.771s] -- Up-to-date: /home/aziz/microros_ws1/firmware/mcu_ws/install/share/ament_index/resource_index/package_run_dependencies/libyaml_vendor
[0.771s] -- Up-to-date: /home/aziz/microros_ws1/firmware/mcu_ws/install/share/ament_index/resource_index/parent_prefix_path/libyaml_vendor
[0.772s] -- Up-to-date: /home/aziz/microros_ws1/firmware/mcu_ws/install/share/libyaml_vendor/environment/ament_prefix_path.sh
[0.772s] -- Installing: /home/aziz/microros_ws1/firmware/mcu_ws/install/share/libyaml_vendor/environment/ament_prefix_path.dsv
[0.772s] -- Up-to-date: /home/aziz/microros_ws1/firmware/mcu_ws/install/share/libyaml_vendor/environment/path.sh
[0.772s] -- Installing: /home/aziz/microros_ws1/firmware/mcu_ws/install/share/libyaml_vendor/environment/path.dsv
[0.773s] -- Up-to-date: /home/aziz/microros_ws1/firmware/mcu_ws/install/share/libyaml_vendor/local_setup.bash
[0.773s] -- Up-to-date: /home/aziz/microros_ws1/firmware/mcu_ws/install/share/libyaml_vendor/local_setup.sh
[0.773s] -- Up-to-date: /home/aziz/microros_ws1/firmware/mcu_ws/install/share/libyaml_vendor/local_setup.zsh
[0.773s] -- Installing: /home/aziz/microros_ws1/firmware/mcu_ws/install/share/libyaml_vendor/local_setup.dsv
[0.774s] -- Installing: /home/aziz/microros_ws1/firmware/mcu_ws/install/share/libyaml_vendor/package.dsv
[0.774s] -- Up-to-date: /home/aziz/microros_ws1/firmware/mcu_ws/install/share/ament_index/resource_index/packages/libyaml_vendor
[0.774s] -- Up-to-date: /home/aziz/microros_ws1/firmware/mcu_ws/install/share/libyaml_vendor/cmake/libyaml_vendor-extras.cmake
[0.775s] -- Up-to-date: /home/aziz/microros_ws1/firmware/mcu_ws/install/share/libyaml_vendor/cmake/ament_cmake_export_libraries-extras.cmake
[0.775s] -- Up-to-date: /home/aziz/microros_ws1/firmware/mcu_ws/install/share/libyaml_vendor/cmake/ament_cmake_export_dependencies-extras.cmake
[0.775s] -- Up-to-date: /home/aziz/microros_ws1/firmware/mcu_ws/install/share/libyaml_vendor/cmake/libyaml_vendorConfig.cmake
[0.775s] -- Up-to-date: /home/aziz/microros_ws1/firmware/mcu_ws/install/share/libyaml_vendor/cmake/libyaml_vendorConfig-version.cmake
[0.775s] -- Up-to-date: /home/aziz/microros_ws1/firmware/mcu_ws/install/share/libyaml_vendor/package.xml
[0.784s] Invoked command in '/home/aziz/microros_ws1/firmware/mcu_ws/build/libyaml_vendor' returned '0': CMAKE_PREFIX_PATH=${CMAKE_PREFIX_PATH}:/home/aziz/microros_ws1/firmware/dev_ws/install/ament_uncrustify:/home/aziz/microros_ws1/firmware/dev_ws/install/domain_coordinator:/home/aziz/microros_ws1/firmware/dev_ws/install/ament_xmllint:/home/aziz/microros_ws1/firmware/dev_ws/install/ament_pyflakes:/home/aziz/microros_ws1/firmware/dev_ws/install/ament_pycodestyle:/home/aziz/microros_ws1/firmware/dev_ws/install/ament_pep257:/home/aziz/microros_ws1/firmware/dev_ws/install/ament_pclint:/home/aziz/microros_ws1/firmware/dev_ws/install/ament_package:/home/aziz/microros_ws1/firmware/dev_ws/install/ament_mypy:/home/aziz/microros_ws1/firmware/dev_ws/install/ament_lint_cmake:/home/aziz/microros_ws1/firmware/dev_ws/install/ament_flake8:/home/aziz/microros_ws1/firmware/dev_ws/install/ament_copyright:/home/aziz/microros_ws1/firmware/dev_ws/install/ament_lint:/home/aziz/microros_ws1/firmware/dev_ws/install/ament_index_python:/home/aziz/microros_ws1/firmware/dev_ws/install/ament_cpplint:/home/aziz/microros_ws1/firmware/dev_ws/install/ament_cppcheck:/home/aziz/microros_ws1/firmware/dev_ws/install/ament_clang_tidy:/home/aziz/microros_ws1/firmware/dev_ws/install/ament_clang_format /usr/bin/cmake --install /home/aziz/microros_ws1/firmware/mcu_ws/build/libyaml_vendor
