[0.039s] Invoking command in '/home/aziz/microros_ws1/firmware/mcu_ws/build/libyaml_vendor': CMAKE_PREFIX_PATH=${CMAKE_PREFIX_PATH}:/home/aziz/microros_ws1/firmware/dev_ws/install/ament_uncrustify:/home/aziz/microros_ws1/firmware/dev_ws/install/domain_coordinator:/home/aziz/microros_ws1/firmware/dev_ws/install/ament_xmllint:/home/aziz/microros_ws1/firmware/dev_ws/install/ament_pyflakes:/home/aziz/microros_ws1/firmware/dev_ws/install/ament_pycodestyle:/home/aziz/microros_ws1/firmware/dev_ws/install/ament_pep257:/home/aziz/microros_ws1/firmware/dev_ws/install/ament_pclint:/home/aziz/microros_ws1/firmware/dev_ws/install/ament_package:/home/aziz/microros_ws1/firmware/dev_ws/install/ament_mypy:/home/aziz/microros_ws1/firmware/dev_ws/install/ament_lint_cmake:/home/aziz/microros_ws1/firmware/dev_ws/install/ament_flake8:/home/aziz/microros_ws1/firmware/dev_ws/install/ament_copyright:/home/aziz/microros_ws1/firmware/dev_ws/install/ament_lint:/home/aziz/microros_ws1/firmware/dev_ws/install/ament_index_python:/home/aziz/microros_ws1/firmware/dev_ws/install/ament_cpplint:/home/aziz/microros_ws1/firmware/dev_ws/install/ament_cppcheck:/home/aziz/microros_ws1/firmware/dev_ws/install/ament_clang_tidy:/home/aziz/microros_ws1/firmware/dev_ws/install/ament_clang_format /usr/bin/cmake /home/aziz/microros_ws1/firmware/mcu_ws/ros2/libyaml_vendor --no-warn-unused-cli -DCMAKE_POSITION_INDEPENDENT_CODE:BOOL=OFF -DTHIRDPARTY=ON -DBUILD_SHARED_LIBS=OFF -DBUILD_TESTING=OFF -DCMAKE_BUILD_TYPE=Debug -DCMAKE_TOOLCHAIN_FILE=/home/aziz/microros_ws1/firmware/freertos_apps/microros_esp32_extensions/esp32_toolchain.cmake -DCMAKE_VERBOSE_MAKEFILE=ON -DCMAKE_INSTALL_PREFIX=/home/aziz/microros_ws1/firmware/mcu_ws/install
[0.050s] Not searching for unused variables given on the command line.
[0.095s] -- The C compiler identification is GNU 8.2.0
[0.153s] -- The CXX compiler identification is GNU 8.2.0
[0.164s] -- Check for working C compiler: /home/aziz/microros_ws1/firmware/toolchain/espressif/tools/xtensa-esp32-elf/esp-2020r2-8.2.0/xtensa-esp32-elf/bin/xtensa-esp32-elf-gcc
[0.234s] -- Check for working C compiler: /home/aziz/microros_ws1/firmware/toolchain/espressif/tools/xtensa-esp32-elf/esp-2020r2-8.2.0/xtensa-esp32-elf/bin/xtensa-esp32-elf-gcc -- works
[0.234s] -- Detecting C compiler ABI info
[0.315s] -- Detecting C compiler ABI info - done
[0.325s] -- Detecting C compile features
[0.326s] -- Detecting C compile features - done
[0.329s] -- Check for working CXX compiler: /home/aziz/microros_ws1/firmware/toolchain/espressif/tools/xtensa-esp32-elf/esp-2020r2-8.2.0/xtensa-esp32-elf/bin/xtensa-esp32-elf-g++
[0.411s] -- Check for working CXX compiler: /home/aziz/microros_ws1/firmware/toolchain/espressif/tools/xtensa-esp32-elf/esp-2020r2-8.2.0/xtensa-esp32-elf/bin/xtensa-esp32-elf-g++ -- works
[0.412s] -- Detecting CXX compiler ABI info
[0.477s] -- Detecting CXX compiler ABI info - done
[0.490s] -- Detecting CXX compile features
[0.491s] -- Detecting CXX compile features - done
[0.495s] -- Found ament_cmake: 0.9.11 (/home/aziz/microros_ws1/firmware/dev_ws/install/ament_cmake/share/ament_cmake/cmake)
[0.542s] -- Found PythonInterp: /home/aziz/microros_ws1/firmware/toolchain/espressif/python_env/idf4.1_py3.8_env/bin/python3 (found suitable version "3.8.10", minimum required is "3") 
[0.543s] -- Using PYTHON_EXECUTABLE: /home/aziz/microros_ws1/firmware/toolchain/espressif/python_env/idf4.1_py3.8_env/bin/python3
[0.971s] -- Configuring done
[0.975s] -- Generating done
[0.976s] -- Build files have been written to: /home/aziz/microros_ws1/firmware/mcu_ws/build/libyaml_vendor
[1.243s] Invoked command in '/home/aziz/microros_ws1/firmware/mcu_ws/build/libyaml_vendor' returned '0': CMAKE_PREFIX_PATH=${CMAKE_PREFIX_PATH}:/home/aziz/microros_ws1/firmware/dev_ws/install/ament_uncrustify:/home/aziz/microros_ws1/firmware/dev_ws/install/domain_coordinator:/home/aziz/microros_ws1/firmware/dev_ws/install/ament_xmllint:/home/aziz/microros_ws1/firmware/dev_ws/install/ament_pyflakes:/home/aziz/microros_ws1/firmware/dev_ws/install/ament_pycodestyle:/home/aziz/microros_ws1/firmware/dev_ws/install/ament_pep257:/home/aziz/microros_ws1/firmware/dev_ws/install/ament_pclint:/home/aziz/microros_ws1/firmware/dev_ws/install/ament_package:/home/aziz/microros_ws1/firmware/dev_ws/install/ament_mypy:/home/aziz/microros_ws1/firmware/dev_ws/install/ament_lint_cmake:/home/aziz/microros_ws1/firmware/dev_ws/install/ament_flake8:/home/aziz/microros_ws1/firmware/dev_ws/install/ament_copyright:/home/aziz/microros_ws1/firmware/dev_ws/install/ament_lint:/home/aziz/microros_ws1/firmware/dev_ws/install/ament_index_python:/home/aziz/microros_ws1/firmware/dev_ws/install/ament_cpplint:/home/aziz/microros_ws1/firmware/dev_ws/install/ament_cppcheck:/home/aziz/microros_ws1/firmware/dev_ws/install/ament_clang_tidy:/home/aziz/microros_ws1/firmware/dev_ws/install/ament_clang_format /usr/bin/cmake /home/aziz/microros_ws1/firmware/mcu_ws/ros2/libyaml_vendor --no-warn-unused-cli -DCMAKE_POSITION_INDEPENDENT_CODE:BOOL=OFF -DTHIRDPARTY=ON -DBUILD_SHARED_LIBS=OFF -DBUILD_TESTING=OFF -DCMAKE_BUILD_TYPE=Debug -DCMAKE_TOOLCHAIN_FILE=/home/aziz/microros_ws1/firmware/freertos_apps/microros_esp32_extensions/esp32_toolchain.cmake -DCMAKE_VERBOSE_MAKEFILE=ON -DCMAKE_INSTALL_PREFIX=/home/aziz/microros_ws1/firmware/mcu_ws/install
[1.246s] Invoking command in '/home/aziz/microros_ws1/firmware/mcu_ws/build/libyaml_vendor': CMAKE_PREFIX_PATH=${CMAKE_PREFIX_PATH}:/home/aziz/microros_ws1/firmware/dev_ws/install/ament_uncrustify:/home/aziz/microros_ws1/firmware/dev_ws/install/domain_coordinator:/home/aziz/microros_ws1/firmware/dev_ws/install/ament_xmllint:/home/aziz/microros_ws1/firmware/dev_ws/install/ament_pyflakes:/home/aziz/microros_ws1/firmware/dev_ws/install/ament_pycodestyle:/home/aziz/microros_ws1/firmware/dev_ws/install/ament_pep257:/home/aziz/microros_ws1/firmware/dev_ws/install/ament_pclint:/home/aziz/microros_ws1/firmware/dev_ws/install/ament_package:/home/aziz/microros_ws1/firmware/dev_ws/install/ament_mypy:/home/aziz/microros_ws1/firmware/dev_ws/install/ament_lint_cmake:/home/aziz/microros_ws1/firmware/dev_ws/install/ament_flake8:/home/aziz/microros_ws1/firmware/dev_ws/install/ament_copyright:/home/aziz/microros_ws1/firmware/dev_ws/install/ament_lint:/home/aziz/microros_ws1/firmware/dev_ws/install/ament_index_python:/home/aziz/microros_ws1/firmware/dev_ws/install/ament_cpplint:/home/aziz/microros_ws1/firmware/dev_ws/install/ament_cppcheck:/home/aziz/microros_ws1/firmware/dev_ws/install/ament_clang_tidy:/home/aziz/microros_ws1/firmware/dev_ws/install/ament_clang_format /usr/bin/cmake --build /home/aziz/microros_ws1/firmware/mcu_ws/build/libyaml_vendor -- -j4 -l4
[1.271s] make[4]: Entering directory '/home/aziz/microros_ws1/firmware/mcu_ws/build/libyaml_vendor'
[1.271s] /usr/bin/cmake -S/home/aziz/microros_ws1/firmware/mcu_ws/ros2/libyaml_vendor -B/home/aziz/microros_ws1/firmware/mcu_ws/build/libyaml_vendor --check-build-system CMakeFiles/Makefile.cmake 0
[1.278s] /usr/bin/cmake -E cmake_progress_start /home/aziz/microros_ws1/firmware/mcu_ws/build/libyaml_vendor/CMakeFiles /home/aziz/microros_ws1/firmware/mcu_ws/build/libyaml_vendor/CMakeFiles/progress.marks
[1.292s] /usr/bin/make -f CMakeFiles/Makefile2 all
[1.300s] make[5]: Entering directory '/home/aziz/microros_ws1/firmware/mcu_ws/build/libyaml_vendor'
[1.300s] /usr/bin/make -f CMakeFiles/libyaml-10c9078.dir/build.make CMakeFiles/libyaml-10c9078.dir/depend
[1.302s] make[6]: Entering directory '/home/aziz/microros_ws1/firmware/mcu_ws/build/libyaml_vendor'
[1.303s] cd /home/aziz/microros_ws1/firmware/mcu_ws/build/libyaml_vendor && /usr/bin/cmake -E cmake_depends "Unix Makefiles" /home/aziz/microros_ws1/firmware/mcu_ws/ros2/libyaml_vendor /home/aziz/microros_ws1/firmware/mcu_ws/ros2/libyaml_vendor /home/aziz/microros_ws1/firmware/mcu_ws/build/libyaml_vendor /home/aziz/microros_ws1/firmware/mcu_ws/build/libyaml_vendor /home/aziz/microros_ws1/firmware/mcu_ws/build/libyaml_vendor/CMakeFiles/libyaml-10c9078.dir/DependInfo.cmake --color=
[1.313s] Dependee "/home/aziz/microros_ws1/firmware/mcu_ws/build/libyaml_vendor/CMakeFiles/libyaml-10c9078.dir/DependInfo.cmake" is newer than depender "/home/aziz/microros_ws1/firmware/mcu_ws/build/libyaml_vendor/CMakeFiles/libyaml-10c9078.dir/depend.internal".
[1.313s] Dependee "/home/aziz/microros_ws1/firmware/mcu_ws/build/libyaml_vendor/CMakeFiles/CMakeDirectoryInformation.cmake" is newer than depender "/home/aziz/microros_ws1/firmware/mcu_ws/build/libyaml_vendor/CMakeFiles/libyaml-10c9078.dir/depend.internal".
[1.313s] [35m[1mScanning dependencies of target libyaml-10c9078[0m
[1.315s] make[6]: Leaving directory '/home/aziz/microros_ws1/firmware/mcu_ws/build/libyaml_vendor'
[1.315s] /usr/bin/make -f CMakeFiles/libyaml-10c9078.dir/build.make CMakeFiles/libyaml-10c9078.dir/build
[1.316s] make[6]: Entering directory '/home/aziz/microros_ws1/firmware/mcu_ws/build/libyaml_vendor'
[1.326s] [ 12%] [34m[1mCreating directories for 'libyaml-10c9078'[0m
[1.327s] /usr/bin/cmake -E make_directory /home/aziz/microros_ws1/firmware/mcu_ws/build/libyaml_vendor/libyaml-10c9078-prefix/src/libyaml-10c9078
[1.337s] /usr/bin/cmake -E make_directory /home/aziz/microros_ws1/firmware/mcu_ws/build/libyaml_vendor/libyaml-10c9078-prefix/src/libyaml-10c9078-build
[1.346s] /usr/bin/cmake -E make_directory /home/aziz/microros_ws1/firmware/mcu_ws/build/libyaml_vendor/libyaml-10c9078-prefix
[1.357s] /usr/bin/cmake -E make_directory /home/aziz/microros_ws1/firmware/mcu_ws/build/libyaml_vendor/libyaml-10c9078-prefix/tmp
[1.367s] /usr/bin/cmake -E make_directory /home/aziz/microros_ws1/firmware/mcu_ws/build/libyaml_vendor/libyaml-10c9078-prefix/src/libyaml-10c9078-stamp
[1.377s] /usr/bin/cmake -E make_directory /home/aziz/microros_ws1/firmware/mcu_ws/build/libyaml_vendor/libyaml-10c9078-prefix/src
[1.386s] /usr/bin/cmake -E make_directory /home/aziz/microros_ws1/firmware/mcu_ws/build/libyaml_vendor/libyaml-10c9078-prefix/src/libyaml-10c9078-stamp
[1.394s] /usr/bin/cmake -E touch /home/aziz/microros_ws1/firmware/mcu_ws/build/libyaml_vendor/libyaml-10c9078-prefix/src/libyaml-10c9078-stamp/libyaml-10c9078-mkdir
[1.440s] [ 25%] [34m[1mPerforming download step (download, verify and extract) for 'libyaml-10c9078'[0m
[1.441s] cd /home/aziz/microros_ws1/firmware/mcu_ws/build/libyaml_vendor/libyaml-10c9078-prefix/src && /usr/bin/cmake -P /home/aziz/microros_ws1/firmware/mcu_ws/build/libyaml_vendor/libyaml-10c9078-prefix/src/libyaml-10c9078-stamp/download-libyaml-10c9078.cmake
[1.454s] -- Downloading...
[1.454s]    dst='/home/aziz/microros_ws1/firmware/mcu_ws/build/libyaml_vendor/libyaml-10c9078-prefix/src/10c907871f1ccd779c7fccf6b81a62762b5c4e7b.zip'
[1.454s]    timeout='60 seconds'
[1.454s] -- Using src='https://github.com/yaml/libyaml/archive/10c907871f1ccd779c7fccf6b81a62762b5c4e7b.zip'
[2.679s] -- [download 1% complete]
[2.679s] -- [download 2% complete]
[2.679s] -- [download 3% complete]
[2.680s] -- [download 5% complete]
[2.680s] -- [download 6% complete]
[2.680s] -- [download 7% complete]
[2.681s] -- [download 9% complete]
[2.682s] -- [download 10% complete]
[2.690s] -- [download 11% complete]
[2.720s] -- [download 13% complete]
[2.721s] -- [download 14% complete]
[2.721s] -- [download 15% complete]
[2.721s] -- [download 17% complete]
[2.723s] -- [download 19% complete]
[2.725s] -- [download 21% complete]
[2.725s] -- [download 22% complete]
[2.725s] -- [download 23% complete]
[2.726s] -- [download 25% complete]
[2.726s] -- [download 26% complete]
[2.727s] -- [download 27% complete]
[2.728s] -- [download 29% complete]
[2.728s] -- [download 30% complete]
[2.729s] -- [download 31% complete]
[2.729s] -- [download 33% complete]
[2.730s] -- [download 35% complete]
[2.752s] -- [download 37% complete]
[2.758s] -- [download 38% complete]
[2.764s] -- [download 39% complete]
[2.773s] -- [download 41% complete]
[2.773s] -- [download 42% complete]
[2.773s] -- [download 44% complete]
[2.774s] -- [download 45% complete]
[2.774s] -- [download 46% complete]
[2.774s] -- [download 48% complete]
[2.774s] -- [download 49% complete]
[2.774s] -- [download 50% complete]
[2.774s] -- [download 52% complete]
[2.774s] -- [download 53% complete]
[2.775s] -- [download 54% complete]
[2.775s] -- [download 56% complete]
[2.775s] -- [download 57% complete]
[2.775s] -- [download 58% complete]
[2.775s] -- [download 60% complete]
[2.775s] -- [download 61% complete]
[2.776s] -- [download 62% complete]
[2.776s] -- [download 64% complete]
[2.776s] -- [download 65% complete]
[2.776s] -- [download 66% complete]
[2.776s] -- [download 68% complete]
[2.776s] -- [download 69% complete]
[2.776s] -- [download 70% complete]
[2.776s] -- [download 72% complete]
[2.776s] -- [download 73% complete]
[2.777s] -- [download 74% complete]
[2.777s] -- [download 76% complete]
[2.777s] -- [download 77% complete]
[2.777s] -- [download 78% complete]
[2.777s] -- [download 80% complete]
[2.777s] -- [download 81% complete]
[2.777s] -- [download 82% complete]
[2.777s] -- [download 84% complete]
[2.807s] -- [download 85% complete]
[2.807s] -- [download 86% complete]
[2.807s] -- [download 88% complete]
[2.808s] -- [download 89% complete]
[2.808s] -- [download 91% complete]
[2.808s] -- [download 92% complete]
[2.808s] -- [download 93% complete]
[2.808s] -- [download 95% complete]
[2.809s] -- [download 96% complete]
[2.809s] -- [download 97% complete]
[2.809s] -- [download 99% complete]
[2.810s] -- [download 100% complete]
[2.810s] -- verifying file...
[2.810s]        file='/home/aziz/microros_ws1/firmware/mcu_ws/build/libyaml_vendor/libyaml-10c9078-prefix/src/10c907871f1ccd779c7fccf6b81a62762b5c4e7b.zip'
[2.810s] -- Downloading... done
[2.812s] cd /home/aziz/microros_ws1/firmware/mcu_ws/build/libyaml_vendor/libyaml-10c9078-prefix/src && /usr/bin/cmake -P /home/aziz/microros_ws1/firmware/mcu_ws/build/libyaml_vendor/libyaml-10c9078-prefix/src/libyaml-10c9078-stamp/verify-libyaml-10c9078.cmake
[2.830s] cd /home/aziz/microros_ws1/firmware/mcu_ws/build/libyaml_vendor/libyaml-10c9078-prefix/src && /usr/bin/cmake -P /home/aziz/microros_ws1/firmware/mcu_ws/build/libyaml_vendor/libyaml-10c9078-prefix/src/libyaml-10c9078-stamp/extract-libyaml-10c9078.cmake
[2.831s] -- extracting...
[2.831s]      src='/home/aziz/microros_ws1/firmware/mcu_ws/build/libyaml_vendor/libyaml-10c9078-prefix/src/10c907871f1ccd779c7fccf6b81a62762b5c4e7b.zip'
[2.831s]      dst='/home/aziz/microros_ws1/firmware/mcu_ws/build/libyaml_vendor/libyaml-10c9078-prefix/src/libyaml-10c9078'
[2.831s] -- extracting... [tar xfz]
[2.846s] -- extracting... [analysis]
[2.847s] -- extracting... [rename]
[2.847s] -- extracting... [clean up]
[2.847s] -- extracting... done
[2.848s] cd /home/aziz/microros_ws1/firmware/mcu_ws/build/libyaml_vendor/libyaml-10c9078-prefix/src && /usr/bin/cmake -E touch /home/aziz/microros_ws1/firmware/mcu_ws/build/libyaml_vendor/libyaml-10c9078-prefix/src/libyaml-10c9078-stamp/libyaml-10c9078-download
[2.869s] [ 50%] [34m[1mNo patch step for 'libyaml-10c9078'[0m
[2.869s] [ 50%] [34m[1mNo update step for 'libyaml-10c9078'[0m
[2.870s] /usr/bin/cmake -E echo_append
[2.870s] /usr/bin/cmake -E echo_append
[2.880s] /usr/bin/cmake -E touch /home/aziz/microros_ws1/firmware/mcu_ws/build/libyaml_vendor/libyaml-10c9078-prefix/src/libyaml-10c9078-stamp/libyaml-10c9078-patch
[2.890s] /usr/bin/cmake -E touch /home/aziz/microros_ws1/firmware/mcu_ws/build/libyaml_vendor/libyaml-10c9078-prefix/src/libyaml-10c9078-stamp/libyaml-10c9078-update
[2.913s] [ 62%] [34m[1mPerforming configure step for 'libyaml-10c9078'[0m
[2.913s] cd /home/aziz/microros_ws1/firmware/mcu_ws/build/libyaml_vendor/libyaml-10c9078-prefix/src/libyaml-10c9078-build && /usr/bin/cmake -DCMAKE_INSTALL_PREFIX=/home/aziz/microros_ws1/firmware/mcu_ws/build/libyaml_vendor/libyaml_install -DCMAKE_BUILD_TYPE=Debug -DBUILD_SHARED_LIBS=ON -DBUILD_TESTING=OFF "-DCMAKE_C_FLAGS=-mlongcalls -Wno-frame-address -mlongcalls -Wno-frame-address" -DCMAKE_TOOLCHAIN_FILE=/home/aziz/microros_ws1/firmware/freertos_apps/microros_esp32_extensions/esp32_toolchain.cmake "-GUnix Makefiles" /home/aziz/microros_ws1/firmware/mcu_ws/build/libyaml_vendor/libyaml-10c9078-prefix/src/libyaml-10c9078
[2.922s] Re-run cmake no build system arguments
[2.992s] -- The C compiler identification is GNU 8.2.0
[3.030s] -- Check for working C compiler: /home/aziz/microros_ws1/firmware/toolchain/espressif/tools/xtensa-esp32-elf/esp-2020r2-8.2.0/xtensa-esp32-elf/bin/xtensa-esp32-elf-gcc
[3.139s] -- Check for working C compiler: /home/aziz/microros_ws1/firmware/toolchain/espressif/tools/xtensa-esp32-elf/esp-2020r2-8.2.0/xtensa-esp32-elf/bin/xtensa-esp32-elf-gcc -- works
[3.140s] -- Detecting C compiler ABI info
[3.222s] -- Detecting C compiler ABI info - done
[3.232s] -- Detecting C compile features
[3.232s] CMake Warning (dev) at CMakeLists.txt:55 (add_library):
[3.232s]   ADD_LIBRARY called with SHARED option but the target platform does not
[3.232s]   support dynamic linking.  Building a STATIC library instead.  This may lead
[3.232s]   to problems.
[3.232s] This warning is for project developers.  Use -Wno-dev to suppress it.
[3.232s] 
[3.232s] -- Detecting C compile features - done
[3.239s] -- Configuring done
[3.242s] -- Generating done
[3.242s] -- Build files have been written to: /home/aziz/microros_ws1/firmware/mcu_ws/build/libyaml_vendor/libyaml-10c9078-prefix/src/libyaml-10c9078-build
[3.243s] cd /home/aziz/microros_ws1/firmware/mcu_ws/build/libyaml_vendor/libyaml-10c9078-prefix/src/libyaml-10c9078-build && /usr/bin/cmake -E touch /home/aziz/microros_ws1/firmware/mcu_ws/build/libyaml_vendor/libyaml-10c9078-prefix/src/libyaml-10c9078-stamp/libyaml-10c9078-configure
[3.285s] [ 75%] [34m[1mPerforming build step for 'libyaml-10c9078'[0m
[3.285s] cd /home/aziz/microros_ws1/firmware/mcu_ws/build/libyaml_vendor/libyaml-10c9078-prefix/src/libyaml-10c9078-build && /usr/bin/make
[3.294s] make[7]: Entering directory '/home/aziz/microros_ws1/firmware/mcu_ws/build/libyaml_vendor/libyaml-10c9078-prefix/src/libyaml-10c9078-build'
[3.295s] /usr/bin/cmake -S/home/aziz/microros_ws1/firmware/mcu_ws/build/libyaml_vendor/libyaml-10c9078-prefix/src/libyaml-10c9078 -B/home/aziz/microros_ws1/firmware/mcu_ws/build/libyaml_vendor/libyaml-10c9078-prefix/src/libyaml-10c9078-build --check-build-system CMakeFiles/Makefile.cmake 0
[3.303s] /usr/bin/cmake -E cmake_progress_start /home/aziz/microros_ws1/firmware/mcu_ws/build/libyaml_vendor/libyaml-10c9078-prefix/src/libyaml-10c9078-build/CMakeFiles /home/aziz/microros_ws1/firmware/mcu_ws/build/libyaml_vendor/libyaml-10c9078-prefix/src/libyaml-10c9078-build/CMakeFiles/progress.marks
[3.312s] /usr/bin/make -f CMakeFiles/Makefile2 all
[3.323s] make[8]: Entering directory '/home/aziz/microros_ws1/firmware/mcu_ws/build/libyaml_vendor/libyaml-10c9078-prefix/src/libyaml-10c9078-build'
[3.323s] /usr/bin/make -f CMakeFiles/yaml.dir/build.make CMakeFiles/yaml.dir/depend
[3.324s] make[9]: Entering directory '/home/aziz/microros_ws1/firmware/mcu_ws/build/libyaml_vendor/libyaml-10c9078-prefix/src/libyaml-10c9078-build'
[3.324s] cd /home/aziz/microros_ws1/firmware/mcu_ws/build/libyaml_vendor/libyaml-10c9078-prefix/src/libyaml-10c9078-build && /usr/bin/cmake -E cmake_depends "Unix Makefiles" /home/aziz/microros_ws1/firmware/mcu_ws/build/libyaml_vendor/libyaml-10c9078-prefix/src/libyaml-10c9078 /home/aziz/microros_ws1/firmware/mcu_ws/build/libyaml_vendor/libyaml-10c9078-prefix/src/libyaml-10c9078 /home/aziz/microros_ws1/firmware/mcu_ws/build/libyaml_vendor/libyaml-10c9078-prefix/src/libyaml-10c9078-build /home/aziz/microros_ws1/firmware/mcu_ws/build/libyaml_vendor/libyaml-10c9078-prefix/src/libyaml-10c9078-build /home/aziz/microros_ws1/firmware/mcu_ws/build/libyaml_vendor/libyaml-10c9078-prefix/src/libyaml-10c9078-build/CMakeFiles/yaml.dir/DependInfo.cmake --color=
[3.336s] Dependee "/home/aziz/microros_ws1/firmware/mcu_ws/build/libyaml_vendor/libyaml-10c9078-prefix/src/libyaml-10c9078-build/CMakeFiles/yaml.dir/DependInfo.cmake" is newer than depender "/home/aziz/microros_ws1/firmware/mcu_ws/build/libyaml_vendor/libyaml-10c9078-prefix/src/libyaml-10c9078-build/CMakeFiles/yaml.dir/depend.internal".
[3.336s] Dependee "/home/aziz/microros_ws1/firmware/mcu_ws/build/libyaml_vendor/libyaml-10c9078-prefix/src/libyaml-10c9078-build/CMakeFiles/CMakeDirectoryInformation.cmake" is newer than depender "/home/aziz/microros_ws1/firmware/mcu_ws/build/libyaml_vendor/libyaml-10c9078-prefix/src/libyaml-10c9078-build/CMakeFiles/yaml.dir/depend.internal".
[3.336s] [35m[1mScanning dependencies of target yaml[0m
[3.350s] make[9]: Leaving directory '/home/aziz/microros_ws1/firmware/mcu_ws/build/libyaml_vendor/libyaml-10c9078-prefix/src/libyaml-10c9078-build'
[3.350s] /usr/bin/make -f CMakeFiles/yaml.dir/build.make CMakeFiles/yaml.dir/build
[3.352s] make[9]: Entering directory '/home/aziz/microros_ws1/firmware/mcu_ws/build/libyaml_vendor/libyaml-10c9078-prefix/src/libyaml-10c9078-build'
[3.363s] [ 11%] [32mBuilding C object CMakeFiles/yaml.dir/src/api.c.obj[0m
[3.367s] /home/aziz/microros_ws1/firmware/toolchain/espressif/tools/xtensa-esp32-elf/esp-2020r2-8.2.0/xtensa-esp32-elf/bin/xtensa-esp32-elf-gcc -DHAVE_CONFIG_H -DLWIP_IPV4 -DLWIP_IPV6 -I/home/aziz/microros_ws1/firmware/freertos_apps/microros_esp32_extensions/build/config -I/home/aziz/microros_ws1/firmware/toolchain/esp-idf/components/newlib/platform_include -I/home/aziz/microros_ws1/firmware/toolchain/esp-idf/components/protocomm/include -I/home/aziz/microros_ws1/firmware/toolchain/esp-idf/components/esp_rom/include -I/home/aziz/microros_ws1/firmware/toolchain/esp-idf/components/driver/include -I/home/aziz/microros_ws1/firmware/toolchain/esp-idf/components/wear_levelling/include -I/home/aziz/microros_ws1/firmware/toolchain/esp-idf/components/vfs/include -I/home/aziz/microros_ws1/firmware/toolchain/esp-idf/components/log/include -I/home/aziz/microros_ws1/firmware/toolchain/esp-idf/components/freertos/include -I/home/aziz/microros_ws1/firmware/toolchain/esp-idf/components/wifi_provisioning/include -I/home/aziz/microros_ws1/firmware/toolchain/esp-idf/components/pthread/include -I/home/aziz/microros_ws1/firmware/toolchain/esp-idf/components/libsodium/libsodium/src/libsodium/include -I/home/aziz/microros_ws1/firmware/toolchain/esp-idf/components/coap/port/include -I/home/aziz/microros_ws1/firmware/toolchain/esp-idf/components/coap/libcoap/include -I/home/aziz/microros_ws1/firmware/toolchain/esp-idf/components/tcp_transport/include -I/home/aziz/microros_ws1/firmware/toolchain/esp-idf/components/unity/include -I/home/aziz/microros_ws1/firmware/toolchain/esp-idf/components/esp32/include -I/home/aziz/microros_ws1/firmware/toolchain/esp-idf/components/asio/port/include -I/home/aziz/microros_ws1/firmware/toolchain/esp-idf/components/asio/asio/asio/include -I/home/aziz/microros_ws1/firmware/toolchain/esp-idf/components/app_update/include -I/home/aziz/microros_ws1/firmware/toolchain/esp-idf/components/esp_ringbuf/include -I/home/aziz/microros_ws1/firmware/toolchain/esp-idf/components/soc/esp32/include -I/home/aziz/microros_ws1/firmware/toolchain/esp-idf/components/soc/include -I/home/aziz/microros_ws1/firmware/toolchain/esp-idf/components/efuse/test/include -I/home/aziz/microros_ws1/firmware/toolchain/esp-idf/components/efuse/esp32/include -I/home/aziz/microros_ws1/firmware/toolchain/esp-idf/components/efuse/include -I/home/aziz/microros_ws1/firmware/toolchain/esp-idf/components/mbedtls/port/include -I/home/aziz/microros_ws1/firmware/toolchain/esp-idf/components/mbedtls/mbedtls/include -I/home/aziz/microros_ws1/firmware/toolchain/esp-idf/components/xtensa/esp32/include -I/home/aziz/microros_ws1/firmware/toolchain/esp-idf/components/xtensa/include -I/home/aziz/microros_ws1/firmware/toolchain/esp-idf/components/app_trace/include -I/home/aziz/microros_ws1/firmware/toolchain/esp-idf/components/nvs_flash/include -I/home/aziz/microros_ws1/firmware/toolchain/esp-idf/components/jsmn/include -I/home/aziz/microros_ws1/firmware/toolchain/esp-idf/components/esp_eth/include -I/home/aziz/microros_ws1/firmware/toolchain/esp-idf/components/spiffs/include -I/home/aziz/microros_ws1/firmware/toolchain/esp-idf/components/ulp/include -I/home/aziz/microros_ws1/firmware/toolchain/esp-idf/components/mdns/include -I/home/aziz/microros_ws1/firmware/toolchain/esp-idf/components/freemodbus/modbus/include -I/home/aziz/microros_ws1/firmware/toolchain/esp-idf/components/freemodbus/common/include -I/home/aziz/microros_ws1/firmware/toolchain/esp-idf/components/esp_event/include -I/home/aziz/microros_ws1/firmware/toolchain/esp-idf/components/expat/port/include -I/home/aziz/microros_ws1/firmware/toolchain/esp-idf/components/bootloader_support/include -I/home/aziz/microros_ws1/firmware/toolchain/esp-idf/components/heap/include -I/home/aziz/microros_ws1/firmware/toolchain/esp-idf/components/wpa_supplicant/port/include -I/home/aziz/microros_ws1/firmware/toolchain/esp-idf/components/wpa_supplicant/include -I/home/aziz/microros_ws1/firmware/toolchain/esp-idf/components/tcpip_adapter/include -I/home/aziz/microros_ws1/firmware/toolchain/esp-idf/components/openssl/include -I/home/aziz/microros_ws1/firmware/toolchain/esp-idf/components/sdmmc/include -I/home/aziz/microros_ws1/firmware/toolchain/esp-idf/components/esp_local_ctrl/include -I/home/aziz/microros_ws1/firmware/toolchain/esp-idf/components/esp_common/include -I/home/aziz/microros_ws1/firmware/toolchain/esp-idf/components/lwip/lwip/src/include/lwip/apps -I/home/aziz/microros_ws1/firmware/toolchain/esp-idf/components/lwip/lwip/src/include/compat/posix -I/home/aziz/microros_ws1/firmware/toolchain/esp-idf/components/lwip/lwip/src/include -I/home/aziz/microros_ws1/firmware/toolchain/esp-idf/components/lwip/port/esp32/include -I/home/aziz/microros_ws1/firmware/mcu_ws/build/libyaml_vendor/libyaml-10c9078-prefix/src/libyaml-10c9078/include -I/home/aziz/microros_ws1/firmware/mcu_ws/build/libyaml_vendor/libyaml-10c9078-prefix/src/libyaml-10c9078-build/include  -mlongcalls -Wno-frame-address -mlongcalls -Wno-frame-address -g   -o CMakeFiles/yaml.dir/src/api.c.obj   -c /home/aziz/microros_ws1/firmware/mcu_ws/build/libyaml_vendor/libyaml-10c9078-prefix/src/libyaml-10c9078/src/api.c
[3.379s] [ 22%] [32mBuilding C object CMakeFiles/yaml.dir/src/emitter.c.obj[0m
[3.382s] /home/aziz/microros_ws1/firmware/toolchain/espressif/tools/xtensa-esp32-elf/esp-2020r2-8.2.0/xtensa-esp32-elf/bin/xtensa-esp32-elf-gcc -DHAVE_CONFIG_H -DLWIP_IPV4 -DLWIP_IPV6 -I/home/aziz/microros_ws1/firmware/freertos_apps/microros_esp32_extensions/build/config -I/home/aziz/microros_ws1/firmware/toolchain/esp-idf/components/newlib/platform_include -I/home/aziz/microros_ws1/firmware/toolchain/esp-idf/components/protocomm/include -I/home/aziz/microros_ws1/firmware/toolchain/esp-idf/components/esp_rom/include -I/home/aziz/microros_ws1/firmware/toolchain/esp-idf/components/driver/include -I/home/aziz/microros_ws1/firmware/toolchain/esp-idf/components/wear_levelling/include -I/home/aziz/microros_ws1/firmware/toolchain/esp-idf/components/vfs/include -I/home/aziz/microros_ws1/firmware/toolchain/esp-idf/components/log/include -I/home/aziz/microros_ws1/firmware/toolchain/esp-idf/components/freertos/include -I/home/aziz/microros_ws1/firmware/toolchain/esp-idf/components/wifi_provisioning/include -I/home/aziz/microros_ws1/firmware/toolchain/esp-idf/components/pthread/include -I/home/aziz/microros_ws1/firmware/toolchain/esp-idf/components/libsodium/libsodium/src/libsodium/include -I/home/aziz/microros_ws1/firmware/toolchain/esp-idf/components/coap/port/include -I/home/aziz/microros_ws1/firmware/toolchain/esp-idf/components/coap/libcoap/include -I/home/aziz/microros_ws1/firmware/toolchain/esp-idf/components/tcp_transport/include -I/home/aziz/microros_ws1/firmware/toolchain/esp-idf/components/unity/include -I/home/aziz/microros_ws1/firmware/toolchain/esp-idf/components/esp32/include -I/home/aziz/microros_ws1/firmware/toolchain/esp-idf/components/asio/port/include -I/home/aziz/microros_ws1/firmware/toolchain/esp-idf/components/asio/asio/asio/include -I/home/aziz/microros_ws1/firmware/toolchain/esp-idf/components/app_update/include -I/home/aziz/microros_ws1/firmware/toolchain/esp-idf/components/esp_ringbuf/include -I/home/aziz/microros_ws1/firmware/toolchain/esp-idf/components/soc/esp32/include -I/home/aziz/microros_ws1/firmware/toolchain/esp-idf/components/soc/include -I/home/aziz/microros_ws1/firmware/toolchain/esp-idf/components/efuse/test/include -I/home/aziz/microros_ws1/firmware/toolchain/esp-idf/components/efuse/esp32/include -I/home/aziz/microros_ws1/firmware/toolchain/esp-idf/components/efuse/include -I/home/aziz/microros_ws1/firmware/toolchain/esp-idf/components/mbedtls/port/include -I/home/aziz/microros_ws1/firmware/toolchain/esp-idf/components/mbedtls/mbedtls/include -I/home/aziz/microros_ws1/firmware/toolchain/esp-idf/components/xtensa/esp32/include -I/home/aziz/microros_ws1/firmware/toolchain/esp-idf/components/xtensa/include -I/home/aziz/microros_ws1/firmware/toolchain/esp-idf/components/app_trace/include -I/home/aziz/microros_ws1/firmware/toolchain/esp-idf/components/nvs_flash/include -I/home/aziz/microros_ws1/firmware/toolchain/esp-idf/components/jsmn/include -I/home/aziz/microros_ws1/firmware/toolchain/esp-idf/components/esp_eth/include -I/home/aziz/microros_ws1/firmware/toolchain/esp-idf/components/spiffs/include -I/home/aziz/microros_ws1/firmware/toolchain/esp-idf/components/ulp/include -I/home/aziz/microros_ws1/firmware/toolchain/esp-idf/components/mdns/include -I/home/aziz/microros_ws1/firmware/toolchain/esp-idf/components/freemodbus/modbus/include -I/home/aziz/microros_ws1/firmware/toolchain/esp-idf/components/freemodbus/common/include -I/home/aziz/microros_ws1/firmware/toolchain/esp-idf/components/esp_event/include -I/home/aziz/microros_ws1/firmware/toolchain/esp-idf/components/expat/port/include -I/home/aziz/microros_ws1/firmware/toolchain/esp-idf/components/bootloader_support/include -I/home/aziz/microros_ws1/firmware/toolchain/esp-idf/components/heap/include -I/home/aziz/microros_ws1/firmware/toolchain/esp-idf/components/wpa_supplicant/port/include -I/home/aziz/microros_ws1/firmware/toolchain/esp-idf/components/wpa_supplicant/include -I/home/aziz/microros_ws1/firmware/toolchain/esp-idf/components/tcpip_adapter/include -I/home/aziz/microros_ws1/firmware/toolchain/esp-idf/components/openssl/include -I/home/aziz/microros_ws1/firmware/toolchain/esp-idf/components/sdmmc/include -I/home/aziz/microros_ws1/firmware/toolchain/esp-idf/components/esp_local_ctrl/include -I/home/aziz/microros_ws1/firmware/toolchain/esp-idf/components/esp_common/include -I/home/aziz/microros_ws1/firmware/toolchain/esp-idf/components/lwip/lwip/src/include/lwip/apps -I/home/aziz/microros_ws1/firmware/toolchain/esp-idf/components/lwip/lwip/src/include/compat/posix -I/home/aziz/microros_ws1/firmware/toolchain/esp-idf/components/lwip/lwip/src/include -I/home/aziz/microros_ws1/firmware/toolchain/esp-idf/components/lwip/port/esp32/include -I/home/aziz/microros_ws1/firmware/mcu_ws/build/libyaml_vendor/libyaml-10c9078-prefix/src/libyaml-10c9078/include -I/home/aziz/microros_ws1/firmware/mcu_ws/build/libyaml_vendor/libyaml-10c9078-prefix/src/libyaml-10c9078-build/include  -mlongcalls -Wno-frame-address -mlongcalls -Wno-frame-address -g   -o CMakeFiles/yaml.dir/src/emitter.c.obj   -c /home/aziz/microros_ws1/firmware/mcu_ws/build/libyaml_vendor/libyaml-10c9078-prefix/src/libyaml-10c9078/src/emitter.c
[3.392s] [ 33%] [32mBuilding C object CMakeFiles/yaml.dir/src/dumper.c.obj[0m
[3.393s] [ 44%] [32mBuilding C object CMakeFiles/yaml.dir/src/loader.c.obj[0m
[3.394s] /home/aziz/microros_ws1/firmware/toolchain/espressif/tools/xtensa-esp32-elf/esp-2020r2-8.2.0/xtensa-esp32-elf/bin/xtensa-esp32-elf-gcc -DHAVE_CONFIG_H -DLWIP_IPV4 -DLWIP_IPV6 -I/home/aziz/microros_ws1/firmware/freertos_apps/microros_esp32_extensions/build/config -I/home/aziz/microros_ws1/firmware/toolchain/esp-idf/components/newlib/platform_include -I/home/aziz/microros_ws1/firmware/toolchain/esp-idf/components/protocomm/include -I/home/aziz/microros_ws1/firmware/toolchain/esp-idf/components/esp_rom/include -I/home/aziz/microros_ws1/firmware/toolchain/esp-idf/components/driver/include -I/home/aziz/microros_ws1/firmware/toolchain/esp-idf/components/wear_levelling/include -I/home/aziz/microros_ws1/firmware/toolchain/esp-idf/components/vfs/include -I/home/aziz/microros_ws1/firmware/toolchain/esp-idf/components/log/include -I/home/aziz/microros_ws1/firmware/toolchain/esp-idf/components/freertos/include -I/home/aziz/microros_ws1/firmware/toolchain/esp-idf/components/wifi_provisioning/include -I/home/aziz/microros_ws1/firmware/toolchain/esp-idf/components/pthread/include -I/home/aziz/microros_ws1/firmware/toolchain/esp-idf/components/libsodium/libsodium/src/libsodium/include -I/home/aziz/microros_ws1/firmware/toolchain/esp-idf/components/coap/port/include -I/home/aziz/microros_ws1/firmware/toolchain/esp-idf/components/coap/libcoap/include -I/home/aziz/microros_ws1/firmware/toolchain/esp-idf/components/tcp_transport/include -I/home/aziz/microros_ws1/firmware/toolchain/esp-idf/components/unity/include -I/home/aziz/microros_ws1/firmware/toolchain/esp-idf/components/esp32/include -I/home/aziz/microros_ws1/firmware/toolchain/esp-idf/components/asio/port/include -I/home/aziz/microros_ws1/firmware/toolchain/esp-idf/components/asio/asio/asio/include -I/home/aziz/microros_ws1/firmware/toolchain/esp-idf/components/app_update/include -I/home/aziz/microros_ws1/firmware/toolchain/esp-idf/components/esp_ringbuf/include -I/home/aziz/microros_ws1/firmware/toolchain/esp-idf/components/soc/esp32/include -I/home/aziz/microros_ws1/firmware/toolchain/esp-idf/components/soc/include -I/home/aziz/microros_ws1/firmware/toolchain/esp-idf/components/efuse/test/include -I/home/aziz/microros_ws1/firmware/toolchain/esp-idf/components/efuse/esp32/include -I/home/aziz/microros_ws1/firmware/toolchain/esp-idf/components/efuse/include -I/home/aziz/microros_ws1/firmware/toolchain/esp-idf/components/mbedtls/port/include -I/home/aziz/microros_ws1/firmware/toolchain/esp-idf/components/mbedtls/mbedtls/include -I/home/aziz/microros_ws1/firmware/toolchain/esp-idf/components/xtensa/esp32/include -I/home/aziz/microros_ws1/firmware/toolchain/esp-idf/components/xtensa/include -I/home/aziz/microros_ws1/firmware/toolchain/esp-idf/components/app_trace/include -I/home/aziz/microros_ws1/firmware/toolchain/esp-idf/components/nvs_flash/include -I/home/aziz/microros_ws1/firmware/toolchain/esp-idf/components/jsmn/include -I/home/aziz/microros_ws1/firmware/toolchain/esp-idf/components/esp_eth/include -I/home/aziz/microros_ws1/firmware/toolchain/esp-idf/components/spiffs/include -I/home/aziz/microros_ws1/firmware/toolchain/esp-idf/components/ulp/include -I/home/aziz/microros_ws1/firmware/toolchain/esp-idf/components/mdns/include -I/home/aziz/microros_ws1/firmware/toolchain/esp-idf/components/freemodbus/modbus/include -I/home/aziz/microros_ws1/firmware/toolchain/esp-idf/components/freemodbus/common/include -I/home/aziz/microros_ws1/firmware/toolchain/esp-idf/components/esp_event/include -I/home/aziz/microros_ws1/firmware/toolchain/esp-idf/components/expat/port/include -I/home/aziz/microros_ws1/firmware/toolchain/esp-idf/components/bootloader_support/include -I/home/aziz/microros_ws1/firmware/toolchain/esp-idf/components/heap/include -I/home/aziz/microros_ws1/firmware/toolchain/esp-idf/components/wpa_supplicant/port/include -I/home/aziz/microros_ws1/firmware/toolchain/esp-idf/components/wpa_supplicant/include -I/home/aziz/microros_ws1/firmware/toolchain/esp-idf/components/tcpip_adapter/include -I/home/aziz/microros_ws1/firmware/toolchain/esp-idf/components/openssl/include -I/home/aziz/microros_ws1/firmware/toolchain/esp-idf/components/sdmmc/include -I/home/aziz/microros_ws1/firmware/toolchain/esp-idf/components/esp_local_ctrl/include -I/home/aziz/microros_ws1/firmware/toolchain/esp-idf/components/esp_common/include -I/home/aziz/microros_ws1/firmware/toolchain/esp-idf/components/lwip/lwip/src/include/lwip/apps -I/home/aziz/microros_ws1/firmware/toolchain/esp-idf/components/lwip/lwip/src/include/compat/posix -I/home/aziz/microros_ws1/firmware/toolchain/esp-idf/components/lwip/lwip/src/include -I/home/aziz/microros_ws1/firmware/toolchain/esp-idf/components/lwip/port/esp32/include -I/home/aziz/microros_ws1/firmware/mcu_ws/build/libyaml_vendor/libyaml-10c9078-prefix/src/libyaml-10c9078/include -I/home/aziz/microros_ws1/firmware/mcu_ws/build/libyaml_vendor/libyaml-10c9078-prefix/src/libyaml-10c9078-build/include  -mlongcalls -Wno-frame-address -mlongcalls -Wno-frame-address -g   -o CMakeFiles/yaml.dir/src/dumper.c.obj   -c /home/aziz/microros_ws1/firmware/mcu_ws/build/libyaml_vendor/libyaml-10c9078-prefix/src/libyaml-10c9078/src/dumper.c
[3.403s] /home/aziz/microros_ws1/firmware/toolchain/espressif/tools/xtensa-esp32-elf/esp-2020r2-8.2.0/xtensa-esp32-elf/bin/xtensa-esp32-elf-gcc -DHAVE_CONFIG_H -DLWIP_IPV4 -DLWIP_IPV6 -I/home/aziz/microros_ws1/firmware/freertos_apps/microros_esp32_extensions/build/config -I/home/aziz/microros_ws1/firmware/toolchain/esp-idf/components/newlib/platform_include -I/home/aziz/microros_ws1/firmware/toolchain/esp-idf/components/protocomm/include -I/home/aziz/microros_ws1/firmware/toolchain/esp-idf/components/esp_rom/include -I/home/aziz/microros_ws1/firmware/toolchain/esp-idf/components/driver/include -I/home/aziz/microros_ws1/firmware/toolchain/esp-idf/components/wear_levelling/include -I/home/aziz/microros_ws1/firmware/toolchain/esp-idf/components/vfs/include -I/home/aziz/microros_ws1/firmware/toolchain/esp-idf/components/log/include -I/home/aziz/microros_ws1/firmware/toolchain/esp-idf/components/freertos/include -I/home/aziz/microros_ws1/firmware/toolchain/esp-idf/components/wifi_provisioning/include -I/home/aziz/microros_ws1/firmware/toolchain/esp-idf/components/pthread/include -I/home/aziz/microros_ws1/firmware/toolchain/esp-idf/components/libsodium/libsodium/src/libsodium/include -I/home/aziz/microros_ws1/firmware/toolchain/esp-idf/components/coap/port/include -I/home/aziz/microros_ws1/firmware/toolchain/esp-idf/components/coap/libcoap/include -I/home/aziz/microros_ws1/firmware/toolchain/esp-idf/components/tcp_transport/include -I/home/aziz/microros_ws1/firmware/toolchain/esp-idf/components/unity/include -I/home/aziz/microros_ws1/firmware/toolchain/esp-idf/components/esp32/include -I/home/aziz/microros_ws1/firmware/toolchain/esp-idf/components/asio/port/include -I/home/aziz/microros_ws1/firmware/toolchain/esp-idf/components/asio/asio/asio/include -I/home/aziz/microros_ws1/firmware/toolchain/esp-idf/components/app_update/include -I/home/aziz/microros_ws1/firmware/toolchain/esp-idf/components/esp_ringbuf/include -I/home/aziz/microros_ws1/firmware/toolchain/esp-idf/components/soc/esp32/include -I/home/aziz/microros_ws1/firmware/toolchain/esp-idf/components/soc/include -I/home/aziz/microros_ws1/firmware/toolchain/esp-idf/components/efuse/test/include -I/home/aziz/microros_ws1/firmware/toolchain/esp-idf/components/efuse/esp32/include -I/home/aziz/microros_ws1/firmware/toolchain/esp-idf/components/efuse/include -I/home/aziz/microros_ws1/firmware/toolchain/esp-idf/components/mbedtls/port/include -I/home/aziz/microros_ws1/firmware/toolchain/esp-idf/components/mbedtls/mbedtls/include -I/home/aziz/microros_ws1/firmware/toolchain/esp-idf/components/xtensa/esp32/include -I/home/aziz/microros_ws1/firmware/toolchain/esp-idf/components/xtensa/include -I/home/aziz/microros_ws1/firmware/toolchain/esp-idf/components/app_trace/include -I/home/aziz/microros_ws1/firmware/toolchain/esp-idf/components/nvs_flash/include -I/home/aziz/microros_ws1/firmware/toolchain/esp-idf/components/jsmn/include -I/home/aziz/microros_ws1/firmware/toolchain/esp-idf/components/esp_eth/include -I/home/aziz/microros_ws1/firmware/toolchain/esp-idf/components/spiffs/include -I/home/aziz/microros_ws1/firmware/toolchain/esp-idf/components/ulp/include -I/home/aziz/microros_ws1/firmware/toolchain/esp-idf/components/mdns/include -I/home/aziz/microros_ws1/firmware/toolchain/esp-idf/components/freemodbus/modbus/include -I/home/aziz/microros_ws1/firmware/toolchain/esp-idf/components/freemodbus/common/include -I/home/aziz/microros_ws1/firmware/toolchain/esp-idf/components/esp_event/include -I/home/aziz/microros_ws1/firmware/toolchain/esp-idf/components/expat/port/include -I/home/aziz/microros_ws1/firmware/toolchain/esp-idf/components/bootloader_support/include -I/home/aziz/microros_ws1/firmware/toolchain/esp-idf/components/heap/include -I/home/aziz/microros_ws1/firmware/toolchain/esp-idf/components/wpa_supplicant/port/include -I/home/aziz/microros_ws1/firmware/toolchain/esp-idf/components/wpa_supplicant/include -I/home/aziz/microros_ws1/firmware/toolchain/esp-idf/components/tcpip_adapter/include -I/home/aziz/microros_ws1/firmware/toolchain/esp-idf/components/openssl/include -I/home/aziz/microros_ws1/firmware/toolchain/esp-idf/components/sdmmc/include -I/home/aziz/microros_ws1/firmware/toolchain/esp-idf/components/esp_local_ctrl/include -I/home/aziz/microros_ws1/firmware/toolchain/esp-idf/components/esp_common/include -I/home/aziz/microros_ws1/firmware/toolchain/esp-idf/components/lwip/lwip/src/include/lwip/apps -I/home/aziz/microros_ws1/firmware/toolchain/esp-idf/components/lwip/lwip/src/include/compat/posix -I/home/aziz/microros_ws1/firmware/toolchain/esp-idf/components/lwip/lwip/src/include -I/home/aziz/microros_ws1/firmware/toolchain/esp-idf/components/lwip/port/esp32/include -I/home/aziz/microros_ws1/firmware/mcu_ws/build/libyaml_vendor/libyaml-10c9078-prefix/src/libyaml-10c9078/include -I/home/aziz/microros_ws1/firmware/mcu_ws/build/libyaml_vendor/libyaml-10c9078-prefix/src/libyaml-10c9078-build/include  -mlongcalls -Wno-frame-address -mlongcalls -Wno-frame-address -g   -o CMakeFiles/yaml.dir/src/loader.c.obj   -c /home/aziz/microros_ws1/firmware/mcu_ws/build/libyaml_vendor/libyaml-10c9078-prefix/src/libyaml-10c9078/src/loader.c
[3.579s] [ 55%] [32mBuilding C object CMakeFiles/yaml.dir/src/parser.c.obj[0m
[3.587s] /home/aziz/microros_ws1/firmware/toolchain/espressif/tools/xtensa-esp32-elf/esp-2020r2-8.2.0/xtensa-esp32-elf/bin/xtensa-esp32-elf-gcc -DHAVE_CONFIG_H -DLWIP_IPV4 -DLWIP_IPV6 -I/home/aziz/microros_ws1/firmware/freertos_apps/microros_esp32_extensions/build/config -I/home/aziz/microros_ws1/firmware/toolchain/esp-idf/components/newlib/platform_include -I/home/aziz/microros_ws1/firmware/toolchain/esp-idf/components/protocomm/include -I/home/aziz/microros_ws1/firmware/toolchain/esp-idf/components/esp_rom/include -I/home/aziz/microros_ws1/firmware/toolchain/esp-idf/components/driver/include -I/home/aziz/microros_ws1/firmware/toolchain/esp-idf/components/wear_levelling/include -I/home/aziz/microros_ws1/firmware/toolchain/esp-idf/components/vfs/include -I/home/aziz/microros_ws1/firmware/toolchain/esp-idf/components/log/include -I/home/aziz/microros_ws1/firmware/toolchain/esp-idf/components/freertos/include -I/home/aziz/microros_ws1/firmware/toolchain/esp-idf/components/wifi_provisioning/include -I/home/aziz/microros_ws1/firmware/toolchain/esp-idf/components/pthread/include -I/home/aziz/microros_ws1/firmware/toolchain/esp-idf/components/libsodium/libsodium/src/libsodium/include -I/home/aziz/microros_ws1/firmware/toolchain/esp-idf/components/coap/port/include -I/home/aziz/microros_ws1/firmware/toolchain/esp-idf/components/coap/libcoap/include -I/home/aziz/microros_ws1/firmware/toolchain/esp-idf/components/tcp_transport/include -I/home/aziz/microros_ws1/firmware/toolchain/esp-idf/components/unity/include -I/home/aziz/microros_ws1/firmware/toolchain/esp-idf/components/esp32/include -I/home/aziz/microros_ws1/firmware/toolchain/esp-idf/components/asio/port/include -I/home/aziz/microros_ws1/firmware/toolchain/esp-idf/components/asio/asio/asio/include -I/home/aziz/microros_ws1/firmware/toolchain/esp-idf/components/app_update/include -I/home/aziz/microros_ws1/firmware/toolchain/esp-idf/components/esp_ringbuf/include -I/home/aziz/microros_ws1/firmware/toolchain/esp-idf/components/soc/esp32/include -I/home/aziz/microros_ws1/firmware/toolchain/esp-idf/components/soc/include -I/home/aziz/microros_ws1/firmware/toolchain/esp-idf/components/efuse/test/include -I/home/aziz/microros_ws1/firmware/toolchain/esp-idf/components/efuse/esp32/include -I/home/aziz/microros_ws1/firmware/toolchain/esp-idf/components/efuse/include -I/home/aziz/microros_ws1/firmware/toolchain/esp-idf/components/mbedtls/port/include -I/home/aziz/microros_ws1/firmware/toolchain/esp-idf/components/mbedtls/mbedtls/include -I/home/aziz/microros_ws1/firmware/toolchain/esp-idf/components/xtensa/esp32/include -I/home/aziz/microros_ws1/firmware/toolchain/esp-idf/components/xtensa/include -I/home/aziz/microros_ws1/firmware/toolchain/esp-idf/components/app_trace/include -I/home/aziz/microros_ws1/firmware/toolchain/esp-idf/components/nvs_flash/include -I/home/aziz/microros_ws1/firmware/toolchain/esp-idf/components/jsmn/include -I/home/aziz/microros_ws1/firmware/toolchain/esp-idf/components/esp_eth/include -I/home/aziz/microros_ws1/firmware/toolchain/esp-idf/components/spiffs/include -I/home/aziz/microros_ws1/firmware/toolchain/esp-idf/components/ulp/include -I/home/aziz/microros_ws1/firmware/toolchain/esp-idf/components/mdns/include -I/home/aziz/microros_ws1/firmware/toolchain/esp-idf/components/freemodbus/modbus/include -I/home/aziz/microros_ws1/firmware/toolchain/esp-idf/components/freemodbus/common/include -I/home/aziz/microros_ws1/firmware/toolchain/esp-idf/components/esp_event/include -I/home/aziz/microros_ws1/firmware/toolchain/esp-idf/components/expat/port/include -I/home/aziz/microros_ws1/firmware/toolchain/esp-idf/components/bootloader_support/include -I/home/aziz/microros_ws1/firmware/toolchain/esp-idf/components/heap/include -I/home/aziz/microros_ws1/firmware/toolchain/esp-idf/components/wpa_supplicant/port/include -I/home/aziz/microros_ws1/firmware/toolchain/esp-idf/components/wpa_supplicant/include -I/home/aziz/microros_ws1/firmware/toolchain/esp-idf/components/tcpip_adapter/include -I/home/aziz/microros_ws1/firmware/toolchain/esp-idf/components/openssl/include -I/home/aziz/microros_ws1/firmware/toolchain/esp-idf/components/sdmmc/include -I/home/aziz/microros_ws1/firmware/toolchain/esp-idf/components/esp_local_ctrl/include -I/home/aziz/microros_ws1/firmware/toolchain/esp-idf/components/esp_common/include -I/home/aziz/microros_ws1/firmware/toolchain/esp-idf/components/lwip/lwip/src/include/lwip/apps -I/home/aziz/microros_ws1/firmware/toolchain/esp-idf/components/lwip/lwip/src/include/compat/posix -I/home/aziz/microros_ws1/firmware/toolchain/esp-idf/components/lwip/lwip/src/include -I/home/aziz/microros_ws1/firmware/toolchain/esp-idf/components/lwip/port/esp32/include -I/home/aziz/microros_ws1/firmware/mcu_ws/build/libyaml_vendor/libyaml-10c9078-prefix/src/libyaml-10c9078/include -I/home/aziz/microros_ws1/firmware/mcu_ws/build/libyaml_vendor/libyaml-10c9078-prefix/src/libyaml-10c9078-build/include  -mlongcalls -Wno-frame-address -mlongcalls -Wno-frame-address -g   -o CMakeFiles/yaml.dir/src/parser.c.obj   -c /home/aziz/microros_ws1/firmware/mcu_ws/build/libyaml_vendor/libyaml-10c9078-prefix/src/libyaml-10c9078/src/parser.c
[3.615s] [ 66%] [32mBuilding C object CMakeFiles/yaml.dir/src/reader.c.obj[0m
[3.616s] /home/aziz/microros_ws1/firmware/toolchain/espressif/tools/xtensa-esp32-elf/esp-2020r2-8.2.0/xtensa-esp32-elf/bin/xtensa-esp32-elf-gcc -DHAVE_CONFIG_H -DLWIP_IPV4 -DLWIP_IPV6 -I/home/aziz/microros_ws1/firmware/freertos_apps/microros_esp32_extensions/build/config -I/home/aziz/microros_ws1/firmware/toolchain/esp-idf/components/newlib/platform_include -I/home/aziz/microros_ws1/firmware/toolchain/esp-idf/components/protocomm/include -I/home/aziz/microros_ws1/firmware/toolchain/esp-idf/components/esp_rom/include -I/home/aziz/microros_ws1/firmware/toolchain/esp-idf/components/driver/include -I/home/aziz/microros_ws1/firmware/toolchain/esp-idf/components/wear_levelling/include -I/home/aziz/microros_ws1/firmware/toolchain/esp-idf/components/vfs/include -I/home/aziz/microros_ws1/firmware/toolchain/esp-idf/components/log/include -I/home/aziz/microros_ws1/firmware/toolchain/esp-idf/components/freertos/include -I/home/aziz/microros_ws1/firmware/toolchain/esp-idf/components/wifi_provisioning/include -I/home/aziz/microros_ws1/firmware/toolchain/esp-idf/components/pthread/include -I/home/aziz/microros_ws1/firmware/toolchain/esp-idf/components/libsodium/libsodium/src/libsodium/include -I/home/aziz/microros_ws1/firmware/toolchain/esp-idf/components/coap/port/include -I/home/aziz/microros_ws1/firmware/toolchain/esp-idf/components/coap/libcoap/include -I/home/aziz/microros_ws1/firmware/toolchain/esp-idf/components/tcp_transport/include -I/home/aziz/microros_ws1/firmware/toolchain/esp-idf/components/unity/include -I/home/aziz/microros_ws1/firmware/toolchain/esp-idf/components/esp32/include -I/home/aziz/microros_ws1/firmware/toolchain/esp-idf/components/asio/port/include -I/home/aziz/microros_ws1/firmware/toolchain/esp-idf/components/asio/asio/asio/include -I/home/aziz/microros_ws1/firmware/toolchain/esp-idf/components/app_update/include -I/home/aziz/microros_ws1/firmware/toolchain/esp-idf/components/esp_ringbuf/include -I/home/aziz/microros_ws1/firmware/toolchain/esp-idf/components/soc/esp32/include -I/home/aziz/microros_ws1/firmware/toolchain/esp-idf/components/soc/include -I/home/aziz/microros_ws1/firmware/toolchain/esp-idf/components/efuse/test/include -I/home/aziz/microros_ws1/firmware/toolchain/esp-idf/components/efuse/esp32/include -I/home/aziz/microros_ws1/firmware/toolchain/esp-idf/components/efuse/include -I/home/aziz/microros_ws1/firmware/toolchain/esp-idf/components/mbedtls/port/include -I/home/aziz/microros_ws1/firmware/toolchain/esp-idf/components/mbedtls/mbedtls/include -I/home/aziz/microros_ws1/firmware/toolchain/esp-idf/components/xtensa/esp32/include -I/home/aziz/microros_ws1/firmware/toolchain/esp-idf/components/xtensa/include -I/home/aziz/microros_ws1/firmware/toolchain/esp-idf/components/app_trace/include -I/home/aziz/microros_ws1/firmware/toolchain/esp-idf/components/nvs_flash/include -I/home/aziz/microros_ws1/firmware/toolchain/esp-idf/components/jsmn/include -I/home/aziz/microros_ws1/firmware/toolchain/esp-idf/components/esp_eth/include -I/home/aziz/microros_ws1/firmware/toolchain/esp-idf/components/spiffs/include -I/home/aziz/microros_ws1/firmware/toolchain/esp-idf/components/ulp/include -I/home/aziz/microros_ws1/firmware/toolchain/esp-idf/components/mdns/include -I/home/aziz/microros_ws1/firmware/toolchain/esp-idf/components/freemodbus/modbus/include -I/home/aziz/microros_ws1/firmware/toolchain/esp-idf/components/freemodbus/common/include -I/home/aziz/microros_ws1/firmware/toolchain/esp-idf/components/esp_event/include -I/home/aziz/microros_ws1/firmware/toolchain/esp-idf/components/expat/port/include -I/home/aziz/microros_ws1/firmware/toolchain/esp-idf/components/bootloader_support/include -I/home/aziz/microros_ws1/firmware/toolchain/esp-idf/components/heap/include -I/home/aziz/microros_ws1/firmware/toolchain/esp-idf/components/wpa_supplicant/port/include -I/home/aziz/microros_ws1/firmware/toolchain/esp-idf/components/wpa_supplicant/include -I/home/aziz/microros_ws1/firmware/toolchain/esp-idf/components/tcpip_adapter/include -I/home/aziz/microros_ws1/firmware/toolchain/esp-idf/components/openssl/include -I/home/aziz/microros_ws1/firmware/toolchain/esp-idf/components/sdmmc/include -I/home/aziz/microros_ws1/firmware/toolchain/esp-idf/components/esp_local_ctrl/include -I/home/aziz/microros_ws1/firmware/toolchain/esp-idf/components/esp_common/include -I/home/aziz/microros_ws1/firmware/toolchain/esp-idf/components/lwip/lwip/src/include/lwip/apps -I/home/aziz/microros_ws1/firmware/toolchain/esp-idf/components/lwip/lwip/src/include/compat/posix -I/home/aziz/microros_ws1/firmware/toolchain/esp-idf/components/lwip/lwip/src/include -I/home/aziz/microros_ws1/firmware/toolchain/esp-idf/components/lwip/port/esp32/include -I/home/aziz/microros_ws1/firmware/mcu_ws/build/libyaml_vendor/libyaml-10c9078-prefix/src/libyaml-10c9078/include -I/home/aziz/microros_ws1/firmware/mcu_ws/build/libyaml_vendor/libyaml-10c9078-prefix/src/libyaml-10c9078-build/include  -mlongcalls -Wno-frame-address -mlongcalls -Wno-frame-address -g   -o CMakeFiles/yaml.dir/src/reader.c.obj   -c /home/aziz/microros_ws1/firmware/mcu_ws/build/libyaml_vendor/libyaml-10c9078-prefix/src/libyaml-10c9078/src/reader.c
[3.648s] [ 77%] [32mBuilding C object CMakeFiles/yaml.dir/src/scanner.c.obj[0m
[3.649s] /home/aziz/microros_ws1/firmware/toolchain/espressif/tools/xtensa-esp32-elf/esp-2020r2-8.2.0/xtensa-esp32-elf/bin/xtensa-esp32-elf-gcc -DHAVE_CONFIG_H -DLWIP_IPV4 -DLWIP_IPV6 -I/home/aziz/microros_ws1/firmware/freertos_apps/microros_esp32_extensions/build/config -I/home/aziz/microros_ws1/firmware/toolchain/esp-idf/components/newlib/platform_include -I/home/aziz/microros_ws1/firmware/toolchain/esp-idf/components/protocomm/include -I/home/aziz/microros_ws1/firmware/toolchain/esp-idf/components/esp_rom/include -I/home/aziz/microros_ws1/firmware/toolchain/esp-idf/components/driver/include -I/home/aziz/microros_ws1/firmware/toolchain/esp-idf/components/wear_levelling/include -I/home/aziz/microros_ws1/firmware/toolchain/esp-idf/components/vfs/include -I/home/aziz/microros_ws1/firmware/toolchain/esp-idf/components/log/include -I/home/aziz/microros_ws1/firmware/toolchain/esp-idf/components/freertos/include -I/home/aziz/microros_ws1/firmware/toolchain/esp-idf/components/wifi_provisioning/include -I/home/aziz/microros_ws1/firmware/toolchain/esp-idf/components/pthread/include -I/home/aziz/microros_ws1/firmware/toolchain/esp-idf/components/libsodium/libsodium/src/libsodium/include -I/home/aziz/microros_ws1/firmware/toolchain/esp-idf/components/coap/port/include -I/home/aziz/microros_ws1/firmware/toolchain/esp-idf/components/coap/libcoap/include -I/home/aziz/microros_ws1/firmware/toolchain/esp-idf/components/tcp_transport/include -I/home/aziz/microros_ws1/firmware/toolchain/esp-idf/components/unity/include -I/home/aziz/microros_ws1/firmware/toolchain/esp-idf/components/esp32/include -I/home/aziz/microros_ws1/firmware/toolchain/esp-idf/components/asio/port/include -I/home/aziz/microros_ws1/firmware/toolchain/esp-idf/components/asio/asio/asio/include -I/home/aziz/microros_ws1/firmware/toolchain/esp-idf/components/app_update/include -I/home/aziz/microros_ws1/firmware/toolchain/esp-idf/components/esp_ringbuf/include -I/home/aziz/microros_ws1/firmware/toolchain/esp-idf/components/soc/esp32/include -I/home/aziz/microros_ws1/firmware/toolchain/esp-idf/components/soc/include -I/home/aziz/microros_ws1/firmware/toolchain/esp-idf/components/efuse/test/include -I/home/aziz/microros_ws1/firmware/toolchain/esp-idf/components/efuse/esp32/include -I/home/aziz/microros_ws1/firmware/toolchain/esp-idf/components/efuse/include -I/home/aziz/microros_ws1/firmware/toolchain/esp-idf/components/mbedtls/port/include -I/home/aziz/microros_ws1/firmware/toolchain/esp-idf/components/mbedtls/mbedtls/include -I/home/aziz/microros_ws1/firmware/toolchain/esp-idf/components/xtensa/esp32/include -I/home/aziz/microros_ws1/firmware/toolchain/esp-idf/components/xtensa/include -I/home/aziz/microros_ws1/firmware/toolchain/esp-idf/components/app_trace/include -I/home/aziz/microros_ws1/firmware/toolchain/esp-idf/components/nvs_flash/include -I/home/aziz/microros_ws1/firmware/toolchain/esp-idf/components/jsmn/include -I/home/aziz/microros_ws1/firmware/toolchain/esp-idf/components/esp_eth/include -I/home/aziz/microros_ws1/firmware/toolchain/esp-idf/components/spiffs/include -I/home/aziz/microros_ws1/firmware/toolchain/esp-idf/components/ulp/include -I/home/aziz/microros_ws1/firmware/toolchain/esp-idf/components/mdns/include -I/home/aziz/microros_ws1/firmware/toolchain/esp-idf/components/freemodbus/modbus/include -I/home/aziz/microros_ws1/firmware/toolchain/esp-idf/components/freemodbus/common/include -I/home/aziz/microros_ws1/firmware/toolchain/esp-idf/components/esp_event/include -I/home/aziz/microros_ws1/firmware/toolchain/esp-idf/components/expat/port/include -I/home/aziz/microros_ws1/firmware/toolchain/esp-idf/components/bootloader_support/include -I/home/aziz/microros_ws1/firmware/toolchain/esp-idf/components/heap/include -I/home/aziz/microros_ws1/firmware/toolchain/esp-idf/components/wpa_supplicant/port/include -I/home/aziz/microros_ws1/firmware/toolchain/esp-idf/components/wpa_supplicant/include -I/home/aziz/microros_ws1/firmware/toolchain/esp-idf/components/tcpip_adapter/include -I/home/aziz/microros_ws1/firmware/toolchain/esp-idf/components/openssl/include -I/home/aziz/microros_ws1/firmware/toolchain/esp-idf/components/sdmmc/include -I/home/aziz/microros_ws1/firmware/toolchain/esp-idf/components/esp_local_ctrl/include -I/home/aziz/microros_ws1/firmware/toolchain/esp-idf/components/esp_common/include -I/home/aziz/microros_ws1/firmware/toolchain/esp-idf/components/lwip/lwip/src/include/lwip/apps -I/home/aziz/microros_ws1/firmware/toolchain/esp-idf/components/lwip/lwip/src/include/compat/posix -I/home/aziz/microros_ws1/firmware/toolchain/esp-idf/components/lwip/lwip/src/include -I/home/aziz/microros_ws1/firmware/toolchain/esp-idf/components/lwip/port/esp32/include -I/home/aziz/microros_ws1/firmware/mcu_ws/build/libyaml_vendor/libyaml-10c9078-prefix/src/libyaml-10c9078/include -I/home/aziz/microros_ws1/firmware/mcu_ws/build/libyaml_vendor/libyaml-10c9078-prefix/src/libyaml-10c9078-build/include  -mlongcalls -Wno-frame-address -mlongcalls -Wno-frame-address -g   -o CMakeFiles/yaml.dir/src/scanner.c.obj   -c /home/aziz/microros_ws1/firmware/mcu_ws/build/libyaml_vendor/libyaml-10c9078-prefix/src/libyaml-10c9078/src/scanner.c
[3.776s] [ 88%] [32mBuilding C object CMakeFiles/yaml.dir/src/writer.c.obj[0m
[3.777s] /home/aziz/microros_ws1/firmware/toolchain/espressif/tools/xtensa-esp32-elf/esp-2020r2-8.2.0/xtensa-esp32-elf/bin/xtensa-esp32-elf-gcc -DHAVE_CONFIG_H -DLWIP_IPV4 -DLWIP_IPV6 -I/home/aziz/microros_ws1/firmware/freertos_apps/microros_esp32_extensions/build/config -I/home/aziz/microros_ws1/firmware/toolchain/esp-idf/components/newlib/platform_include -I/home/aziz/microros_ws1/firmware/toolchain/esp-idf/components/protocomm/include -I/home/aziz/microros_ws1/firmware/toolchain/esp-idf/components/esp_rom/include -I/home/aziz/microros_ws1/firmware/toolchain/esp-idf/components/driver/include -I/home/aziz/microros_ws1/firmware/toolchain/esp-idf/components/wear_levelling/include -I/home/aziz/microros_ws1/firmware/toolchain/esp-idf/components/vfs/include -I/home/aziz/microros_ws1/firmware/toolchain/esp-idf/components/log/include -I/home/aziz/microros_ws1/firmware/toolchain/esp-idf/components/freertos/include -I/home/aziz/microros_ws1/firmware/toolchain/esp-idf/components/wifi_provisioning/include -I/home/aziz/microros_ws1/firmware/toolchain/esp-idf/components/pthread/include -I/home/aziz/microros_ws1/firmware/toolchain/esp-idf/components/libsodium/libsodium/src/libsodium/include -I/home/aziz/microros_ws1/firmware/toolchain/esp-idf/components/coap/port/include -I/home/aziz/microros_ws1/firmware/toolchain/esp-idf/components/coap/libcoap/include -I/home/aziz/microros_ws1/firmware/toolchain/esp-idf/components/tcp_transport/include -I/home/aziz/microros_ws1/firmware/toolchain/esp-idf/components/unity/include -I/home/aziz/microros_ws1/firmware/toolchain/esp-idf/components/esp32/include -I/home/aziz/microros_ws1/firmware/toolchain/esp-idf/components/asio/port/include -I/home/aziz/microros_ws1/firmware/toolchain/esp-idf/components/asio/asio/asio/include -I/home/aziz/microros_ws1/firmware/toolchain/esp-idf/components/app_update/include -I/home/aziz/microros_ws1/firmware/toolchain/esp-idf/components/esp_ringbuf/include -I/home/aziz/microros_ws1/firmware/toolchain/esp-idf/components/soc/esp32/include -I/home/aziz/microros_ws1/firmware/toolchain/esp-idf/components/soc/include -I/home/aziz/microros_ws1/firmware/toolchain/esp-idf/components/efuse/test/include -I/home/aziz/microros_ws1/firmware/toolchain/esp-idf/components/efuse/esp32/include -I/home/aziz/microros_ws1/firmware/toolchain/esp-idf/components/efuse/include -I/home/aziz/microros_ws1/firmware/toolchain/esp-idf/components/mbedtls/port/include -I/home/aziz/microros_ws1/firmware/toolchain/esp-idf/components/mbedtls/mbedtls/include -I/home/aziz/microros_ws1/firmware/toolchain/esp-idf/components/xtensa/esp32/include -I/home/aziz/microros_ws1/firmware/toolchain/esp-idf/components/xtensa/include -I/home/aziz/microros_ws1/firmware/toolchain/esp-idf/components/app_trace/include -I/home/aziz/microros_ws1/firmware/toolchain/esp-idf/components/nvs_flash/include -I/home/aziz/microros_ws1/firmware/toolchain/esp-idf/components/jsmn/include -I/home/aziz/microros_ws1/firmware/toolchain/esp-idf/components/esp_eth/include -I/home/aziz/microros_ws1/firmware/toolchain/esp-idf/components/spiffs/include -I/home/aziz/microros_ws1/firmware/toolchain/esp-idf/components/ulp/include -I/home/aziz/microros_ws1/firmware/toolchain/esp-idf/components/mdns/include -I/home/aziz/microros_ws1/firmware/toolchain/esp-idf/components/freemodbus/modbus/include -I/home/aziz/microros_ws1/firmware/toolchain/esp-idf/components/freemodbus/common/include -I/home/aziz/microros_ws1/firmware/toolchain/esp-idf/components/esp_event/include -I/home/aziz/microros_ws1/firmware/toolchain/esp-idf/components/expat/port/include -I/home/aziz/microros_ws1/firmware/toolchain/esp-idf/components/bootloader_support/include -I/home/aziz/microros_ws1/firmware/toolchain/esp-idf/components/heap/include -I/home/aziz/microros_ws1/firmware/toolchain/esp-idf/components/wpa_supplicant/port/include -I/home/aziz/microros_ws1/firmware/toolchain/esp-idf/components/wpa_supplicant/include -I/home/aziz/microros_ws1/firmware/toolchain/esp-idf/components/tcpip_adapter/include -I/home/aziz/microros_ws1/firmware/toolchain/esp-idf/components/openssl/include -I/home/aziz/microros_ws1/firmware/toolchain/esp-idf/components/sdmmc/include -I/home/aziz/microros_ws1/firmware/toolchain/esp-idf/components/esp_local_ctrl/include -I/home/aziz/microros_ws1/firmware/toolchain/esp-idf/components/esp_common/include -I/home/aziz/microros_ws1/firmware/toolchain/esp-idf/components/lwip/lwip/src/include/lwip/apps -I/home/aziz/microros_ws1/firmware/toolchain/esp-idf/components/lwip/lwip/src/include/compat/posix -I/home/aziz/microros_ws1/firmware/toolchain/esp-idf/components/lwip/lwip/src/include -I/home/aziz/microros_ws1/firmware/toolchain/esp-idf/components/lwip/port/esp32/include -I/home/aziz/microros_ws1/firmware/mcu_ws/build/libyaml_vendor/libyaml-10c9078-prefix/src/libyaml-10c9078/include -I/home/aziz/microros_ws1/firmware/mcu_ws/build/libyaml_vendor/libyaml-10c9078-prefix/src/libyaml-10c9078-build/include  -mlongcalls -Wno-frame-address -mlongcalls -Wno-frame-address -g   -o CMakeFiles/yaml.dir/src/writer.c.obj   -c /home/aziz/microros_ws1/firmware/mcu_ws/build/libyaml_vendor/libyaml-10c9078-prefix/src/libyaml-10c9078/src/writer.c
[4.080s] [100%] [32m[1mLinking C static library libyaml.a[0m
[4.081s] /usr/bin/cmake -P CMakeFiles/yaml.dir/cmake_clean_target.cmake
[4.090s] /usr/bin/cmake -E cmake_link_script CMakeFiles/yaml.dir/link.txt --verbose=1
[4.098s] /home/aziz/microros_ws1/firmware/toolchain/espressif/tools/xtensa-esp32-elf/esp-2020r2-8.2.0/xtensa-esp32-elf/bin/xtensa-esp32-elf-ar qc libyaml.a  CMakeFiles/yaml.dir/src/api.c.obj CMakeFiles/yaml.dir/src/dumper.c.obj CMakeFiles/yaml.dir/src/emitter.c.obj CMakeFiles/yaml.dir/src/loader.c.obj CMakeFiles/yaml.dir/src/parser.c.obj CMakeFiles/yaml.dir/src/reader.c.obj CMakeFiles/yaml.dir/src/scanner.c.obj CMakeFiles/yaml.dir/src/writer.c.obj
[4.102s] /home/aziz/microros_ws1/firmware/toolchain/espressif/tools/xtensa-esp32-elf/esp-2020r2-8.2.0/xtensa-esp32-elf/bin/xtensa-esp32-elf-ranlib libyaml.a
[4.106s] make[9]: Leaving directory '/home/aziz/microros_ws1/firmware/mcu_ws/build/libyaml_vendor/libyaml-10c9078-prefix/src/libyaml-10c9078-build'
[4.117s] [100%] Built target yaml
[4.118s] make[8]: Leaving directory '/home/aziz/microros_ws1/firmware/mcu_ws/build/libyaml_vendor/libyaml-10c9078-prefix/src/libyaml-10c9078-build'
[4.118s] /usr/bin/cmake -E cmake_progress_start /home/aziz/microros_ws1/firmware/mcu_ws/build/libyaml_vendor/libyaml-10c9078-prefix/src/libyaml-10c9078-build/CMakeFiles 0
[4.129s] make[7]: Leaving directory '/home/aziz/microros_ws1/firmware/mcu_ws/build/libyaml_vendor/libyaml-10c9078-prefix/src/libyaml-10c9078-build'
[4.129s] cd /home/aziz/microros_ws1/firmware/mcu_ws/build/libyaml_vendor/libyaml-10c9078-prefix/src/libyaml-10c9078-build && /usr/bin/cmake -E touch /home/aziz/microros_ws1/firmware/mcu_ws/build/libyaml_vendor/libyaml-10c9078-prefix/src/libyaml-10c9078-stamp/libyaml-10c9078-build
[4.161s] [ 87%] [34m[1mPerforming install step for 'libyaml-10c9078'[0m
[4.163s] cd /home/aziz/microros_ws1/firmware/mcu_ws/build/libyaml_vendor/libyaml-10c9078-prefix/src/libyaml-10c9078-build && /usr/bin/make install
[4.165s] make[7]: Entering directory '/home/aziz/microros_ws1/firmware/mcu_ws/build/libyaml_vendor/libyaml-10c9078-prefix/src/libyaml-10c9078-build'
[4.165s] /usr/bin/cmake -S/home/aziz/microros_ws1/firmware/mcu_ws/build/libyaml_vendor/libyaml-10c9078-prefix/src/libyaml-10c9078 -B/home/aziz/microros_ws1/firmware/mcu_ws/build/libyaml_vendor/libyaml-10c9078-prefix/src/libyaml-10c9078-build --check-build-system CMakeFiles/Makefile.cmake 0
[4.176s] /usr/bin/cmake -E cmake_progress_start /home/aziz/microros_ws1/firmware/mcu_ws/build/libyaml_vendor/libyaml-10c9078-prefix/src/libyaml-10c9078-build/CMakeFiles /home/aziz/microros_ws1/firmware/mcu_ws/build/libyaml_vendor/libyaml-10c9078-prefix/src/libyaml-10c9078-build/CMakeFiles/progress.marks
[4.200s] /usr/bin/make -f CMakeFiles/Makefile2 all
[4.213s] make[8]: Entering directory '/home/aziz/microros_ws1/firmware/mcu_ws/build/libyaml_vendor/libyaml-10c9078-prefix/src/libyaml-10c9078-build'
[4.214s] /usr/bin/make -f CMakeFiles/yaml.dir/build.make CMakeFiles/yaml.dir/depend
[4.219s] make[9]: Entering directory '/home/aziz/microros_ws1/firmware/mcu_ws/build/libyaml_vendor/libyaml-10c9078-prefix/src/libyaml-10c9078-build'
[4.219s] cd /home/aziz/microros_ws1/firmware/mcu_ws/build/libyaml_vendor/libyaml-10c9078-prefix/src/libyaml-10c9078-build && /usr/bin/cmake -E cmake_depends "Unix Makefiles" /home/aziz/microros_ws1/firmware/mcu_ws/build/libyaml_vendor/libyaml-10c9078-prefix/src/libyaml-10c9078 /home/aziz/microros_ws1/firmware/mcu_ws/build/libyaml_vendor/libyaml-10c9078-prefix/src/libyaml-10c9078 /home/aziz/microros_ws1/firmware/mcu_ws/build/libyaml_vendor/libyaml-10c9078-prefix/src/libyaml-10c9078-build /home/aziz/microros_ws1/firmware/mcu_ws/build/libyaml_vendor/libyaml-10c9078-prefix/src/libyaml-10c9078-build /home/aziz/microros_ws1/firmware/mcu_ws/build/libyaml_vendor/libyaml-10c9078-prefix/src/libyaml-10c9078-build/CMakeFiles/yaml.dir/DependInfo.cmake --color=
[4.234s] make[9]: Leaving directory '/home/aziz/microros_ws1/firmware/mcu_ws/build/libyaml_vendor/libyaml-10c9078-prefix/src/libyaml-10c9078-build'
[4.235s] /usr/bin/make -f CMakeFiles/yaml.dir/build.make CMakeFiles/yaml.dir/build
[4.249s] make[9]: Entering directory '/home/aziz/microros_ws1/firmware/mcu_ws/build/libyaml_vendor/libyaml-10c9078-prefix/src/libyaml-10c9078-build'
[4.249s] make[9]: Nothing to be done for 'CMakeFiles/yaml.dir/build'.
[4.249s] make[9]: Leaving directory '/home/aziz/microros_ws1/firmware/mcu_ws/build/libyaml_vendor/libyaml-10c9078-prefix/src/libyaml-10c9078-build'
[4.259s] [100%] Built target yaml
[4.260s] make[8]: Leaving directory '/home/aziz/microros_ws1/firmware/mcu_ws/build/libyaml_vendor/libyaml-10c9078-prefix/src/libyaml-10c9078-build'
[4.260s] /usr/bin/cmake -E cmake_progress_start /home/aziz/microros_ws1/firmware/mcu_ws/build/libyaml_vendor/libyaml-10c9078-prefix/src/libyaml-10c9078-build/CMakeFiles 0
[4.270s] /usr/bin/make -f CMakeFiles/Makefile2 preinstall
[4.274s] make[8]: Entering directory '/home/aziz/microros_ws1/firmware/mcu_ws/build/libyaml_vendor/libyaml-10c9078-prefix/src/libyaml-10c9078-build'
[4.274s] make[8]: Nothing to be done for 'preinstall'.
[4.274s] make[8]: Leaving directory '/home/aziz/microros_ws1/firmware/mcu_ws/build/libyaml_vendor/libyaml-10c9078-prefix/src/libyaml-10c9078-build'
[4.311s] [36mInstall the project...[0m
[4.312s] /usr/bin/cmake -P cmake_install.cmake
[4.339s] -- Install configuration: "Debug"
[4.339s] -- Installing: /home/aziz/microros_ws1/firmware/mcu_ws/build/libyaml_vendor/libyaml_install/include/yaml.h
[4.365s] -- Installing: /home/aziz/microros_ws1/firmware/mcu_ws/build/libyaml_vendor/libyaml_install/include/config.h
[4.365s] -- Installing: /home/aziz/microros_ws1/firmware/mcu_ws/build/libyaml_vendor/libyaml_install/lib/libyaml.a
[4.365s] -- Installing: /home/aziz/microros_ws1/firmware/mcu_ws/build/libyaml_vendor/libyaml_install/cmake/yamlConfig.cmake
[4.366s] -- Installing: /home/aziz/microros_ws1/firmware/mcu_ws/build/libyaml_vendor/libyaml_install/cmake/yamlTargets.cmake
[4.366s] -- Installing: /home/aziz/microros_ws1/firmware/mcu_ws/build/libyaml_vendor/libyaml_install/cmake/yamlTargets-debug.cmake
[4.366s] -- Installing: /home/aziz/microros_ws1/firmware/mcu_ws/build/libyaml_vendor/libyaml_install/cmake/yamlConfigVersion.cmake
[4.366s] make[7]: Leaving directory '/home/aziz/microros_ws1/firmware/mcu_ws/build/libyaml_vendor/libyaml-10c9078-prefix/src/libyaml-10c9078-build'
[4.366s] cd /home/aziz/microros_ws1/firmware/mcu_ws/build/libyaml_vendor/libyaml-10c9078-prefix/src/libyaml-10c9078-build && /usr/bin/cmake -E touch /home/aziz/microros_ws1/firmware/mcu_ws/build/libyaml_vendor/libyaml-10c9078-prefix/src/libyaml-10c9078-stamp/libyaml-10c9078-install
[4.422s] [100%] [34m[1mCompleted 'libyaml-10c9078'[0m
[4.422s] /usr/bin/cmake -E make_directory /home/aziz/microros_ws1/firmware/mcu_ws/build/libyaml_vendor/CMakeFiles
[4.437s] /usr/bin/cmake -E touch /home/aziz/microros_ws1/firmware/mcu_ws/build/libyaml_vendor/CMakeFiles/libyaml-10c9078-complete
[4.452s] /usr/bin/cmake -E touch /home/aziz/microros_ws1/firmware/mcu_ws/build/libyaml_vendor/libyaml-10c9078-prefix/src/libyaml-10c9078-stamp/libyaml-10c9078-done
[4.514s] make[6]: Leaving directory '/home/aziz/microros_ws1/firmware/mcu_ws/build/libyaml_vendor'
[4.536s] [100%] Built target libyaml-10c9078
[4.542s] make[5]: Leaving directory '/home/aziz/microros_ws1/firmware/mcu_ws/build/libyaml_vendor'
[4.542s] /usr/bin/cmake -E cmake_progress_start /home/aziz/microros_ws1/firmware/mcu_ws/build/libyaml_vendor/CMakeFiles 0
[4.569s] make[4]: Leaving directory '/home/aziz/microros_ws1/firmware/mcu_ws/build/libyaml_vendor'
[4.593s] Invoked command in '/home/aziz/microros_ws1/firmware/mcu_ws/build/libyaml_vendor' returned '0': CMAKE_PREFIX_PATH=${CMAKE_PREFIX_PATH}:/home/aziz/microros_ws1/firmware/dev_ws/install/ament_uncrustify:/home/aziz/microros_ws1/firmware/dev_ws/install/domain_coordinator:/home/aziz/microros_ws1/firmware/dev_ws/install/ament_xmllint:/home/aziz/microros_ws1/firmware/dev_ws/install/ament_pyflakes:/home/aziz/microros_ws1/firmware/dev_ws/install/ament_pycodestyle:/home/aziz/microros_ws1/firmware/dev_ws/install/ament_pep257:/home/aziz/microros_ws1/firmware/dev_ws/install/ament_pclint:/home/aziz/microros_ws1/firmware/dev_ws/install/ament_package:/home/aziz/microros_ws1/firmware/dev_ws/install/ament_mypy:/home/aziz/microros_ws1/firmware/dev_ws/install/ament_lint_cmake:/home/aziz/microros_ws1/firmware/dev_ws/install/ament_flake8:/home/aziz/microros_ws1/firmware/dev_ws/install/ament_copyright:/home/aziz/microros_ws1/firmware/dev_ws/install/ament_lint:/home/aziz/microros_ws1/firmware/dev_ws/install/ament_index_python:/home/aziz/microros_ws1/firmware/dev_ws/install/ament_cpplint:/home/aziz/microros_ws1/firmware/dev_ws/install/ament_cppcheck:/home/aziz/microros_ws1/firmware/dev_ws/install/ament_clang_tidy:/home/aziz/microros_ws1/firmware/dev_ws/install/ament_clang_format /usr/bin/cmake --build /home/aziz/microros_ws1/firmware/mcu_ws/build/libyaml_vendor -- -j4 -l4
[4.642s] Invoking command in '/home/aziz/microros_ws1/firmware/mcu_ws/build/libyaml_vendor': CMAKE_PREFIX_PATH=${CMAKE_PREFIX_PATH}:/home/aziz/microros_ws1/firmware/dev_ws/install/ament_uncrustify:/home/aziz/microros_ws1/firmware/dev_ws/install/domain_coordinator:/home/aziz/microros_ws1/firmware/dev_ws/install/ament_xmllint:/home/aziz/microros_ws1/firmware/dev_ws/install/ament_pyflakes:/home/aziz/microros_ws1/firmware/dev_ws/install/ament_pycodestyle:/home/aziz/microros_ws1/firmware/dev_ws/install/ament_pep257:/home/aziz/microros_ws1/firmware/dev_ws/install/ament_pclint:/home/aziz/microros_ws1/firmware/dev_ws/install/ament_package:/home/aziz/microros_ws1/firmware/dev_ws/install/ament_mypy:/home/aziz/microros_ws1/firmware/dev_ws/install/ament_lint_cmake:/home/aziz/microros_ws1/firmware/dev_ws/install/ament_flake8:/home/aziz/microros_ws1/firmware/dev_ws/install/ament_copyright:/home/aziz/microros_ws1/firmware/dev_ws/install/ament_lint:/home/aziz/microros_ws1/firmware/dev_ws/install/ament_index_python:/home/aziz/microros_ws1/firmware/dev_ws/install/ament_cpplint:/home/aziz/microros_ws1/firmware/dev_ws/install/ament_cppcheck:/home/aziz/microros_ws1/firmware/dev_ws/install/ament_clang_tidy:/home/aziz/microros_ws1/firmware/dev_ws/install/ament_clang_format /usr/bin/cmake --install /home/aziz/microros_ws1/firmware/mcu_ws/build/libyaml_vendor
[4.655s] -- Install configuration: "Debug"
[4.655s] -- Up-to-date: /home/aziz/microros_ws1/firmware/mcu_ws/install
[4.655s] -- Up-to-date: /home/aziz/microros_ws1/firmware/mcu_ws/install/lib
[4.656s] -- Installing: /home/aziz/microros_ws1/firmware/mcu_ws/install/lib/libyaml.a
[4.657s] -- Installing: /home/aziz/microros_ws1/firmware/mcu_ws/install/cmake
[4.657s] -- Installing: /home/aziz/microros_ws1/firmware/mcu_ws/install/cmake/yamlTargets.cmake
[4.657s] -- Installing: /home/aziz/microros_ws1/firmware/mcu_ws/install/cmake/yamlConfigVersion.cmake
[4.658s] -- Installing: /home/aziz/microros_ws1/firmware/mcu_ws/install/cmake/yamlConfig.cmake
[4.658s] -- Installing: /home/aziz/microros_ws1/firmware/mcu_ws/install/cmake/yamlTargets-debug.cmake
[4.658s] -- Up-to-date: /home/aziz/microros_ws1/firmware/mcu_ws/install/include
[4.658s] -- Installing: /home/aziz/microros_ws1/firmware/mcu_ws/install/include/yaml.h
[4.659s] -- Installing: /home/aziz/microros_ws1/firmware/mcu_ws/install/share/libyaml_vendor/environment/library_path.sh
[4.659s] -- Installing: /home/aziz/microros_ws1/firmware/mcu_ws/install/share/libyaml_vendor/environment/library_path.dsv
[4.659s] -- Installing: /home/aziz/microros_ws1/firmware/mcu_ws/install/share/ament_index/resource_index/package_run_dependencies/libyaml_vendor
[4.660s] -- Installing: /home/aziz/microros_ws1/firmware/mcu_ws/install/share/ament_index/resource_index/parent_prefix_path/libyaml_vendor
[4.660s] -- Installing: /home/aziz/microros_ws1/firmware/mcu_ws/install/share/libyaml_vendor/environment/ament_prefix_path.sh
[4.661s] -- Installing: /home/aziz/microros_ws1/firmware/mcu_ws/install/share/libyaml_vendor/environment/ament_prefix_path.dsv
[4.661s] -- Installing: /home/aziz/microros_ws1/firmware/mcu_ws/install/share/libyaml_vendor/environment/path.sh
[4.661s] -- Installing: /home/aziz/microros_ws1/firmware/mcu_ws/install/share/libyaml_vendor/environment/path.dsv
[4.661s] -- Installing: /home/aziz/microros_ws1/firmware/mcu_ws/install/share/libyaml_vendor/local_setup.bash
[4.661s] -- Installing: /home/aziz/microros_ws1/firmware/mcu_ws/install/share/libyaml_vendor/local_setup.sh
[4.662s] -- Installing: /home/aziz/microros_ws1/firmware/mcu_ws/install/share/libyaml_vendor/local_setup.zsh
[4.662s] -- Installing: /home/aziz/microros_ws1/firmware/mcu_ws/install/share/libyaml_vendor/local_setup.dsv
[4.662s] -- Installing: /home/aziz/microros_ws1/firmware/mcu_ws/install/share/libyaml_vendor/package.dsv
[4.662s] -- Installing: /home/aziz/microros_ws1/firmware/mcu_ws/install/share/ament_index/resource_index/packages/libyaml_vendor
[4.662s] -- Installing: /home/aziz/microros_ws1/firmware/mcu_ws/install/share/libyaml_vendor/cmake/libyaml_vendor-extras.cmake
[4.663s] -- Installing: /home/aziz/microros_ws1/firmware/mcu_ws/install/share/libyaml_vendor/cmake/ament_cmake_export_libraries-extras.cmake
[4.663s] -- Installing: /home/aziz/microros_ws1/firmware/mcu_ws/install/share/libyaml_vendor/cmake/ament_cmake_export_dependencies-extras.cmake
[4.663s] -- Installing: /home/aziz/microros_ws1/firmware/mcu_ws/install/share/libyaml_vendor/cmake/libyaml_vendorConfig.cmake
[4.663s] -- Installing: /home/aziz/microros_ws1/firmware/mcu_ws/install/share/libyaml_vendor/cmake/libyaml_vendorConfig-version.cmake
[4.663s] -- Installing: /home/aziz/microros_ws1/firmware/mcu_ws/install/share/libyaml_vendor/package.xml
[4.677s] Invoked command in '/home/aziz/microros_ws1/firmware/mcu_ws/build/libyaml_vendor' returned '0': CMAKE_PREFIX_PATH=${CMAKE_PREFIX_PATH}:/home/aziz/microros_ws1/firmware/dev_ws/install/ament_uncrustify:/home/aziz/microros_ws1/firmware/dev_ws/install/domain_coordinator:/home/aziz/microros_ws1/firmware/dev_ws/install/ament_xmllint:/home/aziz/microros_ws1/firmware/dev_ws/install/ament_pyflakes:/home/aziz/microros_ws1/firmware/dev_ws/install/ament_pycodestyle:/home/aziz/microros_ws1/firmware/dev_ws/install/ament_pep257:/home/aziz/microros_ws1/firmware/dev_ws/install/ament_pclint:/home/aziz/microros_ws1/firmware/dev_ws/install/ament_package:/home/aziz/microros_ws1/firmware/dev_ws/install/ament_mypy:/home/aziz/microros_ws1/firmware/dev_ws/install/ament_lint_cmake:/home/aziz/microros_ws1/firmware/dev_ws/install/ament_flake8:/home/aziz/microros_ws1/firmware/dev_ws/install/ament_copyright:/home/aziz/microros_ws1/firmware/dev_ws/install/ament_lint:/home/aziz/microros_ws1/firmware/dev_ws/install/ament_index_python:/home/aziz/microros_ws1/firmware/dev_ws/install/ament_cpplint:/home/aziz/microros_ws1/firmware/dev_ws/install/ament_cppcheck:/home/aziz/microros_ws1/firmware/dev_ws/install/ament_clang_tidy:/home/aziz/microros_ws1/firmware/dev_ws/install/ament_clang_format /usr/bin/cmake --install /home/aziz/microros_ws1/firmware/mcu_ws/build/libyaml_vendor
