make[4]: Entering directory '/home/aziz/microros_ws1/firmware/mcu_ws/build/rosidl_adapter'
/usr/bin/cmake -S/home/aziz/microros_ws1/firmware/mcu_ws/ros2/rosidl/rosidl_adapter -B/home/aziz/microros_ws1/firmware/mcu_ws/build/rosidl_adapter --check-build-system CMakeFiles/Makefile.cmake 0
Re-run cmake file: Makefile older than: /home/aziz/microros_ws1/firmware/freertos_apps/microros_esp32_extensions/esp32_toolchain.cmake
-- Found ament_cmake: 0.9.11 (/home/aziz/microros_ws1/firmware/dev_ws/install/ament_cmake/share/ament_cmake/cmake)
-- Using PYTHON_EXECUTABLE: /home/aziz/microros_ws1/firmware/toolchain/espressif/python_env/idf4.1_py3.8_env/bin/python3
-- Configuring done
-- Generating done
-- Build files have been written to: /home/aziz/microros_ws1/firmware/mcu_ws/build/rosidl_adapter
/usr/bin/cmake -E cmake_progress_start /home/aziz/microros_ws1/firmware/mcu_ws/build/rosidl_adapter/CMakeFiles /home/aziz/microros_ws1/firmware/mcu_ws/build/rosidl_adapter/CMakeFiles/progress.marks
/usr/bin/make -f CMakeFiles/Makefile2 all
make[5]: Entering directory '/home/aziz/microros_ws1/firmware/mcu_ws/build/rosidl_adapter'
make[5]: Nothing to be done for 'all'.
make[5]: Leaving directory '/home/aziz/microros_ws1/firmware/mcu_ws/build/rosidl_adapter'
/usr/bin/cmake -E cmake_progress_start /home/aziz/microros_ws1/firmware/mcu_ws/build/rosidl_adapter/CMakeFiles 0
make[4]: Leaving directory '/home/aziz/microros_ws1/firmware/mcu_ws/build/rosidl_adapter'
-- Install configuration: "Debug"
-- Up-to-date: /home/aziz/microros_ws1/firmware/mcu_ws/install/share/rosidl_adapter/environment/pythonpath.sh
-- Installing: /home/aziz/microros_ws1/firmware/mcu_ws/install/share/rosidl_adapter/environment/pythonpath.dsv
-- Up-to-date: /home/aziz/microros_ws1/firmware/mcu_ws/install/lib/python3.8/site-packages/rosidl_adapter
-- Up-to-date: /home/aziz/microros_ws1/firmware/mcu_ws/install/lib/python3.8/site-packages/rosidl_adapter/parser.py
-- Up-to-date: /home/aziz/microros_ws1/firmware/mcu_ws/install/lib/python3.8/site-packages/rosidl_adapter/srv
-- Up-to-date: /home/aziz/microros_ws1/firmware/mcu_ws/install/lib/python3.8/site-packages/rosidl_adapter/srv/__init__.py
-- Up-to-date: /home/aziz/microros_ws1/firmware/mcu_ws/install/lib/python3.8/site-packages/rosidl_adapter/__init__.py
-- Up-to-date: /home/aziz/microros_ws1/firmware/mcu_ws/install/lib/python3.8/site-packages/rosidl_adapter/cli.py
-- Up-to-date: /home/aziz/microros_ws1/firmware/mcu_ws/install/lib/python3.8/site-packages/rosidl_adapter/__main__.py
-- Up-to-date: /home/aziz/microros_ws1/firmware/mcu_ws/install/lib/python3.8/site-packages/rosidl_adapter/main.py
-- Up-to-date: /home/aziz/microros_ws1/firmware/mcu_ws/install/lib/python3.8/site-packages/rosidl_adapter/resource
-- Up-to-date: /home/aziz/microros_ws1/firmware/mcu_ws/install/lib/python3.8/site-packages/rosidl_adapter/resource/msg.idl.em
-- Up-to-date: /home/aziz/microros_ws1/firmware/mcu_ws/install/lib/python3.8/site-packages/rosidl_adapter/resource/struct.idl.em
-- Up-to-date: /home/aziz/microros_ws1/firmware/mcu_ws/install/lib/python3.8/site-packages/rosidl_adapter/resource/action.idl.em
-- Up-to-date: /home/aziz/microros_ws1/firmware/mcu_ws/install/lib/python3.8/site-packages/rosidl_adapter/resource/__init__.py
-- Up-to-date: /home/aziz/microros_ws1/firmware/mcu_ws/install/lib/python3.8/site-packages/rosidl_adapter/resource/srv.idl.em
-- Up-to-date: /home/aziz/microros_ws1/firmware/mcu_ws/install/lib/python3.8/site-packages/rosidl_adapter/action
-- Up-to-date: /home/aziz/microros_ws1/firmware/mcu_ws/install/lib/python3.8/site-packages/rosidl_adapter/action/__init__.py
-- Up-to-date: /home/aziz/microros_ws1/firmware/mcu_ws/install/lib/python3.8/site-packages/rosidl_adapter/msg
-- Up-to-date: /home/aziz/microros_ws1/firmware/mcu_ws/install/lib/python3.8/site-packages/rosidl_adapter/msg/__init__.py
Listing '/home/aziz/microros_ws1/firmware/mcu_ws/install/lib/python3.8/site-packages/rosidl_adapter'...
Listing '/home/aziz/microros_ws1/firmware/mcu_ws/install/lib/python3.8/site-packages/rosidl_adapter/action'...
Listing '/home/aziz/microros_ws1/firmware/mcu_ws/install/lib/python3.8/site-packages/rosidl_adapter/msg'...
Listing '/home/aziz/microros_ws1/firmware/mcu_ws/install/lib/python3.8/site-packages/rosidl_adapter/resource'...
Listing '/home/aziz/microros_ws1/firmware/mcu_ws/install/lib/python3.8/site-packages/rosidl_adapter/srv'...
-- Up-to-date: /home/aziz/microros_ws1/firmware/mcu_ws/install/share/ament_index/resource_index/package_run_dependencies/rosidl_adapter
-- Up-to-date: /home/aziz/microros_ws1/firmware/mcu_ws/install/share/ament_index/resource_index/parent_prefix_path/rosidl_adapter
-- Up-to-date: /home/aziz/microros_ws1/firmware/mcu_ws/install/share/rosidl_adapter/environment/ament_prefix_path.sh
-- Installing: /home/aziz/microros_ws1/firmware/mcu_ws/install/share/rosidl_adapter/environment/ament_prefix_path.dsv
-- Up-to-date: /home/aziz/microros_ws1/firmware/mcu_ws/install/share/rosidl_adapter/environment/path.sh
-- Installing: /home/aziz/microros_ws1/firmware/mcu_ws/install/share/rosidl_adapter/environment/path.dsv
-- Up-to-date: /home/aziz/microros_ws1/firmware/mcu_ws/install/share/rosidl_adapter/local_setup.bash
-- Up-to-date: /home/aziz/microros_ws1/firmware/mcu_ws/install/share/rosidl_adapter/local_setup.sh
-- Up-to-date: /home/aziz/microros_ws1/firmware/mcu_ws/install/share/rosidl_adapter/local_setup.zsh
-- Installing: /home/aziz/microros_ws1/firmware/mcu_ws/install/share/rosidl_adapter/local_setup.dsv
-- Installing: /home/aziz/microros_ws1/firmware/mcu_ws/install/share/rosidl_adapter/package.dsv
-- Up-to-date: /home/aziz/microros_ws1/firmware/mcu_ws/install/share/ament_index/resource_index/packages/rosidl_adapter
-- Up-to-date: /home/aziz/microros_ws1/firmware/mcu_ws/install/share/rosidl_adapter/cmake/rosidl_adapter-extras.cmake
-- Up-to-date: /home/aziz/microros_ws1/firmware/mcu_ws/install/share/rosidl_adapter/cmake/rosidl_adapterConfig.cmake
-- Up-to-date: /home/aziz/microros_ws1/firmware/mcu_ws/install/share/rosidl_adapter/cmake/rosidl_adapterConfig-version.cmake
-- Up-to-date: /home/aziz/microros_ws1/firmware/mcu_ws/install/share/rosidl_adapter/package.xml
-- Up-to-date: /home/aziz/microros_ws1/firmware/mcu_ws/install/share/rosidl_adapter/cmake
-- Up-to-date: /home/aziz/microros_ws1/firmware/mcu_ws/install/share/rosidl_adapter/cmake/rosidl_adapt_interfaces.cmake
-- Up-to-date: /home/aziz/microros_ws1/firmware/mcu_ws/install/lib/rosidl_adapter/msg2idl.py
-- Up-to-date: /home/aziz/microros_ws1/firmware/mcu_ws/install/lib/rosidl_adapter/srv2idl.py
