[1.530s] Invoking command in '/home/aziz/microros_ws1/firmware/mcu_ws/ros2/common_interfaces/sensor_msgs_py': AMENT_PREFIX_PATH=/home/aziz/microros_ws1/firmware/mcu_ws/install:${AMENT_PREFIX_PATH} CMAKE_PREFIX_PATH=/home/aziz/microros_ws1/firmware/mcu_ws/install:${CMAKE_PREFIX_PATH} LD_LIBRARY_PATH=/home/aziz/microros_ws1/firmware/mcu_ws/install/lib:${LD_LIBRARY_PATH} PKG_CONFIG_PATH=/home/aziz/microros_ws1/firmware/mcu_ws/install/lib/x86_64-linux-gnu/pkgconfig:/home/aziz/microros_ws1/firmware/mcu_ws/install/lib/pkgconfig:${PKG_CONFIG_PATH} PYTHONPATH=/home/aziz/microros_ws1/firmware/mcu_ws/install/lib/python3.8/site-packages:/home/aziz/microros_ws1/firmware/mcu_ws/install/lib/python3.8/site-packages:${PYTHONPATH} /usr/bin/python3 setup.py egg_info --egg-base ../../../build/sensor_msgs_py build --build-base /home/aziz/microros_ws1/firmware/mcu_ws/build/sensor_msgs_py/build install --prefix /home/aziz/microros_ws1/firmware/mcu_ws/install --record /home/aziz/microros_ws1/firmware/mcu_ws/build/sensor_msgs_py/install.log --single-version-externally-managed
[1.886s] /home/aziz/.local/lib/python3.8/site-packages/setuptools/dist.py:771: UserWarning: Usage of dash-separated 'script-dir' will not be supported in future versions. Please use the underscore name 'script_dir' instead
[1.886s]   warnings.warn(
[1.886s] /home/aziz/.local/lib/python3.8/site-packages/setuptools/dist.py:771: UserWarning: Usage of dash-separated 'install-scripts' will not be supported in future versions. Please use the underscore name 'install_scripts' instead
[1.887s]   warnings.warn(
[1.978s] running egg_info
[1.979s] creating ../../../build/sensor_msgs_py/sensor_msgs_py.egg-info
[1.993s] writing ../../../build/sensor_msgs_py/sensor_msgs_py.egg-info/PKG-INFO
[1.993s] writing dependency_links to ../../../build/sensor_msgs_py/sensor_msgs_py.egg-info/dependency_links.txt
[1.994s] writing requirements to ../../../build/sensor_msgs_py/sensor_msgs_py.egg-info/requires.txt
[1.994s] writing top-level names to ../../../build/sensor_msgs_py/sensor_msgs_py.egg-info/top_level.txt
[1.995s] writing manifest file '../../../build/sensor_msgs_py/sensor_msgs_py.egg-info/SOURCES.txt'
[2.023s] reading manifest file '../../../build/sensor_msgs_py/sensor_msgs_py.egg-info/SOURCES.txt'
[2.024s] adding license file 'LICENSE'
[2.024s] writing manifest file '../../../build/sensor_msgs_py/sensor_msgs_py.egg-info/SOURCES.txt'
[2.025s] running build
[2.025s] running build_py
[2.025s] creating /home/aziz/microros_ws1/firmware/mcu_ws/build/sensor_msgs_py/build
[2.025s] creating /home/aziz/microros_ws1/firmware/mcu_ws/build/sensor_msgs_py/build/lib
[2.025s] creating /home/aziz/microros_ws1/firmware/mcu_ws/build/sensor_msgs_py/build/lib/sensor_msgs_py
[2.025s] copying sensor_msgs_py/__init__.py -> /home/aziz/microros_ws1/firmware/mcu_ws/build/sensor_msgs_py/build/lib/sensor_msgs_py
[2.025s] copying sensor_msgs_py/point_cloud2.py -> /home/aziz/microros_ws1/firmware/mcu_ws/build/sensor_msgs_py/build/lib/sensor_msgs_py
[2.034s] running install
[2.034s] /home/aziz/.local/lib/python3.8/site-packages/setuptools/command/install.py:34: SetuptoolsDeprecationWarning: setup.py install is deprecated. Use build and pip and other standards-based tools.
[2.034s]   warnings.warn(
[2.040s] running install_lib
[2.055s] creating /home/aziz/microros_ws1/firmware/mcu_ws/install/lib/python3.8/site-packages/sensor_msgs_py
[2.055s] copying /home/aziz/microros_ws1/firmware/mcu_ws/build/sensor_msgs_py/build/lib/sensor_msgs_py/__init__.py -> /home/aziz/microros_ws1/firmware/mcu_ws/install/lib/python3.8/site-packages/sensor_msgs_py
[2.055s] copying /home/aziz/microros_ws1/firmware/mcu_ws/build/sensor_msgs_py/build/lib/sensor_msgs_py/point_cloud2.py -> /home/aziz/microros_ws1/firmware/mcu_ws/install/lib/python3.8/site-packages/sensor_msgs_py
[2.056s] byte-compiling /home/aziz/microros_ws1/firmware/mcu_ws/install/lib/python3.8/site-packages/sensor_msgs_py/__init__.py to __init__.cpython-38.pyc
[2.056s] byte-compiling /home/aziz/microros_ws1/firmware/mcu_ws/install/lib/python3.8/site-packages/sensor_msgs_py/point_cloud2.py to point_cloud2.cpython-38.pyc
[2.057s] running install_data
[2.071s] copying resource/sensor_msgs_py -> /home/aziz/microros_ws1/firmware/mcu_ws/install/share/ament_index/resource_index/packages
[2.071s] copying package.xml -> /home/aziz/microros_ws1/firmware/mcu_ws/install/share/sensor_msgs_py
[2.071s] running install_egg_info
[2.086s] Copying ../../../build/sensor_msgs_py/sensor_msgs_py.egg-info to /home/aziz/microros_ws1/firmware/mcu_ws/install/lib/python3.8/site-packages/sensor_msgs_py-2.0.5-py3.8.egg-info
[2.087s] running install_scripts
[2.158s] writing list of installed files to '/home/aziz/microros_ws1/firmware/mcu_ws/build/sensor_msgs_py/install.log'
[2.210s] Invoked command in '/home/aziz/microros_ws1/firmware/mcu_ws/ros2/common_interfaces/sensor_msgs_py' returned '0': AMENT_PREFIX_PATH=/home/aziz/microros_ws1/firmware/mcu_ws/install:${AMENT_PREFIX_PATH} CMAKE_PREFIX_PATH=/home/aziz/microros_ws1/firmware/mcu_ws/install:${CMAKE_PREFIX_PATH} LD_LIBRARY_PATH=/home/aziz/microros_ws1/firmware/mcu_ws/install/lib:${LD_LIBRARY_PATH} PKG_CONFIG_PATH=/home/aziz/microros_ws1/firmware/mcu_ws/install/lib/x86_64-linux-gnu/pkgconfig:/home/aziz/microros_ws1/firmware/mcu_ws/install/lib/pkgconfig:${PKG_CONFIG_PATH} PYTHONPATH=/home/aziz/microros_ws1/firmware/mcu_ws/install/lib/python3.8/site-packages:/home/aziz/microros_ws1/firmware/mcu_ws/install/lib/python3.8/site-packages:${PYTHONPATH} /usr/bin/python3 setup.py egg_info --egg-base ../../../build/sensor_msgs_py build --build-base /home/aziz/microros_ws1/firmware/mcu_ws/build/sensor_msgs_py/build install --prefix /home/aziz/microros_ws1/firmware/mcu_ws/install --record /home/aziz/microros_ws1/firmware/mcu_ws/build/sensor_msgs_py/install.log --single-version-externally-managed
