[0.106s] Invoking command in '/home/aziz/microros_ws1/firmware/mcu_ws/build/libyaml_vendor': CMAKE_PREFIX_PATH=${CMAKE_PREFIX_PATH}:/home/aziz/microros_ws1/firmware/dev_ws/install/ament_uncrustify:/home/aziz/microros_ws1/firmware/dev_ws/install/domain_coordinator:/home/aziz/microros_ws1/firmware/dev_ws/install/ament_xmllint:/home/aziz/microros_ws1/firmware/dev_ws/install/ament_pyflakes:/home/aziz/microros_ws1/firmware/dev_ws/install/ament_pycodestyle:/home/aziz/microros_ws1/firmware/dev_ws/install/ament_pep257:/home/aziz/microros_ws1/firmware/dev_ws/install/ament_pclint:/home/aziz/microros_ws1/firmware/dev_ws/install/ament_package:/home/aziz/microros_ws1/firmware/dev_ws/install/ament_mypy:/home/aziz/microros_ws1/firmware/dev_ws/install/ament_lint_cmake:/home/aziz/microros_ws1/firmware/dev_ws/install/ament_flake8:/home/aziz/microros_ws1/firmware/dev_ws/install/ament_copyright:/home/aziz/microros_ws1/firmware/dev_ws/install/ament_lint:/home/aziz/microros_ws1/firmware/dev_ws/install/ament_index_python:/home/aziz/microros_ws1/firmware/dev_ws/install/ament_cpplint:/home/aziz/microros_ws1/firmware/dev_ws/install/ament_cppcheck:/home/aziz/microros_ws1/firmware/dev_ws/install/ament_clang_tidy:/home/aziz/microros_ws1/firmware/dev_ws/install/ament_clang_format /usr/bin/cmake --build /home/aziz/microros_ws1/firmware/mcu_ws/build/libyaml_vendor -- -j4 -l4
[0.130s] make[4]: Entering directory '/home/aziz/microros_ws1/firmware/mcu_ws/build/libyaml_vendor'
[0.131s] /usr/bin/cmake -S/home/aziz/microros_ws1/firmware/mcu_ws/ros2/libyaml_vendor -B/home/aziz/microros_ws1/firmware/mcu_ws/build/libyaml_vendor --check-build-system CMakeFiles/Makefile.cmake 0
[0.141s] Re-run cmake file: Makefile older than: /home/aziz/microros_ws1/firmware/freertos_apps/microros_esp32_extensions/esp32_toolchain.cmake
[0.148s] -- Found ament_cmake: 0.9.11 (/home/aziz/microros_ws1/firmware/dev_ws/install/ament_cmake/share/ament_cmake/cmake)
[0.171s] -- Using PYTHON_EXECUTABLE: /home/aziz/microros_ws1/firmware/toolchain/espressif/python_env/idf4.1_py3.8_env/bin/python3
[0.458s] -- Configuring done
[0.462s] -- Generating done
[0.464s] -- Build files have been written to: /home/aziz/microros_ws1/firmware/mcu_ws/build/libyaml_vendor
[0.466s] /usr/bin/cmake -E cmake_progress_start /home/aziz/microros_ws1/firmware/mcu_ws/build/libyaml_vendor/CMakeFiles /home/aziz/microros_ws1/firmware/mcu_ws/build/libyaml_vendor/CMakeFiles/progress.marks
[0.476s] /usr/bin/make -f CMakeFiles/Makefile2 all
[0.478s] make[5]: Entering directory '/home/aziz/microros_ws1/firmware/mcu_ws/build/libyaml_vendor'
[0.478s] /usr/bin/make -f CMakeFiles/libyaml-10c9078.dir/build.make CMakeFiles/libyaml-10c9078.dir/depend
[0.484s] make[6]: Entering directory '/home/aziz/microros_ws1/firmware/mcu_ws/build/libyaml_vendor'
[0.485s] cd /home/aziz/microros_ws1/firmware/mcu_ws/build/libyaml_vendor && /usr/bin/cmake -E cmake_depends "Unix Makefiles" /home/aziz/microros_ws1/firmware/mcu_ws/ros2/libyaml_vendor /home/aziz/microros_ws1/firmware/mcu_ws/ros2/libyaml_vendor /home/aziz/microros_ws1/firmware/mcu_ws/build/libyaml_vendor /home/aziz/microros_ws1/firmware/mcu_ws/build/libyaml_vendor /home/aziz/microros_ws1/firmware/mcu_ws/build/libyaml_vendor/CMakeFiles/libyaml-10c9078.dir/DependInfo.cmake --color=
[0.491s] make[6]: Leaving directory '/home/aziz/microros_ws1/firmware/mcu_ws/build/libyaml_vendor'
[0.491s] /usr/bin/make -f CMakeFiles/libyaml-10c9078.dir/build.make CMakeFiles/libyaml-10c9078.dir/build
[0.491s] make[6]: Entering directory '/home/aziz/microros_ws1/firmware/mcu_ws/build/libyaml_vendor'
[0.491s] make[6]: Nothing to be done for 'CMakeFiles/libyaml-10c9078.dir/build'.
[0.491s] make[6]: Leaving directory '/home/aziz/microros_ws1/firmware/mcu_ws/build/libyaml_vendor'
[0.502s] [100%] Built target libyaml-10c9078
[0.502s] make[5]: Leaving directory '/home/aziz/microros_ws1/firmware/mcu_ws/build/libyaml_vendor'
[0.502s] /usr/bin/cmake -E cmake_progress_start /home/aziz/microros_ws1/firmware/mcu_ws/build/libyaml_vendor/CMakeFiles 0
[0.514s] make[4]: Leaving directory '/home/aziz/microros_ws1/firmware/mcu_ws/build/libyaml_vendor'
[0.565s] Invoked command in '/home/aziz/microros_ws1/firmware/mcu_ws/build/libyaml_vendor' returned '0': CMAKE_PREFIX_PATH=${CMAKE_PREFIX_PATH}:/home/aziz/microros_ws1/firmware/dev_ws/install/ament_uncrustify:/home/aziz/microros_ws1/firmware/dev_ws/install/domain_coordinator:/home/aziz/microros_ws1/firmware/dev_ws/install/ament_xmllint:/home/aziz/microros_ws1/firmware/dev_ws/install/ament_pyflakes:/home/aziz/microros_ws1/firmware/dev_ws/install/ament_pycodestyle:/home/aziz/microros_ws1/firmware/dev_ws/install/ament_pep257:/home/aziz/microros_ws1/firmware/dev_ws/install/ament_pclint:/home/aziz/microros_ws1/firmware/dev_ws/install/ament_package:/home/aziz/microros_ws1/firmware/dev_ws/install/ament_mypy:/home/aziz/microros_ws1/firmware/dev_ws/install/ament_lint_cmake:/home/aziz/microros_ws1/firmware/dev_ws/install/ament_flake8:/home/aziz/microros_ws1/firmware/dev_ws/install/ament_copyright:/home/aziz/microros_ws1/firmware/dev_ws/install/ament_lint:/home/aziz/microros_ws1/firmware/dev_ws/install/ament_index_python:/home/aziz/microros_ws1/firmware/dev_ws/install/ament_cpplint:/home/aziz/microros_ws1/firmware/dev_ws/install/ament_cppcheck:/home/aziz/microros_ws1/firmware/dev_ws/install/ament_clang_tidy:/home/aziz/microros_ws1/firmware/dev_ws/install/ament_clang_format /usr/bin/cmake --build /home/aziz/microros_ws1/firmware/mcu_ws/build/libyaml_vendor -- -j4 -l4
[0.631s] Invoking command in '/home/aziz/microros_ws1/firmware/mcu_ws/build/libyaml_vendor': CMAKE_PREFIX_PATH=${CMAKE_PREFIX_PATH}:/home/aziz/microros_ws1/firmware/dev_ws/install/ament_uncrustify:/home/aziz/microros_ws1/firmware/dev_ws/install/domain_coordinator:/home/aziz/microros_ws1/firmware/dev_ws/install/ament_xmllint:/home/aziz/microros_ws1/firmware/dev_ws/install/ament_pyflakes:/home/aziz/microros_ws1/firmware/dev_ws/install/ament_pycodestyle:/home/aziz/microros_ws1/firmware/dev_ws/install/ament_pep257:/home/aziz/microros_ws1/firmware/dev_ws/install/ament_pclint:/home/aziz/microros_ws1/firmware/dev_ws/install/ament_package:/home/aziz/microros_ws1/firmware/dev_ws/install/ament_mypy:/home/aziz/microros_ws1/firmware/dev_ws/install/ament_lint_cmake:/home/aziz/microros_ws1/firmware/dev_ws/install/ament_flake8:/home/aziz/microros_ws1/firmware/dev_ws/install/ament_copyright:/home/aziz/microros_ws1/firmware/dev_ws/install/ament_lint:/home/aziz/microros_ws1/firmware/dev_ws/install/ament_index_python:/home/aziz/microros_ws1/firmware/dev_ws/install/ament_cpplint:/home/aziz/microros_ws1/firmware/dev_ws/install/ament_cppcheck:/home/aziz/microros_ws1/firmware/dev_ws/install/ament_clang_tidy:/home/aziz/microros_ws1/firmware/dev_ws/install/ament_clang_format /usr/bin/cmake --install /home/aziz/microros_ws1/firmware/mcu_ws/build/libyaml_vendor
[0.661s] -- Install configuration: "Debug"
[0.661s] -- Up-to-date: /home/aziz/microros_ws1/firmware/mcu_ws/install
[0.661s] -- Up-to-date: /home/aziz/microros_ws1/firmware/mcu_ws/install/lib
[0.661s] -- Up-to-date: /home/aziz/microros_ws1/firmware/mcu_ws/install/lib/libyaml.a
[0.661s] -- Up-to-date: /home/aziz/microros_ws1/firmware/mcu_ws/install/cmake
[0.661s] -- Up-to-date: /home/aziz/microros_ws1/firmware/mcu_ws/install/cmake/yamlTargets.cmake
[0.661s] -- Up-to-date: /home/aziz/microros_ws1/firmware/mcu_ws/install/cmake/yamlConfigVersion.cmake
[0.661s] -- Up-to-date: /home/aziz/microros_ws1/firmware/mcu_ws/install/cmake/yamlConfig.cmake
[0.662s] -- Up-to-date: /home/aziz/microros_ws1/firmware/mcu_ws/install/cmake/yamlTargets-debug.cmake
[0.662s] -- Up-to-date: /home/aziz/microros_ws1/firmware/mcu_ws/install/include
[0.662s] -- Up-to-date: /home/aziz/microros_ws1/firmware/mcu_ws/install/include/yaml.h
[0.662s] -- Up-to-date: /home/aziz/microros_ws1/firmware/mcu_ws/install/share/libyaml_vendor/environment/library_path.sh
[0.662s] -- Installing: /home/aziz/microros_ws1/firmware/mcu_ws/install/share/libyaml_vendor/environment/library_path.dsv
[0.662s] -- Up-to-date: /home/aziz/microros_ws1/firmware/mcu_ws/install/share/ament_index/resource_index/package_run_dependencies/libyaml_vendor
[0.662s] -- Up-to-date: /home/aziz/microros_ws1/firmware/mcu_ws/install/share/ament_index/resource_index/parent_prefix_path/libyaml_vendor
[0.662s] -- Up-to-date: /home/aziz/microros_ws1/firmware/mcu_ws/install/share/libyaml_vendor/environment/ament_prefix_path.sh
[0.662s] -- Installing: /home/aziz/microros_ws1/firmware/mcu_ws/install/share/libyaml_vendor/environment/ament_prefix_path.dsv
[0.662s] -- Up-to-date: /home/aziz/microros_ws1/firmware/mcu_ws/install/share/libyaml_vendor/environment/path.sh
[0.663s] -- Installing: /home/aziz/microros_ws1/firmware/mcu_ws/install/share/libyaml_vendor/environment/path.dsv
[0.663s] -- Up-to-date: /home/aziz/microros_ws1/firmware/mcu_ws/install/share/libyaml_vendor/local_setup.bash
[0.663s] -- Up-to-date: /home/aziz/microros_ws1/firmware/mcu_ws/install/share/libyaml_vendor/local_setup.sh
[0.663s] -- Up-to-date: /home/aziz/microros_ws1/firmware/mcu_ws/install/share/libyaml_vendor/local_setup.zsh
[0.670s] -- Installing: /home/aziz/microros_ws1/firmware/mcu_ws/install/share/libyaml_vendor/local_setup.dsv
[0.670s] -- Installing: /home/aziz/microros_ws1/firmware/mcu_ws/install/share/libyaml_vendor/package.dsv
[0.671s] -- Up-to-date: /home/aziz/microros_ws1/firmware/mcu_ws/install/share/ament_index/resource_index/packages/libyaml_vendor
[0.671s] -- Up-to-date: /home/aziz/microros_ws1/firmware/mcu_ws/install/share/libyaml_vendor/cmake/libyaml_vendor-extras.cmake
[0.671s] -- Up-to-date: /home/aziz/microros_ws1/firmware/mcu_ws/install/share/libyaml_vendor/cmake/ament_cmake_export_libraries-extras.cmake
[0.671s] -- Up-to-date: /home/aziz/microros_ws1/firmware/mcu_ws/install/share/libyaml_vendor/cmake/ament_cmake_export_dependencies-extras.cmake
[0.671s] -- Up-to-date: /home/aziz/microros_ws1/firmware/mcu_ws/install/share/libyaml_vendor/cmake/libyaml_vendorConfig.cmake
[0.671s] -- Up-to-date: /home/aziz/microros_ws1/firmware/mcu_ws/install/share/libyaml_vendor/cmake/libyaml_vendorConfig-version.cmake
[0.671s] -- Up-to-date: /home/aziz/microros_ws1/firmware/mcu_ws/install/share/libyaml_vendor/package.xml
[0.682s] Invoked command in '/home/aziz/microros_ws1/firmware/mcu_ws/build/libyaml_vendor' returned '0': CMAKE_PREFIX_PATH=${CMAKE_PREFIX_PATH}:/home/aziz/microros_ws1/firmware/dev_ws/install/ament_uncrustify:/home/aziz/microros_ws1/firmware/dev_ws/install/domain_coordinator:/home/aziz/microros_ws1/firmware/dev_ws/install/ament_xmllint:/home/aziz/microros_ws1/firmware/dev_ws/install/ament_pyflakes:/home/aziz/microros_ws1/firmware/dev_ws/install/ament_pycodestyle:/home/aziz/microros_ws1/firmware/dev_ws/install/ament_pep257:/home/aziz/microros_ws1/firmware/dev_ws/install/ament_pclint:/home/aziz/microros_ws1/firmware/dev_ws/install/ament_package:/home/aziz/microros_ws1/firmware/dev_ws/install/ament_mypy:/home/aziz/microros_ws1/firmware/dev_ws/install/ament_lint_cmake:/home/aziz/microros_ws1/firmware/dev_ws/install/ament_flake8:/home/aziz/microros_ws1/firmware/dev_ws/install/ament_copyright:/home/aziz/microros_ws1/firmware/dev_ws/install/ament_lint:/home/aziz/microros_ws1/firmware/dev_ws/install/ament_index_python:/home/aziz/microros_ws1/firmware/dev_ws/install/ament_cpplint:/home/aziz/microros_ws1/firmware/dev_ws/install/ament_cppcheck:/home/aziz/microros_ws1/firmware/dev_ws/install/ament_clang_tidy:/home/aziz/microros_ws1/firmware/dev_ws/install/ament_clang_format /usr/bin/cmake --install /home/aziz/microros_ws1/firmware/mcu_ws/build/libyaml_vendor
