[0.088s] Invoking command in '/home/aziz/microros_ws1/firmware/mcu_ws/build/unique_identifier_msgs': AMENT_PREFIX_PATH=/home/aziz/microros_ws1/firmware/mcu_ws/install:${AMENT_PREFIX_PATH} CMAKE_PREFIX_PATH=/home/aziz/microros_ws1/firmware/mcu_ws/install:/home/aziz/microros_ws1/firmware/dev_ws/install/ament_lint_common:/home/aziz/microros_ws1/firmware/dev_ws/install/ament_cmake_uncrustify:/home/aziz/microros_ws1/firmware/dev_ws/install/uncrustify_vendor:/home/aziz/microros_ws1/firmware/dev_ws/install/ament_cmake_ros:/home/aziz/microros_ws1/firmware/dev_ws/install/ament_cmake_gmock:/home/aziz/microros_ws1/firmware/dev_ws/install/gmock_vendor:/home/aziz/microros_ws1/firmware/dev_ws/install/ament_cmake_gtest:/home/aziz/microros_ws1/firmware/dev_ws/install/gtest_vendor:/home/aziz/microros_ws1/firmware/dev_ws/install/ament_cmake_xmllint:/home/aziz/microros_ws1/firmware/dev_ws/install/ament_cmake_pyflakes:/home/aziz/microros_ws1/firmware/dev_ws/install/ament_cmake_pycodestyle:/home/aziz/microros_ws1/firmware/dev_ws/install/ament_cmake_pep257:/home/aziz/microros_ws1/firmware/dev_ws/install/ament_cmake_pclint:/home/aziz/microros_ws1/firmware/dev_ws/install/ament_lint_auto:/home/aziz/microros_ws1/firmware/dev_ws/install/ament_cmake_auto:/home/aziz/microros_ws1/firmware/dev_ws/install/ament_cmake:/home/aziz/microros_ws1/firmware/dev_ws/install/ament_cmake_version:/home/aziz/microros_ws1/firmware/dev_ws/install/ament_cmake_pytest:/home/aziz/microros_ws1/firmware/dev_ws/install/ament_cmake_nose:/home/aziz/microros_ws1/firmware/dev_ws/install/ament_cmake_mypy:/home/aziz/microros_ws1/firmware/dev_ws/install/ament_cmake_lint_cmake:/home/aziz/microros_ws1/firmware/dev_ws/install/ament_cmake_google_benchmark:/home/aziz/microros_ws1/firmware/dev_ws/install/ament_cmake_flake8:/home/aziz/microros_ws1/firmware/dev_ws/install/ament_cmake_cpplint:/home/aziz/microros_ws1/firmware/dev_ws/install/ament_cmake_cppcheck:/home/aziz/microros_ws1/firmware/dev_ws/install/ament_cmake_copyright:/home/aziz/microros_ws1/firmware/dev_ws/install/ament_cmake_clang_tidy:/home/aziz/microros_ws1/firmware/dev_ws/install/ament_cmake_clang_format:/home/aziz/microros_ws1/firmware/dev_ws/install/ament_cmake_test:/home/aziz/microros_ws1/firmware/dev_ws/install/ament_cmake_target_dependencies:/home/aziz/microros_ws1/firmware/dev_ws/install/ament_cmake_python:/home/aziz/microros_ws1/firmware/dev_ws/install/ament_cmake_export_dependencies:/home/aziz/microros_ws1/firmware/dev_ws/install/ament_cmake_libraries:/home/aziz/microros_ws1/firmware/dev_ws/install/ament_cmake_include_directories:/home/aziz/microros_ws1/firmware/dev_ws/install/ament_cmake_export_targets:/home/aziz/microros_ws1/firmware/dev_ws/install/ament_cmake_export_link_flags:/home/aziz/microros_ws1/firmware/dev_ws/install/ament_cmake_export_interfaces:/home/aziz/microros_ws1/firmware/dev_ws/install/ament_cmake_export_libraries:/home/aziz/microros_ws1/firmware/dev_ws/install/ament_cmake_export_include_directories:/home/aziz/microros_ws1/firmware/dev_ws/install/ament_cmake_export_definitions:/home/aziz/microros_ws1/firmware/dev_ws/install/ament_cmake_core:/home/aziz/microros_ws1/firmware/dev_ws/install/ament_index_cpp:/home/aziz/microros_ws1/firmware/dev_ws/install/ament_uncrustify:/home/aziz/microros_ws1/firmware/dev_ws/install/domain_coordinator:/home/aziz/microros_ws1/firmware/dev_ws/install/ament_xmllint:/home/aziz/microros_ws1/firmware/dev_ws/install/ament_pyflakes:/home/aziz/microros_ws1/firmware/dev_ws/install/ament_pycodestyle:/home/aziz/microros_ws1/firmware/dev_ws/install/ament_pep257:/home/aziz/microros_ws1/firmware/dev_ws/install/ament_pclint:/home/aziz/microros_ws1/firmware/dev_ws/install/ament_package:/home/aziz/microros_ws1/firmware/dev_ws/install/ament_mypy:/home/aziz/microros_ws1/firmware/dev_ws/install/ament_lint_cmake:/home/aziz/microros_ws1/firmware/dev_ws/install/ament_flake8:/home/aziz/microros_ws1/firmware/dev_ws/install/ament_copyright:/home/aziz/microros_ws1/firmware/dev_ws/install/ament_lint:/home/aziz/microros_ws1/firmware/dev_ws/install/ament_index_python:/home/aziz/microros_ws1/firmware/dev_ws/install/ament_cpplint:/home/aziz/microros_ws1/firmware/dev_ws/install/ament_cppcheck:/home/aziz/microros_ws1/firmware/dev_ws/install/ament_clang_tidy:/home/aziz/microros_ws1/firmware/dev_ws/install/ament_clang_format LD_LIBRARY_PATH=/home/aziz/microros_ws1/firmware/mcu_ws/install/lib:${LD_LIBRARY_PATH} PKG_CONFIG_PATH=/home/aziz/microros_ws1/firmware/mcu_ws/install/lib/x86_64-linux-gnu/pkgconfig:/home/aziz/microros_ws1/firmware/mcu_ws/install/lib/pkgconfig:${PKG_CONFIG_PATH} PYTHONPATH=/home/aziz/microros_ws1/firmware/mcu_ws/install/lib/python3.8/site-packages:${PYTHONPATH} /usr/bin/cmake --build /home/aziz/microros_ws1/firmware/mcu_ws/build/unique_identifier_msgs -- -j4 -l4
[0.110s] make[4]: Entering directory '/home/aziz/microros_ws1/firmware/mcu_ws/build/unique_identifier_msgs'
[0.110s] /usr/bin/cmake -S/home/aziz/microros_ws1/firmware/mcu_ws/ros2/unique_identifier_msgs -B/home/aziz/microros_ws1/firmware/mcu_ws/build/unique_identifier_msgs --check-build-system CMakeFiles/Makefile.cmake 0
[0.123s] Re-run cmake file: Makefile older than: /home/aziz/microros_ws1/firmware/mcu_ws/install/share/rosidl_typesupport_c/cmake/rosidl_typesupport_cExport-debug.cmake
[0.129s] -- Found ament_cmake: 0.9.11 (/home/aziz/microros_ws1/firmware/dev_ws/install/ament_cmake/share/ament_cmake/cmake)
[0.153s] -- Found PythonInterp: /home/aziz/microros_ws1/firmware/toolchain/espressif/python_env/idf4.1_py3.8_env/bin/python3 (found suitable version "3.8.10", minimum required is "3") 
[0.155s] -- Using PYTHON_EXECUTABLE: /home/aziz/microros_ws1/firmware/toolchain/espressif/python_env/idf4.1_py3.8_env/bin/python3
[0.342s] -- Found rosidl_default_generators: 1.0.1 (/home/aziz/microros_ws1/firmware/mcu_ws/install/share/rosidl_default_generators/cmake)
[0.352s] -- Using single rosidl_typesupport_c: rosidl_typesupport_microxrcedds_c
[0.356s] -- Found rosidl_adapter: 1.3.0 (/home/aziz/microros_ws1/firmware/mcu_ws/install/share/rosidl_adapter/cmake)
[0.373s] CMake Warning at /home/aziz/microros_ws1/firmware/mcu_ws/install/share/rcutils/cmake/ament_cmake_export_libraries-extras.cmake:116 (message):
[0.373s]   Package 'rcutils' exports library 'dl' which couldn't be found
[0.373s] Call Stack (most recent call first):
[0.373s]   /home/aziz/microros_ws1/firmware/mcu_ws/install/share/rcutils/cmake/rcutilsConfig.cmake:41 (include)
[0.373s]   /home/aziz/microros_ws1/firmware/mcu_ws/install/share/rmw/cmake/ament_cmake_export_dependencies-extras.cmake:21 (find_package)
[0.373s]   /home/aziz/microros_ws1/firmware/mcu_ws/install/share/rmw/cmake/rmwConfig.cmake:41 (include)
[0.373s]   /home/aziz/microros_ws1/firmware/mcu_ws/install/share/rosidl_typesupport_microxrcedds_c/cmake/ament_cmake_export_dependencies-extras.cmake:21 (find_package)
[0.373s]   /home/aziz/microros_ws1/firmware/mcu_ws/install/share/rosidl_typesupport_microxrcedds_c/cmake/rosidl_typesupport_microxrcedds_cConfig.cmake:41 (include)
[0.374s]   /home/aziz/microros_ws1/firmware/mcu_ws/install/share/rosidl_typesupport_c/cmake/rosidl_typesupport_c-extras.cmake:13 (find_package)
[0.374s]   /home/aziz/microros_ws1/firmware/mcu_ws/install/share/rosidl_typesupport_c/cmake/rosidl_typesupport_cConfig.cmake:41 (include)
[0.374s]   /home/aziz/microros_ws1/firmware/mcu_ws/install/share/rosidl_default_generators/cmake/rosidl_default_generators-extras.cmake:21 (find_package)
[0.374s]   /home/aziz/microros_ws1/firmware/mcu_ws/install/share/rosidl_default_generators/cmake/rosidl_default_generatorsConfig.cmake:41 (include)
[0.374s]   CMakeLists.txt:15 (find_package)
[0.374s] 
[0.374s] 
[0.423s] -- Found PythonInterp: /home/aziz/microros_ws1/firmware/toolchain/espressif/python_env/idf4.1_py3.8_env/bin/python3 (found version "3.8.10") 
[0.569s] -- Found ament_cmake_ros: 0.9.2 (/home/aziz/microros_ws1/firmware/dev_ws/install/ament_cmake_ros/share/ament_cmake_ros/cmake)
[0.582s] -- Using single rosidl_typesupport_c: rosidl_typesupport_microxrcedds_c
[0.594s] -- Configuring done
[0.615s] -- Generating done
[0.616s] -- Build files have been written to: /home/aziz/microros_ws1/firmware/mcu_ws/build/unique_identifier_msgs
[0.620s] /usr/bin/cmake -E cmake_progress_start /home/aziz/microros_ws1/firmware/mcu_ws/build/unique_identifier_msgs/CMakeFiles /home/aziz/microros_ws1/firmware/mcu_ws/build/unique_identifier_msgs/CMakeFiles/progress.marks
[0.630s] /usr/bin/make -f CMakeFiles/Makefile2 all
[0.631s] make[5]: Entering directory '/home/aziz/microros_ws1/firmware/mcu_ws/build/unique_identifier_msgs'
[0.631s] /usr/bin/make -f CMakeFiles/unique_identifier_msgs__rosidl_generator_c.dir/build.make CMakeFiles/unique_identifier_msgs__rosidl_generator_c.dir/depend
[0.633s] make[6]: Entering directory '/home/aziz/microros_ws1/firmware/mcu_ws/build/unique_identifier_msgs'
[0.633s] cd /home/aziz/microros_ws1/firmware/mcu_ws/build/unique_identifier_msgs && /usr/bin/cmake -E cmake_depends "Unix Makefiles" /home/aziz/microros_ws1/firmware/mcu_ws/ros2/unique_identifier_msgs /home/aziz/microros_ws1/firmware/mcu_ws/ros2/unique_identifier_msgs /home/aziz/microros_ws1/firmware/mcu_ws/build/unique_identifier_msgs /home/aziz/microros_ws1/firmware/mcu_ws/build/unique_identifier_msgs /home/aziz/microros_ws1/firmware/mcu_ws/build/unique_identifier_msgs/CMakeFiles/unique_identifier_msgs__rosidl_generator_c.dir/DependInfo.cmake --color=
[0.643s] Dependee "/home/aziz/microros_ws1/firmware/freertos_apps/microros_esp32_extensions/build/config/sdkconfig.h" is newer than depender "CMakeFiles/unique_identifier_msgs__rosidl_generator_c.dir/rosidl_generator_c/unique_identifier_msgs/msg/detail/uuid__functions.c.obj".
[0.643s] Clearing dependencies in "/home/aziz/microros_ws1/firmware/mcu_ws/build/unique_identifier_msgs/CMakeFiles/unique_identifier_msgs__rosidl_generator_c.dir/depend.make".
[0.643s] [35m[1mScanning dependencies of target unique_identifier_msgs__rosidl_generator_c[0m
[0.649s] make[6]: Leaving directory '/home/aziz/microros_ws1/firmware/mcu_ws/build/unique_identifier_msgs'
[0.650s] /usr/bin/make -f CMakeFiles/unique_identifier_msgs__rosidl_generator_c.dir/build.make CMakeFiles/unique_identifier_msgs__rosidl_generator_c.dir/build
[0.653s] make[6]: Entering directory '/home/aziz/microros_ws1/firmware/mcu_ws/build/unique_identifier_msgs'
[0.662s] [ 11%] [32mBuilding C object CMakeFiles/unique_identifier_msgs__rosidl_generator_c.dir/rosidl_generator_c/unique_identifier_msgs/msg/detail/uuid__functions.c.obj[0m
[0.664s] /home/aziz/microros_ws1/firmware/toolchain/espressif/tools/xtensa-esp32-elf/esp-2020r2-8.2.0/xtensa-esp32-elf/bin/xtensa-esp32-elf-gcc -DLWIP_IPV4 -DLWIP_IPV6 -DROS_PACKAGE_NAME=\"unique_identifier_msgs\" -I/home/aziz/microros_ws1/firmware/freertos_apps/microros_esp32_extensions/build/config -I/home/aziz/microros_ws1/firmware/toolchain/esp-idf/components/newlib/platform_include -I/home/aziz/microros_ws1/firmware/toolchain/esp-idf/components/protocomm/include -I/home/aziz/microros_ws1/firmware/toolchain/esp-idf/components/esp_rom/include -I/home/aziz/microros_ws1/firmware/toolchain/esp-idf/components/driver/include -I/home/aziz/microros_ws1/firmware/toolchain/esp-idf/components/wear_levelling/include -I/home/aziz/microros_ws1/firmware/toolchain/esp-idf/components/vfs/include -I/home/aziz/microros_ws1/firmware/toolchain/esp-idf/components/log/include -I/home/aziz/microros_ws1/firmware/toolchain/esp-idf/components/freertos/include -I/home/aziz/microros_ws1/firmware/toolchain/esp-idf/components/wifi_provisioning/include -I/home/aziz/microros_ws1/firmware/toolchain/esp-idf/components/pthread/include -I/home/aziz/microros_ws1/firmware/toolchain/esp-idf/components/libsodium/libsodium/src/libsodium/include -I/home/aziz/microros_ws1/firmware/toolchain/esp-idf/components/coap/port/include -I/home/aziz/microros_ws1/firmware/toolchain/esp-idf/components/coap/libcoap/include -I/home/aziz/microros_ws1/firmware/toolchain/esp-idf/components/tcp_transport/include -I/home/aziz/microros_ws1/firmware/toolchain/esp-idf/components/unity/include -I/home/aziz/microros_ws1/firmware/toolchain/esp-idf/components/esp32/include -I/home/aziz/microros_ws1/firmware/toolchain/esp-idf/components/asio/port/include -I/home/aziz/microros_ws1/firmware/toolchain/esp-idf/components/asio/asio/asio/include -I/home/aziz/microros_ws1/firmware/toolchain/esp-idf/components/app_update/include -I/home/aziz/microros_ws1/firmware/toolchain/esp-idf/components/esp_ringbuf/include -I/home/aziz/microros_ws1/firmware/toolchain/esp-idf/components/soc/esp32/include -I/home/aziz/microros_ws1/firmware/toolchain/esp-idf/components/soc/include -I/home/aziz/microros_ws1/firmware/toolchain/esp-idf/components/efuse/test/include -I/home/aziz/microros_ws1/firmware/toolchain/esp-idf/components/efuse/esp32/include -I/home/aziz/microros_ws1/firmware/toolchain/esp-idf/components/efuse/include -I/home/aziz/microros_ws1/firmware/toolchain/esp-idf/components/mbedtls/port/include -I/home/aziz/microros_ws1/firmware/toolchain/esp-idf/components/mbedtls/mbedtls/include -I/home/aziz/microros_ws1/firmware/toolchain/esp-idf/components/xtensa/esp32/include -I/home/aziz/microros_ws1/firmware/toolchain/esp-idf/components/xtensa/include -I/home/aziz/microros_ws1/firmware/toolchain/esp-idf/components/app_trace/include -I/home/aziz/microros_ws1/firmware/toolchain/esp-idf/components/nvs_flash/include -I/home/aziz/microros_ws1/firmware/toolchain/esp-idf/components/jsmn/include -I/home/aziz/microros_ws1/firmware/toolchain/esp-idf/components/esp_eth/include -I/home/aziz/microros_ws1/firmware/toolchain/esp-idf/components/spiffs/include -I/home/aziz/microros_ws1/firmware/toolchain/esp-idf/components/ulp/include -I/home/aziz/microros_ws1/firmware/toolchain/esp-idf/components/mdns/include -I/home/aziz/microros_ws1/firmware/toolchain/esp-idf/components/freemodbus/modbus/include -I/home/aziz/microros_ws1/firmware/toolchain/esp-idf/components/freemodbus/common/include -I/home/aziz/microros_ws1/firmware/toolchain/esp-idf/components/esp_event/include -I/home/aziz/microros_ws1/firmware/toolchain/esp-idf/components/expat/port/include -I/home/aziz/microros_ws1/firmware/toolchain/esp-idf/components/bootloader_support/include -I/home/aziz/microros_ws1/firmware/toolchain/esp-idf/components/heap/include -I/home/aziz/microros_ws1/firmware/toolchain/esp-idf/components/wpa_supplicant/port/include -I/home/aziz/microros_ws1/firmware/toolchain/esp-idf/components/wpa_supplicant/include -I/home/aziz/microros_ws1/firmware/toolchain/esp-idf/components/tcpip_adapter/include -I/home/aziz/microros_ws1/firmware/toolchain/esp-idf/components/openssl/include -I/home/aziz/microros_ws1/firmware/toolchain/esp-idf/components/sdmmc/include -I/home/aziz/microros_ws1/firmware/toolchain/esp-idf/components/esp_local_ctrl/include -I/home/aziz/microros_ws1/firmware/toolchain/esp-idf/components/esp_common/include -I/home/aziz/microros_ws1/firmware/toolchain/esp-idf/components/lwip/lwip/src/include/lwip/apps -I/home/aziz/microros_ws1/firmware/toolchain/esp-idf/components/lwip/lwip/src/include/compat/posix -I/home/aziz/microros_ws1/firmware/toolchain/esp-idf/components/lwip/lwip/src/include -I/home/aziz/microros_ws1/firmware/toolchain/esp-idf/components/lwip/port/esp32/include -I/home/aziz/microros_ws1/firmware/mcu_ws/build/unique_identifier_msgs/rosidl_generator_c -isystem /home/aziz/microros_ws1/firmware/mcu_ws/install/include -isystem /home/aziz/microros_ws1/firmware/mcu_ws/install/share/tinydir_vendor/cmake/../../../include  -mlongcalls -Wno-frame-address -mlongcalls -Wno-frame-address -g   -Wall -std=gnu11 -o CMakeFiles/unique_identifier_msgs__rosidl_generator_c.dir/rosidl_generator_c/unique_identifier_msgs/msg/detail/uuid__functions.c.obj   -c /home/aziz/microros_ws1/firmware/mcu_ws/build/unique_identifier_msgs/rosidl_generator_c/unique_identifier_msgs/msg/detail/uuid__functions.c
[0.734s] [ 22%] [32m[1mLinking C static library libunique_identifier_msgs__rosidl_generator_c.a[0m
[0.739s] /usr/bin/cmake -P CMakeFiles/unique_identifier_msgs__rosidl_generator_c.dir/cmake_clean_target.cmake
[0.755s] /usr/bin/cmake -E cmake_link_script CMakeFiles/unique_identifier_msgs__rosidl_generator_c.dir/link.txt --verbose=1
[0.778s] /home/aziz/microros_ws1/firmware/toolchain/espressif/tools/xtensa-esp32-elf/esp-2020r2-8.2.0/xtensa-esp32-elf/bin/xtensa-esp32-elf-ar qc libunique_identifier_msgs__rosidl_generator_c.a  CMakeFiles/unique_identifier_msgs__rosidl_generator_c.dir/rosidl_generator_c/unique_identifier_msgs/msg/detail/uuid__functions.c.obj
[0.788s] /home/aziz/microros_ws1/firmware/toolchain/espressif/tools/xtensa-esp32-elf/esp-2020r2-8.2.0/xtensa-esp32-elf/bin/xtensa-esp32-elf-ranlib libunique_identifier_msgs__rosidl_generator_c.a
[0.790s] make[6]: Leaving directory '/home/aziz/microros_ws1/firmware/mcu_ws/build/unique_identifier_msgs'
[0.808s] [ 33%] Built target unique_identifier_msgs__rosidl_generator_c
[0.809s] /usr/bin/make -f CMakeFiles/unique_identifier_msgs__rosidl_typesupport_microxrcedds_c.dir/build.make CMakeFiles/unique_identifier_msgs__rosidl_typesupport_microxrcedds_c.dir/depend
[0.811s] make[6]: Entering directory '/home/aziz/microros_ws1/firmware/mcu_ws/build/unique_identifier_msgs'
[0.811s] cd /home/aziz/microros_ws1/firmware/mcu_ws/build/unique_identifier_msgs && /usr/bin/cmake -E cmake_depends "Unix Makefiles" /home/aziz/microros_ws1/firmware/mcu_ws/ros2/unique_identifier_msgs /home/aziz/microros_ws1/firmware/mcu_ws/ros2/unique_identifier_msgs /home/aziz/microros_ws1/firmware/mcu_ws/build/unique_identifier_msgs /home/aziz/microros_ws1/firmware/mcu_ws/build/unique_identifier_msgs /home/aziz/microros_ws1/firmware/mcu_ws/build/unique_identifier_msgs/CMakeFiles/unique_identifier_msgs__rosidl_typesupport_microxrcedds_c.dir/DependInfo.cmake --color=
[0.825s] make[6]: Leaving directory '/home/aziz/microros_ws1/firmware/mcu_ws/build/unique_identifier_msgs'
[0.825s] /usr/bin/make -f CMakeFiles/unique_identifier_msgs__rosidl_typesupport_microxrcedds_c.dir/build.make CMakeFiles/unique_identifier_msgs__rosidl_typesupport_microxrcedds_c.dir/build
[0.827s] make[6]: Entering directory '/home/aziz/microros_ws1/firmware/mcu_ws/build/unique_identifier_msgs'
[0.828s] make[6]: Nothing to be done for 'CMakeFiles/unique_identifier_msgs__rosidl_typesupport_microxrcedds_c.dir/build'.
[0.828s] make[6]: Leaving directory '/home/aziz/microros_ws1/firmware/mcu_ws/build/unique_identifier_msgs'
[0.837s] [ 66%] Built target unique_identifier_msgs__rosidl_typesupport_microxrcedds_c
[0.838s] /usr/bin/make -f CMakeFiles/unique_identifier_msgs__rosidl_typesupport_c.dir/build.make CMakeFiles/unique_identifier_msgs__rosidl_typesupport_c.dir/depend
[0.845s] make[6]: Entering directory '/home/aziz/microros_ws1/firmware/mcu_ws/build/unique_identifier_msgs'
[0.845s] cd /home/aziz/microros_ws1/firmware/mcu_ws/build/unique_identifier_msgs && /usr/bin/cmake -E cmake_depends "Unix Makefiles" /home/aziz/microros_ws1/firmware/mcu_ws/ros2/unique_identifier_msgs /home/aziz/microros_ws1/firmware/mcu_ws/ros2/unique_identifier_msgs /home/aziz/microros_ws1/firmware/mcu_ws/build/unique_identifier_msgs /home/aziz/microros_ws1/firmware/mcu_ws/build/unique_identifier_msgs /home/aziz/microros_ws1/firmware/mcu_ws/build/unique_identifier_msgs/CMakeFiles/unique_identifier_msgs__rosidl_typesupport_c.dir/DependInfo.cmake --color=
[0.867s] make[6]: Leaving directory '/home/aziz/microros_ws1/firmware/mcu_ws/build/unique_identifier_msgs'
[0.867s] /usr/bin/make -f CMakeFiles/unique_identifier_msgs__rosidl_typesupport_c.dir/build.make CMakeFiles/unique_identifier_msgs__rosidl_typesupport_c.dir/build
[0.872s] make[6]: Entering directory '/home/aziz/microros_ws1/firmware/mcu_ws/build/unique_identifier_msgs'
[0.872s] make[6]: Nothing to be done for 'CMakeFiles/unique_identifier_msgs__rosidl_typesupport_c.dir/build'.
[0.873s] make[6]: Leaving directory '/home/aziz/microros_ws1/firmware/mcu_ws/build/unique_identifier_msgs'
[0.898s] [100%] Built target unique_identifier_msgs__rosidl_typesupport_c
[0.899s] /usr/bin/make -f CMakeFiles/unique_identifier_msgs.dir/build.make CMakeFiles/unique_identifier_msgs.dir/depend
[0.907s] make[6]: Entering directory '/home/aziz/microros_ws1/firmware/mcu_ws/build/unique_identifier_msgs'
[0.908s] cd /home/aziz/microros_ws1/firmware/mcu_ws/build/unique_identifier_msgs && /usr/bin/cmake -E cmake_depends "Unix Makefiles" /home/aziz/microros_ws1/firmware/mcu_ws/ros2/unique_identifier_msgs /home/aziz/microros_ws1/firmware/mcu_ws/ros2/unique_identifier_msgs /home/aziz/microros_ws1/firmware/mcu_ws/build/unique_identifier_msgs /home/aziz/microros_ws1/firmware/mcu_ws/build/unique_identifier_msgs /home/aziz/microros_ws1/firmware/mcu_ws/build/unique_identifier_msgs/CMakeFiles/unique_identifier_msgs.dir/DependInfo.cmake --color=
[0.921s] make[6]: Leaving directory '/home/aziz/microros_ws1/firmware/mcu_ws/build/unique_identifier_msgs'
[0.921s] /usr/bin/make -f CMakeFiles/unique_identifier_msgs.dir/build.make CMakeFiles/unique_identifier_msgs.dir/build
[0.923s] make[6]: Entering directory '/home/aziz/microros_ws1/firmware/mcu_ws/build/unique_identifier_msgs'
[0.923s] make[6]: Nothing to be done for 'CMakeFiles/unique_identifier_msgs.dir/build'.
[0.923s] make[6]: Leaving directory '/home/aziz/microros_ws1/firmware/mcu_ws/build/unique_identifier_msgs'
[0.932s] [100%] Built target unique_identifier_msgs
[0.934s] make[5]: Leaving directory '/home/aziz/microros_ws1/firmware/mcu_ws/build/unique_identifier_msgs'
[0.934s] /usr/bin/cmake -E cmake_progress_start /home/aziz/microros_ws1/firmware/mcu_ws/build/unique_identifier_msgs/CMakeFiles 0
[0.949s] make[4]: Leaving directory '/home/aziz/microros_ws1/firmware/mcu_ws/build/unique_identifier_msgs'
[0.955s] Invoked command in '/home/aziz/microros_ws1/firmware/mcu_ws/build/unique_identifier_msgs' returned '0': AMENT_PREFIX_PATH=/home/aziz/microros_ws1/firmware/mcu_ws/install:${AMENT_PREFIX_PATH} CMAKE_PREFIX_PATH=/home/aziz/microros_ws1/firmware/mcu_ws/install:/home/aziz/microros_ws1/firmware/dev_ws/install/ament_lint_common:/home/aziz/microros_ws1/firmware/dev_ws/install/ament_cmake_uncrustify:/home/aziz/microros_ws1/firmware/dev_ws/install/uncrustify_vendor:/home/aziz/microros_ws1/firmware/dev_ws/install/ament_cmake_ros:/home/aziz/microros_ws1/firmware/dev_ws/install/ament_cmake_gmock:/home/aziz/microros_ws1/firmware/dev_ws/install/gmock_vendor:/home/aziz/microros_ws1/firmware/dev_ws/install/ament_cmake_gtest:/home/aziz/microros_ws1/firmware/dev_ws/install/gtest_vendor:/home/aziz/microros_ws1/firmware/dev_ws/install/ament_cmake_xmllint:/home/aziz/microros_ws1/firmware/dev_ws/install/ament_cmake_pyflakes:/home/aziz/microros_ws1/firmware/dev_ws/install/ament_cmake_pycodestyle:/home/aziz/microros_ws1/firmware/dev_ws/install/ament_cmake_pep257:/home/aziz/microros_ws1/firmware/dev_ws/install/ament_cmake_pclint:/home/aziz/microros_ws1/firmware/dev_ws/install/ament_lint_auto:/home/aziz/microros_ws1/firmware/dev_ws/install/ament_cmake_auto:/home/aziz/microros_ws1/firmware/dev_ws/install/ament_cmake:/home/aziz/microros_ws1/firmware/dev_ws/install/ament_cmake_version:/home/aziz/microros_ws1/firmware/dev_ws/install/ament_cmake_pytest:/home/aziz/microros_ws1/firmware/dev_ws/install/ament_cmake_nose:/home/aziz/microros_ws1/firmware/dev_ws/install/ament_cmake_mypy:/home/aziz/microros_ws1/firmware/dev_ws/install/ament_cmake_lint_cmake:/home/aziz/microros_ws1/firmware/dev_ws/install/ament_cmake_google_benchmark:/home/aziz/microros_ws1/firmware/dev_ws/install/ament_cmake_flake8:/home/aziz/microros_ws1/firmware/dev_ws/install/ament_cmake_cpplint:/home/aziz/microros_ws1/firmware/dev_ws/install/ament_cmake_cppcheck:/home/aziz/microros_ws1/firmware/dev_ws/install/ament_cmake_copyright:/home/aziz/microros_ws1/firmware/dev_ws/install/ament_cmake_clang_tidy:/home/aziz/microros_ws1/firmware/dev_ws/install/ament_cmake_clang_format:/home/aziz/microros_ws1/firmware/dev_ws/install/ament_cmake_test:/home/aziz/microros_ws1/firmware/dev_ws/install/ament_cmake_target_dependencies:/home/aziz/microros_ws1/firmware/dev_ws/install/ament_cmake_python:/home/aziz/microros_ws1/firmware/dev_ws/install/ament_cmake_export_dependencies:/home/aziz/microros_ws1/firmware/dev_ws/install/ament_cmake_libraries:/home/aziz/microros_ws1/firmware/dev_ws/install/ament_cmake_include_directories:/home/aziz/microros_ws1/firmware/dev_ws/install/ament_cmake_export_targets:/home/aziz/microros_ws1/firmware/dev_ws/install/ament_cmake_export_link_flags:/home/aziz/microros_ws1/firmware/dev_ws/install/ament_cmake_export_interfaces:/home/aziz/microros_ws1/firmware/dev_ws/install/ament_cmake_export_libraries:/home/aziz/microros_ws1/firmware/dev_ws/install/ament_cmake_export_include_directories:/home/aziz/microros_ws1/firmware/dev_ws/install/ament_cmake_export_definitions:/home/aziz/microros_ws1/firmware/dev_ws/install/ament_cmake_core:/home/aziz/microros_ws1/firmware/dev_ws/install/ament_index_cpp:/home/aziz/microros_ws1/firmware/dev_ws/install/ament_uncrustify:/home/aziz/microros_ws1/firmware/dev_ws/install/domain_coordinator:/home/aziz/microros_ws1/firmware/dev_ws/install/ament_xmllint:/home/aziz/microros_ws1/firmware/dev_ws/install/ament_pyflakes:/home/aziz/microros_ws1/firmware/dev_ws/install/ament_pycodestyle:/home/aziz/microros_ws1/firmware/dev_ws/install/ament_pep257:/home/aziz/microros_ws1/firmware/dev_ws/install/ament_pclint:/home/aziz/microros_ws1/firmware/dev_ws/install/ament_package:/home/aziz/microros_ws1/firmware/dev_ws/install/ament_mypy:/home/aziz/microros_ws1/firmware/dev_ws/install/ament_lint_cmake:/home/aziz/microros_ws1/firmware/dev_ws/install/ament_flake8:/home/aziz/microros_ws1/firmware/dev_ws/install/ament_copyright:/home/aziz/microros_ws1/firmware/dev_ws/install/ament_lint:/home/aziz/microros_ws1/firmware/dev_ws/install/ament_index_python:/home/aziz/microros_ws1/firmware/dev_ws/install/ament_cpplint:/home/aziz/microros_ws1/firmware/dev_ws/install/ament_cppcheck:/home/aziz/microros_ws1/firmware/dev_ws/install/ament_clang_tidy:/home/aziz/microros_ws1/firmware/dev_ws/install/ament_clang_format LD_LIBRARY_PATH=/home/aziz/microros_ws1/firmware/mcu_ws/install/lib:${LD_LIBRARY_PATH} PKG_CONFIG_PATH=/home/aziz/microros_ws1/firmware/mcu_ws/install/lib/x86_64-linux-gnu/pkgconfig:/home/aziz/microros_ws1/firmware/mcu_ws/install/lib/pkgconfig:${PKG_CONFIG_PATH} PYTHONPATH=/home/aziz/microros_ws1/firmware/mcu_ws/install/lib/python3.8/site-packages:${PYTHONPATH} /usr/bin/cmake --build /home/aziz/microros_ws1/firmware/mcu_ws/build/unique_identifier_msgs -- -j4 -l4
[1.037s] Invoking command in '/home/aziz/microros_ws1/firmware/mcu_ws/build/unique_identifier_msgs': AMENT_PREFIX_PATH=/home/aziz/microros_ws1/firmware/mcu_ws/install:${AMENT_PREFIX_PATH} CMAKE_PREFIX_PATH=/home/aziz/microros_ws1/firmware/mcu_ws/install:/home/aziz/microros_ws1/firmware/dev_ws/install/ament_lint_common:/home/aziz/microros_ws1/firmware/dev_ws/install/ament_cmake_uncrustify:/home/aziz/microros_ws1/firmware/dev_ws/install/uncrustify_vendor:/home/aziz/microros_ws1/firmware/dev_ws/install/ament_cmake_ros:/home/aziz/microros_ws1/firmware/dev_ws/install/ament_cmake_gmock:/home/aziz/microros_ws1/firmware/dev_ws/install/gmock_vendor:/home/aziz/microros_ws1/firmware/dev_ws/install/ament_cmake_gtest:/home/aziz/microros_ws1/firmware/dev_ws/install/gtest_vendor:/home/aziz/microros_ws1/firmware/dev_ws/install/ament_cmake_xmllint:/home/aziz/microros_ws1/firmware/dev_ws/install/ament_cmake_pyflakes:/home/aziz/microros_ws1/firmware/dev_ws/install/ament_cmake_pycodestyle:/home/aziz/microros_ws1/firmware/dev_ws/install/ament_cmake_pep257:/home/aziz/microros_ws1/firmware/dev_ws/install/ament_cmake_pclint:/home/aziz/microros_ws1/firmware/dev_ws/install/ament_lint_auto:/home/aziz/microros_ws1/firmware/dev_ws/install/ament_cmake_auto:/home/aziz/microros_ws1/firmware/dev_ws/install/ament_cmake:/home/aziz/microros_ws1/firmware/dev_ws/install/ament_cmake_version:/home/aziz/microros_ws1/firmware/dev_ws/install/ament_cmake_pytest:/home/aziz/microros_ws1/firmware/dev_ws/install/ament_cmake_nose:/home/aziz/microros_ws1/firmware/dev_ws/install/ament_cmake_mypy:/home/aziz/microros_ws1/firmware/dev_ws/install/ament_cmake_lint_cmake:/home/aziz/microros_ws1/firmware/dev_ws/install/ament_cmake_google_benchmark:/home/aziz/microros_ws1/firmware/dev_ws/install/ament_cmake_flake8:/home/aziz/microros_ws1/firmware/dev_ws/install/ament_cmake_cpplint:/home/aziz/microros_ws1/firmware/dev_ws/install/ament_cmake_cppcheck:/home/aziz/microros_ws1/firmware/dev_ws/install/ament_cmake_copyright:/home/aziz/microros_ws1/firmware/dev_ws/install/ament_cmake_clang_tidy:/home/aziz/microros_ws1/firmware/dev_ws/install/ament_cmake_clang_format:/home/aziz/microros_ws1/firmware/dev_ws/install/ament_cmake_test:/home/aziz/microros_ws1/firmware/dev_ws/install/ament_cmake_target_dependencies:/home/aziz/microros_ws1/firmware/dev_ws/install/ament_cmake_python:/home/aziz/microros_ws1/firmware/dev_ws/install/ament_cmake_export_dependencies:/home/aziz/microros_ws1/firmware/dev_ws/install/ament_cmake_libraries:/home/aziz/microros_ws1/firmware/dev_ws/install/ament_cmake_include_directories:/home/aziz/microros_ws1/firmware/dev_ws/install/ament_cmake_export_targets:/home/aziz/microros_ws1/firmware/dev_ws/install/ament_cmake_export_link_flags:/home/aziz/microros_ws1/firmware/dev_ws/install/ament_cmake_export_interfaces:/home/aziz/microros_ws1/firmware/dev_ws/install/ament_cmake_export_libraries:/home/aziz/microros_ws1/firmware/dev_ws/install/ament_cmake_export_include_directories:/home/aziz/microros_ws1/firmware/dev_ws/install/ament_cmake_export_definitions:/home/aziz/microros_ws1/firmware/dev_ws/install/ament_cmake_core:/home/aziz/microros_ws1/firmware/dev_ws/install/ament_index_cpp:/home/aziz/microros_ws1/firmware/dev_ws/install/ament_uncrustify:/home/aziz/microros_ws1/firmware/dev_ws/install/domain_coordinator:/home/aziz/microros_ws1/firmware/dev_ws/install/ament_xmllint:/home/aziz/microros_ws1/firmware/dev_ws/install/ament_pyflakes:/home/aziz/microros_ws1/firmware/dev_ws/install/ament_pycodestyle:/home/aziz/microros_ws1/firmware/dev_ws/install/ament_pep257:/home/aziz/microros_ws1/firmware/dev_ws/install/ament_pclint:/home/aziz/microros_ws1/firmware/dev_ws/install/ament_package:/home/aziz/microros_ws1/firmware/dev_ws/install/ament_mypy:/home/aziz/microros_ws1/firmware/dev_ws/install/ament_lint_cmake:/home/aziz/microros_ws1/firmware/dev_ws/install/ament_flake8:/home/aziz/microros_ws1/firmware/dev_ws/install/ament_copyright:/home/aziz/microros_ws1/firmware/dev_ws/install/ament_lint:/home/aziz/microros_ws1/firmware/dev_ws/install/ament_index_python:/home/aziz/microros_ws1/firmware/dev_ws/install/ament_cpplint:/home/aziz/microros_ws1/firmware/dev_ws/install/ament_cppcheck:/home/aziz/microros_ws1/firmware/dev_ws/install/ament_clang_tidy:/home/aziz/microros_ws1/firmware/dev_ws/install/ament_clang_format LD_LIBRARY_PATH=/home/aziz/microros_ws1/firmware/mcu_ws/install/lib:${LD_LIBRARY_PATH} PKG_CONFIG_PATH=/home/aziz/microros_ws1/firmware/mcu_ws/install/lib/x86_64-linux-gnu/pkgconfig:/home/aziz/microros_ws1/firmware/mcu_ws/install/lib/pkgconfig:${PKG_CONFIG_PATH} PYTHONPATH=/home/aziz/microros_ws1/firmware/mcu_ws/install/lib/python3.8/site-packages:${PYTHONPATH} /usr/bin/cmake --install /home/aziz/microros_ws1/firmware/mcu_ws/build/unique_identifier_msgs
[1.046s] -- Install configuration: "Debug"
[1.046s] -- Up-to-date: /home/aziz/microros_ws1/firmware/mcu_ws/install/share/ament_index/resource_index/rosidl_interfaces/unique_identifier_msgs
[1.046s] -- Up-to-date: /home/aziz/microros_ws1/firmware/mcu_ws/install/include/unique_identifier_msgs
[1.046s] -- Up-to-date: /home/aziz/microros_ws1/firmware/mcu_ws/install/include/unique_identifier_msgs/msg
[1.046s] -- Up-to-date: /home/aziz/microros_ws1/firmware/mcu_ws/install/include/unique_identifier_msgs/msg/rosidl_generator_c__visibility_control.h
[1.046s] -- Up-to-date: /home/aziz/microros_ws1/firmware/mcu_ws/install/include/unique_identifier_msgs/msg/uuid.h
[1.046s] -- Up-to-date: /home/aziz/microros_ws1/firmware/mcu_ws/install/include/unique_identifier_msgs/msg/detail
[1.047s] -- Up-to-date: /home/aziz/microros_ws1/firmware/mcu_ws/install/include/unique_identifier_msgs/msg/detail/uuid__functions.c
[1.047s] -- Up-to-date: /home/aziz/microros_ws1/firmware/mcu_ws/install/include/unique_identifier_msgs/msg/detail/uuid__type_support.h
[1.047s] -- Up-to-date: /home/aziz/microros_ws1/firmware/mcu_ws/install/include/unique_identifier_msgs/msg/detail/uuid__functions.h
[1.047s] -- Up-to-date: /home/aziz/microros_ws1/firmware/mcu_ws/install/include/unique_identifier_msgs/msg/detail/uuid__struct.h
[1.048s] -- Up-to-date: /home/aziz/microros_ws1/firmware/mcu_ws/install/share/unique_identifier_msgs/environment/library_path.sh
[1.048s] -- Installing: /home/aziz/microros_ws1/firmware/mcu_ws/install/share/unique_identifier_msgs/environment/library_path.dsv
[1.048s] -- Installing: /home/aziz/microros_ws1/firmware/mcu_ws/install/lib/libunique_identifier_msgs__rosidl_generator_c.a
[1.049s] -- Up-to-date: /home/aziz/microros_ws1/firmware/mcu_ws/install/include/unique_identifier_msgs
[1.049s] -- Up-to-date: /home/aziz/microros_ws1/firmware/mcu_ws/install/include/unique_identifier_msgs/msg
[1.049s] -- Up-to-date: /home/aziz/microros_ws1/firmware/mcu_ws/install/include/unique_identifier_msgs/msg/rosidl_typesupport_microxrcedds_c__visibility_control.h
[1.049s] -- Up-to-date: /home/aziz/microros_ws1/firmware/mcu_ws/install/include/unique_identifier_msgs/msg/detail
[1.049s] -- Up-to-date: /home/aziz/microros_ws1/firmware/mcu_ws/install/include/unique_identifier_msgs/msg/detail/microxrcedds
[1.049s] -- Up-to-date: /home/aziz/microros_ws1/firmware/mcu_ws/install/include/unique_identifier_msgs/msg/detail/uuid__rosidl_typesupport_microxrcedds_c.h
[1.050s] -- Up-to-date: /home/aziz/microros_ws1/firmware/mcu_ws/install/lib/libunique_identifier_msgs__rosidl_typesupport_microxrcedds_c.a
[1.050s] -- Up-to-date: /home/aziz/microros_ws1/firmware/mcu_ws/install/lib/libunique_identifier_msgs__rosidl_typesupport_c.a
[1.050s] -- Up-to-date: /home/aziz/microros_ws1/firmware/mcu_ws/install/lib/libunique_identifier_msgs__rosidl_typesupport_microxrcedds_c.a
[1.050s] -- Up-to-date: /home/aziz/microros_ws1/firmware/mcu_ws/install/share/unique_identifier_msgs/msg/UUID.idl
[1.050s] -- Up-to-date: /home/aziz/microros_ws1/firmware/mcu_ws/install/share/unique_identifier_msgs/msg/UUID.msg
[1.050s] -- Up-to-date: /home/aziz/microros_ws1/firmware/mcu_ws/install/share/ament_index/resource_index/package_run_dependencies/unique_identifier_msgs
[1.051s] -- Up-to-date: /home/aziz/microros_ws1/firmware/mcu_ws/install/share/ament_index/resource_index/parent_prefix_path/unique_identifier_msgs
[1.051s] -- Up-to-date: /home/aziz/microros_ws1/firmware/mcu_ws/install/share/unique_identifier_msgs/environment/ament_prefix_path.sh
[1.051s] -- Installing: /home/aziz/microros_ws1/firmware/mcu_ws/install/share/unique_identifier_msgs/environment/ament_prefix_path.dsv
[1.051s] -- Up-to-date: /home/aziz/microros_ws1/firmware/mcu_ws/install/share/unique_identifier_msgs/environment/path.sh
[1.051s] -- Installing: /home/aziz/microros_ws1/firmware/mcu_ws/install/share/unique_identifier_msgs/environment/path.dsv
[1.051s] -- Up-to-date: /home/aziz/microros_ws1/firmware/mcu_ws/install/share/unique_identifier_msgs/local_setup.bash
[1.051s] -- Up-to-date: /home/aziz/microros_ws1/firmware/mcu_ws/install/share/unique_identifier_msgs/local_setup.sh
[1.051s] -- Up-to-date: /home/aziz/microros_ws1/firmware/mcu_ws/install/share/unique_identifier_msgs/local_setup.zsh
[1.052s] -- Installing: /home/aziz/microros_ws1/firmware/mcu_ws/install/share/unique_identifier_msgs/local_setup.dsv
[1.052s] -- Installing: /home/aziz/microros_ws1/firmware/mcu_ws/install/share/unique_identifier_msgs/package.dsv
[1.052s] -- Up-to-date: /home/aziz/microros_ws1/firmware/mcu_ws/install/share/ament_index/resource_index/packages/unique_identifier_msgs
[1.053s] -- Up-to-date: /home/aziz/microros_ws1/firmware/mcu_ws/install/share/unique_identifier_msgs/cmake/unique_identifier_msgs__rosidl_generator_cExport.cmake
[1.053s] -- Installing: /home/aziz/microros_ws1/firmware/mcu_ws/install/share/unique_identifier_msgs/cmake/unique_identifier_msgs__rosidl_generator_cExport-debug.cmake
[1.053s] -- Up-to-date: /home/aziz/microros_ws1/firmware/mcu_ws/install/share/unique_identifier_msgs/cmake/unique_identifier_msgs__rosidl_typesupport_cExport.cmake
[1.053s] -- Installing: /home/aziz/microros_ws1/firmware/mcu_ws/install/share/unique_identifier_msgs/cmake/unique_identifier_msgs__rosidl_typesupport_cExport-debug.cmake
[1.054s] -- Up-to-date: /home/aziz/microros_ws1/firmware/mcu_ws/install/share/unique_identifier_msgs/cmake/rosidl_cmake-extras.cmake
[1.054s] -- Up-to-date: /home/aziz/microros_ws1/firmware/mcu_ws/install/share/unique_identifier_msgs/cmake/ament_cmake_export_dependencies-extras.cmake
[1.054s] -- Up-to-date: /home/aziz/microros_ws1/firmware/mcu_ws/install/share/unique_identifier_msgs/cmake/ament_cmake_export_libraries-extras.cmake
[1.054s] -- Up-to-date: /home/aziz/microros_ws1/firmware/mcu_ws/install/share/unique_identifier_msgs/cmake/ament_cmake_export_targets-extras.cmake
[1.054s] -- Up-to-date: /home/aziz/microros_ws1/firmware/mcu_ws/install/share/unique_identifier_msgs/cmake/ament_cmake_export_include_directories-extras.cmake
[1.054s] -- Up-to-date: /home/aziz/microros_ws1/firmware/mcu_ws/install/share/unique_identifier_msgs/cmake/rosidl_cmake_export_typesupport_libraries-extras.cmake
[1.054s] -- Up-to-date: /home/aziz/microros_ws1/firmware/mcu_ws/install/share/unique_identifier_msgs/cmake/unique_identifier_msgsConfig.cmake
[1.055s] -- Up-to-date: /home/aziz/microros_ws1/firmware/mcu_ws/install/share/unique_identifier_msgs/cmake/unique_identifier_msgsConfig-version.cmake
[1.055s] -- Up-to-date: /home/aziz/microros_ws1/firmware/mcu_ws/install/share/unique_identifier_msgs/package.xml
[1.055s] -- Up-to-date: /home/aziz/microros_ws1/firmware/mcu_ws/install/share/unique_identifier_msgs/mapping_rules.yaml
[1.062s] Invoked command in '/home/aziz/microros_ws1/firmware/mcu_ws/build/unique_identifier_msgs' returned '0': AMENT_PREFIX_PATH=/home/aziz/microros_ws1/firmware/mcu_ws/install:${AMENT_PREFIX_PATH} CMAKE_PREFIX_PATH=/home/aziz/microros_ws1/firmware/mcu_ws/install:/home/aziz/microros_ws1/firmware/dev_ws/install/ament_lint_common:/home/aziz/microros_ws1/firmware/dev_ws/install/ament_cmake_uncrustify:/home/aziz/microros_ws1/firmware/dev_ws/install/uncrustify_vendor:/home/aziz/microros_ws1/firmware/dev_ws/install/ament_cmake_ros:/home/aziz/microros_ws1/firmware/dev_ws/install/ament_cmake_gmock:/home/aziz/microros_ws1/firmware/dev_ws/install/gmock_vendor:/home/aziz/microros_ws1/firmware/dev_ws/install/ament_cmake_gtest:/home/aziz/microros_ws1/firmware/dev_ws/install/gtest_vendor:/home/aziz/microros_ws1/firmware/dev_ws/install/ament_cmake_xmllint:/home/aziz/microros_ws1/firmware/dev_ws/install/ament_cmake_pyflakes:/home/aziz/microros_ws1/firmware/dev_ws/install/ament_cmake_pycodestyle:/home/aziz/microros_ws1/firmware/dev_ws/install/ament_cmake_pep257:/home/aziz/microros_ws1/firmware/dev_ws/install/ament_cmake_pclint:/home/aziz/microros_ws1/firmware/dev_ws/install/ament_lint_auto:/home/aziz/microros_ws1/firmware/dev_ws/install/ament_cmake_auto:/home/aziz/microros_ws1/firmware/dev_ws/install/ament_cmake:/home/aziz/microros_ws1/firmware/dev_ws/install/ament_cmake_version:/home/aziz/microros_ws1/firmware/dev_ws/install/ament_cmake_pytest:/home/aziz/microros_ws1/firmware/dev_ws/install/ament_cmake_nose:/home/aziz/microros_ws1/firmware/dev_ws/install/ament_cmake_mypy:/home/aziz/microros_ws1/firmware/dev_ws/install/ament_cmake_lint_cmake:/home/aziz/microros_ws1/firmware/dev_ws/install/ament_cmake_google_benchmark:/home/aziz/microros_ws1/firmware/dev_ws/install/ament_cmake_flake8:/home/aziz/microros_ws1/firmware/dev_ws/install/ament_cmake_cpplint:/home/aziz/microros_ws1/firmware/dev_ws/install/ament_cmake_cppcheck:/home/aziz/microros_ws1/firmware/dev_ws/install/ament_cmake_copyright:/home/aziz/microros_ws1/firmware/dev_ws/install/ament_cmake_clang_tidy:/home/aziz/microros_ws1/firmware/dev_ws/install/ament_cmake_clang_format:/home/aziz/microros_ws1/firmware/dev_ws/install/ament_cmake_test:/home/aziz/microros_ws1/firmware/dev_ws/install/ament_cmake_target_dependencies:/home/aziz/microros_ws1/firmware/dev_ws/install/ament_cmake_python:/home/aziz/microros_ws1/firmware/dev_ws/install/ament_cmake_export_dependencies:/home/aziz/microros_ws1/firmware/dev_ws/install/ament_cmake_libraries:/home/aziz/microros_ws1/firmware/dev_ws/install/ament_cmake_include_directories:/home/aziz/microros_ws1/firmware/dev_ws/install/ament_cmake_export_targets:/home/aziz/microros_ws1/firmware/dev_ws/install/ament_cmake_export_link_flags:/home/aziz/microros_ws1/firmware/dev_ws/install/ament_cmake_export_interfaces:/home/aziz/microros_ws1/firmware/dev_ws/install/ament_cmake_export_libraries:/home/aziz/microros_ws1/firmware/dev_ws/install/ament_cmake_export_include_directories:/home/aziz/microros_ws1/firmware/dev_ws/install/ament_cmake_export_definitions:/home/aziz/microros_ws1/firmware/dev_ws/install/ament_cmake_core:/home/aziz/microros_ws1/firmware/dev_ws/install/ament_index_cpp:/home/aziz/microros_ws1/firmware/dev_ws/install/ament_uncrustify:/home/aziz/microros_ws1/firmware/dev_ws/install/domain_coordinator:/home/aziz/microros_ws1/firmware/dev_ws/install/ament_xmllint:/home/aziz/microros_ws1/firmware/dev_ws/install/ament_pyflakes:/home/aziz/microros_ws1/firmware/dev_ws/install/ament_pycodestyle:/home/aziz/microros_ws1/firmware/dev_ws/install/ament_pep257:/home/aziz/microros_ws1/firmware/dev_ws/install/ament_pclint:/home/aziz/microros_ws1/firmware/dev_ws/install/ament_package:/home/aziz/microros_ws1/firmware/dev_ws/install/ament_mypy:/home/aziz/microros_ws1/firmware/dev_ws/install/ament_lint_cmake:/home/aziz/microros_ws1/firmware/dev_ws/install/ament_flake8:/home/aziz/microros_ws1/firmware/dev_ws/install/ament_copyright:/home/aziz/microros_ws1/firmware/dev_ws/install/ament_lint:/home/aziz/microros_ws1/firmware/dev_ws/install/ament_index_python:/home/aziz/microros_ws1/firmware/dev_ws/install/ament_cpplint:/home/aziz/microros_ws1/firmware/dev_ws/install/ament_cppcheck:/home/aziz/microros_ws1/firmware/dev_ws/install/ament_clang_tidy:/home/aziz/microros_ws1/firmware/dev_ws/install/ament_clang_format LD_LIBRARY_PATH=/home/aziz/microros_ws1/firmware/mcu_ws/install/lib:${LD_LIBRARY_PATH} PKG_CONFIG_PATH=/home/aziz/microros_ws1/firmware/mcu_ws/install/lib/x86_64-linux-gnu/pkgconfig:/home/aziz/microros_ws1/firmware/mcu_ws/install/lib/pkgconfig:${PKG_CONFIG_PATH} PYTHONPATH=/home/aziz/microros_ws1/firmware/mcu_ws/install/lib/python3.8/site-packages:${PYTHONPATH} /usr/bin/cmake --install /home/aziz/microros_ws1/firmware/mcu_ws/build/unique_identifier_msgs
