[0.034s] Invoking command in '/home/aziz/microros_ws1/build/micro_ros_msgs': CMAKE_PREFIX_PATH=${CMAKE_PREFIX_PATH}:/opt/ros/foxy /usr/bin/cmake /home/aziz/microros_ws1/src/uros/micro_ros_msgs -DUAGENT_BUILD_EXECUTABLE=OFF -DUAGENT_P2P_PROFILE=OFF --no-warn-unused-cli -DCMAKE_INSTALL_PREFIX=/home/aziz/microros_ws1/install/micro_ros_msgs
[0.043s] Not searching for unused variables given on the command line.
[0.132s] -- The C compiler identification is GNU 9.4.0
[0.227s] -- The CXX compiler identification is GNU 9.4.0
[0.232s] -- Check for working C compiler: /usr/bin/cc
[0.310s] -- Check for working C compiler: /usr/bin/cc -- works
[0.311s] -- Detecting C compiler ABI info
[0.386s] -- Detecting C compiler ABI info - done
[0.399s] -- Detecting C compile features
[0.399s] -- Detecting C compile features - done
[0.402s] -- Check for working CXX compiler: /usr/bin/c++
[0.492s] -- Check for working CXX compiler: /usr/bin/c++ -- works
[0.493s] -- Detecting CXX compiler ABI info
[0.585s] -- Detecting CXX compiler ABI info - done
[0.599s] -- Detecting CXX compile features
[0.599s] -- Detecting CXX compile features - done
[0.603s] -- Found ament_cmake: 0.9.11 (/opt/ros/foxy/share/ament_cmake/cmake)
[0.639s] -- Found PythonInterp: /usr/bin/python3 (found suitable version "3.8.10", minimum required is "3") 
[0.639s] -- Using PYTHON_EXECUTABLE: /usr/bin/python3
[0.970s] -- Found rosidl_default_generators: 1.0.1 (/opt/ros/foxy/share/rosidl_default_generators/cmake)
[0.974s] -- Using all available rosidl_typesupport_c: rosidl_typesupport_fastrtps_c;rosidl_typesupport_introspection_c
[0.984s] -- Found rosidl_adapter: 1.3.0 (/opt/ros/foxy/share/rosidl_adapter/cmake)
[1.108s] -- Found OpenSSL: /usr/lib/x86_64-linux-gnu/libcrypto.so (found version "1.1.1f")  
[1.142s] -- Found FastRTPS: /opt/ros/foxy/include  
[1.240s] -- Using all available rosidl_typesupport_cpp: rosidl_typesupport_fastrtps_cpp;rosidl_typesupport_introspection_cpp
[1.275s] -- Found ament_lint_auto: 0.9.7 (/opt/ros/foxy/share/ament_lint_auto/cmake)
[1.407s] -- Found PythonInterp: /usr/bin/python3 (found version "3.8.10") 
[1.517s] -- Found ament_cmake_ros: 0.9.2 (/opt/ros/foxy/share/ament_cmake_ros/cmake)
[1.643s] -- Using all available rosidl_typesupport_c: rosidl_typesupport_fastrtps_c;rosidl_typesupport_introspection_c
[1.653s] -- Using all available rosidl_typesupport_cpp: rosidl_typesupport_fastrtps_cpp;rosidl_typesupport_introspection_cpp
[1.688s] -- Found PythonInterp: /usr/bin/python3 (found suitable version "3.8.10", minimum required is "3.5") 
[1.690s] -- Found python_cmake_module: 0.8.1 (/opt/ros/foxy/share/python_cmake_module/cmake)
[1.729s] -- Found PythonLibs: /usr/lib/x86_64-linux-gnu/libpython3.8.so (found suitable version "3.8.10", minimum required is "3.5") 
[1.729s] -- Using PYTHON_EXECUTABLE: /usr/bin/python3
[1.730s] -- Using PYTHON_INCLUDE_DIRS: /usr/include/python3.8
[1.730s] -- Using PYTHON_LIBRARIES: /usr/lib/x86_64-linux-gnu/libpython3.8.so
[1.764s] -- Found PythonExtra: .so  
[2.158s] -- Added test 'copyright' to check source files copyright and LICENSE
[2.176s] -- Added test 'lint_cmake' to check CMake code style
[2.186s] -- Added test 'xmllint' to check XML markup files
[2.196s] -- Configuring done
[2.240s] -- Generating done
[2.243s] -- Build files have been written to: /home/aziz/microros_ws1/build/micro_ros_msgs
[2.250s] Invoked command in '/home/aziz/microros_ws1/build/micro_ros_msgs' returned '0': CMAKE_PREFIX_PATH=${CMAKE_PREFIX_PATH}:/opt/ros/foxy /usr/bin/cmake /home/aziz/microros_ws1/src/uros/micro_ros_msgs -DUAGENT_BUILD_EXECUTABLE=OFF -DUAGENT_P2P_PROFILE=OFF --no-warn-unused-cli -DCMAKE_INSTALL_PREFIX=/home/aziz/microros_ws1/install/micro_ros_msgs
[2.254s] Invoking command in '/home/aziz/microros_ws1/build/micro_ros_msgs': CMAKE_PREFIX_PATH=${CMAKE_PREFIX_PATH}:/opt/ros/foxy /usr/bin/cmake --build /home/aziz/microros_ws1/build/micro_ros_msgs -- -j4 -l4
[2.300s] [  2%] [34m[1mGenerating C code for ROS interfaces[0m
[2.300s] [35m[1mScanning dependencies of target micro_ros_msgs__cpp[0m
[2.312s] [  4%] [34m[1mGenerating C++ code for ROS interfaces[0m
[2.680s] [  4%] Built target micro_ros_msgs__cpp
[2.691s] [  6%] [34m[1mGenerating C++ introspection for ROS interfaces[0m
[2.701s] [  8%] [34m[1mGenerating C++ type support for eProsima Fast-RTPS[0m
[2.735s] [ 10%] [34m[1mGenerating C++ type support dispatch for ROS interfaces[0m
[2.737s] [35m[1mScanning dependencies of target micro_ros_msgs__rosidl_generator_c[0m
[2.754s] [ 12%] [32mBuilding C object CMakeFiles/micro_ros_msgs__rosidl_generator_c.dir/rosidl_generator_c/micro_ros_msgs/msg/detail/graph__functions.c.o[0m
[2.835s] [ 14%] [32mBuilding C object CMakeFiles/micro_ros_msgs__rosidl_generator_c.dir/rosidl_generator_c/micro_ros_msgs/msg/detail/node__functions.c.o[0m
[2.904s] [ 17%] [32mBuilding C object CMakeFiles/micro_ros_msgs__rosidl_generator_c.dir/rosidl_generator_c/micro_ros_msgs/msg/detail/entity__functions.c.o[0m
[2.959s] [ 19%] [32m[1mLinking C shared library libmicro_ros_msgs__rosidl_generator_c.so[0m
[3.035s] [ 19%] Built target micro_ros_msgs__rosidl_generator_c
[3.058s] [ 21%] [34m[1mGenerating C type support dispatch for ROS interfaces[0m
[3.086s] [35m[1mScanning dependencies of target micro_ros_msgs__rosidl_typesupport_cpp[0m
[3.102s] [ 23%] [32mBuilding CXX object CMakeFiles/micro_ros_msgs__rosidl_typesupport_cpp.dir/rosidl_typesupport_cpp/micro_ros_msgs/msg/graph__type_support.cpp.o[0m
[3.104s] [35m[1mScanning dependencies of target micro_ros_msgs__rosidl_typesupport_introspection_cpp[0m
[3.127s] [ 25%] [32mBuilding CXX object CMakeFiles/micro_ros_msgs__rosidl_typesupport_introspection_cpp.dir/rosidl_typesupport_introspection_cpp/micro_ros_msgs/msg/detail/graph__type_support.cpp.o[0m
[3.139s] [35m[1mScanning dependencies of target micro_ros_msgs__rosidl_typesupport_fastrtps_cpp[0m
[3.163s] [ 27%] [32mBuilding CXX object CMakeFiles/micro_ros_msgs__rosidl_typesupport_fastrtps_cpp.dir/rosidl_typesupport_fastrtps_cpp/micro_ros_msgs/msg/detail/dds_fastrtps/graph__type_support.cpp.o[0m
[3.400s] [35m[1mScanning dependencies of target micro_ros_msgs__rosidl_typesupport_c[0m
[3.427s] [ 29%] [32mBuilding CXX object CMakeFiles/micro_ros_msgs__rosidl_typesupport_c.dir/rosidl_typesupport_c/micro_ros_msgs/msg/graph__type_support.cpp.o[0m
[3.467s] [ 31%] [32mBuilding CXX object CMakeFiles/micro_ros_msgs__rosidl_typesupport_c.dir/rosidl_typesupport_c/micro_ros_msgs/msg/node__type_support.cpp.o[0m
[3.473s] [ 34%] [32mBuilding CXX object CMakeFiles/micro_ros_msgs__rosidl_typesupport_cpp.dir/rosidl_typesupport_cpp/micro_ros_msgs/msg/node__type_support.cpp.o[0m
[3.509s] [ 36%] [32mBuilding CXX object CMakeFiles/micro_ros_msgs__rosidl_typesupport_c.dir/rosidl_typesupport_c/micro_ros_msgs/msg/entity__type_support.cpp.o[0m
[3.553s] [ 38%] [32m[1mLinking CXX shared library libmicro_ros_msgs__rosidl_typesupport_c.so[0m
[3.569s] [ 40%] [32mBuilding CXX object CMakeFiles/micro_ros_msgs__rosidl_typesupport_introspection_cpp.dir/rosidl_typesupport_introspection_cpp/micro_ros_msgs/msg/detail/node__type_support.cpp.o[0m
[3.607s] [ 40%] Built target micro_ros_msgs__rosidl_typesupport_c
[3.620s] [ 42%] [32mBuilding CXX object CMakeFiles/micro_ros_msgs__rosidl_typesupport_fastrtps_cpp.dir/rosidl_typesupport_fastrtps_cpp/micro_ros_msgs/msg/detail/dds_fastrtps/node__type_support.cpp.o[0m
[3.773s] [ 44%] [32mBuilding CXX object CMakeFiles/micro_ros_msgs__rosidl_typesupport_fastrtps_cpp.dir/rosidl_typesupport_fastrtps_cpp/micro_ros_msgs/msg/detail/dds_fastrtps/entity__type_support.cpp.o[0m
[3.816s] [ 46%] [32mBuilding CXX object CMakeFiles/micro_ros_msgs__rosidl_typesupport_cpp.dir/rosidl_typesupport_cpp/micro_ros_msgs/msg/entity__type_support.cpp.o[0m
[3.978s] [ 48%] [32mBuilding CXX object CMakeFiles/micro_ros_msgs__rosidl_typesupport_introspection_cpp.dir/rosidl_typesupport_introspection_cpp/micro_ros_msgs/msg/detail/entity__type_support.cpp.o[0m
[4.171s] [ 51%] [32m[1mLinking CXX shared library libmicro_ros_msgs__rosidl_typesupport_cpp.so[0m
[4.212s] [ 53%] [34m[1mGenerating C introspection for ROS interfaces[0m
[4.227s] [ 53%] Built target micro_ros_msgs__rosidl_typesupport_cpp
[4.318s] [ 55%] [32m[1mLinking CXX shared library libmicro_ros_msgs__rosidl_typesupport_fastrtps_cpp.so[0m
[4.351s] [ 57%] [32m[1mLinking CXX shared library libmicro_ros_msgs__rosidl_typesupport_introspection_cpp.so[0m
[4.448s] [ 57%] Built target micro_ros_msgs__rosidl_typesupport_fastrtps_cpp
[4.464s] [ 59%] [34m[1mGenerating C type support for eProsima Fast-RTPS[0m
[4.468s] [ 59%] Built target micro_ros_msgs__rosidl_typesupport_introspection_cpp
[4.575s] [35m[1mScanning dependencies of target micro_ros_msgs__rosidl_typesupport_introspection_c[0m
[4.591s] [ 61%] [32mBuilding C object CMakeFiles/micro_ros_msgs__rosidl_typesupport_introspection_c.dir/rosidl_typesupport_introspection_c/micro_ros_msgs/msg/detail/graph__type_support.c.o[0m
[4.592s] [ 63%] [32mBuilding C object CMakeFiles/micro_ros_msgs__rosidl_typesupport_introspection_c.dir/rosidl_typesupport_introspection_c/micro_ros_msgs/msg/detail/entity__type_support.c.o[0m
[4.595s] [ 65%] [32mBuilding C object CMakeFiles/micro_ros_msgs__rosidl_typesupport_introspection_c.dir/rosidl_typesupport_introspection_c/micro_ros_msgs/msg/detail/node__type_support.c.o[0m
[4.643s] [ 68%] [32m[1mLinking C shared library libmicro_ros_msgs__rosidl_typesupport_introspection_c.so[0m
[4.684s] [ 68%] Built target micro_ros_msgs__rosidl_typesupport_introspection_c
[4.818s] [35m[1mScanning dependencies of target micro_ros_msgs__rosidl_typesupport_fastrtps_c[0m
[4.836s] [ 70%] [32mBuilding CXX object CMakeFiles/micro_ros_msgs__rosidl_typesupport_fastrtps_c.dir/rosidl_typesupport_fastrtps_c/micro_ros_msgs/msg/detail/graph__type_support_c.cpp.o[0m
[4.838s] [ 72%] [32mBuilding CXX object CMakeFiles/micro_ros_msgs__rosidl_typesupport_fastrtps_c.dir/rosidl_typesupport_fastrtps_c/micro_ros_msgs/msg/detail/entity__type_support_c.cpp.o[0m
[4.840s] [ 74%] [32mBuilding CXX object CMakeFiles/micro_ros_msgs__rosidl_typesupport_fastrtps_c.dir/rosidl_typesupport_fastrtps_c/micro_ros_msgs/msg/detail/node__type_support_c.cpp.o[0m
[5.235s] [ 76%] [32m[1mLinking CXX shared library libmicro_ros_msgs__rosidl_typesupport_fastrtps_c.so[0m
[5.341s] [ 76%] Built target micro_ros_msgs__rosidl_typesupport_fastrtps_c
[5.352s] [35m[1mScanning dependencies of target micro_ros_msgs[0m
[5.364s] [ 76%] Built target micro_ros_msgs
[5.376s] [35m[1mScanning dependencies of target micro_ros_msgs__py[0m
[5.387s] [ 78%] [34m[1mGenerating Python code for ROS interfaces[0m
[6.155s] [ 78%] Built target micro_ros_msgs__py
[6.168s] [35m[1mScanning dependencies of target micro_ros_msgs__python[0m
[6.203s] [ 80%] [32mBuilding C object CMakeFiles/micro_ros_msgs__python.dir/rosidl_generator_py/micro_ros_msgs/msg/_node_s.c.o[0m
[6.204s] [ 82%] [32mBuilding C object CMakeFiles/micro_ros_msgs__python.dir/rosidl_generator_py/micro_ros_msgs/msg/_graph_s.c.o[0m
[6.206s] [ 85%] [32mBuilding C object CMakeFiles/micro_ros_msgs__python.dir/rosidl_generator_py/micro_ros_msgs/msg/_entity_s.c.o[0m
[6.317s] [ 87%] [32m[1mLinking C shared library rosidl_generator_py/micro_ros_msgs/libmicro_ros_msgs__python.so[0m
[6.365s] [ 87%] Built target micro_ros_msgs__python
[6.378s] [35m[1mScanning dependencies of target micro_ros_msgs__rosidl_typesupport_c__pyext[0m
[6.378s] [35m[1mScanning dependencies of target micro_ros_msgs__rosidl_typesupport_introspection_c__pyext[0m
[6.378s] [35m[1mScanning dependencies of target micro_ros_msgs__rosidl_typesupport_fastrtps_c__pyext[0m
[6.398s] [ 89%] [32mBuilding C object CMakeFiles/micro_ros_msgs__rosidl_typesupport_c__pyext.dir/rosidl_generator_py/micro_ros_msgs/_micro_ros_msgs_s.ep.rosidl_typesupport_c.c.o[0m
[6.403s] [ 93%] [32mBuilding C object CMakeFiles/micro_ros_msgs__rosidl_typesupport_introspection_c__pyext.dir/rosidl_generator_py/micro_ros_msgs/_micro_ros_msgs_s.ep.rosidl_typesupport_introspection_c.c.o[0m
[6.404s] [ 93%] [32mBuilding C object CMakeFiles/micro_ros_msgs__rosidl_typesupport_fastrtps_c__pyext.dir/rosidl_generator_py/micro_ros_msgs/_micro_ros_msgs_s.ep.rosidl_typesupport_fastrtps_c.c.o[0m
[6.499s] [ 95%] [32m[1mLinking C shared library rosidl_generator_py/micro_ros_msgs/micro_ros_msgs_s__rosidl_typesupport_c.cpython-38-x86_64-linux-gnu.so[0m
[6.499s] [ 97%] [32m[1mLinking C shared library rosidl_generator_py/micro_ros_msgs/micro_ros_msgs_s__rosidl_typesupport_introspection_c.cpython-38-x86_64-linux-gnu.so[0m
[6.503s] [100%] [32m[1mLinking CXX shared library rosidl_generator_py/micro_ros_msgs/micro_ros_msgs_s__rosidl_typesupport_fastrtps_c.cpython-38-x86_64-linux-gnu.so[0m
[6.540s] [100%] Built target micro_ros_msgs__rosidl_typesupport_introspection_c__pyext
[6.540s] [100%] Built target micro_ros_msgs__rosidl_typesupport_c__pyext
[6.582s] [100%] Built target micro_ros_msgs__rosidl_typesupport_fastrtps_c__pyext
[6.596s] Invoked command in '/home/aziz/microros_ws1/build/micro_ros_msgs' returned '0': CMAKE_PREFIX_PATH=${CMAKE_PREFIX_PATH}:/opt/ros/foxy /usr/bin/cmake --build /home/aziz/microros_ws1/build/micro_ros_msgs -- -j4 -l4
[6.708s] Invoking command in '/home/aziz/microros_ws1/build/micro_ros_msgs': CMAKE_PREFIX_PATH=${CMAKE_PREFIX_PATH}:/opt/ros/foxy /usr/bin/cmake --install /home/aziz/microros_ws1/build/micro_ros_msgs
[6.720s] -- Install configuration: ""
[6.720s] -- Installing: /home/aziz/microros_ws1/install/micro_ros_msgs/share/ament_index/resource_index/rosidl_interfaces/micro_ros_msgs
[6.720s] -- Installing: /home/aziz/microros_ws1/install/micro_ros_msgs/include/micro_ros_msgs
[6.721s] -- Installing: /home/aziz/microros_ws1/install/micro_ros_msgs/include/micro_ros_msgs/msg
[6.721s] -- Installing: /home/aziz/microros_ws1/install/micro_ros_msgs/include/micro_ros_msgs/msg/rosidl_generator_c__visibility_control.h
[6.721s] -- Installing: /home/aziz/microros_ws1/install/micro_ros_msgs/include/micro_ros_msgs/msg/node.h
[6.721s] -- Installing: /home/aziz/microros_ws1/install/micro_ros_msgs/include/micro_ros_msgs/msg/entity.h
[6.721s] -- Installing: /home/aziz/microros_ws1/install/micro_ros_msgs/include/micro_ros_msgs/msg/detail
[6.721s] -- Installing: /home/aziz/microros_ws1/install/micro_ros_msgs/include/micro_ros_msgs/msg/detail/node__functions.h
[6.721s] -- Installing: /home/aziz/microros_ws1/install/micro_ros_msgs/include/micro_ros_msgs/msg/detail/node__struct.h
[6.721s] -- Installing: /home/aziz/microros_ws1/install/micro_ros_msgs/include/micro_ros_msgs/msg/detail/graph__functions.c
[6.721s] -- Installing: /home/aziz/microros_ws1/install/micro_ros_msgs/include/micro_ros_msgs/msg/detail/entity__type_support.h
[6.722s] -- Installing: /home/aziz/microros_ws1/install/micro_ros_msgs/include/micro_ros_msgs/msg/detail/node__type_support.h
[6.722s] -- Installing: /home/aziz/microros_ws1/install/micro_ros_msgs/include/micro_ros_msgs/msg/detail/node__functions.c
[6.722s] -- Installing: /home/aziz/microros_ws1/install/micro_ros_msgs/include/micro_ros_msgs/msg/detail/entity__functions.h
[6.722s] -- Installing: /home/aziz/microros_ws1/install/micro_ros_msgs/include/micro_ros_msgs/msg/detail/entity__functions.c
[6.722s] -- Installing: /home/aziz/microros_ws1/install/micro_ros_msgs/include/micro_ros_msgs/msg/detail/graph__struct.h
[6.722s] -- Installing: /home/aziz/microros_ws1/install/micro_ros_msgs/include/micro_ros_msgs/msg/detail/graph__type_support.h
[6.722s] -- Installing: /home/aziz/microros_ws1/install/micro_ros_msgs/include/micro_ros_msgs/msg/detail/entity__struct.h
[6.722s] -- Installing: /home/aziz/microros_ws1/install/micro_ros_msgs/include/micro_ros_msgs/msg/detail/graph__functions.h
[6.722s] -- Installing: /home/aziz/microros_ws1/install/micro_ros_msgs/include/micro_ros_msgs/msg/graph.h
[6.723s] -- Installing: /home/aziz/microros_ws1/install/micro_ros_msgs/share/micro_ros_msgs/environment/library_path.sh
[6.723s] -- Installing: /home/aziz/microros_ws1/install/micro_ros_msgs/share/micro_ros_msgs/environment/library_path.dsv
[6.723s] -- Installing: /home/aziz/microros_ws1/install/micro_ros_msgs/lib/libmicro_ros_msgs__rosidl_generator_c.so
[6.724s] -- Set runtime path of "/home/aziz/microros_ws1/install/micro_ros_msgs/lib/libmicro_ros_msgs__rosidl_generator_c.so" to ""
[6.724s] -- Up-to-date: /home/aziz/microros_ws1/install/micro_ros_msgs/include/micro_ros_msgs
[6.724s] -- Up-to-date: /home/aziz/microros_ws1/install/micro_ros_msgs/include/micro_ros_msgs/msg
[6.725s] -- Installing: /home/aziz/microros_ws1/install/micro_ros_msgs/include/micro_ros_msgs/msg/rosidl_typesupport_fastrtps_c__visibility_control.h
[6.725s] -- Up-to-date: /home/aziz/microros_ws1/install/micro_ros_msgs/include/micro_ros_msgs/msg/detail
[6.725s] -- Installing: /home/aziz/microros_ws1/install/micro_ros_msgs/include/micro_ros_msgs/msg/detail/entity__rosidl_typesupport_fastrtps_c.h
[6.725s] -- Installing: /home/aziz/microros_ws1/install/micro_ros_msgs/include/micro_ros_msgs/msg/detail/node__rosidl_typesupport_fastrtps_c.h
[6.725s] -- Installing: /home/aziz/microros_ws1/install/micro_ros_msgs/include/micro_ros_msgs/msg/detail/graph__rosidl_typesupport_fastrtps_c.h
[6.725s] -- Installing: /home/aziz/microros_ws1/install/micro_ros_msgs/lib/libmicro_ros_msgs__rosidl_typesupport_fastrtps_c.so
[6.726s] -- Set runtime path of "/home/aziz/microros_ws1/install/micro_ros_msgs/lib/libmicro_ros_msgs__rosidl_typesupport_fastrtps_c.so" to ""
[6.726s] -- Up-to-date: /home/aziz/microros_ws1/install/micro_ros_msgs/include/micro_ros_msgs
[6.726s] -- Up-to-date: /home/aziz/microros_ws1/install/micro_ros_msgs/include/micro_ros_msgs/msg
[6.726s] -- Installing: /home/aziz/microros_ws1/install/micro_ros_msgs/include/micro_ros_msgs/msg/rosidl_typesupport_fastrtps_cpp__visibility_control.h
[6.726s] -- Up-to-date: /home/aziz/microros_ws1/install/micro_ros_msgs/include/micro_ros_msgs/msg/detail
[6.726s] -- Installing: /home/aziz/microros_ws1/install/micro_ros_msgs/include/micro_ros_msgs/msg/detail/entity__rosidl_typesupport_fastrtps_cpp.hpp
[6.727s] -- Installing: /home/aziz/microros_ws1/install/micro_ros_msgs/include/micro_ros_msgs/msg/detail/dds_fastrtps
[6.727s] -- Installing: /home/aziz/microros_ws1/install/micro_ros_msgs/include/micro_ros_msgs/msg/detail/graph__rosidl_typesupport_fastrtps_cpp.hpp
[6.727s] -- Installing: /home/aziz/microros_ws1/install/micro_ros_msgs/include/micro_ros_msgs/msg/detail/node__rosidl_typesupport_fastrtps_cpp.hpp
[6.727s] -- Installing: /home/aziz/microros_ws1/install/micro_ros_msgs/lib/libmicro_ros_msgs__rosidl_typesupport_fastrtps_cpp.so
[6.727s] -- Set runtime path of "/home/aziz/microros_ws1/install/micro_ros_msgs/lib/libmicro_ros_msgs__rosidl_typesupport_fastrtps_cpp.so" to ""
[6.728s] -- Up-to-date: /home/aziz/microros_ws1/install/micro_ros_msgs/include/micro_ros_msgs
[6.728s] -- Up-to-date: /home/aziz/microros_ws1/install/micro_ros_msgs/include/micro_ros_msgs/msg
[6.728s] -- Installing: /home/aziz/microros_ws1/install/micro_ros_msgs/include/micro_ros_msgs/msg/rosidl_typesupport_introspection_c__visibility_control.h
[6.728s] -- Up-to-date: /home/aziz/microros_ws1/install/micro_ros_msgs/include/micro_ros_msgs/msg/detail
[6.728s] -- Installing: /home/aziz/microros_ws1/install/micro_ros_msgs/include/micro_ros_msgs/msg/detail/entity__rosidl_typesupport_introspection_c.h
[6.728s] -- Installing: /home/aziz/microros_ws1/install/micro_ros_msgs/include/micro_ros_msgs/msg/detail/graph__type_support.c
[6.728s] -- Installing: /home/aziz/microros_ws1/install/micro_ros_msgs/include/micro_ros_msgs/msg/detail/node__type_support.c
[6.728s] -- Installing: /home/aziz/microros_ws1/install/micro_ros_msgs/include/micro_ros_msgs/msg/detail/graph__rosidl_typesupport_introspection_c.h
[6.728s] -- Installing: /home/aziz/microros_ws1/install/micro_ros_msgs/include/micro_ros_msgs/msg/detail/node__rosidl_typesupport_introspection_c.h
[6.728s] -- Installing: /home/aziz/microros_ws1/install/micro_ros_msgs/include/micro_ros_msgs/msg/detail/entity__type_support.c
[6.729s] -- Installing: /home/aziz/microros_ws1/install/micro_ros_msgs/lib/libmicro_ros_msgs__rosidl_typesupport_introspection_c.so
[6.730s] -- Set runtime path of "/home/aziz/microros_ws1/install/micro_ros_msgs/lib/libmicro_ros_msgs__rosidl_typesupport_introspection_c.so" to ""
[6.730s] -- Installing: /home/aziz/microros_ws1/install/micro_ros_msgs/lib/libmicro_ros_msgs__rosidl_typesupport_c.so
[6.731s] -- Set runtime path of "/home/aziz/microros_ws1/install/micro_ros_msgs/lib/libmicro_ros_msgs__rosidl_typesupport_c.so" to ""
[6.731s] -- Up-to-date: /home/aziz/microros_ws1/install/micro_ros_msgs/include/micro_ros_msgs
[6.731s] -- Up-to-date: /home/aziz/microros_ws1/install/micro_ros_msgs/include/micro_ros_msgs/msg
[6.732s] -- Installing: /home/aziz/microros_ws1/install/micro_ros_msgs/include/micro_ros_msgs/msg/entity.hpp
[6.732s] -- Installing: /home/aziz/microros_ws1/install/micro_ros_msgs/include/micro_ros_msgs/msg/node.hpp
[6.732s] -- Installing: /home/aziz/microros_ws1/install/micro_ros_msgs/include/micro_ros_msgs/msg/graph.hpp
[6.734s] -- Up-to-date: /home/aziz/microros_ws1/install/micro_ros_msgs/include/micro_ros_msgs/msg/detail
[6.734s] -- Installing: /home/aziz/microros_ws1/install/micro_ros_msgs/include/micro_ros_msgs/msg/detail/node__struct.hpp
[6.734s] -- Installing: /home/aziz/microros_ws1/install/micro_ros_msgs/include/micro_ros_msgs/msg/detail/graph__builder.hpp
[6.734s] -- Installing: /home/aziz/microros_ws1/install/micro_ros_msgs/include/micro_ros_msgs/msg/detail/graph__traits.hpp
[6.734s] -- Installing: /home/aziz/microros_ws1/install/micro_ros_msgs/include/micro_ros_msgs/msg/detail/node__builder.hpp
[6.735s] -- Installing: /home/aziz/microros_ws1/install/micro_ros_msgs/include/micro_ros_msgs/msg/detail/entity__traits.hpp
[6.735s] -- Installing: /home/aziz/microros_ws1/install/micro_ros_msgs/include/micro_ros_msgs/msg/detail/node__traits.hpp
[6.735s] -- Installing: /home/aziz/microros_ws1/install/micro_ros_msgs/include/micro_ros_msgs/msg/detail/entity__builder.hpp
[6.735s] -- Installing: /home/aziz/microros_ws1/install/micro_ros_msgs/include/micro_ros_msgs/msg/detail/graph__struct.hpp
[6.735s] -- Installing: /home/aziz/microros_ws1/install/micro_ros_msgs/include/micro_ros_msgs/msg/detail/entity__struct.hpp
[6.735s] -- Up-to-date: /home/aziz/microros_ws1/install/micro_ros_msgs/include/micro_ros_msgs
[6.735s] -- Up-to-date: /home/aziz/microros_ws1/install/micro_ros_msgs/include/micro_ros_msgs/msg
[6.735s] -- Up-to-date: /home/aziz/microros_ws1/install/micro_ros_msgs/include/micro_ros_msgs/msg/detail
[6.735s] -- Installing: /home/aziz/microros_ws1/install/micro_ros_msgs/include/micro_ros_msgs/msg/detail/graph__type_support.cpp
[6.735s] -- Installing: /home/aziz/microros_ws1/install/micro_ros_msgs/include/micro_ros_msgs/msg/detail/graph__rosidl_typesupport_introspection_cpp.hpp
[6.735s] -- Installing: /home/aziz/microros_ws1/install/micro_ros_msgs/include/micro_ros_msgs/msg/detail/node__rosidl_typesupport_introspection_cpp.hpp
[6.735s] -- Installing: /home/aziz/microros_ws1/install/micro_ros_msgs/include/micro_ros_msgs/msg/detail/node__type_support.cpp
[6.736s] -- Installing: /home/aziz/microros_ws1/install/micro_ros_msgs/include/micro_ros_msgs/msg/detail/entity__type_support.cpp
[6.736s] -- Installing: /home/aziz/microros_ws1/install/micro_ros_msgs/include/micro_ros_msgs/msg/detail/entity__rosidl_typesupport_introspection_cpp.hpp
[6.736s] -- Installing: /home/aziz/microros_ws1/install/micro_ros_msgs/lib/libmicro_ros_msgs__rosidl_typesupport_introspection_cpp.so
[6.736s] -- Set runtime path of "/home/aziz/microros_ws1/install/micro_ros_msgs/lib/libmicro_ros_msgs__rosidl_typesupport_introspection_cpp.so" to ""
[6.736s] -- Installing: /home/aziz/microros_ws1/install/micro_ros_msgs/lib/libmicro_ros_msgs__rosidl_typesupport_cpp.so
[6.736s] -- Set runtime path of "/home/aziz/microros_ws1/install/micro_ros_msgs/lib/libmicro_ros_msgs__rosidl_typesupport_cpp.so" to ""
[6.736s] -- Installing: /home/aziz/microros_ws1/install/micro_ros_msgs/share/micro_ros_msgs/environment/pythonpath.sh
[6.736s] -- Installing: /home/aziz/microros_ws1/install/micro_ros_msgs/share/micro_ros_msgs/environment/pythonpath.dsv
[6.736s] -- Installing: /home/aziz/microros_ws1/install/micro_ros_msgs/lib/python3.8/site-packages/micro_ros_msgs/__init__.py
[6.777s] Compiling '/home/aziz/microros_ws1/install/micro_ros_msgs/lib/python3.8/site-packages/micro_ros_msgs/__init__.py'...
[6.784s] -- Installing: /home/aziz/microros_ws1/install/micro_ros_msgs/lib/python3.8/site-packages/micro_ros_msgs/msg
[6.785s] -- Installing: /home/aziz/microros_ws1/install/micro_ros_msgs/lib/python3.8/site-packages/micro_ros_msgs/msg/_entity.py
[6.785s] -- Installing: /home/aziz/microros_ws1/install/micro_ros_msgs/lib/python3.8/site-packages/micro_ros_msgs/msg/_node.py
[6.785s] -- Installing: /home/aziz/microros_ws1/install/micro_ros_msgs/lib/python3.8/site-packages/micro_ros_msgs/msg/_entity_s.c
[6.785s] -- Installing: /home/aziz/microros_ws1/install/micro_ros_msgs/lib/python3.8/site-packages/micro_ros_msgs/msg/_node_s.c
[6.785s] -- Installing: /home/aziz/microros_ws1/install/micro_ros_msgs/lib/python3.8/site-packages/micro_ros_msgs/msg/__init__.py
[6.785s] -- Installing: /home/aziz/microros_ws1/install/micro_ros_msgs/lib/python3.8/site-packages/micro_ros_msgs/msg/_graph_s.c
[6.785s] -- Installing: /home/aziz/microros_ws1/install/micro_ros_msgs/lib/python3.8/site-packages/micro_ros_msgs/msg/_graph.py
[6.786s] -- Installing: /home/aziz/microros_ws1/install/micro_ros_msgs/lib/python3.8/site-packages/micro_ros_msgs/micro_ros_msgs_s__rosidl_typesupport_fastrtps_c.cpython-38-x86_64-linux-gnu.so
[6.787s] -- Set runtime path of "/home/aziz/microros_ws1/install/micro_ros_msgs/lib/python3.8/site-packages/micro_ros_msgs/micro_ros_msgs_s__rosidl_typesupport_fastrtps_c.cpython-38-x86_64-linux-gnu.so" to ""
[6.787s] -- Installing: /home/aziz/microros_ws1/install/micro_ros_msgs/lib/python3.8/site-packages/micro_ros_msgs/micro_ros_msgs_s__rosidl_typesupport_introspection_c.cpython-38-x86_64-linux-gnu.so
[6.787s] -- Set runtime path of "/home/aziz/microros_ws1/install/micro_ros_msgs/lib/python3.8/site-packages/micro_ros_msgs/micro_ros_msgs_s__rosidl_typesupport_introspection_c.cpython-38-x86_64-linux-gnu.so" to ""
[6.787s] -- Installing: /home/aziz/microros_ws1/install/micro_ros_msgs/lib/python3.8/site-packages/micro_ros_msgs/micro_ros_msgs_s__rosidl_typesupport_c.cpython-38-x86_64-linux-gnu.so
[6.788s] -- Set runtime path of "/home/aziz/microros_ws1/install/micro_ros_msgs/lib/python3.8/site-packages/micro_ros_msgs/micro_ros_msgs_s__rosidl_typesupport_c.cpython-38-x86_64-linux-gnu.so" to ""
[6.788s] -- Installing: /home/aziz/microros_ws1/install/micro_ros_msgs/lib/libmicro_ros_msgs__python.so
[6.789s] -- Set runtime path of "/home/aziz/microros_ws1/install/micro_ros_msgs/lib/libmicro_ros_msgs__python.so" to ""
[6.789s] -- Installing: /home/aziz/microros_ws1/install/micro_ros_msgs/share/micro_ros_msgs/msg/Graph.idl
[6.789s] -- Installing: /home/aziz/microros_ws1/install/micro_ros_msgs/share/micro_ros_msgs/msg/Node.idl
[6.789s] -- Installing: /home/aziz/microros_ws1/install/micro_ros_msgs/share/micro_ros_msgs/msg/Entity.idl
[6.789s] -- Installing: /home/aziz/microros_ws1/install/micro_ros_msgs/share/micro_ros_msgs/msg/Graph.msg
[6.790s] -- Installing: /home/aziz/microros_ws1/install/micro_ros_msgs/share/micro_ros_msgs/msg/Node.msg
[6.790s] -- Installing: /home/aziz/microros_ws1/install/micro_ros_msgs/share/micro_ros_msgs/msg/Entity.msg
[6.790s] -- Installing: /home/aziz/microros_ws1/install/micro_ros_msgs/share/ament_index/resource_index/package_run_dependencies/micro_ros_msgs
[6.790s] -- Installing: /home/aziz/microros_ws1/install/micro_ros_msgs/share/ament_index/resource_index/parent_prefix_path/micro_ros_msgs
[6.791s] -- Installing: /home/aziz/microros_ws1/install/micro_ros_msgs/share/micro_ros_msgs/environment/ament_prefix_path.sh
[6.791s] -- Installing: /home/aziz/microros_ws1/install/micro_ros_msgs/share/micro_ros_msgs/environment/ament_prefix_path.dsv
[6.791s] -- Installing: /home/aziz/microros_ws1/install/micro_ros_msgs/share/micro_ros_msgs/environment/path.sh
[6.791s] -- Installing: /home/aziz/microros_ws1/install/micro_ros_msgs/share/micro_ros_msgs/environment/path.dsv
[6.791s] -- Installing: /home/aziz/microros_ws1/install/micro_ros_msgs/share/micro_ros_msgs/local_setup.bash
[6.791s] -- Installing: /home/aziz/microros_ws1/install/micro_ros_msgs/share/micro_ros_msgs/local_setup.sh
[6.792s] -- Installing: /home/aziz/microros_ws1/install/micro_ros_msgs/share/micro_ros_msgs/local_setup.zsh
[6.792s] -- Installing: /home/aziz/microros_ws1/install/micro_ros_msgs/share/micro_ros_msgs/local_setup.dsv
[6.792s] -- Installing: /home/aziz/microros_ws1/install/micro_ros_msgs/share/micro_ros_msgs/package.dsv
[6.792s] -- Installing: /home/aziz/microros_ws1/install/micro_ros_msgs/share/ament_index/resource_index/packages/micro_ros_msgs
[6.792s] -- Installing: /home/aziz/microros_ws1/install/micro_ros_msgs/share/micro_ros_msgs/cmake/micro_ros_msgs__rosidl_generator_cExport.cmake
[6.793s] -- Installing: /home/aziz/microros_ws1/install/micro_ros_msgs/share/micro_ros_msgs/cmake/micro_ros_msgs__rosidl_generator_cExport-noconfig.cmake
[6.793s] -- Installing: /home/aziz/microros_ws1/install/micro_ros_msgs/share/micro_ros_msgs/cmake/micro_ros_msgs__rosidl_typesupport_introspection_cExport.cmake
[6.793s] -- Installing: /home/aziz/microros_ws1/install/micro_ros_msgs/share/micro_ros_msgs/cmake/micro_ros_msgs__rosidl_typesupport_introspection_cExport-noconfig.cmake
[6.793s] -- Installing: /home/aziz/microros_ws1/install/micro_ros_msgs/share/micro_ros_msgs/cmake/micro_ros_msgs__rosidl_typesupport_cExport.cmake
[6.793s] -- Installing: /home/aziz/microros_ws1/install/micro_ros_msgs/share/micro_ros_msgs/cmake/micro_ros_msgs__rosidl_typesupport_cExport-noconfig.cmake
[6.794s] -- Installing: /home/aziz/microros_ws1/install/micro_ros_msgs/share/micro_ros_msgs/cmake/micro_ros_msgs__rosidl_generator_cppExport.cmake
[6.794s] -- Installing: /home/aziz/microros_ws1/install/micro_ros_msgs/share/micro_ros_msgs/cmake/micro_ros_msgs__rosidl_typesupport_introspection_cppExport.cmake
[6.794s] -- Installing: /home/aziz/microros_ws1/install/micro_ros_msgs/share/micro_ros_msgs/cmake/micro_ros_msgs__rosidl_typesupport_introspection_cppExport-noconfig.cmake
[6.794s] -- Installing: /home/aziz/microros_ws1/install/micro_ros_msgs/share/micro_ros_msgs/cmake/micro_ros_msgs__rosidl_typesupport_cppExport.cmake
[6.794s] -- Installing: /home/aziz/microros_ws1/install/micro_ros_msgs/share/micro_ros_msgs/cmake/micro_ros_msgs__rosidl_typesupport_cppExport-noconfig.cmake
[6.795s] -- Installing: /home/aziz/microros_ws1/install/micro_ros_msgs/share/micro_ros_msgs/cmake/rosidl_cmake-extras.cmake
[6.795s] -- Installing: /home/aziz/microros_ws1/install/micro_ros_msgs/share/micro_ros_msgs/cmake/ament_cmake_export_dependencies-extras.cmake
[6.795s] -- Installing: /home/aziz/microros_ws1/install/micro_ros_msgs/share/micro_ros_msgs/cmake/ament_cmake_export_libraries-extras.cmake
[6.795s] -- Installing: /home/aziz/microros_ws1/install/micro_ros_msgs/share/micro_ros_msgs/cmake/ament_cmake_export_targets-extras.cmake
[6.795s] -- Installing: /home/aziz/microros_ws1/install/micro_ros_msgs/share/micro_ros_msgs/cmake/ament_cmake_export_include_directories-extras.cmake
[6.797s] -- Installing: /home/aziz/microros_ws1/install/micro_ros_msgs/share/micro_ros_msgs/cmake/rosidl_cmake_export_typesupport_libraries-extras.cmake
[6.797s] -- Installing: /home/aziz/microros_ws1/install/micro_ros_msgs/share/micro_ros_msgs/cmake/rosidl_cmake_export_typesupport_targets-extras.cmake
[6.797s] -- Installing: /home/aziz/microros_ws1/install/micro_ros_msgs/share/micro_ros_msgs/cmake/micro_ros_msgsConfig.cmake
[6.797s] -- Installing: /home/aziz/microros_ws1/install/micro_ros_msgs/share/micro_ros_msgs/cmake/micro_ros_msgsConfig-version.cmake
[6.797s] -- Installing: /home/aziz/microros_ws1/install/micro_ros_msgs/share/micro_ros_msgs/package.xml
[6.802s] Invoked command in '/home/aziz/microros_ws1/build/micro_ros_msgs' returned '0': CMAKE_PREFIX_PATH=${CMAKE_PREFIX_PATH}:/opt/ros/foxy /usr/bin/cmake --install /home/aziz/microros_ws1/build/micro_ros_msgs
