[1.842s] Invoking command in '/home/aziz/microros_ws1/firmware/mcu_ws/ros2/common_interfaces/sensor_msgs_py': AMENT_PREFIX_PATH=/home/aziz/microros_ws1/firmware/mcu_ws/install:${AMENT_PREFIX_PATH} CMAKE_PREFIX_PATH=/home/aziz/microros_ws1/firmware/mcu_ws/install:${CMAKE_PREFIX_PATH} LD_LIBRARY_PATH=/home/aziz/microros_ws1/firmware/mcu_ws/install/lib:${LD_LIBRARY_PATH} PKG_CONFIG_PATH=/home/aziz/microros_ws1/firmware/mcu_ws/install/lib/x86_64-linux-gnu/pkgconfig:/home/aziz/microros_ws1/firmware/mcu_ws/install/lib/pkgconfig:${PKG_CONFIG_PATH} PYTHONPATH=/home/aziz/microros_ws1/firmware/mcu_ws/install/lib/python3.8/site-packages:/home/aziz/microros_ws1/firmware/mcu_ws/install/lib/python3.8/site-packages:${PYTHONPATH} /usr/bin/python3 setup.py egg_info --egg-base ../../../build/sensor_msgs_py build --build-base /home/aziz/microros_ws1/firmware/mcu_ws/build/sensor_msgs_py/build install --prefix /home/aziz/microros_ws1/firmware/mcu_ws/install --record /home/aziz/microros_ws1/firmware/mcu_ws/build/sensor_msgs_py/install.log --single-version-externally-managed
[2.197s] /home/aziz/.local/lib/python3.8/site-packages/setuptools/dist.py:771: UserWarning: Usage of dash-separated 'script-dir' will not be supported in future versions. Please use the underscore name 'script_dir' instead
[2.197s]   warnings.warn(
[2.198s] /home/aziz/.local/lib/python3.8/site-packages/setuptools/dist.py:771: UserWarning: Usage of dash-separated 'install-scripts' will not be supported in future versions. Please use the underscore name 'install_scripts' instead
[2.198s]   warnings.warn(
[2.288s] running egg_info
[2.301s] writing ../../../build/sensor_msgs_py/sensor_msgs_py.egg-info/PKG-INFO
[2.302s] writing dependency_links to ../../../build/sensor_msgs_py/sensor_msgs_py.egg-info/dependency_links.txt
[2.302s] writing requirements to ../../../build/sensor_msgs_py/sensor_msgs_py.egg-info/requires.txt
[2.302s] writing top-level names to ../../../build/sensor_msgs_py/sensor_msgs_py.egg-info/top_level.txt
[2.331s] reading manifest file '../../../build/sensor_msgs_py/sensor_msgs_py.egg-info/SOURCES.txt'
[2.332s] adding license file 'LICENSE'
[2.332s] writing manifest file '../../../build/sensor_msgs_py/sensor_msgs_py.egg-info/SOURCES.txt'
[2.333s] running build
[2.333s] running build_py
[2.333s] running install
[2.333s] /home/aziz/.local/lib/python3.8/site-packages/setuptools/command/install.py:34: SetuptoolsDeprecationWarning: setup.py install is deprecated. Use build and pip and other standards-based tools.
[2.333s]   warnings.warn(
[2.340s] running install_lib
[2.354s] running install_data
[2.368s] running install_egg_info
[2.382s] removing '/home/aziz/microros_ws1/firmware/mcu_ws/install/lib/python3.8/site-packages/sensor_msgs_py-2.0.5-py3.8.egg-info' (and everything under it)
[2.382s] Copying ../../../build/sensor_msgs_py/sensor_msgs_py.egg-info to /home/aziz/microros_ws1/firmware/mcu_ws/install/lib/python3.8/site-packages/sensor_msgs_py-2.0.5-py3.8.egg-info
[2.383s] running install_scripts
[2.451s] writing list of installed files to '/home/aziz/microros_ws1/firmware/mcu_ws/build/sensor_msgs_py/install.log'
[2.497s] Invoked command in '/home/aziz/microros_ws1/firmware/mcu_ws/ros2/common_interfaces/sensor_msgs_py' returned '0': AMENT_PREFIX_PATH=/home/aziz/microros_ws1/firmware/mcu_ws/install:${AMENT_PREFIX_PATH} CMAKE_PREFIX_PATH=/home/aziz/microros_ws1/firmware/mcu_ws/install:${CMAKE_PREFIX_PATH} LD_LIBRARY_PATH=/home/aziz/microros_ws1/firmware/mcu_ws/install/lib:${LD_LIBRARY_PATH} PKG_CONFIG_PATH=/home/aziz/microros_ws1/firmware/mcu_ws/install/lib/x86_64-linux-gnu/pkgconfig:/home/aziz/microros_ws1/firmware/mcu_ws/install/lib/pkgconfig:${PKG_CONFIG_PATH} PYTHONPATH=/home/aziz/microros_ws1/firmware/mcu_ws/install/lib/python3.8/site-packages:/home/aziz/microros_ws1/firmware/mcu_ws/install/lib/python3.8/site-packages:${PYTHONPATH} /usr/bin/python3 setup.py egg_info --egg-base ../../../build/sensor_msgs_py build --build-base /home/aziz/microros_ws1/firmware/mcu_ws/build/sensor_msgs_py/build install --prefix /home/aziz/microros_ws1/firmware/mcu_ws/install --record /home/aziz/microros_ws1/firmware/mcu_ws/build/sensor_msgs_py/install.log --single-version-externally-managed
