[1.506s] Invoking command in '/home/aziz/microros_ws1/firmware/mcu_ws/uros/tracetools/tracetools_trace': PYTHONPATH=/home/aziz/microros_ws1/firmware/mcu_ws/install/lib/python3.8/site-packages:${PYTHONPATH} /usr/bin/python3 setup.py egg_info --egg-base ../../../build/tracetools_trace build --build-base /home/aziz/microros_ws1/firmware/mcu_ws/build/tracetools_trace/build install --prefix /home/aziz/microros_ws1/firmware/mcu_ws/install --record /home/aziz/microros_ws1/firmware/mcu_ws/build/tracetools_trace/install.log --single-version-externally-managed
[1.860s] /home/aziz/.local/lib/python3.8/site-packages/setuptools/dist.py:771: UserWarning: Usage of dash-separated 'script-dir' will not be supported in future versions. Please use the underscore name 'script_dir' instead
[1.860s]   warnings.warn(
[1.860s] /home/aziz/.local/lib/python3.8/site-packages/setuptools/dist.py:771: UserWarning: Usage of dash-separated 'install-scripts' will not be supported in future versions. Please use the underscore name 'install_scripts' instead
[1.861s]   warnings.warn(
[1.949s] running egg_info
[1.950s] creating ../../../build/tracetools_trace/tracetools_trace.egg-info
[1.964s] writing ../../../build/tracetools_trace/tracetools_trace.egg-info/PKG-INFO
[1.964s] writing dependency_links to ../../../build/tracetools_trace/tracetools_trace.egg-info/dependency_links.txt
[1.964s] writing entry points to ../../../build/tracetools_trace/tracetools_trace.egg-info/entry_points.txt
[1.964s] writing requirements to ../../../build/tracetools_trace/tracetools_trace.egg-info/requires.txt
[1.964s] writing top-level names to ../../../build/tracetools_trace/tracetools_trace.egg-info/top_level.txt
[1.966s] writing manifest file '../../../build/tracetools_trace/tracetools_trace.egg-info/SOURCES.txt'
[1.994s] reading manifest file '../../../build/tracetools_trace/tracetools_trace.egg-info/SOURCES.txt'
[1.995s] writing manifest file '../../../build/tracetools_trace/tracetools_trace.egg-info/SOURCES.txt'
[1.995s] running build
[1.995s] running build_py
[1.995s] creating /home/aziz/microros_ws1/firmware/mcu_ws/build/tracetools_trace/build
[1.995s] creating /home/aziz/microros_ws1/firmware/mcu_ws/build/tracetools_trace/build/lib
[1.996s] creating /home/aziz/microros_ws1/firmware/mcu_ws/build/tracetools_trace/build/lib/tracetools_trace
[1.996s] copying tracetools_trace/__init__.py -> /home/aziz/microros_ws1/firmware/mcu_ws/build/tracetools_trace/build/lib/tracetools_trace
[1.996s] copying tracetools_trace/trace.py -> /home/aziz/microros_ws1/firmware/mcu_ws/build/tracetools_trace/build/lib/tracetools_trace
[1.996s] creating /home/aziz/microros_ws1/firmware/mcu_ws/build/tracetools_trace/build/lib/tracetools_trace/tools
[1.997s] copying tracetools_trace/tools/args.py -> /home/aziz/microros_ws1/firmware/mcu_ws/build/tracetools_trace/build/lib/tracetools_trace/tools
[1.997s] copying tracetools_trace/tools/lttng.py -> /home/aziz/microros_ws1/firmware/mcu_ws/build/tracetools_trace/build/lib/tracetools_trace/tools
[1.997s] copying tracetools_trace/tools/lttng_impl.py -> /home/aziz/microros_ws1/firmware/mcu_ws/build/tracetools_trace/build/lib/tracetools_trace/tools
[1.998s] copying tracetools_trace/tools/__init__.py -> /home/aziz/microros_ws1/firmware/mcu_ws/build/tracetools_trace/build/lib/tracetools_trace/tools
[1.998s] copying tracetools_trace/tools/lttng_stub.py -> /home/aziz/microros_ws1/firmware/mcu_ws/build/tracetools_trace/build/lib/tracetools_trace/tools
[1.998s] copying tracetools_trace/tools/names.py -> /home/aziz/microros_ws1/firmware/mcu_ws/build/tracetools_trace/build/lib/tracetools_trace/tools
[1.998s] copying tracetools_trace/tools/path.py -> /home/aziz/microros_ws1/firmware/mcu_ws/build/tracetools_trace/build/lib/tracetools_trace/tools
[1.999s] running install
[1.999s] /home/aziz/.local/lib/python3.8/site-packages/setuptools/command/install.py:34: SetuptoolsDeprecationWarning: setup.py install is deprecated. Use build and pip and other standards-based tools.
[1.999s]   warnings.warn(
[2.005s] running install_lib
[2.019s] creating /home/aziz/microros_ws1/firmware/mcu_ws/install/lib/python3.8/site-packages/tracetools_trace
[2.019s] creating /home/aziz/microros_ws1/firmware/mcu_ws/install/lib/python3.8/site-packages/tracetools_trace/tools
[2.019s] copying /home/aziz/microros_ws1/firmware/mcu_ws/build/tracetools_trace/build/lib/tracetools_trace/tools/args.py -> /home/aziz/microros_ws1/firmware/mcu_ws/install/lib/python3.8/site-packages/tracetools_trace/tools
[2.019s] copying /home/aziz/microros_ws1/firmware/mcu_ws/build/tracetools_trace/build/lib/tracetools_trace/tools/lttng.py -> /home/aziz/microros_ws1/firmware/mcu_ws/install/lib/python3.8/site-packages/tracetools_trace/tools
[2.020s] copying /home/aziz/microros_ws1/firmware/mcu_ws/build/tracetools_trace/build/lib/tracetools_trace/tools/lttng_impl.py -> /home/aziz/microros_ws1/firmware/mcu_ws/install/lib/python3.8/site-packages/tracetools_trace/tools
[2.020s] copying /home/aziz/microros_ws1/firmware/mcu_ws/build/tracetools_trace/build/lib/tracetools_trace/tools/__init__.py -> /home/aziz/microros_ws1/firmware/mcu_ws/install/lib/python3.8/site-packages/tracetools_trace/tools
[2.020s] copying /home/aziz/microros_ws1/firmware/mcu_ws/build/tracetools_trace/build/lib/tracetools_trace/tools/lttng_stub.py -> /home/aziz/microros_ws1/firmware/mcu_ws/install/lib/python3.8/site-packages/tracetools_trace/tools
[2.020s] copying /home/aziz/microros_ws1/firmware/mcu_ws/build/tracetools_trace/build/lib/tracetools_trace/tools/names.py -> /home/aziz/microros_ws1/firmware/mcu_ws/install/lib/python3.8/site-packages/tracetools_trace/tools
[2.020s] copying /home/aziz/microros_ws1/firmware/mcu_ws/build/tracetools_trace/build/lib/tracetools_trace/tools/path.py -> /home/aziz/microros_ws1/firmware/mcu_ws/install/lib/python3.8/site-packages/tracetools_trace/tools
[2.020s] copying /home/aziz/microros_ws1/firmware/mcu_ws/build/tracetools_trace/build/lib/tracetools_trace/__init__.py -> /home/aziz/microros_ws1/firmware/mcu_ws/install/lib/python3.8/site-packages/tracetools_trace
[2.020s] copying /home/aziz/microros_ws1/firmware/mcu_ws/build/tracetools_trace/build/lib/tracetools_trace/trace.py -> /home/aziz/microros_ws1/firmware/mcu_ws/install/lib/python3.8/site-packages/tracetools_trace
[2.021s] byte-compiling /home/aziz/microros_ws1/firmware/mcu_ws/install/lib/python3.8/site-packages/tracetools_trace/tools/args.py to args.cpython-38.pyc
[2.022s] byte-compiling /home/aziz/microros_ws1/firmware/mcu_ws/install/lib/python3.8/site-packages/tracetools_trace/tools/lttng.py to lttng.cpython-38.pyc
[2.022s] byte-compiling /home/aziz/microros_ws1/firmware/mcu_ws/install/lib/python3.8/site-packages/tracetools_trace/tools/lttng_impl.py to lttng_impl.cpython-38.pyc
[2.024s] byte-compiling /home/aziz/microros_ws1/firmware/mcu_ws/install/lib/python3.8/site-packages/tracetools_trace/tools/__init__.py to __init__.cpython-38.pyc
[2.024s] byte-compiling /home/aziz/microros_ws1/firmware/mcu_ws/install/lib/python3.8/site-packages/tracetools_trace/tools/lttng_stub.py to lttng_stub.cpython-38.pyc
[2.025s] byte-compiling /home/aziz/microros_ws1/firmware/mcu_ws/install/lib/python3.8/site-packages/tracetools_trace/tools/names.py to names.cpython-38.pyc
[2.025s] byte-compiling /home/aziz/microros_ws1/firmware/mcu_ws/install/lib/python3.8/site-packages/tracetools_trace/tools/path.py to path.cpython-38.pyc
[2.026s] byte-compiling /home/aziz/microros_ws1/firmware/mcu_ws/install/lib/python3.8/site-packages/tracetools_trace/__init__.py to __init__.cpython-38.pyc
[2.026s] byte-compiling /home/aziz/microros_ws1/firmware/mcu_ws/install/lib/python3.8/site-packages/tracetools_trace/trace.py to trace.cpython-38.pyc
[2.026s] running install_data
[2.040s] copying package.xml -> /home/aziz/microros_ws1/firmware/mcu_ws/install/share/tracetools_trace
[2.040s] copying resource/tracetools_trace -> /home/aziz/microros_ws1/firmware/mcu_ws/install/share/ament_index/resource_index/packages
[2.040s] running install_egg_info
[2.056s] Copying ../../../build/tracetools_trace/tracetools_trace.egg-info to /home/aziz/microros_ws1/firmware/mcu_ws/install/lib/python3.8/site-packages/tracetools_trace-1.0.2-py3.8.egg-info
[2.056s] running install_scripts
[2.125s] Installing trace script to /home/aziz/microros_ws1/firmware/mcu_ws/install/lib/tracetools_trace
[2.126s] writing list of installed files to '/home/aziz/microros_ws1/firmware/mcu_ws/build/tracetools_trace/install.log'
[2.184s] Invoked command in '/home/aziz/microros_ws1/firmware/mcu_ws/uros/tracetools/tracetools_trace' returned '0': PYTHONPATH=/home/aziz/microros_ws1/firmware/mcu_ws/install/lib/python3.8/site-packages:${PYTHONPATH} /usr/bin/python3 setup.py egg_info --egg-base ../../../build/tracetools_trace build --build-base /home/aziz/microros_ws1/firmware/mcu_ws/build/tracetools_trace/build install --prefix /home/aziz/microros_ws1/firmware/mcu_ws/install --record /home/aziz/microros_ws1/firmware/mcu_ws/build/tracetools_trace/install.log --single-version-externally-managed
