[0.062s] Invoking command in '/home/aziz/microros_ws1/firmware/mcu_ws/build/microcdr': /usr/bin/cmake --build /home/aziz/microros_ws1/firmware/mcu_ws/build/microcdr -- -j4 -l4
[0.090s] make[4]: Entering directory '/home/aziz/microros_ws1/firmware/mcu_ws/build/microcdr'
[0.090s] /usr/bin/cmake -S/home/aziz/microros_ws1/firmware/mcu_ws/eProsima/Micro-CDR -B/home/aziz/microros_ws1/firmware/mcu_ws/build/microcdr --check-build-system CMakeFiles/Makefile.cmake 0
[0.090s] Re-run cmake file: Makefile older than: /home/aziz/microros_ws1/firmware/freertos_apps/microros_esp32_extensions/esp32_toolchain.cmake
[0.097s] -- Configuring done
[0.102s] -- Generating done
[0.103s] -- Build files have been written to: /home/aziz/microros_ws1/firmware/mcu_ws/build/microcdr
[0.104s] /usr/bin/cmake -E cmake_progress_start /home/aziz/microros_ws1/firmware/mcu_ws/build/microcdr/CMakeFiles /home/aziz/microros_ws1/firmware/mcu_ws/build/microcdr/CMakeFiles/progress.marks
[0.113s] /usr/bin/make -f CMakeFiles/Makefile2 all
[0.114s] make[5]: Entering directory '/home/aziz/microros_ws1/firmware/mcu_ws/build/microcdr'
[0.114s] /usr/bin/make -f CMakeFiles/microcdr.dir/build.make CMakeFiles/microcdr.dir/depend
[0.116s] make[6]: Entering directory '/home/aziz/microros_ws1/firmware/mcu_ws/build/microcdr'
[0.116s] cd /home/aziz/microros_ws1/firmware/mcu_ws/build/microcdr && /usr/bin/cmake -E cmake_depends "Unix Makefiles" /home/aziz/microros_ws1/firmware/mcu_ws/eProsima/Micro-CDR /home/aziz/microros_ws1/firmware/mcu_ws/eProsima/Micro-CDR /home/aziz/microros_ws1/firmware/mcu_ws/build/microcdr /home/aziz/microros_ws1/firmware/mcu_ws/build/microcdr /home/aziz/microros_ws1/firmware/mcu_ws/build/microcdr/CMakeFiles/microcdr.dir/DependInfo.cmake --color=
[0.126s] make[6]: Leaving directory '/home/aziz/microros_ws1/firmware/mcu_ws/build/microcdr'
[0.126s] /usr/bin/make -f CMakeFiles/microcdr.dir/build.make CMakeFiles/microcdr.dir/build
[0.128s] make[6]: Entering directory '/home/aziz/microros_ws1/firmware/mcu_ws/build/microcdr'
[0.128s] make[6]: Nothing to be done for 'CMakeFiles/microcdr.dir/build'.
[0.128s] make[6]: Leaving directory '/home/aziz/microros_ws1/firmware/mcu_ws/build/microcdr'
[0.136s] [100%] Built target microcdr
[0.137s] make[5]: Leaving directory '/home/aziz/microros_ws1/firmware/mcu_ws/build/microcdr'
[0.138s] /usr/bin/cmake -E cmake_progress_start /home/aziz/microros_ws1/firmware/mcu_ws/build/microcdr/CMakeFiles 0
[0.147s] make[4]: Leaving directory '/home/aziz/microros_ws1/firmware/mcu_ws/build/microcdr'
[0.152s] Invoked command in '/home/aziz/microros_ws1/firmware/mcu_ws/build/microcdr' returned '0': /usr/bin/cmake --build /home/aziz/microros_ws1/firmware/mcu_ws/build/microcdr -- -j4 -l4
[0.219s] Invoking command in '/home/aziz/microros_ws1/firmware/mcu_ws/build/microcdr': /usr/bin/cmake --install /home/aziz/microros_ws1/firmware/mcu_ws/build/microcdr
[0.231s] -- Install configuration: "Debug"
[0.232s] -- Up-to-date: /home/aziz/microros_ws1/firmware/mcu_ws/install/lib/libmicrocdr.a
[0.232s] -- Up-to-date: /home/aziz/microros_ws1/firmware/mcu_ws/install/include/ucdr
[0.232s] -- Up-to-date: /home/aziz/microros_ws1/firmware/mcu_ws/install/include/ucdr/visibility.h
[0.232s] -- Up-to-date: /home/aziz/microros_ws1/firmware/mcu_ws/install/include/ucdr/microcdr.h
[0.232s] -- Up-to-date: /home/aziz/microros_ws1/firmware/mcu_ws/install/include/ucdr/config.h
[0.232s] -- Up-to-date: /home/aziz/microros_ws1/firmware/mcu_ws/install/share/microcdr/cmake/microcdrTargets.cmake
[0.232s] -- Installing: /home/aziz/microros_ws1/firmware/mcu_ws/install/share/microcdr/cmake/microcdrTargets-debug.cmake
[0.232s] -- Up-to-date: /home/aziz/microros_ws1/firmware/mcu_ws/install/share/microcdr/cmake/microcdrConfig.cmake
[0.232s] -- Up-to-date: /home/aziz/microros_ws1/firmware/mcu_ws/install/share/microcdr/cmake/microcdrConfigVersion.cmake
[0.234s] Invoked command in '/home/aziz/microros_ws1/firmware/mcu_ws/build/microcdr' returned '0': /usr/bin/cmake --install /home/aziz/microros_ws1/firmware/mcu_ws/build/microcdr
