[0.061s] Invoking command in '/home/aziz/microros_ws1/firmware/mcu_ws/build/microcdr': /usr/bin/cmake --build /home/aziz/microros_ws1/firmware/mcu_ws/build/microcdr -- -j4 -l4
[0.099s] make[4]: Entering directory '/home/aziz/microros_ws1/firmware/mcu_ws/build/microcdr'
[0.100s] /usr/bin/cmake -S/home/aziz/microros_ws1/firmware/mcu_ws/eProsima/Micro-CDR -B/home/aziz/microros_ws1/firmware/mcu_ws/build/microcdr --check-build-system CMakeFiles/Makefile.cmake 0
[0.104s] Re-run cmake file: Makefile older than: /home/aziz/microros_ws1/firmware/freertos_apps/microros_esp32_extensions/esp32_toolchain.cmake
[0.112s] -- Configuring done
[0.119s] -- Generating done
[0.120s] -- Build files have been written to: /home/aziz/microros_ws1/firmware/mcu_ws/build/microcdr
[0.122s] /usr/bin/cmake -E cmake_progress_start /home/aziz/microros_ws1/firmware/mcu_ws/build/microcdr/CMakeFiles /home/aziz/microros_ws1/firmware/mcu_ws/build/microcdr/CMakeFiles/progress.marks
[0.131s] /usr/bin/make -f CMakeFiles/Makefile2 all
[0.133s] make[5]: Entering directory '/home/aziz/microros_ws1/firmware/mcu_ws/build/microcdr'
[0.133s] /usr/bin/make -f CMakeFiles/microcdr.dir/build.make CMakeFiles/microcdr.dir/depend
[0.134s] make[6]: Entering directory '/home/aziz/microros_ws1/firmware/mcu_ws/build/microcdr'
[0.135s] cd /home/aziz/microros_ws1/firmware/mcu_ws/build/microcdr && /usr/bin/cmake -E cmake_depends "Unix Makefiles" /home/aziz/microros_ws1/firmware/mcu_ws/eProsima/Micro-CDR /home/aziz/microros_ws1/firmware/mcu_ws/eProsima/Micro-CDR /home/aziz/microros_ws1/firmware/mcu_ws/build/microcdr /home/aziz/microros_ws1/firmware/mcu_ws/build/microcdr /home/aziz/microros_ws1/firmware/mcu_ws/build/microcdr/CMakeFiles/microcdr.dir/DependInfo.cmake --color=
[0.146s] make[6]: Leaving directory '/home/aziz/microros_ws1/firmware/mcu_ws/build/microcdr'
[0.147s] /usr/bin/make -f CMakeFiles/microcdr.dir/build.make CMakeFiles/microcdr.dir/build
[0.149s] make[6]: Entering directory '/home/aziz/microros_ws1/firmware/mcu_ws/build/microcdr'
[0.149s] make[6]: Nothing to be done for 'CMakeFiles/microcdr.dir/build'.
[0.149s] make[6]: Leaving directory '/home/aziz/microros_ws1/firmware/mcu_ws/build/microcdr'
[0.158s] [100%] Built target microcdr
[0.160s] make[5]: Leaving directory '/home/aziz/microros_ws1/firmware/mcu_ws/build/microcdr'
[0.160s] /usr/bin/cmake -E cmake_progress_start /home/aziz/microros_ws1/firmware/mcu_ws/build/microcdr/CMakeFiles 0
[0.169s] make[4]: Leaving directory '/home/aziz/microros_ws1/firmware/mcu_ws/build/microcdr'
[0.175s] Invoked command in '/home/aziz/microros_ws1/firmware/mcu_ws/build/microcdr' returned '0': /usr/bin/cmake --build /home/aziz/microros_ws1/firmware/mcu_ws/build/microcdr -- -j4 -l4
[0.247s] Invoking command in '/home/aziz/microros_ws1/firmware/mcu_ws/build/microcdr': /usr/bin/cmake --install /home/aziz/microros_ws1/firmware/mcu_ws/build/microcdr
[0.261s] -- Install configuration: "Debug"
[0.261s] -- Up-to-date: /home/aziz/microros_ws1/firmware/mcu_ws/install/lib/libmicrocdr.a
[0.261s] -- Up-to-date: /home/aziz/microros_ws1/firmware/mcu_ws/install/include/ucdr
[0.261s] -- Up-to-date: /home/aziz/microros_ws1/firmware/mcu_ws/install/include/ucdr/visibility.h
[0.261s] -- Up-to-date: /home/aziz/microros_ws1/firmware/mcu_ws/install/include/ucdr/microcdr.h
[0.261s] -- Up-to-date: /home/aziz/microros_ws1/firmware/mcu_ws/install/include/ucdr/config.h
[0.261s] -- Up-to-date: /home/aziz/microros_ws1/firmware/mcu_ws/install/share/microcdr/cmake/microcdrTargets.cmake
[0.262s] -- Installing: /home/aziz/microros_ws1/firmware/mcu_ws/install/share/microcdr/cmake/microcdrTargets-debug.cmake
[0.262s] -- Up-to-date: /home/aziz/microros_ws1/firmware/mcu_ws/install/share/microcdr/cmake/microcdrConfig.cmake
[0.262s] -- Up-to-date: /home/aziz/microros_ws1/firmware/mcu_ws/install/share/microcdr/cmake/microcdrConfigVersion.cmake
[0.267s] Invoked command in '/home/aziz/microros_ws1/firmware/mcu_ws/build/microcdr' returned '0': /usr/bin/cmake --install /home/aziz/microros_ws1/firmware/mcu_ws/build/microcdr
