[0.018s] Invoking command in '/home/aziz/microros_ws1/firmware/mcu_ws/build/tracetools': CMAKE_PREFIX_PATH=${CMAKE_PREFIX_PATH}:/home/aziz/microros_ws1/firmware/dev_ws/install/ament_uncrustify:/home/aziz/microros_ws1/firmware/dev_ws/install/domain_coordinator:/home/aziz/microros_ws1/firmware/dev_ws/install/ament_xmllint:/home/aziz/microros_ws1/firmware/dev_ws/install/ament_pyflakes:/home/aziz/microros_ws1/firmware/dev_ws/install/ament_pycodestyle:/home/aziz/microros_ws1/firmware/dev_ws/install/ament_pep257:/home/aziz/microros_ws1/firmware/dev_ws/install/ament_pclint:/home/aziz/microros_ws1/firmware/dev_ws/install/ament_package:/home/aziz/microros_ws1/firmware/dev_ws/install/ament_mypy:/home/aziz/microros_ws1/firmware/dev_ws/install/ament_lint_cmake:/home/aziz/microros_ws1/firmware/dev_ws/install/ament_flake8:/home/aziz/microros_ws1/firmware/dev_ws/install/ament_copyright:/home/aziz/microros_ws1/firmware/dev_ws/install/ament_lint:/home/aziz/microros_ws1/firmware/dev_ws/install/ament_index_python:/home/aziz/microros_ws1/firmware/dev_ws/install/ament_cpplint:/home/aziz/microros_ws1/firmware/dev_ws/install/ament_cppcheck:/home/aziz/microros_ws1/firmware/dev_ws/install/ament_clang_tidy:/home/aziz/microros_ws1/firmware/dev_ws/install/ament_clang_format /usr/bin/cmake --build /home/aziz/microros_ws1/firmware/mcu_ws/build/tracetools -- -j4 -l4
[0.046s] make[4]: Entering directory '/home/aziz/microros_ws1/firmware/mcu_ws/build/tracetools'
[0.046s] /usr/bin/cmake -S/home/aziz/microros_ws1/firmware/mcu_ws/uros/tracetools/tracetools -B/home/aziz/microros_ws1/firmware/mcu_ws/build/tracetools --check-build-system CMakeFiles/Makefile.cmake 0
[0.057s] Re-run cmake file: Makefile older than: /home/aziz/microros_ws1/firmware/freertos_apps/microros_esp32_extensions/esp32_toolchain.cmake
[0.064s] -- Found ament_cmake_ros: 0.9.2 (/home/aziz/microros_ws1/firmware/dev_ws/install/ament_cmake_ros/share/ament_cmake_ros/cmake)
[0.100s] -- Using PYTHON_EXECUTABLE: /home/aziz/microros_ws1/firmware/toolchain/espressif/python_env/idf4.1_py3.8_env/bin/python3
[0.547s] -- Configuring done
[0.558s] -- Generating done
[0.572s] -- Build files have been written to: /home/aziz/microros_ws1/firmware/mcu_ws/build/tracetools
[0.577s] /usr/bin/cmake -E cmake_progress_start /home/aziz/microros_ws1/firmware/mcu_ws/build/tracetools/CMakeFiles /home/aziz/microros_ws1/firmware/mcu_ws/build/tracetools/CMakeFiles/progress.marks
[0.593s] /usr/bin/make -f CMakeFiles/Makefile2 all
[0.603s] make[5]: Entering directory '/home/aziz/microros_ws1/firmware/mcu_ws/build/tracetools'
[0.603s] /usr/bin/make -f CMakeFiles/tracetools.dir/build.make CMakeFiles/tracetools.dir/depend
[0.611s] make[6]: Entering directory '/home/aziz/microros_ws1/firmware/mcu_ws/build/tracetools'
[0.611s] cd /home/aziz/microros_ws1/firmware/mcu_ws/build/tracetools && /usr/bin/cmake -E cmake_depends "Unix Makefiles" /home/aziz/microros_ws1/firmware/mcu_ws/uros/tracetools/tracetools /home/aziz/microros_ws1/firmware/mcu_ws/uros/tracetools/tracetools /home/aziz/microros_ws1/firmware/mcu_ws/build/tracetools /home/aziz/microros_ws1/firmware/mcu_ws/build/tracetools /home/aziz/microros_ws1/firmware/mcu_ws/build/tracetools/CMakeFiles/tracetools.dir/DependInfo.cmake --color=
[0.633s] make[6]: Leaving directory '/home/aziz/microros_ws1/firmware/mcu_ws/build/tracetools'
[0.633s] /usr/bin/make -f CMakeFiles/tracetools.dir/build.make CMakeFiles/tracetools.dir/build
[0.643s] make[6]: Entering directory '/home/aziz/microros_ws1/firmware/mcu_ws/build/tracetools'
[0.643s] make[6]: Nothing to be done for 'CMakeFiles/tracetools.dir/build'.
[0.643s] make[6]: Leaving directory '/home/aziz/microros_ws1/firmware/mcu_ws/build/tracetools'
[0.654s] [100%] Built target tracetools
[0.655s] make[5]: Leaving directory '/home/aziz/microros_ws1/firmware/mcu_ws/build/tracetools'
[0.655s] /usr/bin/cmake -E cmake_progress_start /home/aziz/microros_ws1/firmware/mcu_ws/build/tracetools/CMakeFiles 0
[0.678s] make[4]: Leaving directory '/home/aziz/microros_ws1/firmware/mcu_ws/build/tracetools'
[0.683s] Invoked command in '/home/aziz/microros_ws1/firmware/mcu_ws/build/tracetools' returned '0': CMAKE_PREFIX_PATH=${CMAKE_PREFIX_PATH}:/home/aziz/microros_ws1/firmware/dev_ws/install/ament_uncrustify:/home/aziz/microros_ws1/firmware/dev_ws/install/domain_coordinator:/home/aziz/microros_ws1/firmware/dev_ws/install/ament_xmllint:/home/aziz/microros_ws1/firmware/dev_ws/install/ament_pyflakes:/home/aziz/microros_ws1/firmware/dev_ws/install/ament_pycodestyle:/home/aziz/microros_ws1/firmware/dev_ws/install/ament_pep257:/home/aziz/microros_ws1/firmware/dev_ws/install/ament_pclint:/home/aziz/microros_ws1/firmware/dev_ws/install/ament_package:/home/aziz/microros_ws1/firmware/dev_ws/install/ament_mypy:/home/aziz/microros_ws1/firmware/dev_ws/install/ament_lint_cmake:/home/aziz/microros_ws1/firmware/dev_ws/install/ament_flake8:/home/aziz/microros_ws1/firmware/dev_ws/install/ament_copyright:/home/aziz/microros_ws1/firmware/dev_ws/install/ament_lint:/home/aziz/microros_ws1/firmware/dev_ws/install/ament_index_python:/home/aziz/microros_ws1/firmware/dev_ws/install/ament_cpplint:/home/aziz/microros_ws1/firmware/dev_ws/install/ament_cppcheck:/home/aziz/microros_ws1/firmware/dev_ws/install/ament_clang_tidy:/home/aziz/microros_ws1/firmware/dev_ws/install/ament_clang_format /usr/bin/cmake --build /home/aziz/microros_ws1/firmware/mcu_ws/build/tracetools -- -j4 -l4
[0.894s] Invoking command in '/home/aziz/microros_ws1/firmware/mcu_ws/build/tracetools': CMAKE_PREFIX_PATH=${CMAKE_PREFIX_PATH}:/home/aziz/microros_ws1/firmware/dev_ws/install/ament_uncrustify:/home/aziz/microros_ws1/firmware/dev_ws/install/domain_coordinator:/home/aziz/microros_ws1/firmware/dev_ws/install/ament_xmllint:/home/aziz/microros_ws1/firmware/dev_ws/install/ament_pyflakes:/home/aziz/microros_ws1/firmware/dev_ws/install/ament_pycodestyle:/home/aziz/microros_ws1/firmware/dev_ws/install/ament_pep257:/home/aziz/microros_ws1/firmware/dev_ws/install/ament_pclint:/home/aziz/microros_ws1/firmware/dev_ws/install/ament_package:/home/aziz/microros_ws1/firmware/dev_ws/install/ament_mypy:/home/aziz/microros_ws1/firmware/dev_ws/install/ament_lint_cmake:/home/aziz/microros_ws1/firmware/dev_ws/install/ament_flake8:/home/aziz/microros_ws1/firmware/dev_ws/install/ament_copyright:/home/aziz/microros_ws1/firmware/dev_ws/install/ament_lint:/home/aziz/microros_ws1/firmware/dev_ws/install/ament_index_python:/home/aziz/microros_ws1/firmware/dev_ws/install/ament_cpplint:/home/aziz/microros_ws1/firmware/dev_ws/install/ament_cppcheck:/home/aziz/microros_ws1/firmware/dev_ws/install/ament_clang_tidy:/home/aziz/microros_ws1/firmware/dev_ws/install/ament_clang_format /usr/bin/cmake --install /home/aziz/microros_ws1/firmware/mcu_ws/build/tracetools
[0.905s] -- Install configuration: "Debug"
[0.906s] -- Up-to-date: /home/aziz/microros_ws1/firmware/mcu_ws/install/include
[0.906s] -- Up-to-date: /home/aziz/microros_ws1/firmware/mcu_ws/install/include/tracetools
[0.906s] -- Up-to-date: /home/aziz/microros_ws1/firmware/mcu_ws/install/include/tracetools/visibility_control.hpp
[0.906s] -- Up-to-date: /home/aziz/microros_ws1/firmware/mcu_ws/install/include/tracetools/tracetools.h
[0.906s] -- Up-to-date: /home/aziz/microros_ws1/firmware/mcu_ws/install/include/tracetools/utils.hpp
[0.906s] -- Up-to-date: /home/aziz/microros_ws1/firmware/mcu_ws/install/include/tracetools/config.h
[0.906s] -- Up-to-date: /home/aziz/microros_ws1/firmware/mcu_ws/install/lib/libtracetools.a
[0.906s] -- Up-to-date: /home/aziz/microros_ws1/firmware/mcu_ws/install/share/ament_index/resource_index/package_run_dependencies/tracetools
[0.906s] -- Up-to-date: /home/aziz/microros_ws1/firmware/mcu_ws/install/share/ament_index/resource_index/parent_prefix_path/tracetools
[0.906s] -- Up-to-date: /home/aziz/microros_ws1/firmware/mcu_ws/install/share/tracetools/environment/ament_prefix_path.sh
[0.907s] -- Installing: /home/aziz/microros_ws1/firmware/mcu_ws/install/share/tracetools/environment/ament_prefix_path.dsv
[0.907s] -- Up-to-date: /home/aziz/microros_ws1/firmware/mcu_ws/install/share/tracetools/environment/path.sh
[0.907s] -- Installing: /home/aziz/microros_ws1/firmware/mcu_ws/install/share/tracetools/environment/path.dsv
[0.907s] -- Up-to-date: /home/aziz/microros_ws1/firmware/mcu_ws/install/share/tracetools/local_setup.bash
[0.907s] -- Up-to-date: /home/aziz/microros_ws1/firmware/mcu_ws/install/share/tracetools/local_setup.sh
[0.907s] -- Up-to-date: /home/aziz/microros_ws1/firmware/mcu_ws/install/share/tracetools/local_setup.zsh
[0.907s] -- Installing: /home/aziz/microros_ws1/firmware/mcu_ws/install/share/tracetools/local_setup.dsv
[0.907s] -- Installing: /home/aziz/microros_ws1/firmware/mcu_ws/install/share/tracetools/package.dsv
[0.907s] -- Up-to-date: /home/aziz/microros_ws1/firmware/mcu_ws/install/share/ament_index/resource_index/packages/tracetools
[0.908s] -- Up-to-date: /home/aziz/microros_ws1/firmware/mcu_ws/install/share/tracetools/cmake/ament_cmake_export_include_directories-extras.cmake
[0.909s] -- Up-to-date: /home/aziz/microros_ws1/firmware/mcu_ws/install/share/tracetools/cmake/tracetoolsConfig.cmake
[0.909s] -- Up-to-date: /home/aziz/microros_ws1/firmware/mcu_ws/install/share/tracetools/cmake/tracetoolsConfig-version.cmake
[0.909s] -- Up-to-date: /home/aziz/microros_ws1/firmware/mcu_ws/install/share/tracetools/package.xml
[1.527s] Invoked command in '/home/aziz/microros_ws1/firmware/mcu_ws/build/tracetools' returned '0': CMAKE_PREFIX_PATH=${CMAKE_PREFIX_PATH}:/home/aziz/microros_ws1/firmware/dev_ws/install/ament_uncrustify:/home/aziz/microros_ws1/firmware/dev_ws/install/domain_coordinator:/home/aziz/microros_ws1/firmware/dev_ws/install/ament_xmllint:/home/aziz/microros_ws1/firmware/dev_ws/install/ament_pyflakes:/home/aziz/microros_ws1/firmware/dev_ws/install/ament_pycodestyle:/home/aziz/microros_ws1/firmware/dev_ws/install/ament_pep257:/home/aziz/microros_ws1/firmware/dev_ws/install/ament_pclint:/home/aziz/microros_ws1/firmware/dev_ws/install/ament_package:/home/aziz/microros_ws1/firmware/dev_ws/install/ament_mypy:/home/aziz/microros_ws1/firmware/dev_ws/install/ament_lint_cmake:/home/aziz/microros_ws1/firmware/dev_ws/install/ament_flake8:/home/aziz/microros_ws1/firmware/dev_ws/install/ament_copyright:/home/aziz/microros_ws1/firmware/dev_ws/install/ament_lint:/home/aziz/microros_ws1/firmware/dev_ws/install/ament_index_python:/home/aziz/microros_ws1/firmware/dev_ws/install/ament_cpplint:/home/aziz/microros_ws1/firmware/dev_ws/install/ament_cppcheck:/home/aziz/microros_ws1/firmware/dev_ws/install/ament_clang_tidy:/home/aziz/microros_ws1/firmware/dev_ws/install/ament_clang_format /usr/bin/cmake --install /home/aziz/microros_ws1/firmware/mcu_ws/build/tracetools
