[0.042s] Invoking command in '/home/aziz/microros_ws1/build/micro_ros_msgs': CMAKE_PREFIX_PATH=${CMAKE_PREFIX_PATH}:/opt/ros/foxy /usr/bin/cmake /home/aziz/microros_ws1/src/uros/micro_ros_msgs -DUAGENT_BUILD_EXECUTABLE=OFF -DUAGENT_P2P_PROFILE=OFF --no-warn-unused-cli -DCMAKE_INSTALL_PREFIX=/home/aziz/microros_ws1/install/micro_ros_msgs
[0.058s] Not searching for unused variables given on the command line.
[0.066s] -- Found ament_cmake: 0.9.11 (/opt/ros/foxy/share/ament_cmake/cmake)
[0.105s] -- Found PythonInterp: /usr/bin/python3 (found suitable version "3.8.10", minimum required is "3") 
[0.105s] -- Using PYTHON_EXECUTABLE: /usr/bin/python3
[0.436s] -- Found rosidl_default_generators: 1.0.1 (/opt/ros/foxy/share/rosidl_default_generators/cmake)
[0.439s] -- Using all available rosidl_typesupport_c: rosidl_typesupport_fastrtps_c;rosidl_typesupport_introspection_c
[0.443s] -- Found rosidl_adapter: 1.3.0 (/opt/ros/foxy/share/rosidl_adapter/cmake)
[0.610s] -- Using all available rosidl_typesupport_cpp: rosidl_typesupport_fastrtps_cpp;rosidl_typesupport_introspection_cpp
[0.641s] -- Found ament_lint_auto: 0.9.7 (/opt/ros/foxy/share/ament_lint_auto/cmake)
[0.772s] -- Found PythonInterp: /usr/bin/python3 (found version "3.8.10") 
[0.868s] -- Found ament_cmake_ros: 0.9.2 (/opt/ros/foxy/share/ament_cmake_ros/cmake)
[0.985s] -- Using all available rosidl_typesupport_c: rosidl_typesupport_fastrtps_c;rosidl_typesupport_introspection_c
[0.995s] -- Using all available rosidl_typesupport_cpp: rosidl_typesupport_fastrtps_cpp;rosidl_typesupport_introspection_cpp
[1.034s] -- Found PythonInterp: /usr/bin/python3 (found suitable version "3.8.10", minimum required is "3.5") 
[1.035s] -- Found python_cmake_module: 0.8.1 (/opt/ros/foxy/share/python_cmake_module/cmake)
[1.069s] -- Using PYTHON_EXECUTABLE: /usr/bin/python3
[1.070s] -- Using PYTHON_INCLUDE_DIRS: /usr/include/python3.8
[1.070s] -- Using PYTHON_LIBRARIES: /usr/lib/x86_64-linux-gnu/libpython3.8.so
[1.090s] -- Added test 'copyright' to check source files copyright and LICENSE
[1.107s] -- Added test 'lint_cmake' to check CMake code style
[1.117s] -- Added test 'xmllint' to check XML markup files
[1.123s] -- Configuring done
[1.168s] -- Generating done
[1.171s] -- Build files have been written to: /home/aziz/microros_ws1/build/micro_ros_msgs
[1.184s] Invoked command in '/home/aziz/microros_ws1/build/micro_ros_msgs' returned '0': CMAKE_PREFIX_PATH=${CMAKE_PREFIX_PATH}:/opt/ros/foxy /usr/bin/cmake /home/aziz/microros_ws1/src/uros/micro_ros_msgs -DUAGENT_BUILD_EXECUTABLE=OFF -DUAGENT_P2P_PROFILE=OFF --no-warn-unused-cli -DCMAKE_INSTALL_PREFIX=/home/aziz/microros_ws1/install/micro_ros_msgs
[1.185s] Invoking command in '/home/aziz/microros_ws1/build/micro_ros_msgs': CMAKE_PREFIX_PATH=${CMAKE_PREFIX_PATH}:/opt/ros/foxy /usr/bin/cmake --build /home/aziz/microros_ws1/build/micro_ros_msgs -- -j4 -l4
[1.253s] [  2%] Built target micro_ros_msgs__cpp
[1.254s] [ 12%] Built target micro_ros_msgs__rosidl_generator_c
[1.282s] [ 23%] Built target micro_ros_msgs__rosidl_typesupport_introspection_cpp
[1.288s] [ 34%] Built target micro_ros_msgs__rosidl_typesupport_fastrtps_cpp
[1.293s] [ 44%] Built target micro_ros_msgs__rosidl_typesupport_c
[1.295s] [ 55%] Built target micro_ros_msgs__rosidl_typesupport_cpp
[1.317s] [ 65%] Built target micro_ros_msgs__rosidl_typesupport_introspection_c
[1.332s] [ 76%] Built target micro_ros_msgs__rosidl_typesupport_fastrtps_c
[1.358s] [ 76%] Built target micro_ros_msgs
[1.386s] [ 78%] Built target micro_ros_msgs__py
[1.421s] [ 87%] Built target micro_ros_msgs__python
[1.455s] [ 91%] Built target micro_ros_msgs__rosidl_typesupport_fastrtps_c__pyext
[1.458s] [ 95%] Built target micro_ros_msgs__rosidl_typesupport_c__pyext
[1.462s] [100%] Built target micro_ros_msgs__rosidl_typesupport_introspection_c__pyext
[1.479s] Invoked command in '/home/aziz/microros_ws1/build/micro_ros_msgs' returned '0': CMAKE_PREFIX_PATH=${CMAKE_PREFIX_PATH}:/opt/ros/foxy /usr/bin/cmake --build /home/aziz/microros_ws1/build/micro_ros_msgs -- -j4 -l4
[1.605s] Invoking command in '/home/aziz/microros_ws1/build/micro_ros_msgs': CMAKE_PREFIX_PATH=${CMAKE_PREFIX_PATH}:/opt/ros/foxy /usr/bin/cmake --install /home/aziz/microros_ws1/build/micro_ros_msgs
[1.617s] -- Install configuration: ""
[1.617s] -- Up-to-date: /home/aziz/microros_ws1/install/micro_ros_msgs/share/ament_index/resource_index/rosidl_interfaces/micro_ros_msgs
[1.618s] -- Up-to-date: /home/aziz/microros_ws1/install/micro_ros_msgs/include/micro_ros_msgs
[1.618s] -- Up-to-date: /home/aziz/microros_ws1/install/micro_ros_msgs/include/micro_ros_msgs/msg
[1.618s] -- Up-to-date: /home/aziz/microros_ws1/install/micro_ros_msgs/include/micro_ros_msgs/msg/rosidl_generator_c__visibility_control.h
[1.619s] -- Up-to-date: /home/aziz/microros_ws1/install/micro_ros_msgs/include/micro_ros_msgs/msg/node.h
[1.619s] -- Up-to-date: /home/aziz/microros_ws1/install/micro_ros_msgs/include/micro_ros_msgs/msg/entity.h
[1.619s] -- Up-to-date: /home/aziz/microros_ws1/install/micro_ros_msgs/include/micro_ros_msgs/msg/detail
[1.619s] -- Up-to-date: /home/aziz/microros_ws1/install/micro_ros_msgs/include/micro_ros_msgs/msg/detail/node__functions.h
[1.619s] -- Up-to-date: /home/aziz/microros_ws1/install/micro_ros_msgs/include/micro_ros_msgs/msg/detail/node__struct.h
[1.619s] -- Up-to-date: /home/aziz/microros_ws1/install/micro_ros_msgs/include/micro_ros_msgs/msg/detail/graph__functions.c
[1.619s] -- Up-to-date: /home/aziz/microros_ws1/install/micro_ros_msgs/include/micro_ros_msgs/msg/detail/entity__type_support.h
[1.619s] -- Up-to-date: /home/aziz/microros_ws1/install/micro_ros_msgs/include/micro_ros_msgs/msg/detail/node__type_support.h
[1.620s] -- Up-to-date: /home/aziz/microros_ws1/install/micro_ros_msgs/include/micro_ros_msgs/msg/detail/node__functions.c
[1.620s] -- Up-to-date: /home/aziz/microros_ws1/install/micro_ros_msgs/include/micro_ros_msgs/msg/detail/entity__functions.h
[1.620s] -- Up-to-date: /home/aziz/microros_ws1/install/micro_ros_msgs/include/micro_ros_msgs/msg/detail/entity__functions.c
[1.620s] -- Up-to-date: /home/aziz/microros_ws1/install/micro_ros_msgs/include/micro_ros_msgs/msg/detail/graph__struct.h
[1.620s] -- Up-to-date: /home/aziz/microros_ws1/install/micro_ros_msgs/include/micro_ros_msgs/msg/detail/graph__type_support.h
[1.620s] -- Up-to-date: /home/aziz/microros_ws1/install/micro_ros_msgs/include/micro_ros_msgs/msg/detail/entity__struct.h
[1.620s] -- Up-to-date: /home/aziz/microros_ws1/install/micro_ros_msgs/include/micro_ros_msgs/msg/detail/graph__functions.h
[1.620s] -- Up-to-date: /home/aziz/microros_ws1/install/micro_ros_msgs/include/micro_ros_msgs/msg/graph.h
[1.621s] -- Up-to-date: /home/aziz/microros_ws1/install/micro_ros_msgs/share/micro_ros_msgs/environment/library_path.sh
[1.621s] -- Installing: /home/aziz/microros_ws1/install/micro_ros_msgs/share/micro_ros_msgs/environment/library_path.dsv
[1.621s] -- Up-to-date: /home/aziz/microros_ws1/install/micro_ros_msgs/lib/libmicro_ros_msgs__rosidl_generator_c.so
[1.621s] -- Up-to-date: /home/aziz/microros_ws1/install/micro_ros_msgs/include/micro_ros_msgs
[1.621s] -- Up-to-date: /home/aziz/microros_ws1/install/micro_ros_msgs/include/micro_ros_msgs/msg
[1.621s] -- Up-to-date: /home/aziz/microros_ws1/install/micro_ros_msgs/include/micro_ros_msgs/msg/rosidl_typesupport_fastrtps_c__visibility_control.h
[1.621s] -- Up-to-date: /home/aziz/microros_ws1/install/micro_ros_msgs/include/micro_ros_msgs/msg/detail
[1.621s] -- Up-to-date: /home/aziz/microros_ws1/install/micro_ros_msgs/include/micro_ros_msgs/msg/detail/entity__rosidl_typesupport_fastrtps_c.h
[1.621s] -- Up-to-date: /home/aziz/microros_ws1/install/micro_ros_msgs/include/micro_ros_msgs/msg/detail/node__rosidl_typesupport_fastrtps_c.h
[1.621s] -- Up-to-date: /home/aziz/microros_ws1/install/micro_ros_msgs/include/micro_ros_msgs/msg/detail/graph__rosidl_typesupport_fastrtps_c.h
[1.621s] -- Up-to-date: /home/aziz/microros_ws1/install/micro_ros_msgs/lib/libmicro_ros_msgs__rosidl_typesupport_fastrtps_c.so
[1.621s] -- Up-to-date: /home/aziz/microros_ws1/install/micro_ros_msgs/include/micro_ros_msgs
[1.622s] -- Up-to-date: /home/aziz/microros_ws1/install/micro_ros_msgs/include/micro_ros_msgs/msg
[1.622s] -- Up-to-date: /home/aziz/microros_ws1/install/micro_ros_msgs/include/micro_ros_msgs/msg/rosidl_typesupport_fastrtps_cpp__visibility_control.h
[1.622s] -- Up-to-date: /home/aziz/microros_ws1/install/micro_ros_msgs/include/micro_ros_msgs/msg/detail
[1.622s] -- Up-to-date: /home/aziz/microros_ws1/install/micro_ros_msgs/include/micro_ros_msgs/msg/detail/entity__rosidl_typesupport_fastrtps_cpp.hpp
[1.622s] -- Up-to-date: /home/aziz/microros_ws1/install/micro_ros_msgs/include/micro_ros_msgs/msg/detail/dds_fastrtps
[1.622s] -- Up-to-date: /home/aziz/microros_ws1/install/micro_ros_msgs/include/micro_ros_msgs/msg/detail/graph__rosidl_typesupport_fastrtps_cpp.hpp
[1.622s] -- Up-to-date: /home/aziz/microros_ws1/install/micro_ros_msgs/include/micro_ros_msgs/msg/detail/node__rosidl_typesupport_fastrtps_cpp.hpp
[1.622s] -- Up-to-date: /home/aziz/microros_ws1/install/micro_ros_msgs/lib/libmicro_ros_msgs__rosidl_typesupport_fastrtps_cpp.so
[1.622s] -- Up-to-date: /home/aziz/microros_ws1/install/micro_ros_msgs/include/micro_ros_msgs
[1.622s] -- Up-to-date: /home/aziz/microros_ws1/install/micro_ros_msgs/include/micro_ros_msgs/msg
[1.623s] -- Up-to-date: /home/aziz/microros_ws1/install/micro_ros_msgs/include/micro_ros_msgs/msg/rosidl_typesupport_introspection_c__visibility_control.h
[1.623s] -- Up-to-date: /home/aziz/microros_ws1/install/micro_ros_msgs/include/micro_ros_msgs/msg/detail
[1.623s] -- Up-to-date: /home/aziz/microros_ws1/install/micro_ros_msgs/include/micro_ros_msgs/msg/detail/entity__rosidl_typesupport_introspection_c.h
[1.623s] -- Up-to-date: /home/aziz/microros_ws1/install/micro_ros_msgs/include/micro_ros_msgs/msg/detail/graph__type_support.c
[1.623s] -- Up-to-date: /home/aziz/microros_ws1/install/micro_ros_msgs/include/micro_ros_msgs/msg/detail/node__type_support.c
[1.623s] -- Up-to-date: /home/aziz/microros_ws1/install/micro_ros_msgs/include/micro_ros_msgs/msg/detail/graph__rosidl_typesupport_introspection_c.h
[1.623s] -- Up-to-date: /home/aziz/microros_ws1/install/micro_ros_msgs/include/micro_ros_msgs/msg/detail/node__rosidl_typesupport_introspection_c.h
[1.623s] -- Up-to-date: /home/aziz/microros_ws1/install/micro_ros_msgs/include/micro_ros_msgs/msg/detail/entity__type_support.c
[1.623s] -- Up-to-date: /home/aziz/microros_ws1/install/micro_ros_msgs/lib/libmicro_ros_msgs__rosidl_typesupport_introspection_c.so
[1.623s] -- Up-to-date: /home/aziz/microros_ws1/install/micro_ros_msgs/lib/libmicro_ros_msgs__rosidl_typesupport_c.so
[1.623s] -- Up-to-date: /home/aziz/microros_ws1/install/micro_ros_msgs/include/micro_ros_msgs
[1.623s] -- Up-to-date: /home/aziz/microros_ws1/install/micro_ros_msgs/include/micro_ros_msgs/msg
[1.623s] -- Up-to-date: /home/aziz/microros_ws1/install/micro_ros_msgs/include/micro_ros_msgs/msg/entity.hpp
[1.624s] -- Up-to-date: /home/aziz/microros_ws1/install/micro_ros_msgs/include/micro_ros_msgs/msg/node.hpp
[1.624s] -- Up-to-date: /home/aziz/microros_ws1/install/micro_ros_msgs/include/micro_ros_msgs/msg/graph.hpp
[1.624s] -- Up-to-date: /home/aziz/microros_ws1/install/micro_ros_msgs/include/micro_ros_msgs/msg/detail
[1.624s] -- Up-to-date: /home/aziz/microros_ws1/install/micro_ros_msgs/include/micro_ros_msgs/msg/detail/node__struct.hpp
[1.624s] -- Up-to-date: /home/aziz/microros_ws1/install/micro_ros_msgs/include/micro_ros_msgs/msg/detail/graph__builder.hpp
[1.624s] -- Up-to-date: /home/aziz/microros_ws1/install/micro_ros_msgs/include/micro_ros_msgs/msg/detail/graph__traits.hpp
[1.624s] -- Up-to-date: /home/aziz/microros_ws1/install/micro_ros_msgs/include/micro_ros_msgs/msg/detail/node__builder.hpp
[1.624s] -- Up-to-date: /home/aziz/microros_ws1/install/micro_ros_msgs/include/micro_ros_msgs/msg/detail/entity__traits.hpp
[1.624s] -- Up-to-date: /home/aziz/microros_ws1/install/micro_ros_msgs/include/micro_ros_msgs/msg/detail/node__traits.hpp
[1.624s] -- Up-to-date: /home/aziz/microros_ws1/install/micro_ros_msgs/include/micro_ros_msgs/msg/detail/entity__builder.hpp
[1.625s] -- Up-to-date: /home/aziz/microros_ws1/install/micro_ros_msgs/include/micro_ros_msgs/msg/detail/graph__struct.hpp
[1.625s] -- Up-to-date: /home/aziz/microros_ws1/install/micro_ros_msgs/include/micro_ros_msgs/msg/detail/entity__struct.hpp
[1.625s] -- Up-to-date: /home/aziz/microros_ws1/install/micro_ros_msgs/include/micro_ros_msgs
[1.625s] -- Up-to-date: /home/aziz/microros_ws1/install/micro_ros_msgs/include/micro_ros_msgs/msg
[1.625s] -- Up-to-date: /home/aziz/microros_ws1/install/micro_ros_msgs/include/micro_ros_msgs/msg/detail
[1.625s] -- Up-to-date: /home/aziz/microros_ws1/install/micro_ros_msgs/include/micro_ros_msgs/msg/detail/graph__type_support.cpp
[1.625s] -- Up-to-date: /home/aziz/microros_ws1/install/micro_ros_msgs/include/micro_ros_msgs/msg/detail/graph__rosidl_typesupport_introspection_cpp.hpp
[1.625s] -- Up-to-date: /home/aziz/microros_ws1/install/micro_ros_msgs/include/micro_ros_msgs/msg/detail/node__rosidl_typesupport_introspection_cpp.hpp
[1.625s] -- Up-to-date: /home/aziz/microros_ws1/install/micro_ros_msgs/include/micro_ros_msgs/msg/detail/node__type_support.cpp
[1.626s] -- Up-to-date: /home/aziz/microros_ws1/install/micro_ros_msgs/include/micro_ros_msgs/msg/detail/entity__type_support.cpp
[1.626s] -- Up-to-date: /home/aziz/microros_ws1/install/micro_ros_msgs/include/micro_ros_msgs/msg/detail/entity__rosidl_typesupport_introspection_cpp.hpp
[1.626s] -- Up-to-date: /home/aziz/microros_ws1/install/micro_ros_msgs/lib/libmicro_ros_msgs__rosidl_typesupport_introspection_cpp.so
[1.626s] -- Up-to-date: /home/aziz/microros_ws1/install/micro_ros_msgs/lib/libmicro_ros_msgs__rosidl_typesupport_cpp.so
[1.626s] -- Up-to-date: /home/aziz/microros_ws1/install/micro_ros_msgs/share/micro_ros_msgs/environment/pythonpath.sh
[1.626s] -- Installing: /home/aziz/microros_ws1/install/micro_ros_msgs/share/micro_ros_msgs/environment/pythonpath.dsv
[1.626s] -- Installing: /home/aziz/microros_ws1/install/micro_ros_msgs/lib/python3.8/site-packages/micro_ros_msgs/__init__.py
[1.667s] Compiling '/home/aziz/microros_ws1/install/micro_ros_msgs/lib/python3.8/site-packages/micro_ros_msgs/__init__.py'...
[1.672s] -- Up-to-date: /home/aziz/microros_ws1/install/micro_ros_msgs/lib/python3.8/site-packages/micro_ros_msgs/msg
[1.672s] -- Up-to-date: /home/aziz/microros_ws1/install/micro_ros_msgs/lib/python3.8/site-packages/micro_ros_msgs/msg/_entity.py
[1.672s] -- Up-to-date: /home/aziz/microros_ws1/install/micro_ros_msgs/lib/python3.8/site-packages/micro_ros_msgs/msg/_node.py
[1.672s] -- Up-to-date: /home/aziz/microros_ws1/install/micro_ros_msgs/lib/python3.8/site-packages/micro_ros_msgs/msg/_entity_s.c
[1.672s] -- Up-to-date: /home/aziz/microros_ws1/install/micro_ros_msgs/lib/python3.8/site-packages/micro_ros_msgs/msg/_node_s.c
[1.672s] -- Up-to-date: /home/aziz/microros_ws1/install/micro_ros_msgs/lib/python3.8/site-packages/micro_ros_msgs/msg/__init__.py
[1.673s] -- Up-to-date: /home/aziz/microros_ws1/install/micro_ros_msgs/lib/python3.8/site-packages/micro_ros_msgs/msg/_graph_s.c
[1.673s] -- Up-to-date: /home/aziz/microros_ws1/install/micro_ros_msgs/lib/python3.8/site-packages/micro_ros_msgs/msg/_graph.py
[1.673s] -- Up-to-date: /home/aziz/microros_ws1/install/micro_ros_msgs/lib/python3.8/site-packages/micro_ros_msgs/micro_ros_msgs_s__rosidl_typesupport_fastrtps_c.cpython-38-x86_64-linux-gnu.so
[1.673s] -- Up-to-date: /home/aziz/microros_ws1/install/micro_ros_msgs/lib/python3.8/site-packages/micro_ros_msgs/micro_ros_msgs_s__rosidl_typesupport_introspection_c.cpython-38-x86_64-linux-gnu.so
[1.674s] -- Up-to-date: /home/aziz/microros_ws1/install/micro_ros_msgs/lib/python3.8/site-packages/micro_ros_msgs/micro_ros_msgs_s__rosidl_typesupport_c.cpython-38-x86_64-linux-gnu.so
[1.675s] -- Up-to-date: /home/aziz/microros_ws1/install/micro_ros_msgs/lib/libmicro_ros_msgs__python.so
[1.676s] -- Up-to-date: /home/aziz/microros_ws1/install/micro_ros_msgs/share/micro_ros_msgs/msg/Graph.idl
[1.676s] -- Up-to-date: /home/aziz/microros_ws1/install/micro_ros_msgs/share/micro_ros_msgs/msg/Node.idl
[1.676s] -- Up-to-date: /home/aziz/microros_ws1/install/micro_ros_msgs/share/micro_ros_msgs/msg/Entity.idl
[1.676s] -- Up-to-date: /home/aziz/microros_ws1/install/micro_ros_msgs/share/micro_ros_msgs/msg/Graph.msg
[1.676s] -- Up-to-date: /home/aziz/microros_ws1/install/micro_ros_msgs/share/micro_ros_msgs/msg/Node.msg
[1.677s] -- Up-to-date: /home/aziz/microros_ws1/install/micro_ros_msgs/share/micro_ros_msgs/msg/Entity.msg
[1.677s] -- Up-to-date: /home/aziz/microros_ws1/install/micro_ros_msgs/share/ament_index/resource_index/package_run_dependencies/micro_ros_msgs
[1.677s] -- Installing: /home/aziz/microros_ws1/install/micro_ros_msgs/share/ament_index/resource_index/parent_prefix_path/micro_ros_msgs
[1.677s] -- Up-to-date: /home/aziz/microros_ws1/install/micro_ros_msgs/share/micro_ros_msgs/environment/ament_prefix_path.sh
[1.677s] -- Installing: /home/aziz/microros_ws1/install/micro_ros_msgs/share/micro_ros_msgs/environment/ament_prefix_path.dsv
[1.677s] -- Up-to-date: /home/aziz/microros_ws1/install/micro_ros_msgs/share/micro_ros_msgs/environment/path.sh
[1.677s] -- Installing: /home/aziz/microros_ws1/install/micro_ros_msgs/share/micro_ros_msgs/environment/path.dsv
[1.677s] -- Up-to-date: /home/aziz/microros_ws1/install/micro_ros_msgs/share/micro_ros_msgs/local_setup.bash
[1.677s] -- Up-to-date: /home/aziz/microros_ws1/install/micro_ros_msgs/share/micro_ros_msgs/local_setup.sh
[1.678s] -- Up-to-date: /home/aziz/microros_ws1/install/micro_ros_msgs/share/micro_ros_msgs/local_setup.zsh
[1.678s] -- Installing: /home/aziz/microros_ws1/install/micro_ros_msgs/share/micro_ros_msgs/local_setup.dsv
[1.678s] -- Installing: /home/aziz/microros_ws1/install/micro_ros_msgs/share/micro_ros_msgs/package.dsv
[1.678s] -- Up-to-date: /home/aziz/microros_ws1/install/micro_ros_msgs/share/ament_index/resource_index/packages/micro_ros_msgs
[1.678s] -- Up-to-date: /home/aziz/microros_ws1/install/micro_ros_msgs/share/micro_ros_msgs/cmake/micro_ros_msgs__rosidl_generator_cExport.cmake
[1.678s] -- Installing: /home/aziz/microros_ws1/install/micro_ros_msgs/share/micro_ros_msgs/cmake/micro_ros_msgs__rosidl_generator_cExport-noconfig.cmake
[1.678s] -- Up-to-date: /home/aziz/microros_ws1/install/micro_ros_msgs/share/micro_ros_msgs/cmake/micro_ros_msgs__rosidl_typesupport_introspection_cExport.cmake
[1.678s] -- Installing: /home/aziz/microros_ws1/install/micro_ros_msgs/share/micro_ros_msgs/cmake/micro_ros_msgs__rosidl_typesupport_introspection_cExport-noconfig.cmake
[1.678s] -- Up-to-date: /home/aziz/microros_ws1/install/micro_ros_msgs/share/micro_ros_msgs/cmake/micro_ros_msgs__rosidl_typesupport_cExport.cmake
[1.678s] -- Installing: /home/aziz/microros_ws1/install/micro_ros_msgs/share/micro_ros_msgs/cmake/micro_ros_msgs__rosidl_typesupport_cExport-noconfig.cmake
[1.679s] -- Up-to-date: /home/aziz/microros_ws1/install/micro_ros_msgs/share/micro_ros_msgs/cmake/micro_ros_msgs__rosidl_generator_cppExport.cmake
[1.679s] -- Up-to-date: /home/aziz/microros_ws1/install/micro_ros_msgs/share/micro_ros_msgs/cmake/micro_ros_msgs__rosidl_typesupport_introspection_cppExport.cmake
[1.679s] -- Installing: /home/aziz/microros_ws1/install/micro_ros_msgs/share/micro_ros_msgs/cmake/micro_ros_msgs__rosidl_typesupport_introspection_cppExport-noconfig.cmake
[1.679s] -- Up-to-date: /home/aziz/microros_ws1/install/micro_ros_msgs/share/micro_ros_msgs/cmake/micro_ros_msgs__rosidl_typesupport_cppExport.cmake
[1.679s] -- Installing: /home/aziz/microros_ws1/install/micro_ros_msgs/share/micro_ros_msgs/cmake/micro_ros_msgs__rosidl_typesupport_cppExport-noconfig.cmake
[1.680s] -- Up-to-date: /home/aziz/microros_ws1/install/micro_ros_msgs/share/micro_ros_msgs/cmake/rosidl_cmake-extras.cmake
[1.680s] -- Up-to-date: /home/aziz/microros_ws1/install/micro_ros_msgs/share/micro_ros_msgs/cmake/ament_cmake_export_dependencies-extras.cmake
[1.680s] -- Up-to-date: /home/aziz/microros_ws1/install/micro_ros_msgs/share/micro_ros_msgs/cmake/ament_cmake_export_libraries-extras.cmake
[1.680s] -- Up-to-date: /home/aziz/microros_ws1/install/micro_ros_msgs/share/micro_ros_msgs/cmake/ament_cmake_export_targets-extras.cmake
[1.680s] -- Up-to-date: /home/aziz/microros_ws1/install/micro_ros_msgs/share/micro_ros_msgs/cmake/ament_cmake_export_include_directories-extras.cmake
[1.680s] -- Up-to-date: /home/aziz/microros_ws1/install/micro_ros_msgs/share/micro_ros_msgs/cmake/rosidl_cmake_export_typesupport_libraries-extras.cmake
[1.680s] -- Up-to-date: /home/aziz/microros_ws1/install/micro_ros_msgs/share/micro_ros_msgs/cmake/rosidl_cmake_export_typesupport_targets-extras.cmake
[1.680s] -- Up-to-date: /home/aziz/microros_ws1/install/micro_ros_msgs/share/micro_ros_msgs/cmake/micro_ros_msgsConfig.cmake
[1.681s] -- Up-to-date: /home/aziz/microros_ws1/install/micro_ros_msgs/share/micro_ros_msgs/cmake/micro_ros_msgsConfig-version.cmake
[1.681s] -- Up-to-date: /home/aziz/microros_ws1/install/micro_ros_msgs/share/micro_ros_msgs/package.xml
[1.685s] Invoked command in '/home/aziz/microros_ws1/build/micro_ros_msgs' returned '0': CMAKE_PREFIX_PATH=${CMAKE_PREFIX_PATH}:/opt/ros/foxy /usr/bin/cmake --install /home/aziz/microros_ws1/build/micro_ros_msgs
