[1.725s] Invoking command in '/home/aziz/microros_ws1/firmware/mcu_ws/uros/tracetools/ros2trace': AMENT_PREFIX_PATH=/home/aziz/microros_ws1/firmware/mcu_ws/install:${AMENT_PREFIX_PATH} CMAKE_PREFIX_PATH=/home/aziz/microros_ws1/firmware/mcu_ws/install:${CMAKE_PREFIX_PATH} PYTHONPATH=/home/aziz/microros_ws1/firmware/mcu_ws/install/lib/python3.8/site-packages:/home/aziz/microros_ws1/firmware/mcu_ws/install/lib/python3.8/site-packages:${PYTHONPATH} /usr/bin/python3 setup.py egg_info --egg-base ../../../build/ros2trace build --build-base /home/aziz/microros_ws1/firmware/mcu_ws/build/ros2trace/build install --prefix /home/aziz/microros_ws1/firmware/mcu_ws/install --record /home/aziz/microros_ws1/firmware/mcu_ws/build/ros2trace/install.log --single-version-externally-managed
[2.175s] running egg_info
[2.176s] creating ../../../build/ros2trace/ros2trace.egg-info
[2.186s] writing ../../../build/ros2trace/ros2trace.egg-info/PKG-INFO
[2.186s] writing dependency_links to ../../../build/ros2trace/ros2trace.egg-info/dependency_links.txt
[2.186s] writing entry points to ../../../build/ros2trace/ros2trace.egg-info/entry_points.txt
[2.187s] writing requirements to ../../../build/ros2trace/ros2trace.egg-info/requires.txt
[2.187s] writing top-level names to ../../../build/ros2trace/ros2trace.egg-info/top_level.txt
[2.187s] writing manifest file '../../../build/ros2trace/ros2trace.egg-info/SOURCES.txt'
[2.212s] reading manifest file '../../../build/ros2trace/ros2trace.egg-info/SOURCES.txt'
[2.213s] writing manifest file '../../../build/ros2trace/ros2trace.egg-info/SOURCES.txt'
[2.213s] running build
[2.213s] running build_py
[2.214s] creating /home/aziz/microros_ws1/firmware/mcu_ws/build/ros2trace/build
[2.214s] creating /home/aziz/microros_ws1/firmware/mcu_ws/build/ros2trace/build/lib
[2.214s] creating /home/aziz/microros_ws1/firmware/mcu_ws/build/ros2trace/build/lib/ros2trace
[2.214s] copying ros2trace/__init__.py -> /home/aziz/microros_ws1/firmware/mcu_ws/build/ros2trace/build/lib/ros2trace
[2.215s] creating /home/aziz/microros_ws1/firmware/mcu_ws/build/ros2trace/build/lib/ros2trace/api
[2.215s] copying ros2trace/api/__init__.py -> /home/aziz/microros_ws1/firmware/mcu_ws/build/ros2trace/build/lib/ros2trace/api
[2.215s] creating /home/aziz/microros_ws1/firmware/mcu_ws/build/ros2trace/build/lib/ros2trace/command
[2.215s] copying ros2trace/command/__init__.py -> /home/aziz/microros_ws1/firmware/mcu_ws/build/ros2trace/build/lib/ros2trace/command
[2.215s] copying ros2trace/command/trace.py -> /home/aziz/microros_ws1/firmware/mcu_ws/build/ros2trace/build/lib/ros2trace/command
[2.216s] running install
[2.216s] /home/aziz/.local/lib/python3.8/site-packages/setuptools/command/install.py:34: SetuptoolsDeprecationWarning: setup.py install is deprecated. Use build and pip and other standards-based tools.
[2.216s]   warnings.warn(
[2.227s] running install_lib
[2.239s] creating /home/aziz/microros_ws1/firmware/mcu_ws/install/lib/python3.8/site-packages/ros2trace
[2.239s] copying /home/aziz/microros_ws1/firmware/mcu_ws/build/ros2trace/build/lib/ros2trace/__init__.py -> /home/aziz/microros_ws1/firmware/mcu_ws/install/lib/python3.8/site-packages/ros2trace
[2.240s] creating /home/aziz/microros_ws1/firmware/mcu_ws/install/lib/python3.8/site-packages/ros2trace/api
[2.240s] copying /home/aziz/microros_ws1/firmware/mcu_ws/build/ros2trace/build/lib/ros2trace/api/__init__.py -> /home/aziz/microros_ws1/firmware/mcu_ws/install/lib/python3.8/site-packages/ros2trace/api
[2.240s] creating /home/aziz/microros_ws1/firmware/mcu_ws/install/lib/python3.8/site-packages/ros2trace/command
[2.240s] copying /home/aziz/microros_ws1/firmware/mcu_ws/build/ros2trace/build/lib/ros2trace/command/__init__.py -> /home/aziz/microros_ws1/firmware/mcu_ws/install/lib/python3.8/site-packages/ros2trace/command
[2.240s] copying /home/aziz/microros_ws1/firmware/mcu_ws/build/ros2trace/build/lib/ros2trace/command/trace.py -> /home/aziz/microros_ws1/firmware/mcu_ws/install/lib/python3.8/site-packages/ros2trace/command
[2.240s] byte-compiling /home/aziz/microros_ws1/firmware/mcu_ws/install/lib/python3.8/site-packages/ros2trace/__init__.py to __init__.cpython-38.pyc
[2.240s] byte-compiling /home/aziz/microros_ws1/firmware/mcu_ws/install/lib/python3.8/site-packages/ros2trace/api/__init__.py to __init__.cpython-38.pyc
[2.241s] byte-compiling /home/aziz/microros_ws1/firmware/mcu_ws/install/lib/python3.8/site-packages/ros2trace/command/__init__.py to __init__.cpython-38.pyc
[2.241s] byte-compiling /home/aziz/microros_ws1/firmware/mcu_ws/install/lib/python3.8/site-packages/ros2trace/command/trace.py to trace.cpython-38.pyc
[2.241s] running install_data
[2.252s] copying package.xml -> /home/aziz/microros_ws1/firmware/mcu_ws/install/share/ros2trace
[2.252s] copying resource/ros2trace -> /home/aziz/microros_ws1/firmware/mcu_ws/install/share/ament_index/resource_index/packages
[2.253s] running install_egg_info
[2.270s] Copying ../../../build/ros2trace/ros2trace.egg-info to /home/aziz/microros_ws1/firmware/mcu_ws/install/lib/python3.8/site-packages/ros2trace-1.0.2-py3.8.egg-info
[2.270s] running install_scripts
[2.336s] writing list of installed files to '/home/aziz/microros_ws1/firmware/mcu_ws/build/ros2trace/install.log'
[2.383s] Invoked command in '/home/aziz/microros_ws1/firmware/mcu_ws/uros/tracetools/ros2trace' returned '0': AMENT_PREFIX_PATH=/home/aziz/microros_ws1/firmware/mcu_ws/install:${AMENT_PREFIX_PATH} CMAKE_PREFIX_PATH=/home/aziz/microros_ws1/firmware/mcu_ws/install:${CMAKE_PREFIX_PATH} PYTHONPATH=/home/aziz/microros_ws1/firmware/mcu_ws/install/lib/python3.8/site-packages:/home/aziz/microros_ws1/firmware/mcu_ws/install/lib/python3.8/site-packages:${PYTHONPATH} /usr/bin/python3 setup.py egg_info --egg-base ../../../build/ros2trace build --build-base /home/aziz/microros_ws1/firmware/mcu_ws/build/ros2trace/build install --prefix /home/aziz/microros_ws1/firmware/mcu_ws/install --record /home/aziz/microros_ws1/firmware/mcu_ws/build/ros2trace/install.log --single-version-externally-managed
