[0.117s] Invoking command in '/home/aziz/microros_ws1/firmware/mcu_ws/build/tinydir_vendor': CMAKE_PREFIX_PATH=${CMAKE_PREFIX_PATH}:/home/aziz/microros_ws1/firmware/dev_ws/install/ament_uncrustify:/home/aziz/microros_ws1/firmware/dev_ws/install/domain_coordinator:/home/aziz/microros_ws1/firmware/dev_ws/install/ament_xmllint:/home/aziz/microros_ws1/firmware/dev_ws/install/ament_pyflakes:/home/aziz/microros_ws1/firmware/dev_ws/install/ament_pycodestyle:/home/aziz/microros_ws1/firmware/dev_ws/install/ament_pep257:/home/aziz/microros_ws1/firmware/dev_ws/install/ament_pclint:/home/aziz/microros_ws1/firmware/dev_ws/install/ament_package:/home/aziz/microros_ws1/firmware/dev_ws/install/ament_mypy:/home/aziz/microros_ws1/firmware/dev_ws/install/ament_lint_cmake:/home/aziz/microros_ws1/firmware/dev_ws/install/ament_flake8:/home/aziz/microros_ws1/firmware/dev_ws/install/ament_copyright:/home/aziz/microros_ws1/firmware/dev_ws/install/ament_lint:/home/aziz/microros_ws1/firmware/dev_ws/install/ament_index_python:/home/aziz/microros_ws1/firmware/dev_ws/install/ament_cpplint:/home/aziz/microros_ws1/firmware/dev_ws/install/ament_cppcheck:/home/aziz/microros_ws1/firmware/dev_ws/install/ament_clang_tidy:/home/aziz/microros_ws1/firmware/dev_ws/install/ament_clang_format /usr/bin/cmake --build /home/aziz/microros_ws1/firmware/mcu_ws/build/tinydir_vendor -- -j4 -l4
[0.153s] make[4]: Entering directory '/home/aziz/microros_ws1/firmware/mcu_ws/build/tinydir_vendor'
[0.153s] /usr/bin/cmake -S/home/aziz/microros_ws1/firmware/mcu_ws/ros2/tinydir_vendor -B/home/aziz/microros_ws1/firmware/mcu_ws/build/tinydir_vendor --check-build-system CMakeFiles/Makefile.cmake 0
[0.153s] Re-run cmake file: Makefile older than: /home/aziz/microros_ws1/firmware/freertos_apps/microros_esp32_extensions/esp32_toolchain.cmake
[0.207s] -- Using PYTHON_EXECUTABLE: /home/aziz/microros_ws1/firmware/toolchain/espressif/python_env/idf4.1_py3.8_env/bin/python3
[0.400s] -- Configuring done
[0.401s] -- Generating done
[0.401s] -- Build files have been written to: /home/aziz/microros_ws1/firmware/mcu_ws/build/tinydir_vendor
[0.407s] /usr/bin/cmake -E cmake_progress_start /home/aziz/microros_ws1/firmware/mcu_ws/build/tinydir_vendor/CMakeFiles /home/aziz/microros_ws1/firmware/mcu_ws/build/tinydir_vendor/CMakeFiles/progress.marks
[0.427s] /usr/bin/make -f CMakeFiles/Makefile2 all
[0.427s] make[5]: Entering directory '/home/aziz/microros_ws1/firmware/mcu_ws/build/tinydir_vendor'
[0.427s] /usr/bin/make -f CMakeFiles/tinydir-1.2.4.dir/build.make CMakeFiles/tinydir-1.2.4.dir/depend
[0.427s] make[6]: Entering directory '/home/aziz/microros_ws1/firmware/mcu_ws/build/tinydir_vendor'
[0.427s] cd /home/aziz/microros_ws1/firmware/mcu_ws/build/tinydir_vendor && /usr/bin/cmake -E cmake_depends "Unix Makefiles" /home/aziz/microros_ws1/firmware/mcu_ws/ros2/tinydir_vendor /home/aziz/microros_ws1/firmware/mcu_ws/ros2/tinydir_vendor /home/aziz/microros_ws1/firmware/mcu_ws/build/tinydir_vendor /home/aziz/microros_ws1/firmware/mcu_ws/build/tinydir_vendor /home/aziz/microros_ws1/firmware/mcu_ws/build/tinydir_vendor/CMakeFiles/tinydir-1.2.4.dir/DependInfo.cmake --color=
[0.437s] make[6]: Leaving directory '/home/aziz/microros_ws1/firmware/mcu_ws/build/tinydir_vendor'
[0.437s] /usr/bin/make -f CMakeFiles/tinydir-1.2.4.dir/build.make CMakeFiles/tinydir-1.2.4.dir/build
[0.437s] make[6]: Entering directory '/home/aziz/microros_ws1/firmware/mcu_ws/build/tinydir_vendor'
[0.438s] make[6]: Nothing to be done for 'CMakeFiles/tinydir-1.2.4.dir/build'.
[0.438s] make[6]: Leaving directory '/home/aziz/microros_ws1/firmware/mcu_ws/build/tinydir_vendor'
[0.449s] [100%] Built target tinydir-1.2.4
[0.449s] make[5]: Leaving directory '/home/aziz/microros_ws1/firmware/mcu_ws/build/tinydir_vendor'
[0.450s] /usr/bin/cmake -E cmake_progress_start /home/aziz/microros_ws1/firmware/mcu_ws/build/tinydir_vendor/CMakeFiles 0
[0.460s] make[4]: Leaving directory '/home/aziz/microros_ws1/firmware/mcu_ws/build/tinydir_vendor'
[0.469s] Invoked command in '/home/aziz/microros_ws1/firmware/mcu_ws/build/tinydir_vendor' returned '0': CMAKE_PREFIX_PATH=${CMAKE_PREFIX_PATH}:/home/aziz/microros_ws1/firmware/dev_ws/install/ament_uncrustify:/home/aziz/microros_ws1/firmware/dev_ws/install/domain_coordinator:/home/aziz/microros_ws1/firmware/dev_ws/install/ament_xmllint:/home/aziz/microros_ws1/firmware/dev_ws/install/ament_pyflakes:/home/aziz/microros_ws1/firmware/dev_ws/install/ament_pycodestyle:/home/aziz/microros_ws1/firmware/dev_ws/install/ament_pep257:/home/aziz/microros_ws1/firmware/dev_ws/install/ament_pclint:/home/aziz/microros_ws1/firmware/dev_ws/install/ament_package:/home/aziz/microros_ws1/firmware/dev_ws/install/ament_mypy:/home/aziz/microros_ws1/firmware/dev_ws/install/ament_lint_cmake:/home/aziz/microros_ws1/firmware/dev_ws/install/ament_flake8:/home/aziz/microros_ws1/firmware/dev_ws/install/ament_copyright:/home/aziz/microros_ws1/firmware/dev_ws/install/ament_lint:/home/aziz/microros_ws1/firmware/dev_ws/install/ament_index_python:/home/aziz/microros_ws1/firmware/dev_ws/install/ament_cpplint:/home/aziz/microros_ws1/firmware/dev_ws/install/ament_cppcheck:/home/aziz/microros_ws1/firmware/dev_ws/install/ament_clang_tidy:/home/aziz/microros_ws1/firmware/dev_ws/install/ament_clang_format /usr/bin/cmake --build /home/aziz/microros_ws1/firmware/mcu_ws/build/tinydir_vendor -- -j4 -l4
[0.523s] Invoking command in '/home/aziz/microros_ws1/firmware/mcu_ws/build/tinydir_vendor': CMAKE_PREFIX_PATH=${CMAKE_PREFIX_PATH}:/home/aziz/microros_ws1/firmware/dev_ws/install/ament_uncrustify:/home/aziz/microros_ws1/firmware/dev_ws/install/domain_coordinator:/home/aziz/microros_ws1/firmware/dev_ws/install/ament_xmllint:/home/aziz/microros_ws1/firmware/dev_ws/install/ament_pyflakes:/home/aziz/microros_ws1/firmware/dev_ws/install/ament_pycodestyle:/home/aziz/microros_ws1/firmware/dev_ws/install/ament_pep257:/home/aziz/microros_ws1/firmware/dev_ws/install/ament_pclint:/home/aziz/microros_ws1/firmware/dev_ws/install/ament_package:/home/aziz/microros_ws1/firmware/dev_ws/install/ament_mypy:/home/aziz/microros_ws1/firmware/dev_ws/install/ament_lint_cmake:/home/aziz/microros_ws1/firmware/dev_ws/install/ament_flake8:/home/aziz/microros_ws1/firmware/dev_ws/install/ament_copyright:/home/aziz/microros_ws1/firmware/dev_ws/install/ament_lint:/home/aziz/microros_ws1/firmware/dev_ws/install/ament_index_python:/home/aziz/microros_ws1/firmware/dev_ws/install/ament_cpplint:/home/aziz/microros_ws1/firmware/dev_ws/install/ament_cppcheck:/home/aziz/microros_ws1/firmware/dev_ws/install/ament_clang_tidy:/home/aziz/microros_ws1/firmware/dev_ws/install/ament_clang_format /usr/bin/cmake --install /home/aziz/microros_ws1/firmware/mcu_ws/build/tinydir_vendor
[0.538s] -- Install configuration: "Debug"
[0.538s] -- Up-to-date: /home/aziz/microros_ws1/firmware/mcu_ws/install
[0.538s] -- Up-to-date: /home/aziz/microros_ws1/firmware/mcu_ws/install/include
[0.539s] -- Up-to-date: /home/aziz/microros_ws1/firmware/mcu_ws/install/include/tinydir
[0.539s] -- Up-to-date: /home/aziz/microros_ws1/firmware/mcu_ws/install/include/tinydir/tinydir.h
[0.539s] -- Up-to-date: /home/aziz/microros_ws1/firmware/mcu_ws/install/share/tinydir_vendor/package.xml
[0.539s] -- Up-to-date: /home/aziz/microros_ws1/firmware/mcu_ws/install/share/tinydir_vendor/cmake/tinydir_vendorConfig.cmake
[0.540s] -- Up-to-date: /home/aziz/microros_ws1/firmware/mcu_ws/install/share/tinydir_vendor/cmake/tinydir_vendorConfig-version.cmake
[0.550s] Invoked command in '/home/aziz/microros_ws1/firmware/mcu_ws/build/tinydir_vendor' returned '0': CMAKE_PREFIX_PATH=${CMAKE_PREFIX_PATH}:/home/aziz/microros_ws1/firmware/dev_ws/install/ament_uncrustify:/home/aziz/microros_ws1/firmware/dev_ws/install/domain_coordinator:/home/aziz/microros_ws1/firmware/dev_ws/install/ament_xmllint:/home/aziz/microros_ws1/firmware/dev_ws/install/ament_pyflakes:/home/aziz/microros_ws1/firmware/dev_ws/install/ament_pycodestyle:/home/aziz/microros_ws1/firmware/dev_ws/install/ament_pep257:/home/aziz/microros_ws1/firmware/dev_ws/install/ament_pclint:/home/aziz/microros_ws1/firmware/dev_ws/install/ament_package:/home/aziz/microros_ws1/firmware/dev_ws/install/ament_mypy:/home/aziz/microros_ws1/firmware/dev_ws/install/ament_lint_cmake:/home/aziz/microros_ws1/firmware/dev_ws/install/ament_flake8:/home/aziz/microros_ws1/firmware/dev_ws/install/ament_copyright:/home/aziz/microros_ws1/firmware/dev_ws/install/ament_lint:/home/aziz/microros_ws1/firmware/dev_ws/install/ament_index_python:/home/aziz/microros_ws1/firmware/dev_ws/install/ament_cpplint:/home/aziz/microros_ws1/firmware/dev_ws/install/ament_cppcheck:/home/aziz/microros_ws1/firmware/dev_ws/install/ament_clang_tidy:/home/aziz/microros_ws1/firmware/dev_ws/install/ament_clang_format /usr/bin/cmake --install /home/aziz/microros_ws1/firmware/mcu_ws/build/tinydir_vendor
