[0.056s] Invoking command in '/home/aziz/microros_ws1/firmware/mcu_ws/build/microcdr': /usr/bin/cmake --build /home/aziz/microros_ws1/firmware/mcu_ws/build/microcdr -- -j4 -l4
[0.103s] make[4]: Entering directory '/home/aziz/microros_ws1/firmware/mcu_ws/build/microcdr'
[0.103s] /usr/bin/cmake -S/home/aziz/microros_ws1/firmware/mcu_ws/eProsima/Micro-CDR -B/home/aziz/microros_ws1/firmware/mcu_ws/build/microcdr --check-build-system CMakeFiles/Makefile.cmake 0
[0.103s] Re-run cmake file: Makefile older than: /home/aziz/microros_ws1/firmware/freertos_apps/microros_esp32_extensions/esp32_toolchain.cmake
[0.107s] -- Configuring done
[0.113s] -- Generating done
[0.114s] -- Build files have been written to: /home/aziz/microros_ws1/firmware/mcu_ws/build/microcdr
[0.117s] /usr/bin/cmake -E cmake_progress_start /home/aziz/microros_ws1/firmware/mcu_ws/build/microcdr/CMakeFiles /home/aziz/microros_ws1/firmware/mcu_ws/build/microcdr/CMakeFiles/progress.marks
[0.128s] /usr/bin/make -f CMakeFiles/Makefile2 all
[0.129s] make[5]: Entering directory '/home/aziz/microros_ws1/firmware/mcu_ws/build/microcdr'
[0.129s] /usr/bin/make -f CMakeFiles/microcdr.dir/build.make CMakeFiles/microcdr.dir/depend
[0.131s] make[6]: Entering directory '/home/aziz/microros_ws1/firmware/mcu_ws/build/microcdr'
[0.131s] cd /home/aziz/microros_ws1/firmware/mcu_ws/build/microcdr && /usr/bin/cmake -E cmake_depends "Unix Makefiles" /home/aziz/microros_ws1/firmware/mcu_ws/eProsima/Micro-CDR /home/aziz/microros_ws1/firmware/mcu_ws/eProsima/Micro-CDR /home/aziz/microros_ws1/firmware/mcu_ws/build/microcdr /home/aziz/microros_ws1/firmware/mcu_ws/build/microcdr /home/aziz/microros_ws1/firmware/mcu_ws/build/microcdr/CMakeFiles/microcdr.dir/DependInfo.cmake --color=
[0.142s] make[6]: Leaving directory '/home/aziz/microros_ws1/firmware/mcu_ws/build/microcdr'
[0.142s] /usr/bin/make -f CMakeFiles/microcdr.dir/build.make CMakeFiles/microcdr.dir/build
[0.144s] make[6]: Entering directory '/home/aziz/microros_ws1/firmware/mcu_ws/build/microcdr'
[0.144s] make[6]: Nothing to be done for 'CMakeFiles/microcdr.dir/build'.
[0.144s] make[6]: Leaving directory '/home/aziz/microros_ws1/firmware/mcu_ws/build/microcdr'
[0.154s] [100%] Built target microcdr
[0.155s] make[5]: Leaving directory '/home/aziz/microros_ws1/firmware/mcu_ws/build/microcdr'
[0.155s] /usr/bin/cmake -E cmake_progress_start /home/aziz/microros_ws1/firmware/mcu_ws/build/microcdr/CMakeFiles 0
[0.165s] make[4]: Leaving directory '/home/aziz/microros_ws1/firmware/mcu_ws/build/microcdr'
[0.171s] Invoked command in '/home/aziz/microros_ws1/firmware/mcu_ws/build/microcdr' returned '0': /usr/bin/cmake --build /home/aziz/microros_ws1/firmware/mcu_ws/build/microcdr -- -j4 -l4
[0.241s] Invoking command in '/home/aziz/microros_ws1/firmware/mcu_ws/build/microcdr': /usr/bin/cmake --install /home/aziz/microros_ws1/firmware/mcu_ws/build/microcdr
[0.255s] -- Install configuration: "Debug"
[0.255s] -- Up-to-date: /home/aziz/microros_ws1/firmware/mcu_ws/install/lib/libmicrocdr.a
[0.255s] -- Up-to-date: /home/aziz/microros_ws1/firmware/mcu_ws/install/include/ucdr
[0.255s] -- Up-to-date: /home/aziz/microros_ws1/firmware/mcu_ws/install/include/ucdr/visibility.h
[0.255s] -- Up-to-date: /home/aziz/microros_ws1/firmware/mcu_ws/install/include/ucdr/microcdr.h
[0.255s] -- Up-to-date: /home/aziz/microros_ws1/firmware/mcu_ws/install/include/ucdr/config.h
[0.255s] -- Up-to-date: /home/aziz/microros_ws1/firmware/mcu_ws/install/share/microcdr/cmake/microcdrTargets.cmake
[0.255s] -- Installing: /home/aziz/microros_ws1/firmware/mcu_ws/install/share/microcdr/cmake/microcdrTargets-debug.cmake
[0.255s] -- Up-to-date: /home/aziz/microros_ws1/firmware/mcu_ws/install/share/microcdr/cmake/microcdrConfig.cmake
[0.255s] -- Up-to-date: /home/aziz/microros_ws1/firmware/mcu_ws/install/share/microcdr/cmake/microcdrConfigVersion.cmake
[0.257s] Invoked command in '/home/aziz/microros_ws1/firmware/mcu_ws/build/microcdr' returned '0': /usr/bin/cmake --install /home/aziz/microros_ws1/firmware/mcu_ws/build/microcdr
