[0.057s] Invoking command in '/home/aziz/microros_ws1/build/drive_base_msgs': CMAKE_PREFIX_PATH=${CMAKE_PREFIX_PATH}:/opt/ros/foxy /usr/bin/cmake /home/aziz/microros_ws1/src/uros/drive_base/drive_base_msgs -DCMAKE_INSTALL_PREFIX=/home/aziz/microros_ws1/install/drive_base_msgs
[0.119s] -- The C compiler identification is GNU 9.4.0
[0.200s] -- The CXX compiler identification is GNU 9.4.0
[0.210s] -- Check for working C compiler: /usr/bin/cc
[0.277s] -- Check for working C compiler: /usr/bin/cc -- works
[0.277s] -- Detecting C compiler ABI info
[0.347s] -- Detecting C compiler ABI info - done
[0.359s] -- Detecting C compile features
[0.360s] -- Detecting C compile features - done
[0.362s] -- Check for working CXX compiler: /usr/bin/c++
[0.452s] -- Check for working CXX compiler: /usr/bin/c++ -- works
[0.453s] -- Detecting CXX compiler ABI info
[0.540s] -- Detecting CXX compiler ABI info - done
[0.553s] -- Detecting CXX compile features
[0.554s] -- Detecting CXX compile features - done
[0.556s] -- Found ament_cmake: 0.9.11 (/opt/ros/foxy/share/ament_cmake/cmake)
[0.587s] -- Found PythonInterp: /usr/bin/python3 (found suitable version "3.8.10", minimum required is "3") 
[0.587s] -- Using PYTHON_EXECUTABLE: /usr/bin/python3
[0.874s] -- Found std_msgs: 2.0.5 (/opt/ros/foxy/share/std_msgs/cmake)
[0.908s] -- Using all available rosidl_typesupport_c: rosidl_typesupport_fastrtps_c;rosidl_typesupport_introspection_c
[0.915s] -- Found rosidl_adapter: 1.3.0 (/opt/ros/foxy/share/rosidl_adapter/cmake)
[1.017s] -- Found OpenSSL: /usr/lib/x86_64-linux-gnu/libcrypto.so (found version "1.1.1f")  
[1.053s] -- Found FastRTPS: /opt/ros/foxy/include  
[1.144s] -- Using all available rosidl_typesupport_cpp: rosidl_typesupport_fastrtps_cpp;rosidl_typesupport_introspection_cpp
[1.213s] -- Found rosidl_default_generators: 1.0.1 (/opt/ros/foxy/share/rosidl_default_generators/cmake)
[1.256s] -- Found PythonInterp: /usr/bin/python3 (found version "3.8.10") 
[1.492s] -- Found ament_cmake_cppcheck: 0.9.7 (/opt/ros/foxy/share/ament_cmake_cppcheck/cmake)
[1.492s] -- Found ament_cmake_cpplint: 0.9.7 (/opt/ros/foxy/share/ament_cmake_cpplint/cmake)
[1.493s] -- Found ament_cmake_uncrustify: 0.9.7 (/opt/ros/foxy/share/ament_cmake_uncrustify/cmake)
[1.502s] -- Found ament_cmake_ros: 0.9.2 (/opt/ros/foxy/share/ament_cmake_ros/cmake)
[1.702s] -- Using all available rosidl_typesupport_c: rosidl_typesupport_fastrtps_c;rosidl_typesupport_introspection_c
[1.777s] -- Using all available rosidl_typesupport_cpp: rosidl_typesupport_fastrtps_cpp;rosidl_typesupport_introspection_cpp
[1.812s] -- Found PythonInterp: /usr/bin/python3 (found suitable version "3.8.10", minimum required is "3.5") 
[1.814s] -- Found python_cmake_module: 0.8.1 (/opt/ros/foxy/share/python_cmake_module/cmake)
[1.848s] -- Found PythonLibs: /usr/lib/x86_64-linux-gnu/libpython3.8.so (found suitable version "3.8.10", minimum required is "3.5") 
[1.848s] -- Using PYTHON_EXECUTABLE: /usr/bin/python3
[1.848s] -- Using PYTHON_INCLUDE_DIRS: /usr/include/python3.8
[1.848s] -- Using PYTHON_LIBRARIES: /usr/lib/x86_64-linux-gnu/libpython3.8.so
[1.876s] -- Found PythonExtra: .so  
[2.263s] -- Found ament_cmake_flake8: 0.9.7 (/opt/ros/foxy/share/ament_cmake_flake8/cmake)
[2.265s] -- Found ament_cmake_pep257: 0.9.7 (/opt/ros/foxy/share/ament_cmake_pep257/cmake)
[2.278s] -- Configuring done
[2.352s] -- Generating done
[2.355s] -- Build files have been written to: /home/aziz/microros_ws1/build/drive_base_msgs
[2.367s] Invoked command in '/home/aziz/microros_ws1/build/drive_base_msgs' returned '0': CMAKE_PREFIX_PATH=${CMAKE_PREFIX_PATH}:/opt/ros/foxy /usr/bin/cmake /home/aziz/microros_ws1/src/uros/drive_base/drive_base_msgs -DCMAKE_INSTALL_PREFIX=/home/aziz/microros_ws1/install/drive_base_msgs
[2.370s] Invoking command in '/home/aziz/microros_ws1/build/drive_base_msgs': CMAKE_PREFIX_PATH=${CMAKE_PREFIX_PATH}:/opt/ros/foxy /usr/bin/cmake --build /home/aziz/microros_ws1/build/drive_base_msgs -- -j4 -l4
[2.426s] [35m[1mScanning dependencies of target drive_base_msgs__cpp[0m
[2.427s] [  1%] [34m[1mGenerating C code for ROS interfaces[0m
[2.445s] [  3%] [34m[1mGenerating C++ code for ROS interfaces[0m
[3.110s] [  3%] Built target drive_base_msgs__cpp
[3.123s] [  5%] [34m[1mGenerating C++ introspection for ROS interfaces[0m
[3.149s] [  7%] [34m[1mGenerating C++ type support for eProsima Fast-RTPS[0m
[3.158s] [  9%] [34m[1mGenerating C++ type support dispatch for ROS interfaces[0m
[3.214s] [35m[1mScanning dependencies of target drive_base_msgs__rosidl_generator_c[0m
[3.234s] [ 10%] [32mBuilding C object CMakeFiles/drive_base_msgs__rosidl_generator_c.dir/rosidl_generator_c/drive_base_msgs/msg/detail/command_header__functions.c.o[0m
[3.296s] [ 12%] [32mBuilding C object CMakeFiles/drive_base_msgs__rosidl_generator_c.dir/rosidl_generator_c/drive_base_msgs/msg/detail/base_info__functions.c.o[0m
[3.364s] [ 14%] [32mBuilding C object CMakeFiles/drive_base_msgs__rosidl_generator_c.dir/rosidl_generator_c/drive_base_msgs/msg/detail/command_status__functions.c.o[0m
[3.425s] [ 16%] [32mBuilding C object CMakeFiles/drive_base_msgs__rosidl_generator_c.dir/rosidl_generator_c/drive_base_msgs/msg/detail/trv_command__functions.c.o[0m
[3.485s] [ 18%] [32m[1mLinking C shared library libdrive_base_msgs__rosidl_generator_c.so[0m
[3.536s] [ 18%] Built target drive_base_msgs__rosidl_generator_c
[3.550s] [ 20%] [34m[1mGenerating C introspection for ROS interfaces[0m
[3.782s] [35m[1mScanning dependencies of target drive_base_msgs__rosidl_typesupport_introspection_cpp[0m
[3.792s] [35m[1mScanning dependencies of target drive_base_msgs__rosidl_typesupport_cpp[0m
[3.807s] [ 21%] [32mBuilding CXX object CMakeFiles/drive_base_msgs__rosidl_typesupport_cpp.dir/rosidl_typesupport_cpp/drive_base_msgs/msg/command_header__type_support.cpp.o[0m
[3.808s] [ 23%] [32mBuilding CXX object CMakeFiles/drive_base_msgs__rosidl_typesupport_introspection_cpp.dir/rosidl_typesupport_introspection_cpp/drive_base_msgs/msg/detail/command_header__type_support.cpp.o[0m
[3.839s] [35m[1mScanning dependencies of target drive_base_msgs__rosidl_typesupport_fastrtps_cpp[0m
[3.857s] [ 25%] [32mBuilding CXX object CMakeFiles/drive_base_msgs__rosidl_typesupport_fastrtps_cpp.dir/rosidl_typesupport_fastrtps_cpp/drive_base_msgs/msg/detail/dds_fastrtps/command_header__type_support.cpp.o[0m
[4.142s] [ 27%] [32mBuilding CXX object CMakeFiles/drive_base_msgs__rosidl_typesupport_introspection_cpp.dir/rosidl_typesupport_introspection_cpp/drive_base_msgs/msg/detail/base_info__type_support.cpp.o[0m
[4.149s] [ 29%] [32mBuilding CXX object CMakeFiles/drive_base_msgs__rosidl_typesupport_cpp.dir/rosidl_typesupport_cpp/drive_base_msgs/msg/base_info__type_support.cpp.o[0m
[4.259s] [35m[1mScanning dependencies of target drive_base_msgs__rosidl_typesupport_introspection_c[0m
[4.286s] [ 30%] [32mBuilding C object CMakeFiles/drive_base_msgs__rosidl_typesupport_introspection_c.dir/rosidl_typesupport_introspection_c/drive_base_msgs/msg/detail/command_header__type_support.c.o[0m
[4.316s] [ 32%] [32mBuilding CXX object CMakeFiles/drive_base_msgs__rosidl_typesupport_fastrtps_cpp.dir/rosidl_typesupport_fastrtps_cpp/drive_base_msgs/msg/detail/dds_fastrtps/base_info__type_support.cpp.o[0m
[4.327s] [ 34%] [32mBuilding C object CMakeFiles/drive_base_msgs__rosidl_typesupport_introspection_c.dir/rosidl_typesupport_introspection_c/drive_base_msgs/msg/detail/base_info__type_support.c.o[0m
[4.370s] [ 36%] [32mBuilding C object CMakeFiles/drive_base_msgs__rosidl_typesupport_introspection_c.dir/rosidl_typesupport_introspection_c/drive_base_msgs/msg/detail/command_status__type_support.c.o[0m
[4.421s] [ 38%] [32mBuilding C object CMakeFiles/drive_base_msgs__rosidl_typesupport_introspection_c.dir/rosidl_typesupport_introspection_c/drive_base_msgs/msg/detail/trv_command__type_support.c.o[0m
[4.462s] [ 40%] [32m[1mLinking C shared library libdrive_base_msgs__rosidl_typesupport_introspection_c.so[0m
[4.489s] [ 41%] [32mBuilding CXX object CMakeFiles/drive_base_msgs__rosidl_typesupport_cpp.dir/rosidl_typesupport_cpp/drive_base_msgs/msg/command_status__type_support.cpp.o[0m
[4.502s] [ 43%] [32mBuilding CXX object CMakeFiles/drive_base_msgs__rosidl_typesupport_introspection_cpp.dir/rosidl_typesupport_introspection_cpp/drive_base_msgs/msg/detail/command_status__type_support.cpp.o[0m
[4.502s] [ 43%] Built target drive_base_msgs__rosidl_typesupport_introspection_c
[4.515s] [ 45%] [34m[1mGenerating C type support dispatch for ROS interfaces[0m
[4.806s] [ 47%] [32mBuilding CXX object CMakeFiles/drive_base_msgs__rosidl_typesupport_fastrtps_cpp.dir/rosidl_typesupport_fastrtps_cpp/drive_base_msgs/msg/detail/dds_fastrtps/command_status__type_support.cpp.o[0m
[4.870s] [ 49%] [32mBuilding CXX object CMakeFiles/drive_base_msgs__rosidl_typesupport_cpp.dir/rosidl_typesupport_cpp/drive_base_msgs/msg/trv_command__type_support.cpp.o[0m
[4.881s] [ 50%] [32mBuilding CXX object CMakeFiles/drive_base_msgs__rosidl_typesupport_introspection_cpp.dir/rosidl_typesupport_introspection_cpp/drive_base_msgs/msg/detail/trv_command__type_support.cpp.o[0m
[5.189s] [ 52%] [32m[1mLinking CXX shared library libdrive_base_msgs__rosidl_typesupport_cpp.so[0m
[5.241s] [ 52%] Built target drive_base_msgs__rosidl_typesupport_cpp
[5.256s] [ 54%] [32mBuilding CXX object CMakeFiles/drive_base_msgs__rosidl_typesupport_fastrtps_cpp.dir/rosidl_typesupport_fastrtps_cpp/drive_base_msgs/msg/detail/dds_fastrtps/trv_command__type_support.cpp.o[0m
[5.280s] [ 56%] [32m[1mLinking CXX shared library libdrive_base_msgs__rosidl_typesupport_introspection_cpp.so[0m
[5.283s] [35m[1mScanning dependencies of target drive_base_msgs__rosidl_typesupport_c[0m
[5.298s] [ 60%] [32mBuilding CXX object CMakeFiles/drive_base_msgs__rosidl_typesupport_c.dir/rosidl_typesupport_c/drive_base_msgs/msg/command_header__type_support.cpp.o[0m
[5.298s] [ 60%] [32mBuilding CXX object CMakeFiles/drive_base_msgs__rosidl_typesupport_c.dir/rosidl_typesupport_c/drive_base_msgs/msg/base_info__type_support.cpp.o[0m
[5.336s] [ 61%] [32mBuilding CXX object CMakeFiles/drive_base_msgs__rosidl_typesupport_c.dir/rosidl_typesupport_c/drive_base_msgs/msg/command_status__type_support.cpp.o[0m
[5.336s] [ 63%] [32mBuilding CXX object CMakeFiles/drive_base_msgs__rosidl_typesupport_c.dir/rosidl_typesupport_c/drive_base_msgs/msg/trv_command__type_support.cpp.o[0m
[5.360s] [ 63%] Built target drive_base_msgs__rosidl_typesupport_introspection_cpp
[5.372s] [ 65%] [32m[1mLinking CXX shared library libdrive_base_msgs__rosidl_typesupport_c.so[0m
[5.420s] [ 65%] Built target drive_base_msgs__rosidl_typesupport_c
[5.670s] [ 67%] [32m[1mLinking CXX shared library libdrive_base_msgs__rosidl_typesupport_fastrtps_cpp.so[0m
[5.770s] [ 67%] Built target drive_base_msgs__rosidl_typesupport_fastrtps_cpp
[5.782s] [ 69%] [34m[1mGenerating C type support for eProsima Fast-RTPS[0m
[6.399s] [35m[1mScanning dependencies of target drive_base_msgs__rosidl_typesupport_fastrtps_c[0m
[6.420s] [ 70%] [32mBuilding CXX object CMakeFiles/drive_base_msgs__rosidl_typesupport_fastrtps_c.dir/rosidl_typesupport_fastrtps_c/drive_base_msgs/msg/detail/base_info__type_support_c.cpp.o[0m
[6.421s] [ 72%] [32mBuilding CXX object CMakeFiles/drive_base_msgs__rosidl_typesupport_fastrtps_c.dir/rosidl_typesupport_fastrtps_c/drive_base_msgs/msg/detail/command_status__type_support_c.cpp.o[0m
[6.422s] [ 74%] [32mBuilding CXX object CMakeFiles/drive_base_msgs__rosidl_typesupport_fastrtps_c.dir/rosidl_typesupport_fastrtps_c/drive_base_msgs/msg/detail/command_header__type_support_c.cpp.o[0m
[6.425s] [ 76%] [32mBuilding CXX object CMakeFiles/drive_base_msgs__rosidl_typesupport_fastrtps_c.dir/rosidl_typesupport_fastrtps_c/drive_base_msgs/msg/detail/trv_command__type_support_c.cpp.o[0m
[6.919s] [ 78%] [32m[1mLinking CXX shared library libdrive_base_msgs__rosidl_typesupport_fastrtps_c.so[0m
[7.014s] [ 78%] Built target drive_base_msgs__rosidl_typesupport_fastrtps_c
[7.025s] [35m[1mScanning dependencies of target drive_base_msgs[0m
[7.036s] [ 78%] Built target drive_base_msgs
[7.048s] [35m[1mScanning dependencies of target drive_base_msgs__py[0m
[7.059s] [ 80%] [34m[1mGenerating Python code for ROS interfaces[0m
[8.230s] [ 80%] Built target drive_base_msgs__py
[8.242s] [35m[1mScanning dependencies of target drive_base_msgs__python[0m
[8.269s] [ 83%] [32mBuilding C object CMakeFiles/drive_base_msgs__python.dir/rosidl_generator_py/drive_base_msgs/msg/_command_header_s.c.o[0m
[8.270s] [ 83%] [32mBuilding C object CMakeFiles/drive_base_msgs__python.dir/rosidl_generator_py/drive_base_msgs/msg/_base_info_s.c.o[0m
[8.271s] [ 85%] [32mBuilding C object CMakeFiles/drive_base_msgs__python.dir/rosidl_generator_py/drive_base_msgs/msg/_command_status_s.c.o[0m
[8.276s] [ 87%] [32mBuilding C object CMakeFiles/drive_base_msgs__python.dir/rosidl_generator_py/drive_base_msgs/msg/_trv_command_s.c.o[0m
[8.394s] [ 89%] [32m[1mLinking C shared library rosidl_generator_py/drive_base_msgs/libdrive_base_msgs__python.so[0m
[8.448s] [ 89%] Built target drive_base_msgs__python
[8.460s] [35m[1mScanning dependencies of target drive_base_msgs__rosidl_typesupport_introspection_c__pyext[0m
[8.460s] [35m[1mScanning dependencies of target drive_base_msgs__rosidl_typesupport_c__pyext[0m
[8.460s] [35m[1mScanning dependencies of target drive_base_msgs__rosidl_typesupport_fastrtps_c__pyext[0m
[8.480s] [ 90%] [32mBuilding C object CMakeFiles/drive_base_msgs__rosidl_typesupport_c__pyext.dir/rosidl_generator_py/drive_base_msgs/_drive_base_msgs_s.ep.rosidl_typesupport_c.c.o[0m
[8.484s] [ 94%] [32mBuilding C object CMakeFiles/drive_base_msgs__rosidl_typesupport_fastrtps_c__pyext.dir/rosidl_generator_py/drive_base_msgs/_drive_base_msgs_s.ep.rosidl_typesupport_fastrtps_c.c.o[0m
[8.484s] [ 94%] [32mBuilding C object CMakeFiles/drive_base_msgs__rosidl_typesupport_introspection_c__pyext.dir/rosidl_generator_py/drive_base_msgs/_drive_base_msgs_s.ep.rosidl_typesupport_introspection_c.c.o[0m
[8.576s] [ 96%] [32m[1mLinking C shared library rosidl_generator_py/drive_base_msgs/drive_base_msgs_s__rosidl_typesupport_c.cpython-38-x86_64-linux-gnu.so[0m
[8.580s] [ 98%] [32m[1mLinking C shared library rosidl_generator_py/drive_base_msgs/drive_base_msgs_s__rosidl_typesupport_introspection_c.cpython-38-x86_64-linux-gnu.so[0m
[8.583s] [100%] [32m[1mLinking CXX shared library rosidl_generator_py/drive_base_msgs/drive_base_msgs_s__rosidl_typesupport_fastrtps_c.cpython-38-x86_64-linux-gnu.so[0m
[8.625s] [100%] Built target drive_base_msgs__rosidl_typesupport_c__pyext
[8.627s] [100%] Built target drive_base_msgs__rosidl_typesupport_introspection_c__pyext
[8.665s] [100%] Built target drive_base_msgs__rosidl_typesupport_fastrtps_c__pyext
[8.679s] Invoked command in '/home/aziz/microros_ws1/build/drive_base_msgs' returned '0': CMAKE_PREFIX_PATH=${CMAKE_PREFIX_PATH}:/opt/ros/foxy /usr/bin/cmake --build /home/aziz/microros_ws1/build/drive_base_msgs -- -j4 -l4
[8.793s] Invoking command in '/home/aziz/microros_ws1/build/drive_base_msgs': CMAKE_PREFIX_PATH=${CMAKE_PREFIX_PATH}:/opt/ros/foxy /usr/bin/cmake --install /home/aziz/microros_ws1/build/drive_base_msgs
[8.806s] -- Install configuration: ""
[8.806s] -- Installing: /home/aziz/microros_ws1/install/drive_base_msgs/share/ament_index/resource_index/rosidl_interfaces/drive_base_msgs
[8.806s] -- Installing: /home/aziz/microros_ws1/install/drive_base_msgs/include/drive_base_msgs
[8.806s] -- Installing: /home/aziz/microros_ws1/install/drive_base_msgs/include/drive_base_msgs/msg
[8.807s] -- Installing: /home/aziz/microros_ws1/install/drive_base_msgs/include/drive_base_msgs/msg/rosidl_generator_c__visibility_control.h
[8.808s] -- Installing: /home/aziz/microros_ws1/install/drive_base_msgs/include/drive_base_msgs/msg/command_header.h
[8.809s] -- Installing: /home/aziz/microros_ws1/install/drive_base_msgs/include/drive_base_msgs/msg/command_status.h
[8.809s] -- Installing: /home/aziz/microros_ws1/install/drive_base_msgs/include/drive_base_msgs/msg/trv_command.h
[8.809s] -- Installing: /home/aziz/microros_ws1/install/drive_base_msgs/include/drive_base_msgs/msg/detail
[8.809s] -- Installing: /home/aziz/microros_ws1/install/drive_base_msgs/include/drive_base_msgs/msg/detail/base_info__functions.c
[8.809s] -- Installing: /home/aziz/microros_ws1/install/drive_base_msgs/include/drive_base_msgs/msg/detail/trv_command__functions.c
[8.809s] -- Installing: /home/aziz/microros_ws1/install/drive_base_msgs/include/drive_base_msgs/msg/detail/base_info__struct.h
[8.809s] -- Installing: /home/aziz/microros_ws1/install/drive_base_msgs/include/drive_base_msgs/msg/detail/trv_command__type_support.h
[8.809s] -- Installing: /home/aziz/microros_ws1/install/drive_base_msgs/include/drive_base_msgs/msg/detail/command_header__functions.c
[8.809s] -- Installing: /home/aziz/microros_ws1/install/drive_base_msgs/include/drive_base_msgs/msg/detail/command_status__struct.h
[8.809s] -- Installing: /home/aziz/microros_ws1/install/drive_base_msgs/include/drive_base_msgs/msg/detail/base_info__type_support.h
[8.809s] -- Installing: /home/aziz/microros_ws1/install/drive_base_msgs/include/drive_base_msgs/msg/detail/command_status__type_support.h
[8.809s] -- Installing: /home/aziz/microros_ws1/install/drive_base_msgs/include/drive_base_msgs/msg/detail/command_status__functions.c
[8.809s] -- Installing: /home/aziz/microros_ws1/install/drive_base_msgs/include/drive_base_msgs/msg/detail/base_info__functions.h
[8.810s] -- Installing: /home/aziz/microros_ws1/install/drive_base_msgs/include/drive_base_msgs/msg/detail/command_header__struct.h
[8.810s] -- Installing: /home/aziz/microros_ws1/install/drive_base_msgs/include/drive_base_msgs/msg/detail/trv_command__functions.h
[8.810s] -- Installing: /home/aziz/microros_ws1/install/drive_base_msgs/include/drive_base_msgs/msg/detail/command_status__functions.h
[8.810s] -- Installing: /home/aziz/microros_ws1/install/drive_base_msgs/include/drive_base_msgs/msg/detail/command_header__functions.h
[8.810s] -- Installing: /home/aziz/microros_ws1/install/drive_base_msgs/include/drive_base_msgs/msg/detail/command_header__type_support.h
[8.810s] -- Installing: /home/aziz/microros_ws1/install/drive_base_msgs/include/drive_base_msgs/msg/detail/trv_command__struct.h
[8.810s] -- Installing: /home/aziz/microros_ws1/install/drive_base_msgs/include/drive_base_msgs/msg/base_info.h
[8.810s] -- Installing: /home/aziz/microros_ws1/install/drive_base_msgs/share/drive_base_msgs/environment/library_path.sh
[8.810s] -- Installing: /home/aziz/microros_ws1/install/drive_base_msgs/share/drive_base_msgs/environment/library_path.dsv
[8.810s] -- Installing: /home/aziz/microros_ws1/install/drive_base_msgs/lib/libdrive_base_msgs__rosidl_generator_c.so
[8.810s] -- Set runtime path of "/home/aziz/microros_ws1/install/drive_base_msgs/lib/libdrive_base_msgs__rosidl_generator_c.so" to ""
[8.810s] -- Up-to-date: /home/aziz/microros_ws1/install/drive_base_msgs/include/drive_base_msgs
[8.811s] -- Up-to-date: /home/aziz/microros_ws1/install/drive_base_msgs/include/drive_base_msgs/msg
[8.811s] -- Installing: /home/aziz/microros_ws1/install/drive_base_msgs/include/drive_base_msgs/msg/rosidl_typesupport_fastrtps_c__visibility_control.h
[8.811s] -- Up-to-date: /home/aziz/microros_ws1/install/drive_base_msgs/include/drive_base_msgs/msg/detail
[8.811s] -- Installing: /home/aziz/microros_ws1/install/drive_base_msgs/include/drive_base_msgs/msg/detail/trv_command__rosidl_typesupport_fastrtps_c.h
[8.811s] -- Installing: /home/aziz/microros_ws1/install/drive_base_msgs/include/drive_base_msgs/msg/detail/command_status__rosidl_typesupport_fastrtps_c.h
[8.811s] -- Installing: /home/aziz/microros_ws1/install/drive_base_msgs/include/drive_base_msgs/msg/detail/command_header__rosidl_typesupport_fastrtps_c.h
[8.811s] -- Installing: /home/aziz/microros_ws1/install/drive_base_msgs/include/drive_base_msgs/msg/detail/base_info__rosidl_typesupport_fastrtps_c.h
[8.811s] -- Installing: /home/aziz/microros_ws1/install/drive_base_msgs/lib/libdrive_base_msgs__rosidl_typesupport_fastrtps_c.so
[8.812s] -- Set runtime path of "/home/aziz/microros_ws1/install/drive_base_msgs/lib/libdrive_base_msgs__rosidl_typesupport_fastrtps_c.so" to ""
[8.812s] -- Up-to-date: /home/aziz/microros_ws1/install/drive_base_msgs/include/drive_base_msgs
[8.812s] -- Up-to-date: /home/aziz/microros_ws1/install/drive_base_msgs/include/drive_base_msgs/msg
[8.812s] -- Installing: /home/aziz/microros_ws1/install/drive_base_msgs/include/drive_base_msgs/msg/rosidl_typesupport_fastrtps_cpp__visibility_control.h
[8.812s] -- Up-to-date: /home/aziz/microros_ws1/install/drive_base_msgs/include/drive_base_msgs/msg/detail
[8.814s] -- Installing: /home/aziz/microros_ws1/install/drive_base_msgs/include/drive_base_msgs/msg/detail/command_status__rosidl_typesupport_fastrtps_cpp.hpp
[8.814s] -- Installing: /home/aziz/microros_ws1/install/drive_base_msgs/include/drive_base_msgs/msg/detail/command_header__rosidl_typesupport_fastrtps_cpp.hpp
[8.814s] -- Installing: /home/aziz/microros_ws1/install/drive_base_msgs/include/drive_base_msgs/msg/detail/base_info__rosidl_typesupport_fastrtps_cpp.hpp
[8.814s] -- Installing: /home/aziz/microros_ws1/install/drive_base_msgs/include/drive_base_msgs/msg/detail/trv_command__rosidl_typesupport_fastrtps_cpp.hpp
[8.814s] -- Installing: /home/aziz/microros_ws1/install/drive_base_msgs/include/drive_base_msgs/msg/detail/dds_fastrtps
[8.814s] -- Installing: /home/aziz/microros_ws1/install/drive_base_msgs/lib/libdrive_base_msgs__rosidl_typesupport_fastrtps_cpp.so
[8.814s] -- Set runtime path of "/home/aziz/microros_ws1/install/drive_base_msgs/lib/libdrive_base_msgs__rosidl_typesupport_fastrtps_cpp.so" to ""
[8.814s] -- Up-to-date: /home/aziz/microros_ws1/install/drive_base_msgs/include/drive_base_msgs
[8.814s] -- Up-to-date: /home/aziz/microros_ws1/install/drive_base_msgs/include/drive_base_msgs/msg
[8.815s] -- Installing: /home/aziz/microros_ws1/install/drive_base_msgs/include/drive_base_msgs/msg/rosidl_typesupport_introspection_c__visibility_control.h
[8.815s] -- Up-to-date: /home/aziz/microros_ws1/install/drive_base_msgs/include/drive_base_msgs/msg/detail
[8.815s] -- Installing: /home/aziz/microros_ws1/install/drive_base_msgs/include/drive_base_msgs/msg/detail/base_info__type_support.c
[8.815s] -- Installing: /home/aziz/microros_ws1/install/drive_base_msgs/include/drive_base_msgs/msg/detail/command_status__type_support.c
[8.815s] -- Installing: /home/aziz/microros_ws1/install/drive_base_msgs/include/drive_base_msgs/msg/detail/command_status__rosidl_typesupport_introspection_c.h
[8.815s] -- Installing: /home/aziz/microros_ws1/install/drive_base_msgs/include/drive_base_msgs/msg/detail/command_header__type_support.c
[8.815s] -- Installing: /home/aziz/microros_ws1/install/drive_base_msgs/include/drive_base_msgs/msg/detail/trv_command__type_support.c
[8.815s] -- Installing: /home/aziz/microros_ws1/install/drive_base_msgs/include/drive_base_msgs/msg/detail/base_info__rosidl_typesupport_introspection_c.h
[8.815s] -- Installing: /home/aziz/microros_ws1/install/drive_base_msgs/include/drive_base_msgs/msg/detail/trv_command__rosidl_typesupport_introspection_c.h
[8.815s] -- Installing: /home/aziz/microros_ws1/install/drive_base_msgs/include/drive_base_msgs/msg/detail/command_header__rosidl_typesupport_introspection_c.h
[8.815s] -- Installing: /home/aziz/microros_ws1/install/drive_base_msgs/lib/libdrive_base_msgs__rosidl_typesupport_introspection_c.so
[8.815s] -- Set runtime path of "/home/aziz/microros_ws1/install/drive_base_msgs/lib/libdrive_base_msgs__rosidl_typesupport_introspection_c.so" to ""
[8.816s] -- Installing: /home/aziz/microros_ws1/install/drive_base_msgs/lib/libdrive_base_msgs__rosidl_typesupport_c.so
[8.816s] -- Set runtime path of "/home/aziz/microros_ws1/install/drive_base_msgs/lib/libdrive_base_msgs__rosidl_typesupport_c.so" to ""
[8.816s] -- Up-to-date: /home/aziz/microros_ws1/install/drive_base_msgs/include/drive_base_msgs
[8.816s] -- Up-to-date: /home/aziz/microros_ws1/install/drive_base_msgs/include/drive_base_msgs/msg
[8.816s] -- Installing: /home/aziz/microros_ws1/install/drive_base_msgs/include/drive_base_msgs/msg/base_info.hpp
[8.816s] -- Installing: /home/aziz/microros_ws1/install/drive_base_msgs/include/drive_base_msgs/msg/trv_command.hpp
[8.816s] -- Installing: /home/aziz/microros_ws1/install/drive_base_msgs/include/drive_base_msgs/msg/command_status.hpp
[8.816s] -- Installing: /home/aziz/microros_ws1/install/drive_base_msgs/include/drive_base_msgs/msg/command_header.hpp
[8.817s] -- Up-to-date: /home/aziz/microros_ws1/install/drive_base_msgs/include/drive_base_msgs/msg/detail
[8.817s] -- Installing: /home/aziz/microros_ws1/install/drive_base_msgs/include/drive_base_msgs/msg/detail/command_status__builder.hpp
[8.817s] -- Installing: /home/aziz/microros_ws1/install/drive_base_msgs/include/drive_base_msgs/msg/detail/command_status__struct.hpp
[8.817s] -- Installing: /home/aziz/microros_ws1/install/drive_base_msgs/include/drive_base_msgs/msg/detail/base_info__builder.hpp
[8.817s] -- Installing: /home/aziz/microros_ws1/install/drive_base_msgs/include/drive_base_msgs/msg/detail/trv_command__builder.hpp
[8.817s] -- Installing: /home/aziz/microros_ws1/install/drive_base_msgs/include/drive_base_msgs/msg/detail/trv_command__struct.hpp
[8.817s] -- Installing: /home/aziz/microros_ws1/install/drive_base_msgs/include/drive_base_msgs/msg/detail/trv_command__traits.hpp
[8.817s] -- Installing: /home/aziz/microros_ws1/install/drive_base_msgs/include/drive_base_msgs/msg/detail/command_header__builder.hpp
[8.817s] -- Installing: /home/aziz/microros_ws1/install/drive_base_msgs/include/drive_base_msgs/msg/detail/command_status__traits.hpp
[8.817s] -- Installing: /home/aziz/microros_ws1/install/drive_base_msgs/include/drive_base_msgs/msg/detail/base_info__struct.hpp
[8.818s] -- Installing: /home/aziz/microros_ws1/install/drive_base_msgs/include/drive_base_msgs/msg/detail/command_header__struct.hpp
[8.818s] -- Installing: /home/aziz/microros_ws1/install/drive_base_msgs/include/drive_base_msgs/msg/detail/command_header__traits.hpp
[8.818s] -- Installing: /home/aziz/microros_ws1/install/drive_base_msgs/include/drive_base_msgs/msg/detail/base_info__traits.hpp
[8.818s] -- Up-to-date: /home/aziz/microros_ws1/install/drive_base_msgs/include/drive_base_msgs
[8.818s] -- Up-to-date: /home/aziz/microros_ws1/install/drive_base_msgs/include/drive_base_msgs/msg
[8.818s] -- Up-to-date: /home/aziz/microros_ws1/install/drive_base_msgs/include/drive_base_msgs/msg/detail
[8.818s] -- Installing: /home/aziz/microros_ws1/install/drive_base_msgs/include/drive_base_msgs/msg/detail/trv_command__rosidl_typesupport_introspection_cpp.hpp
[8.818s] -- Installing: /home/aziz/microros_ws1/install/drive_base_msgs/include/drive_base_msgs/msg/detail/command_header__rosidl_typesupport_introspection_cpp.hpp
[8.818s] -- Installing: /home/aziz/microros_ws1/install/drive_base_msgs/include/drive_base_msgs/msg/detail/command_status__rosidl_typesupport_introspection_cpp.hpp
[8.818s] -- Installing: /home/aziz/microros_ws1/install/drive_base_msgs/include/drive_base_msgs/msg/detail/command_status__type_support.cpp
[8.819s] -- Installing: /home/aziz/microros_ws1/install/drive_base_msgs/include/drive_base_msgs/msg/detail/trv_command__type_support.cpp
[8.819s] -- Installing: /home/aziz/microros_ws1/install/drive_base_msgs/include/drive_base_msgs/msg/detail/base_info__type_support.cpp
[8.819s] -- Installing: /home/aziz/microros_ws1/install/drive_base_msgs/include/drive_base_msgs/msg/detail/command_header__type_support.cpp
[8.819s] -- Installing: /home/aziz/microros_ws1/install/drive_base_msgs/include/drive_base_msgs/msg/detail/base_info__rosidl_typesupport_introspection_cpp.hpp
[8.819s] -- Installing: /home/aziz/microros_ws1/install/drive_base_msgs/lib/libdrive_base_msgs__rosidl_typesupport_introspection_cpp.so
[8.820s] -- Set runtime path of "/home/aziz/microros_ws1/install/drive_base_msgs/lib/libdrive_base_msgs__rosidl_typesupport_introspection_cpp.so" to ""
[8.820s] -- Installing: /home/aziz/microros_ws1/install/drive_base_msgs/lib/libdrive_base_msgs__rosidl_typesupport_cpp.so
[8.820s] -- Set runtime path of "/home/aziz/microros_ws1/install/drive_base_msgs/lib/libdrive_base_msgs__rosidl_typesupport_cpp.so" to ""
[8.820s] -- Installing: /home/aziz/microros_ws1/install/drive_base_msgs/share/drive_base_msgs/environment/pythonpath.sh
[8.820s] -- Installing: /home/aziz/microros_ws1/install/drive_base_msgs/share/drive_base_msgs/environment/pythonpath.dsv
[8.821s] -- Installing: /home/aziz/microros_ws1/install/drive_base_msgs/lib/python3.8/site-packages/drive_base_msgs/__init__.py
[8.862s] Compiling '/home/aziz/microros_ws1/install/drive_base_msgs/lib/python3.8/site-packages/drive_base_msgs/__init__.py'...
[8.866s] -- Installing: /home/aziz/microros_ws1/install/drive_base_msgs/lib/python3.8/site-packages/drive_base_msgs/msg
[8.867s] -- Installing: /home/aziz/microros_ws1/install/drive_base_msgs/lib/python3.8/site-packages/drive_base_msgs/msg/_command_header.py
[8.867s] -- Installing: /home/aziz/microros_ws1/install/drive_base_msgs/lib/python3.8/site-packages/drive_base_msgs/msg/_trv_command_s.c
[8.867s] -- Installing: /home/aziz/microros_ws1/install/drive_base_msgs/lib/python3.8/site-packages/drive_base_msgs/msg/__init__.py
[8.867s] -- Installing: /home/aziz/microros_ws1/install/drive_base_msgs/lib/python3.8/site-packages/drive_base_msgs/msg/_base_info.py
[8.867s] -- Installing: /home/aziz/microros_ws1/install/drive_base_msgs/lib/python3.8/site-packages/drive_base_msgs/msg/_command_status.py
[8.867s] -- Installing: /home/aziz/microros_ws1/install/drive_base_msgs/lib/python3.8/site-packages/drive_base_msgs/msg/_command_header_s.c
[8.867s] -- Installing: /home/aziz/microros_ws1/install/drive_base_msgs/lib/python3.8/site-packages/drive_base_msgs/msg/_trv_command.py
[8.868s] -- Installing: /home/aziz/microros_ws1/install/drive_base_msgs/lib/python3.8/site-packages/drive_base_msgs/msg/_base_info_s.c
[8.868s] -- Installing: /home/aziz/microros_ws1/install/drive_base_msgs/lib/python3.8/site-packages/drive_base_msgs/msg/_command_status_s.c
[8.868s] -- Installing: /home/aziz/microros_ws1/install/drive_base_msgs/lib/python3.8/site-packages/drive_base_msgs/drive_base_msgs_s__rosidl_typesupport_fastrtps_c.cpython-38-x86_64-linux-gnu.so
[8.869s] -- Set runtime path of "/home/aziz/microros_ws1/install/drive_base_msgs/lib/python3.8/site-packages/drive_base_msgs/drive_base_msgs_s__rosidl_typesupport_fastrtps_c.cpython-38-x86_64-linux-gnu.so" to ""
[8.869s] -- Installing: /home/aziz/microros_ws1/install/drive_base_msgs/lib/python3.8/site-packages/drive_base_msgs/drive_base_msgs_s__rosidl_typesupport_introspection_c.cpython-38-x86_64-linux-gnu.so
[8.870s] -- Set runtime path of "/home/aziz/microros_ws1/install/drive_base_msgs/lib/python3.8/site-packages/drive_base_msgs/drive_base_msgs_s__rosidl_typesupport_introspection_c.cpython-38-x86_64-linux-gnu.so" to ""
[8.870s] -- Installing: /home/aziz/microros_ws1/install/drive_base_msgs/lib/python3.8/site-packages/drive_base_msgs/drive_base_msgs_s__rosidl_typesupport_c.cpython-38-x86_64-linux-gnu.so
[8.871s] -- Set runtime path of "/home/aziz/microros_ws1/install/drive_base_msgs/lib/python3.8/site-packages/drive_base_msgs/drive_base_msgs_s__rosidl_typesupport_c.cpython-38-x86_64-linux-gnu.so" to ""
[8.871s] -- Installing: /home/aziz/microros_ws1/install/drive_base_msgs/lib/libdrive_base_msgs__python.so
[8.872s] -- Set runtime path of "/home/aziz/microros_ws1/install/drive_base_msgs/lib/libdrive_base_msgs__python.so" to ""
[8.872s] -- Installing: /home/aziz/microros_ws1/install/drive_base_msgs/share/drive_base_msgs/msg/CommandHeader.idl
[8.872s] -- Installing: /home/aziz/microros_ws1/install/drive_base_msgs/share/drive_base_msgs/msg/BaseInfo.idl
[8.872s] -- Installing: /home/aziz/microros_ws1/install/drive_base_msgs/share/drive_base_msgs/msg/CommandStatus.idl
[8.873s] -- Installing: /home/aziz/microros_ws1/install/drive_base_msgs/share/drive_base_msgs/msg/TRVCommand.idl
[8.873s] -- Installing: /home/aziz/microros_ws1/install/drive_base_msgs/share/drive_base_msgs/msg/CommandHeader.msg
[8.873s] -- Installing: /home/aziz/microros_ws1/install/drive_base_msgs/share/drive_base_msgs/msg/BaseInfo.msg
[8.873s] -- Installing: /home/aziz/microros_ws1/install/drive_base_msgs/share/drive_base_msgs/msg/CommandStatus.msg
[8.873s] -- Installing: /home/aziz/microros_ws1/install/drive_base_msgs/share/drive_base_msgs/msg/TRVCommand.msg
[8.874s] -- Installing: /home/aziz/microros_ws1/install/drive_base_msgs/share/ament_index/resource_index/package_run_dependencies/drive_base_msgs
[8.874s] -- Installing: /home/aziz/microros_ws1/install/drive_base_msgs/share/ament_index/resource_index/parent_prefix_path/drive_base_msgs
[8.874s] -- Installing: /home/aziz/microros_ws1/install/drive_base_msgs/share/drive_base_msgs/environment/ament_prefix_path.sh
[8.874s] -- Installing: /home/aziz/microros_ws1/install/drive_base_msgs/share/drive_base_msgs/environment/ament_prefix_path.dsv
[8.874s] -- Installing: /home/aziz/microros_ws1/install/drive_base_msgs/share/drive_base_msgs/environment/path.sh
[8.875s] -- Installing: /home/aziz/microros_ws1/install/drive_base_msgs/share/drive_base_msgs/environment/path.dsv
[8.875s] -- Installing: /home/aziz/microros_ws1/install/drive_base_msgs/share/drive_base_msgs/local_setup.bash
[8.875s] -- Installing: /home/aziz/microros_ws1/install/drive_base_msgs/share/drive_base_msgs/local_setup.sh
[8.875s] -- Installing: /home/aziz/microros_ws1/install/drive_base_msgs/share/drive_base_msgs/local_setup.zsh
[8.875s] -- Installing: /home/aziz/microros_ws1/install/drive_base_msgs/share/drive_base_msgs/local_setup.dsv
[8.876s] -- Installing: /home/aziz/microros_ws1/install/drive_base_msgs/share/drive_base_msgs/package.dsv
[8.876s] -- Installing: /home/aziz/microros_ws1/install/drive_base_msgs/share/ament_index/resource_index/packages/drive_base_msgs
[8.876s] -- Installing: /home/aziz/microros_ws1/install/drive_base_msgs/share/drive_base_msgs/cmake/drive_base_msgs__rosidl_generator_cExport.cmake
[8.876s] -- Installing: /home/aziz/microros_ws1/install/drive_base_msgs/share/drive_base_msgs/cmake/drive_base_msgs__rosidl_generator_cExport-noconfig.cmake
[8.877s] -- Installing: /home/aziz/microros_ws1/install/drive_base_msgs/share/drive_base_msgs/cmake/drive_base_msgs__rosidl_typesupport_introspection_cExport.cmake
[8.877s] -- Installing: /home/aziz/microros_ws1/install/drive_base_msgs/share/drive_base_msgs/cmake/drive_base_msgs__rosidl_typesupport_introspection_cExport-noconfig.cmake
[8.877s] -- Installing: /home/aziz/microros_ws1/install/drive_base_msgs/share/drive_base_msgs/cmake/drive_base_msgs__rosidl_typesupport_cExport.cmake
[8.877s] -- Installing: /home/aziz/microros_ws1/install/drive_base_msgs/share/drive_base_msgs/cmake/drive_base_msgs__rosidl_typesupport_cExport-noconfig.cmake
[8.878s] -- Installing: /home/aziz/microros_ws1/install/drive_base_msgs/share/drive_base_msgs/cmake/drive_base_msgs__rosidl_generator_cppExport.cmake
[8.878s] -- Installing: /home/aziz/microros_ws1/install/drive_base_msgs/share/drive_base_msgs/cmake/drive_base_msgs__rosidl_typesupport_introspection_cppExport.cmake
[8.878s] -- Installing: /home/aziz/microros_ws1/install/drive_base_msgs/share/drive_base_msgs/cmake/drive_base_msgs__rosidl_typesupport_introspection_cppExport-noconfig.cmake
[8.878s] -- Installing: /home/aziz/microros_ws1/install/drive_base_msgs/share/drive_base_msgs/cmake/drive_base_msgs__rosidl_typesupport_cppExport.cmake
[8.879s] -- Installing: /home/aziz/microros_ws1/install/drive_base_msgs/share/drive_base_msgs/cmake/drive_base_msgs__rosidl_typesupport_cppExport-noconfig.cmake
[8.879s] -- Installing: /home/aziz/microros_ws1/install/drive_base_msgs/share/drive_base_msgs/cmake/rosidl_cmake-extras.cmake
[8.879s] -- Installing: /home/aziz/microros_ws1/install/drive_base_msgs/share/drive_base_msgs/cmake/ament_cmake_export_dependencies-extras.cmake
[8.879s] -- Installing: /home/aziz/microros_ws1/install/drive_base_msgs/share/drive_base_msgs/cmake/ament_cmake_export_libraries-extras.cmake
[8.880s] -- Installing: /home/aziz/microros_ws1/install/drive_base_msgs/share/drive_base_msgs/cmake/ament_cmake_export_targets-extras.cmake
[8.880s] -- Installing: /home/aziz/microros_ws1/install/drive_base_msgs/share/drive_base_msgs/cmake/ament_cmake_export_include_directories-extras.cmake
[8.880s] -- Installing: /home/aziz/microros_ws1/install/drive_base_msgs/share/drive_base_msgs/cmake/rosidl_cmake_export_typesupport_libraries-extras.cmake
[8.880s] -- Installing: /home/aziz/microros_ws1/install/drive_base_msgs/share/drive_base_msgs/cmake/rosidl_cmake_export_typesupport_targets-extras.cmake
[8.880s] -- Installing: /home/aziz/microros_ws1/install/drive_base_msgs/share/drive_base_msgs/cmake/drive_base_msgsConfig.cmake
[8.880s] -- Installing: /home/aziz/microros_ws1/install/drive_base_msgs/share/drive_base_msgs/cmake/drive_base_msgsConfig-version.cmake
[8.881s] -- Installing: /home/aziz/microros_ws1/install/drive_base_msgs/share/drive_base_msgs/package.xml
[8.888s] Invoked command in '/home/aziz/microros_ws1/build/drive_base_msgs' returned '0': CMAKE_PREFIX_PATH=${CMAKE_PREFIX_PATH}:/opt/ros/foxy /usr/bin/cmake --install /home/aziz/microros_ws1/build/drive_base_msgs
