[1.563s] Invoking command in '/home/aziz/microros_ws1/firmware/mcu_ws/uros/tracetools/ros2trace': AMENT_PREFIX_PATH=/home/aziz/microros_ws1/firmware/mcu_ws/install:${AMENT_PREFIX_PATH} CMAKE_PREFIX_PATH=/home/aziz/microros_ws1/firmware/mcu_ws/install:${CMAKE_PREFIX_PATH} PYTHONPATH=/home/aziz/microros_ws1/firmware/mcu_ws/install/lib/python3.8/site-packages:/home/aziz/microros_ws1/firmware/mcu_ws/install/lib/python3.8/site-packages:${PYTHONPATH} /usr/bin/python3 setup.py egg_info --egg-base ../../../build/ros2trace build --build-base /home/aziz/microros_ws1/firmware/mcu_ws/build/ros2trace/build install --prefix /home/aziz/microros_ws1/firmware/mcu_ws/install --record /home/aziz/microros_ws1/firmware/mcu_ws/build/ros2trace/install.log --single-version-externally-managed
[2.008s] running egg_info
[2.018s] writing ../../../build/ros2trace/ros2trace.egg-info/PKG-INFO
[2.018s] writing dependency_links to ../../../build/ros2trace/ros2trace.egg-info/dependency_links.txt
[2.019s] writing entry points to ../../../build/ros2trace/ros2trace.egg-info/entry_points.txt
[2.019s] writing requirements to ../../../build/ros2trace/ros2trace.egg-info/requires.txt
[2.019s] writing top-level names to ../../../build/ros2trace/ros2trace.egg-info/top_level.txt
[2.050s] reading manifest file '../../../build/ros2trace/ros2trace.egg-info/SOURCES.txt'
[2.051s] writing manifest file '../../../build/ros2trace/ros2trace.egg-info/SOURCES.txt'
[2.051s] running build
[2.051s] running build_py
[2.052s] running install
[2.052s] /home/aziz/.local/lib/python3.8/site-packages/setuptools/command/install.py:34: SetuptoolsDeprecationWarning: setup.py install is deprecated. Use build and pip and other standards-based tools.
[2.052s]   warnings.warn(
[2.059s] running install_lib
[2.073s] running install_data
[2.087s] running install_egg_info
[2.101s] removing '/home/aziz/microros_ws1/firmware/mcu_ws/install/lib/python3.8/site-packages/ros2trace-1.0.2-py3.8.egg-info' (and everything under it)
[2.102s] Copying ../../../build/ros2trace/ros2trace.egg-info to /home/aziz/microros_ws1/firmware/mcu_ws/install/lib/python3.8/site-packages/ros2trace-1.0.2-py3.8.egg-info
[2.103s] running install_scripts
[2.171s] writing list of installed files to '/home/aziz/microros_ws1/firmware/mcu_ws/build/ros2trace/install.log'
[2.230s] Invoked command in '/home/aziz/microros_ws1/firmware/mcu_ws/uros/tracetools/ros2trace' returned '0': AMENT_PREFIX_PATH=/home/aziz/microros_ws1/firmware/mcu_ws/install:${AMENT_PREFIX_PATH} CMAKE_PREFIX_PATH=/home/aziz/microros_ws1/firmware/mcu_ws/install:${CMAKE_PREFIX_PATH} PYTHONPATH=/home/aziz/microros_ws1/firmware/mcu_ws/install/lib/python3.8/site-packages:/home/aziz/microros_ws1/firmware/mcu_ws/install/lib/python3.8/site-packages:${PYTHONPATH} /usr/bin/python3 setup.py egg_info --egg-base ../../../build/ros2trace build --build-base /home/aziz/microros_ws1/firmware/mcu_ws/build/ros2trace/build install --prefix /home/aziz/microros_ws1/firmware/mcu_ws/install --record /home/aziz/microros_ws1/firmware/mcu_ws/build/ros2trace/install.log --single-version-externally-managed
