[1.544s] Invoking command in '/home/aziz/microros_ws1/firmware/mcu_ws/uros/tracetools/tracetools_read': PYTHONPATH=/home/aziz/microros_ws1/firmware/mcu_ws/install/lib/python3.8/site-packages:${PYTHONPATH} /usr/bin/python3 setup.py egg_info --egg-base ../../../build/tracetools_read build --build-base /home/aziz/microros_ws1/firmware/mcu_ws/build/tracetools_read/build install --prefix /home/aziz/microros_ws1/firmware/mcu_ws/install --record /home/aziz/microros_ws1/firmware/mcu_ws/build/tracetools_read/install.log --single-version-externally-managed
[1.971s] /home/aziz/.local/lib/python3.8/site-packages/setuptools/dist.py:771: UserWarning: Usage of dash-separated 'script-dir' will not be supported in future versions. Please use the underscore name 'script_dir' instead
[1.971s]   warnings.warn(
[1.972s] /home/aziz/.local/lib/python3.8/site-packages/setuptools/dist.py:771: UserWarning: Usage of dash-separated 'install-scripts' will not be supported in future versions. Please use the underscore name 'install_scripts' instead
[1.972s]   warnings.warn(
[2.057s] running egg_info
[2.071s] writing ../../../build/tracetools_read/tracetools_read.egg-info/PKG-INFO
[2.071s] writing dependency_links to ../../../build/tracetools_read/tracetools_read.egg-info/dependency_links.txt
[2.072s] writing requirements to ../../../build/tracetools_read/tracetools_read.egg-info/requires.txt
[2.072s] writing top-level names to ../../../build/tracetools_read/tracetools_read.egg-info/top_level.txt
[2.100s] reading manifest file '../../../build/tracetools_read/tracetools_read.egg-info/SOURCES.txt'
[2.101s] writing manifest file '../../../build/tracetools_read/tracetools_read.egg-info/SOURCES.txt'
[2.102s] running build
[2.102s] running build_py
[2.102s] running install
[2.102s] /home/aziz/.local/lib/python3.8/site-packages/setuptools/command/install.py:34: SetuptoolsDeprecationWarning: setup.py install is deprecated. Use build and pip and other standards-based tools.
[2.102s]   warnings.warn(
[2.108s] running install_lib
[2.123s] running install_data
[2.136s] running install_egg_info
[2.152s] removing '/home/aziz/microros_ws1/firmware/mcu_ws/install/lib/python3.8/site-packages/tracetools_read-1.0.2-py3.8.egg-info' (and everything under it)
[2.152s] Copying ../../../build/tracetools_read/tracetools_read.egg-info to /home/aziz/microros_ws1/firmware/mcu_ws/install/lib/python3.8/site-packages/tracetools_read-1.0.2-py3.8.egg-info
[2.153s] running install_scripts
[2.235s] writing list of installed files to '/home/aziz/microros_ws1/firmware/mcu_ws/build/tracetools_read/install.log'
[2.276s] Invoked command in '/home/aziz/microros_ws1/firmware/mcu_ws/uros/tracetools/tracetools_read' returned '0': PYTHONPATH=/home/aziz/microros_ws1/firmware/mcu_ws/install/lib/python3.8/site-packages:${PYTHONPATH} /usr/bin/python3 setup.py egg_info --egg-base ../../../build/tracetools_read build --build-base /home/aziz/microros_ws1/firmware/mcu_ws/build/tracetools_read/build install --prefix /home/aziz/microros_ws1/firmware/mcu_ws/install --record /home/aziz/microros_ws1/firmware/mcu_ws/build/tracetools_read/install.log --single-version-externally-managed
